{"ygPerms":{"resourceCapabilityList":[{"resourceType":"GROUP","capabilities":[{"name":"READ"},{"name":"JOIN"}]},{"resourceType":"PHOTO","capabilities":[]},{"resourceType":"FILE","capabilities":[]},{"resourceType":"MEMBER","capabilities":[]},{"resourceType":"LINK","capabilities":[]},{"resourceType":"CALENDAR","capabilities":[]},{"resourceType":"DATABASE","capabilities":[]},{"resourceType":"POLL","capabilities":[]},{"resourceType":"MESSAGE","capabilities":[{"name":"READ"}]},{"resourceType":"PENDING_MESSAGE","capabilities":[]},{"resourceType":"ATTACHMENTS","capabilities":[{"name":"READ"}]},{"resourceType":"PHOTOMATIC_ALBUMS","capabilities":[]},{"resourceType":"MEMBERSHIP_TYPE","capabilities":[]},{"resourceType":"POST","capabilities":[{"name":"READ"}]},{"resourceType":"PIN","capabilities":[]}],"groupUrl":"groups.yahoo.com","intlCode":"us"},"comscore":"pageview_candidate","ygData":{"userId":193638946,"authorName":"Yousef Ourabi","from":"Yousef Ourabi &lt;yousef_ourabi@...&gt;","profile":"yousef_ourabi","replyTo":"LIST","senderId":"8_958rzQXR0dMbehm7Lhfx3A_OkgVP5TJS1VdGgO3eYM7Uq5b3HQVPI3t6DzKQcmo_Z5hThkSJYFkn-qZng43H5_BGcE7RWtNcLIc0ft","spamInfo":{"isSpam":false,"reason":"0"},"subject":"Re: [archive-crawler] Build Failed With Maven","postDate":"1096404026","msgId":1054,"canDelete":false,"contentTrasformed":false,"systemMessage":false,"headers":{"messageIdInHeader":"PDIwMDQwOTI4MjA0MDI2LjU1NzMxLnFtYWlsQHdlYjkwMDEwLm1haWwuc2NkLnlhaG9vLmNvbT4=","inReplyToHeader":"PDQxNTgzRDkxLjkwMzA1MDlAYXJjaGl2ZS5vcmc+"},"prevInTopic":1050,"nextInTopic":1057,"prevInTime":1053,"nextInTime":1055,"topicId":1036,"numMessagesInTopic":11,"msgSnippet":"Hey, Sorry it took me so long to reply to my own question, I just got hit with my first round of midterms. I made sure that I had all the plugins ","rawEmail":"Return-Path: &lt;yousef_ourabi@...&gt;\r\nX-Sender: yousef_ourabi@...\r\nX-Apparently-To: archive-crawler@yahoogroups.com\r\nReceived: (qmail 84413 invoked from network); 28 Sep 2004 20:40:30 -0000\r\nReceived: from unknown (66.218.66.218)\n  by m16.grp.scd.yahoo.com with QMQP; 28 Sep 2004 20:40:30 -0000\r\nReceived: from unknown (HELO web90010.mail.scd.yahoo.com) (66.218.94.68)\n  by mta3.grp.scd.yahoo.com with SMTP; 28 Sep 2004 20:40:30 -0000\r\nMessage-ID: &lt;20040928204026.55731.qmail@...&gt;\r\nReceived: from [64.170.159.34] by web90010.mail.scd.yahoo.com via HTTP; Tue, 28 Sep 2004 13:40:26 PDT\r\nDate: Tue, 28 Sep 2004 13:40:26 -0700 (PDT)\r\nTo: archive-crawler@yahoogroups.com\r\nIn-Reply-To: &lt;41583D91.9030509@...&gt;\r\nMIME-Version: 1.0\r\nContent-Type: text/plain; charset=us-ascii\r\nX-eGroups-Remote-IP: 66.218.94.68\r\nFrom: Yousef Ourabi &lt;yousef_ourabi@...&gt;\r\nSubject: Re: [archive-crawler] Build Failed With Maven\r\nX-Yahoo-Group-Post: member; u=193638946\r\nX-Yahoo-Profile: yousef_ourabi\r\n\r\nHey,\nSorry it took me so long to reply to my own question,\nI just got hit with my first round of midterms.\n\nI made sure that I had all the plugins\n.maven/plugins/maven-sdocboc...etc\n.maven/repository/jimi/jars/jimi*jar\n\nI cd into the directory that is created after\nunpacking heretix-src.tar.gz and type \n\nHere is the output.\n\nThanks very much for your time in advance.\nBest,\nYousef Ourabi\n\nPS: I configured CVS through Eclipse and I saw two\nArchiveOpenCrawler modules? Is this normal? Also I am\nassuming that is the right module?\n\n\n\n[yourabi@wintermute heritrix-1.0.4-src]$\n$MAVEN_HOME/bin/maven dist\n __  __\n|  &#92;/  |__ _Apache__ ___\n| |&#92;/| / _` &#92; V / -_) &#39; &#92;  ~ intelligent projects ~\n|_|  |_&#92;__,_|&#92;_/&#92;___|_||_|  v. 1.0\n \nPlugin &#39;maven-deploy-plugin&#39; in project &#39;Heritrix&#39; is\nnot available\nPlugin &#39;maven-deploy-plugin&#39; in project &#39;Heritrix&#39; is\nnot available\nbuild:start:\n \ndist:build-setup:\n    [delete] Deleting directory\n/home/yourabi/work/heritrix-1.0.4-src/target/distributions\n    [mkdir] Created dir:\n/home/yourabi/work/heritrix-1.0.4-src/target/distributions\n \nxdoc:init:\n \njava:prepare-filesystem:\n \njava:compile:\n    [echo] Compiling to\n/home/yourabi/work/heritrix-1.0.4-src/target/classes\n \njava:jar-resources:\n \ntest:prepare-filesystem:\n \ntest:test-resources:\n \ntest:compile:\n \ntest:test:\n    [junit] Running\norg.archive.util.DiskBackedQueueTest\n    [junit] Tests run: 5, Failures: 0, Errors: 1, Time\nelapsed: 1.317 sec\n    [junit] [ERROR] TEST\norg.archive.util.DiskBackedQueueTest FAILED\n    [junit] Running org.archive.util.DiskQueueTest\n    [junit] Tests run: 7, Failures: 0, Errors: 0, Time\nelapsed: 0.911 sec\n    [junit] Running\norg.archive.util.PaddingStringBufferTest\n    [junit] Tests run: 11, Failures: 0, Errors: 0,\nTime elapsed: 0.827 sec\n    [junit] Running org.archive.util.DiskStackTest\n    [junit] Tests run: 3, Failures: 0, Errors: 0, Time\nelapsed: 0.978 sec\n    [junit] Running org.archive.util.MemQueueTest\n    [junit] Tests run: 3, Failures: 0, Errors: 0, Time\nelapsed: 0.908 sec\n    [junit] Running\norg.archive.util.ConfigurableX509TrustManagerTest\n    [junit] Tests run: 0, Failures: 0, Errors: 0, Time\nelapsed: 0.82 sec\n    [junit] Running org.archive.util.MemLongFPSetTest\n    [junit] Tests run: 6, Failures: 0, Errors: 0, Time\nelapsed: 0.895 sec\n    [junit] Running org.archive.util.SURTTest\n    [junit] Tests run: 1, Failures: 0, Errors: 0, Time\nelapsed: 0.598 sec\n    [junit] Running org.archive.util.MimetypeUtilsTest\n    [junit] Tests run: 3, Failures: 0, Errors: 0, Time\nelapsed: 0.659 sec\n    [junit] Running\norg.archive.util.LongFPSetCacheTest\n    [junit] Tests run: 5, Failures: 0, Errors: 0, Time\nelapsed: 0.836 sec\n    [junit] Running org.archive.util.SurtPrefixSetTest\n    [junit] Tests run: 1, Failures: 0, Errors: 0, Time\nelapsed: 0.614 sec\n    [junit] Running\norg.archive.util.DiskBackedDequeTest\n    [junit] Tests run: 7, Failures: 0, Errors: 2, Time\nelapsed: 0.897 sec\n    [junit] [ERROR] TEST\norg.archive.util.DiskBackedDequeTest FAILED\n    [junit] Running org.archive.util.ArchiveUtilsTest\n    [junit] Tests run: 11, Failures: 0, Errors: 0,\nTime elapsed: 0.652 sec\n    [junit] Running\norg.archive.crawler.extractor.ExtractorHTMLTest\n    [junit] Tests run: 3, Failures: 0, Errors: 0, Time\nelapsed: 0.962 sec\n    [junit] Running\norg.archive.crawler.datamodel.CredentialStoreTest\n    [junit] Tests run: 1, Failures: 0, Errors: 0, Time\nelapsed: 0.987 sec\n    [junit] Running\norg.archive.crawler.datamodel.UURIFactoryTest\n    [junit] Tests run: 23, Failures: 0, Errors: 0,\nTime elapsed: 0.72 sec\n    [junit] Running\norg.archive.crawler.datamodel.CrawlURITest\n    [junit] Tests run: 2, Failures: 0, Errors: 0, Time\nelapsed: 0.956 sec\n    [junit] Running\norg.archive.crawler.datamodel.SeedListTest\n    [junit] Tests run: 3, Failures: 0, Errors: 0, Time\nelapsed: 0.716 sec\n    [junit] Running\norg.archive.crawler.scope.DomainScopeTest\n    [junit] Tests run: 2, Failures: 0, Errors: 0, Time\nelapsed: 0.793 sec\n    [junit] Running\norg.archive.crawler.filter.PathologicalPathFilterTest\n    [junit] Tests run: 2, Failures: 0, Errors: 0, Time\nelapsed: 0.713 sec\n    [junit] Running\norg.archive.crawler.filter.FilePatternFilterTest\n    [junit] Tests run: 1, Failures: 0, Errors: 0, Time\nelapsed: 0.727 sec\n    [junit] Running\norg.archive.crawler.settings.XMLSettingsHandlerTest\n    [junit] Tests run: 6, Failures: 0, Errors: 1, Time\nelapsed: 1.355 sec\n    [junit] [ERROR] TEST\norg.archive.crawler.settings.XMLSettingsHandlerTest\nFAILED\n    [junit] Running\norg.archive.crawler.settings.SimpleTypeTest\n    [junit] Tests run: 8, Failures: 0, Errors: 0, Time\nelapsed: 0.613 sec\n    [junit] Running\norg.archive.crawler.settings.refinements.TimespanCriteriaTest\n    [junit] Tests run: 2, Failures: 0, Errors: 0, Time\nelapsed: 0.619 sec\n    [junit] Running\norg.archive.crawler.settings.CrawlerSettingsTest\n    [junit] Tests run: 2, Failures: 0, Errors: 0, Time\nelapsed: 0.826 sec\n    [junit] Running\norg.archive.crawler.settings.OverrideTest\n    [junit] Tests run: 2, Failures: 0, Errors: 0, Time\nelapsed: 0.812 sec\n    [junit] Running\norg.archive.crawler.settings.MapTypeTest\n    [junit] Tests run: 9, Failures: 0, Errors: 0, Time\nelapsed: 1.304 sec\n    [junit] Running\norg.archive.crawler.frontier.KeyedQueueTest\n    [junit] Tests run: 1, Failures: 0, Errors: 0, Time\nelapsed: 0.902 sec\n    [junit] Running org.archive.io.arc.ARCWriterTest\n    [junit] Tests run: 5, Failures: 0, Errors: 0, Time\nelapsed: 1.013 sec\n    [junit] Running\norg.archive.io.arc.ARCWriterPoolTest\n    [junit] Tests run: 1, Failures: 0, Errors: 0, Time\nelapsed: 1.898 sec\n    [junit] Running\norg.archive.io.arc.ARCSocketFactoryTest\n    [junit] Tests run: 1, Failures: 0, Errors: 0, Time\nelapsed: 0.708 sec\n    [junit] Running\norg.archive.io.ReplayCharSequenceFactoryTest\n    [junit] Tests run: 6, Failures: 0, Errors: 0, Time\nelapsed: 0.937 sec\n    [junit] Running\norg.archive.io.RecordingOutputStreamTest\n    [junit] Tests run: 4, Failures: 0, Errors: 0, Time\nelapsed: 0.602 sec\n \nBUILD FAILED\nFile......\n/home/yourabi/.maven/cache/maven-test-plugin-1.6.2/plugin.jelly\nElement... fail\nLine...... 181\nColumn.... 54\nThere were test failures.\nTotal time: 1 minutes 3 seconds\nFinished at: Tue Sep 28 13:32:37 PDT 2004\n \n[yourabi@wintermute heritrix-1.0.4-src]$\n\n\n\n\n--- stack &lt;stack@...&gt; wrote:\n\n&gt; Yousef Ourabi wrote:\n&gt; \n&gt; &gt;Hey,\n&gt; &gt;I tried building the heritix.src.tgz package with\n&gt; &gt;maven and the build did not complete. Is this\n&gt; normal,\n&gt; &gt;will mmaven only compile from CVS? Or is it the\n&gt; same\n&gt; &gt;source. I followed all the instructions from the\n&gt; dev\n&gt; &gt;manual? I just want to know if this is because of\n&gt; the\n&gt; &gt;source package I used?\n&gt; &gt;\n&gt; &gt;  \n&gt; &gt;\n&gt; Hey Yousef:\n&gt; \n&gt; You added the extra plugin and jar file required to\n&gt; build our docbook \n&gt; manuals?  Was this on linux?  What target were you\n&gt; using?  Its supposed \n&gt; to work so I&#39;d be interested in seeing your errors.\n&gt; \n&gt; Yours,\n&gt; St.Ack\n&gt; \n&gt; &gt;Thanks,\n&gt; &gt;Yousef\n&gt; &gt;\n&gt; &gt;\n&gt; &gt;\n&gt; &gt; \n&gt; &gt;Yahoo! Groups Links\n&gt; &gt;\n&gt; &gt;\n&gt; &gt;\n&gt; &gt; \n&gt; &gt;\n&gt; &gt;  \n&gt; &gt;\n&gt; \n&gt; \n\n\n"}}