{"ygPerms":{"resourceCapabilityList":[{"resourceType":"GROUP","capabilities":[{"name":"READ"},{"name":"JOIN"}]},{"resourceType":"PHOTO","capabilities":[]},{"resourceType":"FILE","capabilities":[]},{"resourceType":"MEMBER","capabilities":[]},{"resourceType":"LINK","capabilities":[]},{"resourceType":"CALENDAR","capabilities":[]},{"resourceType":"DATABASE","capabilities":[]},{"resourceType":"POLL","capabilities":[]},{"resourceType":"MESSAGE","capabilities":[{"name":"READ"}]},{"resourceType":"PENDING_MESSAGE","capabilities":[]},{"resourceType":"ATTACHMENTS","capabilities":[{"name":"READ"}]},{"resourceType":"PHOTOMATIC_ALBUMS","capabilities":[]},{"resourceType":"MEMBERSHIP_TYPE","capabilities":[]},{"resourceType":"POST","capabilities":[{"name":"READ"}]},{"resourceType":"PIN","capabilities":[]}],"groupUrl":"groups.yahoo.com","intlCode":"us"},"comscore":"pageview_candidate","ygData":{"userId":193638946,"authorName":"Yousef Ourabi","from":"Yousef Ourabi &lt;yousef_ourabi@...&gt;","profile":"yousef_ourabi","replyTo":"LIST","senderId":"qPR0b5ik6CPjxZ1LO9P-XLspDg-KMciJWKYg-dOYJ4mx7OHeU_4dp__bJowGVQNgTO4Y3ml9u5na5XTkAGLcQXx7_1QNvpY6ZUQYIE3j","spamInfo":{"isSpam":false,"reason":"0"},"subject":"Re: [archive-crawler] Build Failed With Maven -- Repost","postDate":"1096491814","msgId":1058,"canDelete":false,"contentTrasformed":false,"systemMessage":false,"headers":{"messageIdInHeader":"PDIwMDQwOTI5MjEwMzM0LjMyMjk3LnFtYWlsQHdlYjkwMDAzLm1haWwuc2NkLnlhaG9vLmNvbT4=","inReplyToHeader":"PDIwMDQwOTI4MjA0MDI2LjU1NzMxLnFtYWlsQHdlYjkwMDEwLm1haWwuc2NkLnlhaG9vLmNvbT4="},"prevInTopic":1057,"nextInTopic":1059,"prevInTime":1057,"nextInTime":1059,"topicId":1036,"numMessagesInTopic":11,"msgSnippet":"Hey, Sorry to follow up on my own post, but I would really love to be able to build Heritrix from source to test some stuff I am doing to it right now. Below","rawEmail":"Return-Path: &lt;yousef_ourabi@...&gt;\r\nX-Sender: yousef_ourabi@...\r\nX-Apparently-To: archive-crawler@yahoogroups.com\r\nReceived: (qmail 65496 invoked from network); 29 Sep 2004 21:58:36 -0000\r\nReceived: from unknown (66.218.66.167)\n  by m21.grp.scd.yahoo.com with QMQP; 29 Sep 2004 21:58:36 -0000\r\nReceived: from unknown (HELO web90003.mail.scd.yahoo.com) (66.218.94.61)\n  by mta6.grp.scd.yahoo.com with SMTP; 29 Sep 2004 21:58:36 -0000\r\nMessage-ID: &lt;20040929210334.32297.qmail@...&gt;\r\nReceived: from [64.170.159.34] by web90003.mail.scd.yahoo.com via HTTP; Wed, 29 Sep 2004 14:03:34 PDT\r\nDate: Wed, 29 Sep 2004 14:03:34 -0700 (PDT)\r\nTo: archive-crawler@yahoogroups.com\r\nIn-Reply-To: &lt;20040928204026.55731.qmail@...&gt;\r\nMIME-Version: 1.0\r\nContent-Type: text/plain; charset=us-ascii\r\nX-eGroups-Remote-IP: 66.218.94.61\r\nFrom: Yousef Ourabi &lt;yousef_ourabi@...&gt;\r\nSubject: Re: [archive-crawler] Build Failed With Maven -- Repost\r\nX-Yahoo-Group-Post: member; u=193638946\r\nX-Yahoo-Profile: yousef_ourabi\r\n\r\nHey,\nSorry to follow up on my own post, but I would really\nlove to be able to build Heritrix from source to test\nsome stuff I am doing to it right now. Below is my\noriginal  post, and I would be very, very grateful for\nany insight.\nBest,\nYousef\n\n\n--- Yousef Ourabi &lt;yousef_ourabi@...&gt; wrote:\n\n&gt; Hey,\n&gt; Sorry it took me so long to reply to my own\n&gt; question,\n&gt; I just got hit with my first round of midterms.\n&gt; \n&gt; I made sure that I had all the plugins\n&gt; .maven/plugins/maven-sdocboc...etc\n&gt; .maven/repository/jimi/jars/jimi*jar\n&gt; \n&gt; I cd into the directory that is created after\n&gt; unpacking heretix-src.tar.gz and type \n&gt; \n&gt; Here is the output.\n&gt; \n&gt; Thanks very much for your time in advance.\n&gt; Best,\n&gt; Yousef Ourabi\n&gt; \n&gt; PS: I configured CVS through Eclipse and I saw two\n&gt; ArchiveOpenCrawler modules? Is this normal? Also I\n&gt; am\n&gt; assuming that is the right module?\n&gt; \n&gt; \n&gt; \n&gt; [yourabi@wintermute heritrix-1.0.4-src]$\n&gt; $MAVEN_HOME/bin/maven dist\n&gt;  __  __\n&gt; |  &#92;/  |__ _Apache__ ___\n&gt; | |&#92;/| / _` &#92; V / -_) &#39; &#92;  ~ intelligent projects ~\n&gt; |_|  |_&#92;__,_|&#92;_/&#92;___|_||_|  v. 1.0\n&gt;  \n&gt; Plugin &#39;maven-deploy-plugin&#39; in project &#39;Heritrix&#39;\n&gt; is\n&gt; not available\n&gt; Plugin &#39;maven-deploy-plugin&#39; in project &#39;Heritrix&#39;\n&gt; is\n&gt; not available\n&gt; build:start:\n&gt;  \n&gt; dist:build-setup:\n&gt;     [delete] Deleting directory\n&gt;\n/home/yourabi/work/heritrix-1.0.4-src/target/distributions\n&gt;     [mkdir] Created dir:\n&gt;\n/home/yourabi/work/heritrix-1.0.4-src/target/distributions\n&gt;  \n&gt; xdoc:init:\n&gt;  \n&gt; java:prepare-filesystem:\n&gt;  \n&gt; java:compile:\n&gt;     [echo] Compiling to\n&gt; /home/yourabi/work/heritrix-1.0.4-src/target/classes\n&gt;  \n&gt; java:jar-resources:\n&gt;  \n&gt; test:prepare-filesystem:\n&gt;  \n&gt; test:test-resources:\n&gt;  \n&gt; test:compile:\n&gt;  \n&gt; test:test:\n&gt;     [junit] Running\n&gt; org.archive.util.DiskBackedQueueTest\n&gt;     [junit] Tests run: 5, Failures: 0, Errors: 1,\n&gt; Time\n&gt; elapsed: 1.317 sec\n&gt;     [junit] [ERROR] TEST\n&gt; org.archive.util.DiskBackedQueueTest FAILED\n&gt;     [junit] Running org.archive.util.DiskQueueTest\n&gt;     [junit] Tests run: 7, Failures: 0, Errors: 0,\n&gt; Time\n&gt; elapsed: 0.911 sec\n&gt;     [junit] Running\n&gt; org.archive.util.PaddingStringBufferTest\n&gt;     [junit] Tests run: 11, Failures: 0, Errors: 0,\n&gt; Time elapsed: 0.827 sec\n&gt;     [junit] Running org.archive.util.DiskStackTest\n&gt;     [junit] Tests run: 3, Failures: 0, Errors: 0,\n&gt; Time\n&gt; elapsed: 0.978 sec\n&gt;     [junit] Running org.archive.util.MemQueueTest\n&gt;     [junit] Tests run: 3, Failures: 0, Errors: 0,\n&gt; Time\n&gt; elapsed: 0.908 sec\n&gt;     [junit] Running\n&gt; org.archive.util.ConfigurableX509TrustManagerTest\n&gt;     [junit] Tests run: 0, Failures: 0, Errors: 0,\n&gt; Time\n&gt; elapsed: 0.82 sec\n&gt;     [junit] Running\n&gt; org.archive.util.MemLongFPSetTest\n&gt;     [junit] Tests run: 6, Failures: 0, Errors: 0,\n&gt; Time\n&gt; elapsed: 0.895 sec\n&gt;     [junit] Running org.archive.util.SURTTest\n&gt;     [junit] Tests run: 1, Failures: 0, Errors: 0,\n&gt; Time\n&gt; elapsed: 0.598 sec\n&gt;     [junit] Running\n&gt; org.archive.util.MimetypeUtilsTest\n&gt;     [junit] Tests run: 3, Failures: 0, Errors: 0,\n&gt; Time\n&gt; elapsed: 0.659 sec\n&gt;     [junit] Running\n&gt; org.archive.util.LongFPSetCacheTest\n&gt;     [junit] Tests run: 5, Failures: 0, Errors: 0,\n&gt; Time\n&gt; elapsed: 0.836 sec\n&gt;     [junit] Running\n&gt; org.archive.util.SurtPrefixSetTest\n&gt;     [junit] Tests run: 1, Failures: 0, Errors: 0,\n&gt; Time\n&gt; elapsed: 0.614 sec\n&gt;     [junit] Running\n&gt; org.archive.util.DiskBackedDequeTest\n&gt;     [junit] Tests run: 7, Failures: 0, Errors: 2,\n&gt; Time\n&gt; elapsed: 0.897 sec\n&gt;     [junit] [ERROR] TEST\n&gt; org.archive.util.DiskBackedDequeTest FAILED\n&gt;     [junit] Running\n&gt; org.archive.util.ArchiveUtilsTest\n&gt;     [junit] Tests run: 11, Failures: 0, Errors: 0,\n&gt; Time elapsed: 0.652 sec\n&gt;     [junit] Running\n&gt; org.archive.crawler.extractor.ExtractorHTMLTest\n&gt;     [junit] Tests run: 3, Failures: 0, Errors: 0,\n&gt; Time\n&gt; elapsed: 0.962 sec\n&gt;     [junit] Running\n&gt; org.archive.crawler.datamodel.CredentialStoreTest\n&gt;     [junit] Tests run: 1, Failures: 0, Errors: 0,\n&gt; Time\n&gt; elapsed: 0.987 sec\n&gt;     [junit] Running\n&gt; org.archive.crawler.datamodel.UURIFactoryTest\n&gt;     [junit] Tests run: 23, Failures: 0, Errors: 0,\n&gt; Time elapsed: 0.72 sec\n&gt;     [junit] Running\n&gt; org.archive.crawler.datamodel.CrawlURITest\n&gt;     [junit] Tests run: 2, Failures: 0, Errors: 0,\n&gt; Time\n&gt; elapsed: 0.956 sec\n&gt;     [junit] Running\n&gt; org.archive.crawler.datamodel.SeedListTest\n&gt;     [junit] Tests run: 3, Failures: 0, Errors: 0,\n&gt; Time\n&gt; elapsed: 0.716 sec\n&gt;     [junit] Running\n&gt; org.archive.crawler.scope.DomainScopeTest\n&gt;     [junit] Tests run: 2, Failures: 0, Errors: 0,\n&gt; Time\n&gt; elapsed: 0.793 sec\n&gt;     [junit] Running\n&gt;\norg.archive.crawler.filter.PathologicalPathFilterTest\n&gt;     [junit] Tests run: 2, Failures: 0, Errors: 0,\n&gt; Time\n&gt; elapsed: 0.713 sec\n&gt;     [junit] Running\n&gt; org.archive.crawler.filter.FilePatternFilterTest\n&gt;     [junit] Tests run: 1, Failures: 0, Errors: 0,\n&gt; Time\n&gt; elapsed: 0.727 sec\n&gt;     [junit] Running\n&gt; org.archive.crawler.settings.XMLSettingsHandlerTest\n&gt;     [junit] Tests run: 6, Failures: 0, Errors: 1,\n&gt; Time\n&gt; elapsed: 1.355 sec\n&gt;     [junit] [ERROR] TEST\n&gt; org.archive.crawler.settings.XMLSettingsHandlerTest\n&gt; FAILED\n&gt;     [junit] Running\n&gt; org.archive.crawler.settings.SimpleTypeTest\n&gt;     [junit] Tests run: 8, Failures: 0, Errors: 0,\n&gt; Time\n&gt; elapsed: 0.613 sec\n&gt;     [junit] Running\n&gt;\norg.archive.crawler.settings.refinements.TimespanCriteriaTest\n&gt;     [junit] Tests run: 2, Failures: 0, Errors: 0,\n&gt; Time\n&gt; elapsed: 0.619 sec\n&gt;     [junit] Running\n&gt; org.archive.crawler.settings.CrawlerSettingsTest\n&gt;     [junit] Tests run: 2, Failures: 0, Errors: 0,\n&gt; Time\n&gt; elapsed: 0.826 sec\n&gt;     [junit] Running\n&gt; org.archive.crawler.settings.OverrideTest\n&gt;     [junit] Tests run: 2, Failures: 0, Errors: 0,\n&gt; Time\n&gt; elapsed: 0.812 sec\n&gt;     [junit] Running\n&gt; org.archive.crawler.settings.MapTypeTest\n&gt;     [junit] Tests run: 9, Failures: 0, Errors: 0,\n&gt; Time\n&gt; elapsed: 1.304 sec\n&gt;     [junit] Running\n&gt; org.archive.crawler.frontier.KeyedQueueTest\n&gt;     [junit] Tests run: 1, Failures: 0, Errors: 0,\n&gt; Time\n&gt; \n=== message truncated ===\n\n\n"}}