{"ygPerms":{"resourceCapabilityList":[{"resourceType":"GROUP","capabilities":[{"name":"READ"},{"name":"JOIN"}]},{"resourceType":"PHOTO","capabilities":[]},{"resourceType":"FILE","capabilities":[]},{"resourceType":"MEMBER","capabilities":[]},{"resourceType":"LINK","capabilities":[]},{"resourceType":"CALENDAR","capabilities":[]},{"resourceType":"DATABASE","capabilities":[]},{"resourceType":"POLL","capabilities":[]},{"resourceType":"MESSAGE","capabilities":[{"name":"READ"}]},{"resourceType":"PENDING_MESSAGE","capabilities":[]},{"resourceType":"ATTACHMENTS","capabilities":[{"name":"READ"}]},{"resourceType":"PHOTOMATIC_ALBUMS","capabilities":[]},{"resourceType":"MEMBERSHIP_TYPE","capabilities":[]},{"resourceType":"POST","capabilities":[{"name":"READ"}]},{"resourceType":"PIN","capabilities":[]}],"groupUrl":"groups.yahoo.com","intlCode":"us"},"comscore":"pageview_candidate","ygData":{"userId":168599281,"authorName":"stack","from":"stack &lt;stack@...&gt;","replyTo":"LIST","senderId":"pNLE5h7U9VWJ6GTL3qO3qT0yNLFX0b0vTg-DjZif_cUM--ycVqw0raqdc_igUsvbuz4I_Imh9_ImJcmRFzvbNQ","spamInfo":{"isSpam":false,"reason":"0"},"subject":"Re: [archive-crawler] Build Failed With Maven","postDate":"1096504250","msgId":1059,"canDelete":false,"contentTrasformed":false,"systemMessage":false,"headers":{"messageIdInHeader":"PDQxNUI1M0JBLjUwMzA4MDZAYXJjaGl2ZS5vcmc+","inReplyToHeader":"PDIwMDQwOTI4MjA0MDI2LjU1NzMxLnFtYWlsQHdlYjkwMDEwLm1haWwuc2NkLnlhaG9vLmNvbT4=","referencesHeader":"PDIwMDQwOTI4MjA0MDI2LjU1NzMxLnFtYWlsQHdlYjkwMDEwLm1haWwuc2NkLnlhaG9vLmNvbT4="},"prevInTopic":1058,"nextInTopic":1109,"prevInTime":1058,"nextInTime":1060,"topicId":1036,"numMessagesInTopic":11,"msgSnippet":"... Sorry it took me a while to get back to your reponse (smile). You don t say what your platform is.   Your failing in the unit tests. You re probably on a","rawEmail":"Return-Path: &lt;stack@...&gt;\r\nX-Sender: stack@...\r\nX-Apparently-To: archive-crawler@yahoogroups.com\r\nReceived: (qmail 28241 invoked from network); 30 Sep 2004 00:37:38 -0000\r\nReceived: from unknown (66.218.66.217)\n  by m16.grp.scd.yahoo.com with QMQP; 30 Sep 2004 00:37:38 -0000\r\nReceived: from unknown (HELO ia00524.archive.org) (209.237.232.202)\n  by mta2.grp.scd.yahoo.com with SMTP; 30 Sep 2004 00:37:38 -0000\r\nReceived: (qmail 28653 invoked by uid 100); 30 Sep 2004 00:26:53 -0000\r\nReceived: from debord.archive.org (HELO ?207.241.238.140?) (stack@...@207.241.238.140)\n  by mail-dev.archive.org with SMTP; 30 Sep 2004 00:26:53 -0000\r\nMessage-ID: &lt;415B53BA.5030806@...&gt;\r\nDate: Wed, 29 Sep 2004 17:30:50 -0700\r\nUser-Agent: Mozilla/5.0 (X11; U; Linux i686; en-US; rv:1.7.2) Gecko/20040820 Debian/1.7.2-4\r\nX-Accept-Language: en-us\r\nMIME-Version: 1.0\r\nTo: archive-crawler@yahoogroups.com\r\nReferences: &lt;20040928204026.55731.qmail@...&gt;\r\nIn-Reply-To: &lt;20040928204026.55731.qmail@...&gt;\r\nContent-Type: text/plain; charset=ISO-8859-1; format=flowed\r\nContent-Transfer-Encoding: 7bit\r\nX-Spam-DCC: : \r\nX-Spam-Checker-Version: SpamAssassin 2.63 (2004-01-11) on ia00524.archive.org\r\nX-Spam-Level: \r\nX-Spam-Status: No, hits=0.1 required=7.0 tests=AWL autolearn=ham version=2.63\r\nX-eGroups-Remote-IP: 209.237.232.202\r\nFrom: stack &lt;stack@...&gt;\r\nSubject: Re: [archive-crawler] Build Failed With Maven\r\nX-Yahoo-Group-Post: member; u=168599281\r\n\r\nYousef Ourabi wrote:\n\n&gt;Hey,\n&gt;Sorry it took me so long to reply to my own question,\n&gt;I just got hit with my first round of midterms.\n&gt;  \n&gt;\nSorry it took me a while to get back to your reponse (smile).\n\nYou don&#39;t say what your platform is.   Your failing in the unit tests.  \nYou&#39;re probably on a Mac, a PC or a 2.6 kernel linux?  If the former, \nyou&#39;ll need to make a source code change. If the latter, you&#39;ll need the \nlatest 5.0 JDK (&gt;beta2).  See &#39;[ 984390 ] Build fails: &quot;rws&quot; mode and \nMac OS X interact badly \n&lt;http://crawler.archive.org/articles/limitations.html#984390&gt;&#39;, in Known \nLimitations for details: \nhttp://crawler.archive.org/articles/limitations.html#984390.\n\n&gt;PS: I configured CVS through Eclipse and I saw two\n&gt;ArchiveOpenCrawler modules? Is this normal? Also I am\n&gt;assuming that is the right module?\n&gt;\n&gt;  \n&gt;\nI&#39;ve not noticed that before.  Interesting.  One of the lads here points \nout that the icons are slightly different.  I&#39;m guessing its something \nto do with HEAD vs heritrix_1_0 branch.  Maybe someone else can explain it.\n\nSt.Ack\n\n\n&gt;\n&gt;[yourabi@wintermute heritrix-1.0.4-src]$\n&gt;$MAVEN_HOME/bin/maven dist\n&gt; __  __\n&gt;|  &#92;/  |__ _Apache__ ___\n&gt;| |&#92;/| / _` &#92; V / -_) &#39; &#92;  ~ intelligent projects ~\n&gt;|_|  |_&#92;__,_|&#92;_/&#92;___|_||_|  v. 1.0\n&gt; \n&gt;Plugin &#39;maven-deploy-plugin&#39; in project &#39;Heritrix&#39; is\n&gt;not available\n&gt;Plugin &#39;maven-deploy-plugin&#39; in project &#39;Heritrix&#39; is\n&gt;not available\n&gt;build:start:\n&gt; \n&gt;dist:build-setup:\n&gt;    [delete] Deleting directory\n&gt;/home/yourabi/work/heritrix-1.0.4-src/target/distributions\n&gt;    [mkdir] Created dir:\n&gt;/home/yourabi/work/heritrix-1.0.4-src/target/distributions\n&gt; \n&gt;xdoc:init:\n&gt; \n&gt;java:prepare-filesystem:\n&gt; \n&gt;java:compile:\n&gt;    [echo] Compiling to\n&gt;/home/yourabi/work/heritrix-1.0.4-src/target/classes\n&gt; \n&gt;java:jar-resources:\n&gt; \n&gt;test:prepare-filesystem:\n&gt; \n&gt;test:test-resources:\n&gt; \n&gt;test:compile:\n&gt; \n&gt;test:test:\n&gt;    [junit] Running\n&gt;org.archive.util.DiskBackedQueueTest\n&gt;    [junit] Tests run: 5, Failures: 0, Errors: 1, Time\n&gt;elapsed: 1.317 sec\n&gt;    [junit] [ERROR] TEST\n&gt;org.archive.util.DiskBackedQueueTest FAILED\n&gt;    [junit] Running org.archive.util.DiskQueueTest\n&gt;    [junit] Tests run: 7, Failures: 0, Errors: 0, Time\n&gt;elapsed: 0.911 sec\n&gt;    [junit] Running\n&gt;org.archive.util.PaddingStringBufferTest\n&gt;    [junit] Tests run: 11, Failures: 0, Errors: 0,\n&gt;Time elapsed: 0.827 sec\n&gt;    [junit] Running org.archive.util.DiskStackTest\n&gt;    [junit] Tests run: 3, Failures: 0, Errors: 0, Time\n&gt;elapsed: 0.978 sec\n&gt;    [junit] Running org.archive.util.MemQueueTest\n&gt;    [junit] Tests run: 3, Failures: 0, Errors: 0, Time\n&gt;elapsed: 0.908 sec\n&gt;    [junit] Running\n&gt;org.archive.util.ConfigurableX509TrustManagerTest\n&gt;    [junit] Tests run: 0, Failures: 0, Errors: 0, Time\n&gt;elapsed: 0.82 sec\n&gt;    [junit] Running org.archive.util.MemLongFPSetTest\n&gt;    [junit] Tests run: 6, Failures: 0, Errors: 0, Time\n&gt;elapsed: 0.895 sec\n&gt;    [junit] Running org.archive.util.SURTTest\n&gt;    [junit] Tests run: 1, Failures: 0, Errors: 0, Time\n&gt;elapsed: 0.598 sec\n&gt;    [junit] Running org.archive.util.MimetypeUtilsTest\n&gt;    [junit] Tests run: 3, Failures: 0, Errors: 0, Time\n&gt;elapsed: 0.659 sec\n&gt;    [junit] Running\n&gt;org.archive.util.LongFPSetCacheTest\n&gt;    [junit] Tests run: 5, Failures: 0, Errors: 0, Time\n&gt;elapsed: 0.836 sec\n&gt;    [junit] Running org.archive.util.SurtPrefixSetTest\n&gt;    [junit] Tests run: 1, Failures: 0, Errors: 0, Time\n&gt;elapsed: 0.614 sec\n&gt;    [junit] Running\n&gt;org.archive.util.DiskBackedDequeTest\n&gt;    [junit] Tests run: 7, Failures: 0, Errors: 2, Time\n&gt;elapsed: 0.897 sec\n&gt;    [junit] [ERROR] TEST\n&gt;org.archive.util.DiskBackedDequeTest FAILED\n&gt;    [junit] Running org.archive.util.ArchiveUtilsTest\n&gt;    [junit] Tests run: 11, Failures: 0, Errors: 0,\n&gt;Time elapsed: 0.652 sec\n&gt;    [junit] Running\n&gt;org.archive.crawler.extractor.ExtractorHTMLTest\n&gt;    [junit] Tests run: 3, Failures: 0, Errors: 0, Time\n&gt;elapsed: 0.962 sec\n&gt;    [junit] Running\n&gt;org.archive.crawler.datamodel.CredentialStoreTest\n&gt;    [junit] Tests run: 1, Failures: 0, Errors: 0, Time\n&gt;elapsed: 0.987 sec\n&gt;    [junit] Running\n&gt;org.archive.crawler.datamodel.UURIFactoryTest\n&gt;    [junit] Tests run: 23, Failures: 0, Errors: 0,\n&gt;Time elapsed: 0.72 sec\n&gt;    [junit] Running\n&gt;org.archive.crawler.datamodel.CrawlURITest\n&gt;    [junit] Tests run: 2, Failures: 0, Errors: 0, Time\n&gt;elapsed: 0.956 sec\n&gt;    [junit] Running\n&gt;org.archive.crawler.datamodel.SeedListTest\n&gt;    [junit] Tests run: 3, Failures: 0, Errors: 0, Time\n&gt;elapsed: 0.716 sec\n&gt;    [junit] Running\n&gt;org.archive.crawler.scope.DomainScopeTest\n&gt;    [junit] Tests run: 2, Failures: 0, Errors: 0, Time\n&gt;elapsed: 0.793 sec\n&gt;    [junit] Running\n&gt;org.archive.crawler.filter.PathologicalPathFilterTest\n&gt;    [junit] Tests run: 2, Failures: 0, Errors: 0, Time\n&gt;elapsed: 0.713 sec\n&gt;    [junit] Running\n&gt;org.archive.crawler.filter.FilePatternFilterTest\n&gt;    [junit] Tests run: 1, Failures: 0, Errors: 0, Time\n&gt;elapsed: 0.727 sec\n&gt;    [junit] Running\n&gt;org.archive.crawler.settings.XMLSettingsHandlerTest\n&gt;    [junit] Tests run: 6, Failures: 0, Errors: 1, Time\n&gt;elapsed: 1.355 sec\n&gt;    [junit] [ERROR] TEST\n&gt;org.archive.crawler.settings.XMLSettingsHandlerTest\n&gt;FAILED\n&gt;    [junit] Running\n&gt;org.archive.crawler.settings.SimpleTypeTest\n&gt;    [junit] Tests run: 8, Failures: 0, Errors: 0, Time\n&gt;elapsed: 0.613 sec\n&gt;    [junit] Running\n&gt;org.archive.crawler.settings.refinements.TimespanCriteriaTest\n&gt;    [junit] Tests run: 2, Failures: 0, Errors: 0, Time\n&gt;elapsed: 0.619 sec\n&gt;    [junit] Running\n&gt;org.archive.crawler.settings.CrawlerSettingsTest\n&gt;    [junit] Tests run: 2, Failures: 0, Errors: 0, Time\n&gt;elapsed: 0.826 sec\n&gt;    [junit] Running\n&gt;org.archive.crawler.settings.OverrideTest\n&gt;    [junit] Tests run: 2, Failures: 0, Errors: 0, Time\n&gt;elapsed: 0.812 sec\n&gt;    [junit] Running\n&gt;org.archive.crawler.settings.MapTypeTest\n&gt;    [junit] Tests run: 9, Failures: 0, Errors: 0, Time\n&gt;elapsed: 1.304 sec\n&gt;    [junit] Running\n&gt;org.archive.crawler.frontier.KeyedQueueTest\n&gt;    [junit] Tests run: 1, Failures: 0, Errors: 0, Time\n&gt;elapsed: 0.902 sec\n&gt;    [junit] Running org.archive.io.arc.ARCWriterTest\n&gt;    [junit] Tests run: 5, Failures: 0, Errors: 0, Time\n&gt;elapsed: 1.013 sec\n&gt;    [junit] Running\n&gt;org.archive.io.arc.ARCWriterPoolTest\n&gt;    [junit] Tests run: 1, Failures: 0, Errors: 0, Time\n&gt;elapsed: 1.898 sec\n&gt;    [junit] Running\n&gt;org.archive.io.arc.ARCSocketFactoryTest\n&gt;    [junit] Tests run: 1, Failures: 0, Errors: 0, Time\n&gt;elapsed: 0.708 sec\n&gt;    [junit] Running\n&gt;org.archive.io.ReplayCharSequenceFactoryTest\n&gt;    [junit] Tests run: 6, Failures: 0, Errors: 0, Time\n&gt;elapsed: 0.937 sec\n&gt;    [junit] Running\n&gt;org.archive.io.RecordingOutputStreamTest\n&gt;    [junit] Tests run: 4, Failures: 0, Errors: 0, Time\n&gt;elapsed: 0.602 sec\n&gt; \n&gt;BUILD FAILED\n&gt;File......\n&gt;/home/yourabi/.maven/cache/maven-test-plugin-1.6.2/plugin.jelly\n&gt;Element... fail\n&gt;Line...... 181\n&gt;Column.... 54\n&gt;There were test failures.\n&gt;Total time: 1 minutes 3 seconds\n&gt;Finished at: Tue Sep 28 13:32:37 PDT 2004\n&gt; \n&gt;[yourabi@wintermute heritrix-1.0.4-src]$\n&gt;\n&gt;\n&gt;\n&gt;\n&gt;--- stack &lt;stack@...&gt; wrote:\n&gt;\n&gt;  \n&gt;\n&gt;&gt;Yousef Ourabi wrote:\n&gt;&gt;\n&gt;&gt;    \n&gt;&gt;\n&gt;&gt;&gt;Hey,\n&gt;&gt;&gt;I tried building the heritix.src.tgz package with\n&gt;&gt;&gt;maven and the build did not complete. Is this\n&gt;&gt;&gt;      \n&gt;&gt;&gt;\n&gt;&gt;normal,\n&gt;&gt;    \n&gt;&gt;\n&gt;&gt;&gt;will mmaven only compile from CVS? Or is it the\n&gt;&gt;&gt;      \n&gt;&gt;&gt;\n&gt;&gt;same\n&gt;&gt;    \n&gt;&gt;\n&gt;&gt;&gt;source. I followed all the instructions from the\n&gt;&gt;&gt;      \n&gt;&gt;&gt;\n&gt;&gt;dev\n&gt;&gt;    \n&gt;&gt;\n&gt;&gt;&gt;manual? I just want to know if this is because of\n&gt;&gt;&gt;      \n&gt;&gt;&gt;\n&gt;&gt;the\n&gt;&gt;    \n&gt;&gt;\n&gt;&gt;&gt;source package I used?\n&gt;&gt;&gt;\n&gt;&gt;&gt; \n&gt;&gt;&gt;\n&gt;&gt;&gt;      \n&gt;&gt;&gt;\n&gt;&gt;Hey Yousef:\n&gt;&gt;\n&gt;&gt;You added the extra plugin and jar file required to\n&gt;&gt;build our docbook \n&gt;&gt;manuals?  Was this on linux?  What target were you\n&gt;&gt;using?  Its supposed \n&gt;&gt;to work so I&#39;d be interested in seeing your errors.\n&gt;&gt;\n&gt;&gt;Yours,\n&gt;&gt;St.Ack\n&gt;&gt;\n&gt;&gt;    \n&gt;&gt;\n&gt;&gt;&gt;Thanks,\n&gt;&gt;&gt;Yousef\n&gt;&gt;&gt;\n&gt;&gt;&gt;\n&gt;&gt;&gt;\n&gt;&gt;&gt;\n&gt;&gt;&gt;Yahoo! Groups Links\n&gt;&gt;&gt;\n&gt;&gt;&gt;\n&gt;&gt;&gt;\n&gt;&gt;&gt;\n&gt;&gt;&gt;\n&gt;&gt;&gt; \n&gt;&gt;&gt;\n&gt;&gt;&gt;      \n&gt;&gt;&gt;\n&gt;&gt;    \n&gt;&gt;\n&gt;\n&gt;\n&gt;\n&gt;\n&gt; \n&gt;Yahoo! Groups Links\n&gt;\n&gt;\n&gt;\n&gt; \n&gt;\n&gt;  \n&gt;\n\n\n"}}