{"ygPerms":{"resourceCapabilityList":[{"resourceType":"GROUP","capabilities":[{"name":"READ"},{"name":"JOIN"}]},{"resourceType":"PHOTO","capabilities":[]},{"resourceType":"FILE","capabilities":[]},{"resourceType":"MEMBER","capabilities":[]},{"resourceType":"LINK","capabilities":[]},{"resourceType":"CALENDAR","capabilities":[]},{"resourceType":"DATABASE","capabilities":[]},{"resourceType":"POLL","capabilities":[]},{"resourceType":"MESSAGE","capabilities":[{"name":"READ"}]},{"resourceType":"PENDING_MESSAGE","capabilities":[]},{"resourceType":"ATTACHMENTS","capabilities":[{"name":"READ"}]},{"resourceType":"PHOTOMATIC_ALBUMS","capabilities":[]},{"resourceType":"MEMBERSHIP_TYPE","capabilities":[]},{"resourceType":"POST","capabilities":[{"name":"READ"}]},{"resourceType":"PIN","capabilities":[]}],"groupUrl":"groups.yahoo.com","intlCode":"us"},"comscore":"pageview_candidate","ygData":{"userId":202546906,"authorName":"jkilleen74","from":"&quot;jkilleen74&quot; &lt;james@...&gt;","profile":"jkilleen74","replyTo":"LIST","senderId":"VGEZYdtQ2ez8gQZjwuVmYP6_4_DO8QnBraoUxtrNmqOS9YQH1Tuuwqm71yeWrI6T3pCn9P-m4goIX97-m09egnToKWvwX3AG4g9du4UmD5rJTx26","spamInfo":{"isSpam":false,"reason":"0"},"subject":"Re: Build Failed With Maven","postDate":"1098456997","msgId":1109,"canDelete":false,"contentTrasformed":false,"systemMessage":false,"headers":{"messageIdInHeader":"PGNsYjczNStrdnN1QGVHcm91cHMuY29tPg==","inReplyToHeader":"PDQxNUI1M0JBLjUwMzA4MDZAYXJjaGl2ZS5vcmc+"},"prevInTopic":1059,"nextInTopic":0,"prevInTime":1108,"nextInTime":1110,"topicId":1036,"numMessagesInTopic":11,"msgSnippet":"Hello, It looks like I might be having some similar-ish problems to Yousef - am currently trying to build a fresh jar, on a PC / WinXP system. Haven t made any","rawEmail":"Return-Path: &lt;james@...&gt;\r\nX-Sender: james@...\r\nX-Apparently-To: archive-crawler@yahoogroups.com\r\nReceived: (qmail 63447 invoked from network); 22 Oct 2004 14:56:52 -0000\r\nReceived: from unknown (66.218.66.217)\n  by m15.grp.scd.yahoo.com with QMQP; 22 Oct 2004 14:56:52 -0000\r\nReceived: from unknown (HELO n9a.bulk.scd.yahoo.com) (66.94.237.43)\n  by mta2.grp.scd.yahoo.com with SMTP; 22 Oct 2004 14:56:52 -0000\r\nReceived: from [66.218.69.2] by n9.bulk.scd.yahoo.com with NNFMP; 22 Oct 2004 14:56:40 -0000\r\nReceived: from [66.218.67.149] by mailer2.bulk.scd.yahoo.com with NNFMP; 22 Oct 2004 14:56:40 -0000\r\nDate: Fri, 22 Oct 2004 14:56:37 -0000\r\nTo: archive-crawler@yahoogroups.com\r\nMessage-ID: &lt;clb735+kvsu@...&gt;\r\nIn-Reply-To: &lt;415B53BA.5030806@...&gt;\r\nUser-Agent: eGroups-EW/0.82\r\nMIME-Version: 1.0\r\nContent-Type: text/plain; charset=ISO-8859-1\r\nContent-Length: 14562\r\nX-Mailer: Yahoo Groups Message Poster\r\nX-Yahoo-Newman-Property: groups-compose\r\nX-eGroups-Remote-IP: 66.94.237.43\r\nFrom: &quot;jkilleen74&quot; &lt;james@...&gt;\r\nSubject: Re: Build Failed With Maven\r\nX-Yahoo-Group-Post: member; u=202546906\r\nX-Yahoo-Profile: jkilleen74\r\n\r\n\nHello,\nIt looks like I might be having some similar-ish problems to Yousef - \nam currently trying to build a fresh jar, on a PC / WinXP system. \nHaven&#39;t made any adjustments to the code yet, but am failing the \nfollowing unit tests:\n\nXMLSettingsHandlerTest\nDiskBackedDequeTest\nDiskBackedQueueTest\nDiskQueueTest\nDiskStackTest\n\nI tried changing DiskStack.lazyInitialize() to specify &#39;rw&#39; instead \nof &#39;rws&#39;, as suggested elsewhere, on the off-chance it might help, \nbut no joy. I&#39;ve chased a couple of the more serious failures (i.e. \nactual exceptions, as opposed to just Assert problems) in more \ndetail, see below. \n\nHaving said that, the new jar does basically seem to still work, but \nfailed Unit tests are never a good thing..! I know that Windows isn&#39;t \na supported platform, so on my own head be it, but any suggestions as \nto the problem would be much appreciated, as I&#39;m still feeling in the \ndark here quite a bit!\n\nJim K\n\nDISK QUEUE TEST\nA NoSuchElementException occurs, basically because the queue being \nread seems to be in an EOF state. I&#39;ve done some debugging in \nDiskQueueTest.testIterator(), and have found that if you comment out \nthe use of queue.getIterator i.e. just do queueing and enqueueing, it \nworks fine. But as soon as you get an iterator (whether you then move \nthrough it or not), that leaves the queue in an EOF state, and your \nnext dequeue crashes out.\n\n- &lt;testcase name=&quot;testIterator&quot; time=&quot;0.047&quot;&gt;\n  &lt;error \ntype=&quot;java.util.NoSuchElementException&quot;&gt;java.util.NoSuchElementExcepti\non at org.archive.util.DiskQueue.dequeue(DiskQueue.java:191) at \norg.archive.util.DiskQueueTest.testIterator(DiskQueueTest.java:133) \nat sun.reflect.NativeMethodAccessorImpl.invoke0(Native Method) at \nsun.reflect.NativeMethodAccessorImpl.invoke\n(NativeMethodAccessorImpl.java:39) at \nsun.reflect.DelegatingMethodAccessorImpl.invoke\n(DelegatingMethodAccessorImpl.java:25)&lt;/error&gt; \n  &lt;/testcase&gt;\n  &lt;testcase name=&quot;testQueue&quot; time=&quot;0.0&quot; /&gt; \n  &lt;testcase name=&quot;testDequeue&quot; time=&quot;0.0&quot; /&gt; \n  &lt;testcase name=&quot;testDequeueEmptyQueue&quot; time=&quot;0.0&quot; /&gt; \n...\n- &lt;system-err&gt;\n- &lt;![CDATA[ \njava.io.EOFException\n\tat java.io.ObjectInputStream$BlockDataInputStream.peekByte\n(ObjectInputStream.java:2438)\n\tat java.io.ObjectInputStream.readObject0\n(ObjectInputStream.java:1245)\n\tat java.io.ObjectInputStream.readObject\n(ObjectInputStream.java:324)\n\tat org.archive.util.DiskQueue.dequeue(DiskQueue.java:188)\n\tat org.archive.util.DiskQueueTest.testIterator\n(DiskQueueTest.java:133)\n\n\n\n\nDISK BACKED DEQUEUE TEST (and similar problem in DISK BACKED QUEUE \nTEST):\nAn IOException occurs in TestSerializationBoth, when it tries to \nwrite the queue object to the ObjectPlusFilesOutputStream. The error \ndetails below indicate a &#39;file not found&#39; problem involving two \nfoo.quot files. And there certainly is no sign of any such files \nanywhere on my dir. In the exception message (below), I did notice:\n\n   ln C:&#92;heritrix-1.0.4&#92;target&#92;test-tmp&#92;foo.qout C:&#92;heritrix-1.0.4\n&#92;target&#92;test-tmp&#92;serialization&#92;foo.qout \n\n   This isn&#39;t a Linux shell command that&#39;s snuck in somehow, is it..?\n\n\n- &lt;testcase name=&quot;testSerialization&quot; time=&quot;0.015&quot;&gt;\n  &lt;error message=&quot;CreateProcess: ln C:&#92;heritrix-1.0.4&#92;target&#92;test-\ntmp&#92;foo.qout C:&#92;heritrix-1.0.4&#92;target&#92;test-tmp&#92;serialization&#92;foo.qout \nerror=2&quot; type=&quot;java.io.IOException&quot;&gt;java.io.IOException: \nCreateProcess: ln C:&#92;heritrix-1.0.4&#92;target&#92;test-tmp&#92;foo.qout \nC:&#92;heritrix-1.0.4&#92;target&#92;test-tmp&#92;serialization&#92;foo.qout error=2 at \njava.lang.Win32Process.create(Native Method) at \njava.lang.Win32Process.&lt;init&gt;(Win32Process.java:63) at \njava.lang.Runtime.execInternal(Native Method) at \njava.lang.Runtime.exec(Runtime.java:566) at java.lang.Runtime.exec\n(Runtime.java:428) at java.lang.Runtime.exec(Runtime.java:364) at \njava.lang.Runtime.exec(Runtime.java:326) at \norg.archive.crawler.checkpoint.ObjectPlusFilesOutputStream.hardlinkOrC\nopy(ObjectPlusFilesOutputStream.java:126) at \norg.archive.crawler.checkpoint.ObjectPlusFilesOutputStream.snapshotApp\nendOnlyFile(ObjectPlusFilesOutputStream.java:111) at \norg.archive.io.DiskByteQueue.writeObject(DiskByteQueue.java:241) at \nsun.reflect.NativeMethodAccessorImpl.invoke0(Native Method) at \nsun.reflect.NativeMethodAccessorImpl.invoke\n(NativeMethodAccessorImpl.java:39) at \nsun.reflect.DelegatingMethodAccessorImpl.invoke\n(DelegatingMethodAccessorImpl.java:25) at \njava.io.ObjectStreamClass.invokeWriteObject\n(ObjectStreamClass.java:795) at \njava.io.ObjectOutputStream.writeSerialData\n(ObjectOutputStream.java:1294) at \njava.io.ObjectOutputStream.writeOrdinaryObject\n(ObjectOutputStream.java:1245) at \njava.io.ObjectOutputStream.writeObject0(ObjectOutputStream.java:1052) \nat java.io.ObjectOutputStream.defaultWriteFields\n(ObjectOutputStream.java:1330) at \njava.io.ObjectOutputStream.writeSerialData\n(ObjectOutputStream.java:1302) at \njava.io.ObjectOutputStream.writeOrdinaryObject\n(ObjectOutputStream.java:1245) at \njava.io.ObjectOutputStream.writeObject0(ObjectOutputStream.java:1052) \nat java.io.ObjectOutputStream.defaultWriteFields\n(ObjectOutputStream.java:1330) at \njava.io.ObjectOutputStream.writeSerialData\n(ObjectOutputStream.java:1302) at \njava.io.ObjectOutputStream.writeOrdinaryObject\n(ObjectOutputStream.java:1245) at \njava.io.ObjectOutputStream.writeObject0(ObjectOutputStream.java:1052) \nat java.io.ObjectOutputStream.writeObject\n(ObjectOutputStream.java:278) at \norg.archive.util.DiskBackedQueueTest.testSerialization\n(DiskBackedQueueTest.java:191) at \nsun.reflect.NativeMethodAccessorImpl.invoke0(Native Method) at \nsun.reflect.NativeMethodAccessorImpl.invoke\n(NativeMethodAccessorImpl.java:39) at \nsun.reflect.DelegatingMethodAccessorImpl.invoke\n(DelegatingMethodAccessorImpl.java:25)&lt;/error&gt; \n  &lt;/testcase&gt;\n\n\nDISK STACK TEST\nThere&#39;s an Assert failure in CTorBadFile i.e. it&#39;s successfully \ncreating the &#39;uncreatable&#39; file in &quot;/dev&quot; - I wonder if this could be \ndue to the different path syntax in Windows and Linux? Am guessing \nthis failure might be less serious than the others, though.\n\n\n\n--- In archive-crawler@yahoogroups.com, stack &lt;stack@a...&gt; wrote:\n&gt; Yousef Ourabi wrote:\n&gt; \n&gt; &gt;Hey,\n&gt; &gt;Sorry it took me so long to reply to my own question,\n&gt; &gt;I just got hit with my first round of midterms.\n&gt; &gt;  \n&gt; &gt;\n&gt; Sorry it took me a while to get back to your reponse (smile).\n&gt; \n&gt; You don&#39;t say what your platform is.   Your failing in the unit \ntests.  \n&gt; You&#39;re probably on a Mac, a PC or a 2.6 kernel linux?  If the \nformer, \n&gt; you&#39;ll need to make a source code change. If the latter, you&#39;ll \nneed the \n&gt; latest 5.0 JDK (&gt;beta2).  See &#39;[ 984390 ] Build fails: &quot;rws&quot; mode \nand \n&gt; Mac OS X interact badly \n&gt; &lt;http://crawler.archive.org/articles/limitations.html#984390&gt;&#39;, in \nKnown \n&gt; Limitations for details: \n&gt; http://crawler.archive.org/articles/limitations.html#984390.\n&gt; \n&gt; &gt;PS: I configured CVS through Eclipse and I saw two\n&gt; &gt;ArchiveOpenCrawler modules? Is this normal? Also I am\n&gt; &gt;assuming that is the right module?\n&gt; &gt;\n&gt; &gt;  \n&gt; &gt;\n&gt; I&#39;ve not noticed that before.  Interesting.  One of the lads here \npoints \n&gt; out that the icons are slightly different.  I&#39;m guessing its \nsomething \n&gt; to do with HEAD vs heritrix_1_0 branch.  Maybe someone else can \nexplain it.\n&gt; \n&gt; St.Ack\n&gt; \n&gt; \n&gt; &gt;\n&gt; &gt;[yourabi@wintermute heritrix-1.0.4-src]$\n&gt; &gt;$MAVEN_HOME/bin/maven dist\n&gt; &gt; __  __\n&gt; &gt;|  &#92;/  |__ _Apache__ ___\n&gt; &gt;| |&#92;/| / _` &#92; V / -_) &#39; &#92;  ~ intelligent projects ~\n&gt; &gt;|_|  |_&#92;__,_|&#92;_/&#92;___|_||_|  v. 1.0\n&gt; &gt; \n&gt; &gt;Plugin &#39;maven-deploy-plugin&#39; in project &#39;Heritrix&#39; is\n&gt; &gt;not available\n&gt; &gt;Plugin &#39;maven-deploy-plugin&#39; in project &#39;Heritrix&#39; is\n&gt; &gt;not available\n&gt; &gt;build:start:\n&gt; &gt; \n&gt; &gt;dist:build-setup:\n&gt; &gt;    [delete] Deleting directory\n&gt; &gt;/home/yourabi/work/heritrix-1.0.4-src/target/distributions\n&gt; &gt;    [mkdir] Created dir:\n&gt; &gt;/home/yourabi/work/heritrix-1.0.4-src/target/distributions\n&gt; &gt; \n&gt; &gt;xdoc:init:\n&gt; &gt; \n&gt; &gt;java:prepare-filesystem:\n&gt; &gt; \n&gt; &gt;java:compile:\n&gt; &gt;    [echo] Compiling to\n&gt; &gt;/home/yourabi/work/heritrix-1.0.4-src/target/classes\n&gt; &gt; \n&gt; &gt;java:jar-resources:\n&gt; &gt; \n&gt; &gt;test:prepare-filesystem:\n&gt; &gt; \n&gt; &gt;test:test-resources:\n&gt; &gt; \n&gt; &gt;test:compile:\n&gt; &gt; \n&gt; &gt;test:test:\n&gt; &gt;    [junit] Running\n&gt; &gt;org.archive.util.DiskBackedQueueTest\n&gt; &gt;    [junit] Tests run: 5, Failures: 0, Errors: 1, Time\n&gt; &gt;elapsed: 1.317 sec\n&gt; &gt;    [junit] [ERROR] TEST\n&gt; &gt;org.archive.util.DiskBackedQueueTest FAILED\n&gt; &gt;    [junit] Running org.archive.util.DiskQueueTest\n&gt; &gt;    [junit] Tests run: 7, Failures: 0, Errors: 0, Time\n&gt; &gt;elapsed: 0.911 sec\n&gt; &gt;    [junit] Running\n&gt; &gt;org.archive.util.PaddingStringBufferTest\n&gt; &gt;    [junit] Tests run: 11, Failures: 0, Errors: 0,\n&gt; &gt;Time elapsed: 0.827 sec\n&gt; &gt;    [junit] Running org.archive.util.DiskStackTest\n&gt; &gt;    [junit] Tests run: 3, Failures: 0, Errors: 0, Time\n&gt; &gt;elapsed: 0.978 sec\n&gt; &gt;    [junit] Running org.archive.util.MemQueueTest\n&gt; &gt;    [junit] Tests run: 3, Failures: 0, Errors: 0, Time\n&gt; &gt;elapsed: 0.908 sec\n&gt; &gt;    [junit] Running\n&gt; &gt;org.archive.util.ConfigurableX509TrustManagerTest\n&gt; &gt;    [junit] Tests run: 0, Failures: 0, Errors: 0, Time\n&gt; &gt;elapsed: 0.82 sec\n&gt; &gt;    [junit] Running org.archive.util.MemLongFPSetTest\n&gt; &gt;    [junit] Tests run: 6, Failures: 0, Errors: 0, Time\n&gt; &gt;elapsed: 0.895 sec\n&gt; &gt;    [junit] Running org.archive.util.SURTTest\n&gt; &gt;    [junit] Tests run: 1, Failures: 0, Errors: 0, Time\n&gt; &gt;elapsed: 0.598 sec\n&gt; &gt;    [junit] Running org.archive.util.MimetypeUtilsTest\n&gt; &gt;    [junit] Tests run: 3, Failures: 0, Errors: 0, Time\n&gt; &gt;elapsed: 0.659 sec\n&gt; &gt;    [junit] Running\n&gt; &gt;org.archive.util.LongFPSetCacheTest\n&gt; &gt;    [junit] Tests run: 5, Failures: 0, Errors: 0, Time\n&gt; &gt;elapsed: 0.836 sec\n&gt; &gt;    [junit] Running org.archive.util.SurtPrefixSetTest\n&gt; &gt;    [junit] Tests run: 1, Failures: 0, Errors: 0, Time\n&gt; &gt;elapsed: 0.614 sec\n&gt; &gt;    [junit] Running\n&gt; &gt;org.archive.util.DiskBackedDequeTest\n&gt; &gt;    [junit] Tests run: 7, Failures: 0, Errors: 2, Time\n&gt; &gt;elapsed: 0.897 sec\n&gt; &gt;    [junit] [ERROR] TEST\n&gt; &gt;org.archive.util.DiskBackedDequeTest FAILED\n&gt; &gt;    [junit] Running org.archive.util.ArchiveUtilsTest\n&gt; &gt;    [junit] Tests run: 11, Failures: 0, Errors: 0,\n&gt; &gt;Time elapsed: 0.652 sec\n&gt; &gt;    [junit] Running\n&gt; &gt;org.archive.crawler.extractor.ExtractorHTMLTest\n&gt; &gt;    [junit] Tests run: 3, Failures: 0, Errors: 0, Time\n&gt; &gt;elapsed: 0.962 sec\n&gt; &gt;    [junit] Running\n&gt; &gt;org.archive.crawler.datamodel.CredentialStoreTest\n&gt; &gt;    [junit] Tests run: 1, Failures: 0, Errors: 0, Time\n&gt; &gt;elapsed: 0.987 sec\n&gt; &gt;    [junit] Running\n&gt; &gt;org.archive.crawler.datamodel.UURIFactoryTest\n&gt; &gt;    [junit] Tests run: 23, Failures: 0, Errors: 0,\n&gt; &gt;Time elapsed: 0.72 sec\n&gt; &gt;    [junit] Running\n&gt; &gt;org.archive.crawler.datamodel.CrawlURITest\n&gt; &gt;    [junit] Tests run: 2, Failures: 0, Errors: 0, Time\n&gt; &gt;elapsed: 0.956 sec\n&gt; &gt;    [junit] Running\n&gt; &gt;org.archive.crawler.datamodel.SeedListTest\n&gt; &gt;    [junit] Tests run: 3, Failures: 0, Errors: 0, Time\n&gt; &gt;elapsed: 0.716 sec\n&gt; &gt;    [junit] Running\n&gt; &gt;org.archive.crawler.scope.DomainScopeTest\n&gt; &gt;    [junit] Tests run: 2, Failures: 0, Errors: 0, Time\n&gt; &gt;elapsed: 0.793 sec\n&gt; &gt;    [junit] Running\n&gt; &gt;org.archive.crawler.filter.PathologicalPathFilterTest\n&gt; &gt;    [junit] Tests run: 2, Failures: 0, Errors: 0, Time\n&gt; &gt;elapsed: 0.713 sec\n&gt; &gt;    [junit] Running\n&gt; &gt;org.archive.crawler.filter.FilePatternFilterTest\n&gt; &gt;    [junit] Tests run: 1, Failures: 0, Errors: 0, Time\n&gt; &gt;elapsed: 0.727 sec\n&gt; &gt;    [junit] Running\n&gt; &gt;org.archive.crawler.settings.XMLSettingsHandlerTest\n&gt; &gt;    [junit] Tests run: 6, Failures: 0, Errors: 1, Time\n&gt; &gt;elapsed: 1.355 sec\n&gt; &gt;    [junit] [ERROR] TEST\n&gt; &gt;org.archive.crawler.settings.XMLSettingsHandlerTest\n&gt; &gt;FAILED\n&gt; &gt;    [junit] Running\n&gt; &gt;org.archive.crawler.settings.SimpleTypeTest\n&gt; &gt;    [junit] Tests run: 8, Failures: 0, Errors: 0, Time\n&gt; &gt;elapsed: 0.613 sec\n&gt; &gt;    [junit] Running\n&gt; &gt;org.archive.crawler.settings.refinements.TimespanCriteriaTest\n&gt; &gt;    [junit] Tests run: 2, Failures: 0, Errors: 0, Time\n&gt; &gt;elapsed: 0.619 sec\n&gt; &gt;    [junit] Running\n&gt; &gt;org.archive.crawler.settings.CrawlerSettingsTest\n&gt; &gt;    [junit] Tests run: 2, Failures: 0, Errors: 0, Time\n&gt; &gt;elapsed: 0.826 sec\n&gt; &gt;    [junit] Running\n&gt; &gt;org.archive.crawler.settings.OverrideTest\n&gt; &gt;    [junit] Tests run: 2, Failures: 0, Errors: 0, Time\n&gt; &gt;elapsed: 0.812 sec\n&gt; &gt;    [junit] Running\n&gt; &gt;org.archive.crawler.settings.MapTypeTest\n&gt; &gt;    [junit] Tests run: 9, Failures: 0, Errors: 0, Time\n&gt; &gt;elapsed: 1.304 sec\n&gt; &gt;    [junit] Running\n&gt; &gt;org.archive.crawler.frontier.KeyedQueueTest\n&gt; &gt;    [junit] Tests run: 1, Failures: 0, Errors: 0, Time\n&gt; &gt;elapsed: 0.902 sec\n&gt; &gt;    [junit] Running org.archive.io.arc.ARCWriterTest\n&gt; &gt;    [junit] Tests run: 5, Failures: 0, Errors: 0, Time\n&gt; &gt;elapsed: 1.013 sec\n&gt; &gt;    [junit] Running\n&gt; &gt;org.archive.io.arc.ARCWriterPoolTest\n&gt; &gt;    [junit] Tests run: 1, Failures: 0, Errors: 0, Time\n&gt; &gt;elapsed: 1.898 sec\n&gt; &gt;    [junit] Running\n&gt; &gt;org.archive.io.arc.ARCSocketFactoryTest\n&gt; &gt;    [junit] Tests run: 1, Failures: 0, Errors: 0, Time\n&gt; &gt;elapsed: 0.708 sec\n&gt; &gt;    [junit] Running\n&gt; &gt;org.archive.io.ReplayCharSequenceFactoryTest\n&gt; &gt;    [junit] Tests run: 6, Failures: 0, Errors: 0, Time\n&gt; &gt;elapsed: 0.937 sec\n&gt; &gt;    [junit] Running\n&gt; &gt;org.archive.io.RecordingOutputStreamTest\n&gt; &gt;    [junit] Tests run: 4, Failures: 0, Errors: 0, Time\n&gt; &gt;elapsed: 0.602 sec\n&gt; &gt; \n&gt; &gt;BUILD FAILED\n&gt; &gt;File......\n&gt; &gt;/home/yourabi/.maven/cache/maven-test-plugin-1.6.2/plugin.jelly\n&gt; &gt;Element... fail\n&gt; &gt;Line...... 181\n&gt; &gt;Column.... 54\n&gt; &gt;There were test failures.\n&gt; &gt;Total time: 1 minutes 3 seconds\n&gt; &gt;Finished at: Tue Sep 28 13:32:37 PDT 2004\n&gt; &gt; \n&gt; &gt;[yourabi@wintermute heritrix-1.0.4-src]$\n&gt; &gt;\n&gt; &gt;\n&gt; &gt;\n&gt; &gt;\n&gt; &gt;--- stack &lt;stack@a...&gt; wrote:\n&gt; &gt;\n&gt; &gt;  \n&gt; &gt;\n&gt; &gt;&gt;Yousef Ourabi wrote:\n&gt; &gt;&gt;\n&gt; &gt;&gt;    \n&gt; &gt;&gt;\n&gt; &gt;&gt;&gt;Hey,\n&gt; &gt;&gt;&gt;I tried building the heritix.src.tgz package with\n&gt; &gt;&gt;&gt;maven and the build did not complete. Is this\n&gt; &gt;&gt;&gt;      \n&gt; &gt;&gt;&gt;\n&gt; &gt;&gt;normal,\n&gt; &gt;&gt;    \n&gt; &gt;&gt;\n&gt; &gt;&gt;&gt;will mmaven only compile from CVS? Or is it the\n&gt; &gt;&gt;&gt;      \n&gt; &gt;&gt;&gt;\n&gt; &gt;&gt;same\n&gt; &gt;&gt;    \n&gt; &gt;&gt;\n&gt; &gt;&gt;&gt;source. I followed all the instructions from the\n&gt; &gt;&gt;&gt;      \n&gt; &gt;&gt;&gt;\n&gt; &gt;&gt;dev\n&gt; &gt;&gt;    \n&gt; &gt;&gt;\n&gt; &gt;&gt;&gt;manual? I just want to know if this is because of\n&gt; &gt;&gt;&gt;      \n&gt; &gt;&gt;&gt;\n&gt; &gt;&gt;the\n&gt; &gt;&gt;    \n&gt; &gt;&gt;\n&gt; &gt;&gt;&gt;source package I used?\n&gt; &gt;&gt;&gt;\n&gt; &gt;&gt;&gt; \n&gt; &gt;&gt;&gt;\n&gt; &gt;&gt;&gt;      \n&gt; &gt;&gt;&gt;\n&gt; &gt;&gt;Hey Yousef:\n&gt; &gt;&gt;\n&gt; &gt;&gt;You added the extra plugin and jar file required to\n&gt; &gt;&gt;build our docbook \n&gt; &gt;&gt;manuals?  Was this on linux?  What target were you\n&gt; &gt;&gt;using?  Its supposed \n&gt; &gt;&gt;to work so I&#39;d be interested in seeing your errors.\n&gt; &gt;&gt;\n&gt; &gt;&gt;Yours,\n&gt; &gt;&gt;St.Ack\n&gt; &gt;&gt;\n&gt; &gt;&gt;    \n&gt; &gt;&gt;\n&gt; &gt;&gt;&gt;Thanks,\n&gt; &gt;&gt;&gt;Yousef\n&gt; &gt;&gt;&gt;\n&gt; &gt;&gt;&gt;\n&gt; &gt;&gt;&gt;\n&gt; &gt;&gt;&gt;\n&gt; &gt;&gt;&gt;Yahoo! Groups Links\n&gt; &gt;&gt;&gt;\n&gt; &gt;&gt;&gt;\n&gt; &gt;&gt;&gt;\n&gt; &gt;&gt;&gt;\n&gt; &gt;&gt;&gt;\n&gt; &gt;&gt;&gt; \n&gt; &gt;&gt;&gt;\n&gt; &gt;&gt;&gt;      \n&gt; &gt;&gt;&gt;\n&gt; &gt;&gt;    \n&gt; &gt;&gt;\n&gt; &gt;\n&gt; &gt;\n&gt; &gt;\n&gt; &gt;\n&gt; &gt; \n&gt; &gt;Yahoo! Groups Links\n&gt; &gt;\n&gt; &gt;\n&gt; &gt;\n&gt; &gt; \n&gt; &gt;\n&gt; &gt;  \n&gt; &gt;\n\n\n\n\n"}}