{"ygPerms":{"resourceCapabilityList":[{"resourceType":"GROUP","capabilities":[{"name":"READ"},{"name":"JOIN"}]},{"resourceType":"PHOTO","capabilities":[]},{"resourceType":"FILE","capabilities":[]},{"resourceType":"MEMBER","capabilities":[]},{"resourceType":"LINK","capabilities":[]},{"resourceType":"CALENDAR","capabilities":[]},{"resourceType":"DATABASE","capabilities":[]},{"resourceType":"POLL","capabilities":[]},{"resourceType":"MESSAGE","capabilities":[{"name":"READ"}]},{"resourceType":"PENDING_MESSAGE","capabilities":[]},{"resourceType":"ATTACHMENTS","capabilities":[{"name":"READ"}]},{"resourceType":"PHOTOMATIC_ALBUMS","capabilities":[]},{"resourceType":"MEMBERSHIP_TYPE","capabilities":[]},{"resourceType":"POST","capabilities":[{"name":"READ"}]},{"resourceType":"PIN","capabilities":[]}],"groupUrl":"groups.yahoo.com","intlCode":"us"},"comscore":"pageview_candidate","ygData":{"userId":182123250,"authorName":"Kaisa Kaunonen","from":"&quot;Kaisa Kaunonen&quot; &lt;kaisa.kaunonen@...&gt;","profile":"kaisa_kaunonen","replyTo":"LIST","senderId":"uNsyXwQQF2lWcL-EuNAG6vQ-UBAjbZiWi0B-o8vJ_g3orWhQBCwS2JaK3s_cWBUnOUbo01bj-G9lriqmlXlTXQmAFXRWMCA7K0ECrK_GjLAeZqUi","spamInfo":{"isSpam":false,"reason":"12"},"subject":"Re: Maven failed:  IdentityCachingMapTest","postDate":"1120298930","msgId":2023,"canDelete":false,"contentTrasformed":false,"systemMessage":false,"headers":{"messageIdInHeader":"PGRhNXAzaStndWdiQGVHcm91cHMuY29tPg==","inReplyToHeader":"PDQyQzU4NDNFLjEwNjAxMDhAYXJjaGl2ZS5vcmc+"},"prevInTopic":2014,"nextInTopic":2025,"prevInTime":2022,"nextInTime":2024,"topicId":2013,"numMessagesInTopic":8,"msgSnippet":"Yes, this test seems to be the only one failing. It always does so, second build is no help. I wrote into the project.xml ","rawEmail":"Return-Path: &lt;kaisa.kaunonen@...&gt;\r\nX-Sender: kaisa.kaunonen@...\r\nX-Apparently-To: archive-crawler@yahoogroups.com\r\nReceived: (qmail 53928 invoked from network); 2 Jul 2005 10:08:52 -0000\r\nReceived: from unknown (66.218.66.172)\n  by m24.grp.scd.yahoo.com with QMQP; 2 Jul 2005 10:08:52 -0000\r\nReceived: from unknown (HELO n23.bulk.scd.yahoo.com) (66.94.237.52)\n  by mta4.grp.scd.yahoo.com with SMTP; 2 Jul 2005 10:08:52 -0000\r\nComment: DomainKeys? See http://antispam.yahoo.com/domainkeys\r\nReceived: from [66.218.66.59] by n23.bulk.scd.yahoo.com with NNFMP; 02 Jul 2005 10:08:52 -0000\r\nReceived: from [66.218.66.91] by mailer8.bulk.scd.yahoo.com with NNFMP; 02 Jul 2005 10:08:52 -0000\r\nDate: Sat, 02 Jul 2005 10:08:50 -0000\r\nTo: archive-crawler@yahoogroups.com\r\nMessage-ID: &lt;da5p3i+gugb@...&gt;\r\nIn-Reply-To: &lt;42C5843E.1060108@...&gt;\r\nUser-Agent: eGroups-EW/0.82\r\nMIME-Version: 1.0\r\nContent-Type: text/plain; charset=ISO-8859-1\r\nContent-Length: 2381\r\nX-Mailer: Yahoo Groups Message Poster\r\nX-Yahoo-Newman-Property: groups-compose\r\nX-eGroups-Msg-Info: 1:12:0\r\nFrom: &quot;Kaisa Kaunonen&quot; &lt;kaisa.kaunonen@...&gt;\r\nSubject: Re: Maven failed:  IdentityCachingMapTest\r\nX-Yahoo-Group-Post: member; u=182123250; y=nXRz-sg7_Dj21sDy6XT59BEJL8lDdlVDdTrHayanPqvgk7MoNyeXfEE\r\nX-Yahoo-Profile: kaisa_kaunonen\r\n\r\nYes, this test seems to be the only one failing. It always does\nso, second build is no help.\n\nI wrote into the project.xml        \n&lt;exclude&gt;**/*IdentityCachingMapTest.java&lt;/exclude&gt;\n(is this the right syntax?) and went further. \n\nNow the build creates binaries but then it stops with\na funny little error while creating documentation, please see below.\n\nThanks for help!\n\n----- part of maven output -----&gt;\n\ndocbook:\nsdocbook:init:\n \nsdocbook:prepare-filesystem:\nxdoc:init:\n \n    [echo] Using previusly unzipped docbook stylesheets in\n/root/.maven/cache/maven-sdocbook-plugin-1.4.1/plu\ngin-resources/docbook-xsl-1.67.2\n \nsdocbook:generate-html:\n \n \n    [copy] Copying 2 files to /data/ArchiveOpenCrawler/target/webapps\n    [copy] Copied 31 empty directories to\n/data/ArchiveOpenCrawler/target/webapps\ncopy_docbook:\n    [mkdir] Created dir:\n/data/ArchiveOpenCrawler/target/webapps/admin/docs/articles\n \njspc:\n    [echo] [jspc] Precompiling admin jsp pages.\n    [mkdir] Created dir: /data/ArchiveOpenCrawler/\ntarget/jspc/admin/src\n    [mkdir] Created dir:\n/data/ArchiveOpenCrawler/target/jspc/admin/classes\n    [jspc] Compiling 2 source\nfiles/data/ArchiveOpenCrawler/target/jspc/admin/sr\nc/org/archive/crawler/jspc/admin\n    [jspc] error:org.apache.jasper.JasperException: Error compiling\n/reports.jsp\n    [jspc] 2005-07-02 11:38:04 - ERROR-the file &#39;/reports.jsp&#39;\ngenerated the following general exception: java.la\nng.NullPointerException\n    [jspc]      at org.apache.jasper.JspC.processFile(JspC.java:596)\n    [jspc]      at org.apache.jasper.JspC.execute(JspC.java:801)\n    [jspc]      at org.apache.jasper.JspC.main(JspC.java:823)\n \nBUILD FAILED\nFile...... /data/ArchiveOpenCrawler/maven.xml\nElement... jspc\nLine...... 300\nColumn.... 57\nJava returned: 9\nTotal time: 5 minutes 9 seconds\n\n\n--- In archive-crawler@yahoogroups.com, stack &lt;stack@a...&gt; wrote:\n\n&gt; &gt; [junit] [ERROR] TEST org.archive.util.IdentityCachingMapTest\nFAILED\n&gt; \n&gt; Is this the only test that fails?\n&gt; \n&gt; Off-the-list, Mike Schwartz reports that retrying the build, the\ntest \n&gt; passes second-time around.  Is this the case for you also?\n&gt; \n&gt; This test is for a functionality we don&#39;t currently use.  If its\nthe \n&gt; only test thats failing for you, I&#39;ll probably just comment it out\nin \n&gt; HEAD with a note the sporadic failing warrants further\ninvestigation \n&gt; should the functionality its testing ever be adopted.\n\n\n\n"}}