{"ygPerms":{"resourceCapabilityList":[{"resourceType":"GROUP","capabilities":[{"name":"READ"},{"name":"JOIN"}]},{"resourceType":"PHOTO","capabilities":[]},{"resourceType":"FILE","capabilities":[]},{"resourceType":"MEMBER","capabilities":[]},{"resourceType":"LINK","capabilities":[]},{"resourceType":"CALENDAR","capabilities":[]},{"resourceType":"DATABASE","capabilities":[]},{"resourceType":"POLL","capabilities":[]},{"resourceType":"MESSAGE","capabilities":[{"name":"READ"}]},{"resourceType":"PENDING_MESSAGE","capabilities":[]},{"resourceType":"ATTACHMENTS","capabilities":[{"name":"READ"}]},{"resourceType":"PHOTOMATIC_ALBUMS","capabilities":[]},{"resourceType":"MEMBERSHIP_TYPE","capabilities":[]},{"resourceType":"POST","capabilities":[{"name":"READ"}]},{"resourceType":"PIN","capabilities":[]}],"groupUrl":"groups.yahoo.com","intlCode":"us"},"comscore":"pageview_candidate","ygData":{"userId":168599281,"authorName":"stack","from":"stack &lt;stack@...&gt;","profile":"stackarchiveorg","replyTo":"LIST","senderId":"fA1k5McWMx4OdiqQ2jWVTzEXvfVRFFE-devL8kwwFdaJ11vkuhQ_OAIe7zJaWryGxWwf9SBLy0eZHB-UtigqLQ","spamInfo":{"isSpam":false,"reason":"12"},"subject":"Re: [archive-crawler] Re: Maven failed:  IdentityCachingMapTest","postDate":"1120517212","msgId":2025,"canDelete":false,"contentTrasformed":false,"systemMessage":false,"headers":{"messageIdInHeader":"PDQyQzlCQzVDLjcwMTA2MDJAYXJjaGl2ZS5vcmc+","inReplyToHeader":"PGRhNXAzaStndWdiQGVHcm91cHMuY29tPg==","referencesHeader":"PGRhNXAzaStndWdiQGVHcm91cHMuY29tPg=="},"prevInTopic":2023,"nextInTopic":2027,"prevInTime":2024,"nextInTime":2026,"topicId":2013,"numMessagesInTopic":8,"msgSnippet":"... Looks like this failure is easy reproduce if build is done over fedora. For now I ve made an issue and commented out this test of unused functionality. ...","rawEmail":"Return-Path: &lt;stack@...&gt;\r\nX-Sender: stack@...\r\nX-Apparently-To: archive-crawler@yahoogroups.com\r\nReceived: (qmail 91102 invoked from network); 4 Jul 2005 22:40:50 -0000\r\nReceived: from unknown (66.218.66.218)\n  by m23.grp.scd.yahoo.com with QMQP; 4 Jul 2005 22:40:50 -0000\r\nReceived: from unknown (HELO dns.duboce.net) (63.203.238.114)\n  by mta3.grp.scd.yahoo.com with SMTP; 4 Jul 2005 22:40:50 -0000\r\nReceived: from [192.168.1.100] ([192.168.1.100])\n\t(authenticated)\n\tby dns-eth1.duboce.net (8.10.2/8.10.2) with ESMTP id j64LhwA19137\n\tfor &lt;archive-crawler@yahoogroups.com&gt;; Mon, 4 Jul 2005 14:43:58 -0700\r\nMessage-ID: &lt;42C9BC5C.7010602@...&gt;\r\nDate: Mon, 04 Jul 2005 15:46:52 -0700\r\nUser-Agent: Mozilla/5.0 (Macintosh; U; PPC Mac OS X Mach-O; en-US; rv:1.7.8) Gecko/20050511\r\nX-Accept-Language: en-us, en\r\nMIME-Version: 1.0\r\nTo: archive-crawler@yahoogroups.com\r\nReferences: &lt;da5p3i+gugb@...&gt;\r\nIn-Reply-To: &lt;da5p3i+gugb@...&gt;\r\nContent-Type: text/plain; charset=ISO-8859-1; format=flowed\r\nContent-Transfer-Encoding: 7bit\r\nX-eGroups-Msg-Info: 1:12:0\r\nFrom: stack &lt;stack@...&gt;\r\nSubject: Re: [archive-crawler] Re: Maven failed:  IdentityCachingMapTest\r\nX-Yahoo-Group-Post: member; u=168599281; y=A5rPedllc-qsW8y7P5Pow90d8C7Q4zRcDxnfmYn355yf0xx301tADW-u\r\nX-Yahoo-Profile: stackarchiveorg\r\n\r\nKaisa Kaunonen wrote:\n\n&gt; Yes, this test seems to be the only one failing. It always does\n&gt; so, second build is no help.\n&gt;\n&gt; I wrote into the project.xml       \n&gt; &lt;exclude&gt;**/*IdentityCachingMapTest.java&lt;/exclude&gt;\n&gt; (is this the right syntax?) and went further.\n\nLooks like this failure is easy reproduce if build is done over fedora.  \nFor now I&#39;ve made an issue and commented out this test of unused \nfunctionality.\n\n&gt;\n&gt; Now the build creates binaries but then it stops with\n&gt; a funny little error while creating documentation, please see below.\n&gt;\nThis failure precompiling the admin webapp jsp pages I cannot \nreproduce.  Do you any more clues for me?  NPE seems to be a generic \ncomplaint that jspc task throws up when anything is amiss. There is a \nreports.jsp under your &#39;admin&#39; webapp under target/webapps/admin?\n\nThanks Kaisa,\nSt.Ack\n\n&gt; Thanks for help!\n&gt;\n&gt; ----- part of maven output -----&gt;\n&gt;\n&gt; docbook:\n&gt; sdocbook:init:\n&gt;\n&gt; sdocbook:prepare-filesystem:\n&gt; xdoc:init:\n&gt;\n&gt;     [echo] Using previusly unzipped docbook stylesheets in\n&gt; /root/.maven/cache/maven-sdocbook-plugin-1.4.1/plu\n&gt; gin-resources/docbook-xsl-1.67.2\n&gt;\n&gt; sdocbook:generate-html:\n&gt;\n&gt;\n&gt;     [copy] Copying 2 files to /data/ArchiveOpenCrawler/target/webapps\n&gt;     [copy] Copied 31 empty directories to\n&gt; /data/ArchiveOpenCrawler/target/webapps\n&gt; copy_docbook:\n&gt;     [mkdir] Created dir:\n&gt; /data/ArchiveOpenCrawler/target/webapps/admin/docs/articles\n&gt;\n&gt; jspc:\n&gt;     [echo] [jspc] Precompiling admin jsp pages.\n&gt;     [mkdir] Created dir: /data/ArchiveOpenCrawler/\n&gt; target/jspc/admin/src\n&gt;     [mkdir] Created dir:\n&gt; /data/ArchiveOpenCrawler/target/jspc/admin/classes\n&gt;     [jspc] Compiling 2 source\n&gt; files/data/ArchiveOpenCrawler/target/jspc/admin/sr\n&gt; c/org/archive/crawler/jspc/admin\n&gt;     [jspc] error:org.apache.jasper.JasperException: Error compiling\n&gt; /reports.jsp\n&gt;     [jspc] 2005-07-02 11:38:04 - ERROR-the file &#39;/reports.jsp&#39;\n&gt; generated the following general exception: java.la\n&gt; ng.NullPointerException\n&gt;     [jspc]      at org.apache.jasper.JspC.processFile(JspC.java:596)\n&gt;     [jspc]      at org.apache.jasper.JspC.execute(JspC.java:801)\n&gt;     [jspc]      at org.apache.jasper.JspC.main(JspC.java:823)\n&gt;\n&gt; BUILD FAILED\n&gt; File...... /data/ArchiveOpenCrawler/maven.xml\n&gt; Element... jspc\n&gt; Line...... 300\n&gt; Column.... 57\n&gt; Java returned: 9\n&gt; Total time: 5 minutes 9 seconds\n&gt;\n&gt;\n&gt; --- In archive-crawler@yahoogroups.com, stack &lt;stack@a...&gt; wrote:\n&gt;\n&gt; &gt; &gt; [junit] [ERROR] TEST org.archive.util.IdentityCachingMapTest\n&gt; FAILED\n&gt; &gt;\n&gt; &gt; Is this the only test that fails?\n&gt; &gt;\n&gt; &gt; Off-the-list, Mike Schwartz reports that retrying the build, the\n&gt; test\n&gt; &gt; passes second-time around.  Is this the case for you also?\n&gt; &gt;\n&gt; &gt; This test is for a functionality we don&#39;t currently use.  If its\n&gt; the\n&gt; &gt; only test thats failing for you, I&#39;ll probably just comment it out\n&gt; in\n&gt; &gt; HEAD with a note the sporadic failing warrants further\n&gt; investigation\n&gt; &gt; should the functionality its testing ever be adopted.\n&gt;\n&gt;\n&gt;\n&gt; ------------------------------------------------------------------------\n&gt; YAHOO! GROUPS LINKS\n&gt;\n&gt;     *  Visit your group &quot;archive-crawler\n&gt;       &lt;http://groups.yahoo.com/group/archive-crawler&gt;&quot; on the web.\n&gt;        \n&gt;     *  To unsubscribe from this group, send an email to:\n&gt;        archive-crawler-unsubscribe@yahoogroups.com\n&gt;       &lt;mailto:archive-crawler-unsubscribe@yahoogroups.com?subject=Unsubscribe&gt;\n&gt;        \n&gt;     *  Your use of Yahoo! Groups is subject to the Yahoo! Terms of\n&gt;       Service &lt;http://docs.yahoo.com/info/terms/&gt;.\n&gt;\n&gt;\n&gt; ------------------------------------------------------------------------\n&gt;\n\n\n"}}