{"ygPerms":{"resourceCapabilityList":[{"resourceType":"GROUP","capabilities":[{"name":"READ"},{"name":"JOIN"}]},{"resourceType":"PHOTO","capabilities":[]},{"resourceType":"FILE","capabilities":[]},{"resourceType":"MEMBER","capabilities":[]},{"resourceType":"LINK","capabilities":[]},{"resourceType":"CALENDAR","capabilities":[]},{"resourceType":"DATABASE","capabilities":[]},{"resourceType":"POLL","capabilities":[]},{"resourceType":"MESSAGE","capabilities":[{"name":"READ"}]},{"resourceType":"PENDING_MESSAGE","capabilities":[]},{"resourceType":"ATTACHMENTS","capabilities":[{"name":"READ"}]},{"resourceType":"PHOTOMATIC_ALBUMS","capabilities":[]},{"resourceType":"MEMBERSHIP_TYPE","capabilities":[]},{"resourceType":"POST","capabilities":[{"name":"READ"}]},{"resourceType":"PIN","capabilities":[]}],"groupUrl":"groups.yahoo.com","intlCode":"us"},"comscore":"pageview_candidate","ygData":{"userId":168599281,"authorName":"stack","from":"stack &lt;stack@...&gt;","profile":"stackarchiveorg","replyTo":"LIST","senderId":"i7i7bWNzuvyFGFxKp7yc87MMM5uDxhvNEhz6rYkEoFYygS2ZXZzp6aiz_CkzYlIDmLLPqEgx5N2Mx6RUl3yu6A","spamInfo":{"isSpam":false,"reason":"12"},"subject":"Re: [archive-crawler] Re: Maven failed:  IdentityCachingMapTest","postDate":"1120573951","msgId":2028,"canDelete":false,"contentTrasformed":false,"systemMessage":false,"headers":{"messageIdInHeader":"PDQyQ0E5OUZGLjYwMjAxMDFAYXJjaGl2ZS5vcmc+","inReplyToHeader":"PGRhZHYyditvcGxrQGVHcm91cHMuY29tPg==","referencesHeader":"PGRhZHYyditvcGxrQGVHcm91cHMuY29tPg=="},"prevInTopic":2027,"nextInTopic":2036,"prevInTime":2027,"nextInTime":2029,"topicId":2013,"numMessagesInTopic":8,"msgSnippet":"... Thats odd that it would start working like that (The javadoc warnings we need to fix but they re harmless). ... Retry Kaisa. The below is an issue w/","rawEmail":"Return-Path: &lt;stack@...&gt;\r\nX-Sender: stack@...\r\nX-Apparently-To: archive-crawler@yahoogroups.com\r\nReceived: (qmail 34386 invoked from network); 5 Jul 2005 14:27:13 -0000\r\nReceived: from unknown (66.218.66.216)\n  by m26.grp.scd.yahoo.com with QMQP; 5 Jul 2005 14:27:13 -0000\r\nReceived: from unknown (HELO dns.duboce.net) (63.203.238.114)\n  by mta1.grp.scd.yahoo.com with SMTP; 5 Jul 2005 14:27:13 -0000\r\nReceived: from [192.168.1.100] ([192.168.1.100])\n\t(authenticated)\n\tby dns-eth1.duboce.net (8.10.2/8.10.2) with ESMTP id j65DTXA10416\n\tfor &lt;archive-crawler@yahoogroups.com&gt;; Tue, 5 Jul 2005 06:29:34 -0700\r\nMessage-ID: &lt;42CA99FF.6020101@...&gt;\r\nDate: Tue, 05 Jul 2005 07:32:31 -0700\r\nUser-Agent: Mozilla/5.0 (Macintosh; U; PPC Mac OS X Mach-O; en-US; rv:1.7.8) Gecko/20050511\r\nX-Accept-Language: en-us, en\r\nMIME-Version: 1.0\r\nTo: archive-crawler@yahoogroups.com\r\nReferences: &lt;dadv2v+oplk@...&gt;\r\nIn-Reply-To: &lt;dadv2v+oplk@...&gt;\r\nContent-Type: text/plain; charset=windows-1252; format=flowed\r\nContent-Transfer-Encoding: 8bit\r\nX-eGroups-Msg-Info: 1:12:0\r\nFrom: stack &lt;stack@...&gt;\r\nSubject: Re: [archive-crawler] Re: Maven failed:  IdentityCachingMapTest\r\nX-Yahoo-Group-Post: member; u=168599281; y=JwVKPsz18LsNM4SV7-CR3Zn4K8572EF5lySRHFzmh83kmAG1avpE2TYY\r\nX-Yahoo-Profile: stackarchiveorg\r\n\r\nKaisa Kaunonen wrote:\n\n&gt; Hi again,\n&gt; I simply checked out from Sourceforge CVS a new version of Heritrix\n&gt; this morning and the build went through although it had some 33\n&gt; warnings in javadoc section.\n\nThats odd that it would start working like that (The javadoc warnings we \nneed to fix but they&#39;re harmless).\n\n&gt;\n&gt; Then I tried to run Heritrix from\n&gt; ï¿½/target/heritrix-1.5.0/bin/heritrix-1.5.0/bin\n&gt; I used port 8081 because on 8080 there&#39;s already Apache Tomcat\n&gt; 5.5.7 running.\n&gt;\n&gt; Unfortunately I&#39;m still having problems at this stage.\n&gt; (Does Tomcat disturbe Heritrix in some mysterious way? should there be\n&gt; a directory target/classes/org/archive/crawler/jspc somewhere? no such\n&gt; thing seen)\n\nRetry Kaisa. The below is an issue w/ precompilation of jspc pages. I \nbroke it w/ a commit yesterday trying to fix our build under maven 1.1. \nThe change has since been reverted.\n\nSt.Ack\n\n&gt;\n&gt; [root@nwa5a bin]# ./heritrix -p 8081\n&gt; Tue Jul 5 13:32:51 EEST 2005 Starting heritrix.\n&gt; org.mortbay.util.MultiException[java.lang.ClassNotFoundException:\n&gt; org.archive.crawler.jspc.admin.include.filters_js_jsp,\n&gt; java.lang.ClassNotFoundException:\n&gt; org.archive.crawler.jspc.admin.include.foot_jsp,\n&gt; java.lang.ClassNotFoundException:\n&gt; org.archive.crawler.jspc.admin.include.handler_jsp,\n&gt; java.lang.ClassNotFoundException:\n&gt; org.archive.crawler.jspc.admin.include.head_jsp,\n&gt; java.lang.ClassNotFoundException:\n&gt; org.archive.crawler.jspc.admin.include.jobconfigure_jsp,\n&gt; java.lang.ClassNotFoundException:\n&gt; org.archive.crawler.jspc.admin.include.jobcredentials_jsp,\n&gt; java.lang.ClassNotFoundException:\n&gt; org.archive.crawler.jspc.admin.include.jobnav_jsp,\n&gt; java.lang.ClassNotFoundException:\n&gt; org.archive.crawler.jspc.admin.include.jobpernav_jsp,\n&gt; java.lang.ClassNotFoundException:\n&gt; org.archive.crawler.jspc.admin.include.jobrefinementnav_jsp,\n&gt; java.lang.ClassNotFoundException:\n&gt; org.archive.crawler.jspc.admin.include.modules_jsp,\n&gt; java.lang.ClassNotFoundException:\n&gt; org.archive.crawler.jspc.admin.include.nocache_jsp,\n&gt; java.lang.ClassNotFoundException:\n&gt; org.archive.crawler.jspc.admin.include.stats_jsp]\n&gt; at org.mortbay.http.HttpServer.start(HttpServer.java:640)\n&gt; at\n&gt; org.archive.crawler.SimpleHttpServer.startServer(S\n&gt; impleHttpServer.java:220)\n&gt; at\n&gt; org.archive.crawler.Heritrix.startEmbeddedWebserver(Heritrix.java:931)\n&gt; at org.archive.crawler.Heritrix.doCmdLineA\n&gt; rgs(Heritrix.java:431)\n&gt; at org.archive.crawler.Heritrix.main(Heritrix.java:284)\n&gt;\n&gt;\n&gt;\n&gt; --- In archive-crawler@yahoogroups.com, stack &lt;stack@a...&gt; wrote:\n&gt; &gt; Kaisa Kaunonen wrote:\n&gt; &gt;\n&gt; &gt; &gt; Yes, this test seems to be the only one failing. It always does\n&gt; &gt; &gt; so, second build is no help.\n&gt; &gt; &gt;\n&gt; &gt; &gt; I wrote into the project.xml\n&gt; &gt; &gt; &lt;exclude&gt;**/*IdentityCachingMapTest.java&lt;/exclude&gt;\n&gt; &gt; &gt; (is this the right syntax?) and went further.\n&gt; &gt;\n&gt; &gt; Looks like this failure is easy reproduce if build is done over\n&gt; fedora.\n&gt; &gt; For now I&#39;ve made an issue and commented out this test of unused\n&gt; &gt; functionality.\n&gt; &gt;\n&gt; &gt; &gt;\n&gt; &gt; &gt; Now the build creates binaries but then it stops with\n&gt; &gt; &gt; a funny little error while creating documentation, please see\n&gt; below.\n&gt; &gt; &gt;\n&gt; &gt; This failure precompiling the admin webapp jsp pages I cannot\n&gt; &gt; reproduce. Do you any more clues for me? NPE seems to be a\n&gt; generic\n&gt; &gt; complaint that jspc task throws up when anything is amiss. There is\n&gt; a\n&gt; &gt; reports.jsp under your &#39;admin&#39; webapp under target/webapps/admin?\n&gt; &gt;\n&gt; &gt; Thanks Kaisa,\n&gt; &gt; St.Ack\n&gt; &gt;\n&gt; &gt; &gt; Thanks for help!\n&gt; &gt; &gt;\n&gt; &gt; &gt; ----- part of maven output -----&gt;\n&gt; &gt; &gt;\n&gt; &gt; &gt; docbook:\n&gt; &gt; &gt; sdocbook:init:\n&gt; &gt; &gt;\n&gt; &gt; &gt; sdocbook:prepare-filesystem:\n&gt; &gt; &gt; xdoc:init:\n&gt; &gt; &gt;\n&gt; &gt; &gt; [echo] Using previusly unzipped docbook stylesheets in\n&gt; &gt; &gt; /root/.maven/cache/maven-sdocbook-plugin-1.4.1/plu\n&gt; &gt; &gt; gin-resources/docbook-xsl-1.67.2\n&gt; &gt; &gt;\n&gt; &gt; &gt; sdocbook:generate-html:\n&gt; &gt; &gt;\n&gt; &gt; &gt;\n&gt; &gt; &gt; [copy] Copying 2 files to /data/ArchiveOpe\n&gt; nCrawler/target/webapps\n&gt; &gt; &gt; [copy] Copied 31 empty directories to\n&gt; &gt; &gt; /data/ArchiveOpenCrawler/target/webapps\n&gt; &gt; &gt; copy_docbook:\n&gt; &gt; &gt; [mkdir] Created dir:\n&gt; &gt; &gt; /data/ArchiveOpenCrawler/target/webapps/admin/docs/articles\n&gt; &gt; &gt;\n&gt; &gt; &gt; jspc:\n&gt; &gt; &gt; [echo] [jspc] Precompiling admin jsp pages.\n&gt; &gt; &gt; [mkdir] Created dir: /data/ArchiveOpenCrawler/\n&gt; &gt; &gt; target/jspc/admin/src\n&gt; &gt; &gt; [mkdir] Created dir:\n&gt; &gt; &gt; /data/ArchiveOpenCrawler/target/jspc/admin/classes\n&gt; &gt; &gt; [jspc] Compiling 2 source\n&gt; &gt; &gt; files/data/ArchiveOpenCrawler/target/jspc/admin/sr\n&gt; &gt; &gt; c/org/archive/crawler/jspc/admin\n&gt; &gt; &gt; [jspc] error:org.apache.jasper.JasperException: Error\n&gt; compiling\n&gt; &gt; &gt; /reports.jsp\n&gt; &gt; &gt; [jspc] 2005-07-02 11:38:04 - ERROR-the file &#39;/reports.jsp&#39;\n&gt; &gt; &gt; generated the following general exception: java.la\n&gt; &gt; &gt; ng.NullPointerException\n&gt; &gt; &gt; [jspc] at org.apache.jasper.JspC.proc\n&gt; essFile(JspC.java:596)\n&gt; &gt; &gt; [jspc] at org.apache.jasper.JspC.execute(JspC.java:801)\n&gt; &gt; &gt; [jspc] at org.apache.jasper.JspC.main(JspC.java:823)\n&gt; &gt; &gt;\n&gt; &gt; &gt; BUILD FAILED\n&gt; &gt; &gt; File...... /data/ArchiveOpenCrawler/maven.xml\n&gt; &gt; &gt; Element... jspc\n&gt; &gt; &gt; Line...... 300\n&gt; &gt; &gt; Column.... 57\n&gt; &gt; &gt; Java returned: 9\n&gt; &gt; &gt; Total time: 5 minutes 9 seconds\n&gt; &gt; &gt;\n&gt; &gt; &gt;\n&gt; &gt; &gt; --- In archive-crawler@yahoogroups.com, stack &lt;stack@a...&gt; wrote:\n&gt; &gt; &gt;\n&gt; &gt; &gt; &gt; &gt; [junit] [ERROR] TEST org.archive.util.IdentityCachingMapTest\n&gt; &gt; &gt; FAILED\n&gt; &gt; &gt; &gt;\n&gt; &gt; &gt; &gt; Is this the only test that fails?\n&gt; &gt; &gt; &gt;\n&gt; &gt; &gt; &gt; Off-the-list, Mike Schwartz reports that retrying the build, the\n&gt; &gt; &gt; test\n&gt; &gt; &gt; &gt; passes second-time around. Is this the case for you also?\n&gt; &gt; &gt; &gt;\n&gt; &gt; &gt; &gt; This test is for a functionality we don&#39;t currently use. If its\n&gt; &gt; &gt; the\n&gt; &gt; &gt; &gt; only test thats failing for you, I&#39;ll probably just comment it\n&gt; out\n&gt; &gt; &gt; in\n&gt; &gt; &gt; &gt; HEAD with a note the sporadic failing warrants further\n&gt; &gt; &gt; investigation\n&gt; &gt; &gt; &gt; should the functionality its testing ever be adopted.\n&gt; &gt; &gt;\n&gt; &gt; &gt;\n&gt; &gt; &gt;\n&gt; &gt; &gt;\n&gt; --------------------------------------------------\n&gt; ----------------------\n&gt; &gt; &gt; YAHOO! GROUPS LINKS\n&gt; &gt; &gt;\n&gt; &gt; &gt; * Visit your group &quot;archive-crawler\n&gt; &gt; &gt; &lt;http://groups.yahoo.com/group/archive-crawler&gt;&quot; on the web.\n&gt; &gt; &gt;\n&gt; &gt; &gt; * To unsubscribe from this group, send an email to:\n&gt; &gt; &gt; archive-crawler-unsubscribe@yahoogroups.com\n&gt; &gt; &gt;\n&gt; &lt;mailto:archive-crawler-unsubscribe@...\n&gt; m?subject=Unsubscribe&gt;\n&gt; &gt; &gt;\n&gt; &gt; &gt; * Your use of Yahoo! Groups is subject to the Yahoo! Terms of\n&gt; &gt; &gt; Service &lt;http://docs.yahoo.com/info/terms/&gt;.\n&gt; &gt; &gt;\n&gt; &gt; &gt;\n&gt; &gt; &gt;\n&gt; --------------------------------------------------\n&gt; ----------------------\n&gt; &gt; &gt;\n&gt;\n&gt;\n&gt;\n&gt; ------------------------------------------------------------------------\n&gt; YAHOO! GROUPS LINKS\n&gt;\n&gt;     * Visit your group &quot;archive-crawler\n&gt;       &lt;http://groups.yahoo.com/group/archive-crawler&gt;&quot; on the web.\n&gt;     * To unsubscribe from this group, send an email to:\n&gt;       archive-crawler-unsubscribe@yahoogroups.com\n&gt;       &lt;mailto:archive-crawler-unsubscribe@yahoogroups.com?subject=Unsubscribe&gt;\n&gt;     * Your use of Yahoo! Groups is subject to the Yahoo! Terms of\n&gt;       Service &lt;http://docs.yahoo.com/info/terms/&gt;.\n&gt;\n&gt;\n&gt; ------------------------------------------------------------------------\n&gt;\n\n\n"}}