{"ygPerms":{"resourceCapabilityList":[{"resourceType":"GROUP","capabilities":[{"name":"READ"},{"name":"JOIN"}]},{"resourceType":"PHOTO","capabilities":[]},{"resourceType":"FILE","capabilities":[]},{"resourceType":"MEMBER","capabilities":[]},{"resourceType":"LINK","capabilities":[]},{"resourceType":"CALENDAR","capabilities":[]},{"resourceType":"DATABASE","capabilities":[]},{"resourceType":"POLL","capabilities":[]},{"resourceType":"MESSAGE","capabilities":[{"name":"READ"}]},{"resourceType":"PENDING_MESSAGE","capabilities":[]},{"resourceType":"ATTACHMENTS","capabilities":[{"name":"READ"}]},{"resourceType":"PHOTOMATIC_ALBUMS","capabilities":[]},{"resourceType":"MEMBERSHIP_TYPE","capabilities":[]},{"resourceType":"POST","capabilities":[{"name":"READ"}]},{"resourceType":"PIN","capabilities":[]}],"groupUrl":"groups.yahoo.com","intlCode":"us"},"comscore":"pageview_candidate","ygData":{"userId":168599281,"authorName":"Michael Stack","from":"Michael Stack &lt;stack@...&gt;","profile":"stackarchiveorg","replyTo":"LIST","senderId":"6j0b9kDBgLwH2NPYY0C4bZvNVK5SjnQ6kCu-o7sWdJy_k-DYIWcnF_PrsU0qaaMCZ1CFbVTqXlpW20Gjtk1IguzAnHeg92j-","spamInfo":{"isSpam":false,"reason":"0"},"subject":"Re: [archive-crawler] Only 1 error left in building Heritrix","postDate":"1172708448","msgId":3850,"canDelete":false,"contentTrasformed":false,"systemMessage":false,"headers":{"messageIdInHeader":"PDQ1RTYxQzYwLjMwMzA2MDlAYXJjaGl2ZS5vcmc+","inReplyToHeader":"PGVzNTFsNys5MDBrQGVHcm91cHMuY29tPg==","referencesHeader":"PGVzNTFsNys5MDBrQGVHcm91cHMuY29tPg=="},"prevInTopic":3849,"nextInTopic":3851,"prevInTime":3849,"nextInTime":3851,"topicId":3849,"numMessagesInTopic":4,"msgSnippet":"The src bundle is missing the directory of test documents used by the org.archive.util.ms.DocTest junit test.  You can see the complaint by looking in ","rawEmail":"Return-Path: &lt;stack@...&gt;\r\nX-Sender: stack@...\r\nX-Apparently-To: archive-crawler@yahoogroups.com\r\nReceived: (qmail 17563 invoked from network); 1 Mar 2007 00:08:22 -0000\r\nReceived: from unknown (66.218.67.34)\n  by m31.grp.scd.yahoo.com with QMQP; 1 Mar 2007 00:08:22 -0000\r\nReceived: from unknown (HELO mail.archive.org) (207.241.233.246)\n  by mta8.grp.scd.yahoo.com with SMTP; 1 Mar 2007 00:08:22 -0000\r\nReceived: from localhost (localhost [127.0.0.1])\n\tby mail.archive.org (Postfix) with ESMTP id A3692141A5796;\n\tWed, 28 Feb 2007 16:07:51 -0800 (PST)\r\nReceived: from mail.archive.org ([127.0.0.1])\n\tby localhost (mail.archive.org [127.0.0.1]) (amavisd-new, port 10024)\n\twith LMTP id 13863-01-2; Wed, 28 Feb 2007 16:07:49 -0800 (PST)\r\nReceived: from [192.168.1.204] (c-67-180-203-212.hsd1.ca.comcast.net [67.180.203.212])\n\tby mail.archive.org (Postfix) with ESMTP id 86CE1141A5741;\n\tWed, 28 Feb 2007 16:07:49 -0800 (PST)\r\nMessage-ID: &lt;45E61C60.3030609@...&gt;\r\nDate: Wed, 28 Feb 2007 16:20:48 -0800\r\nUser-Agent: Mozilla/5.0 (X11; U; Linux i686 (x86_64); en-US; rv:1.8.1.2pre) Gecko/20070111 SeaMonkey/1.1\r\nMIME-Version: 1.0\r\nTo: archive-crawler@yahoogroups.com\r\nReferences: &lt;es51l7+900k@...&gt;\r\nIn-Reply-To: &lt;es51l7+900k@...&gt;\r\nContent-Type: text/plain; charset=ISO-8859-1; format=flowed\r\nContent-Transfer-Encoding: 7bit\r\nX-Virus-Scanned: Debian amavisd-new at archive.org\r\nX-eGroups-Msg-Info: 1:0:0:0\r\nFrom: Michael Stack &lt;stack@...&gt;\r\nSubject: Re: [archive-crawler] Only 1 error left in building Heritrix\r\nX-Yahoo-Group-Post: member; u=168599281; y=N3B-40OmfVyyPmz3YaRKASzgayJM57XdK4MLBEgbkUHmKSnctgK_FkDk\r\nX-Yahoo-Profile: stackarchiveorg\r\n\r\nThe src bundle is missing the directory of test documents used by the \norg.archive.util.ms.DocTest junit test.  You can see the complaint by \nlooking in  \n$HERITRIX_HOME/target/test-reports/TEST-org.archive.util.ms.DocTest.txt.  \nThen check out the referenced line 50:  \nhttp://crawler.archive.org/xref/org/archive/util/ms/DocTest.html#50.\n\n(You&#39;d think the fellas that made these bundles would at least try them \nbefore making a release: smile).\n\nTry doing:\n\n$ cd ${HERITRIX_SRC_HOME}\n$ svn checkout \nhttps://archive-access.svn.sourceforge.net/svnroot/archive-crawler/trunk/heritrix/testdata\n\nSee if that fixes your issue.\n\nSt.Ack\n\n\nKaleb wrote:\n&gt;\n&gt; Okay, I&#39;m now using Maven-1.2 and using the Heritrix-1.10.2-src and\n&gt; only have 1 failure left to figure out.\n&gt;\n&gt; [junit] Running org.archive.util.ms.DocTest\n&gt; [junit] Tests run: 1, Failures: 0, Errors: 1, Time elapsed: 0.256 sec\n&gt; [junit] [ERROR] TEST org.archive.util.ms.DocTest FAILED\n&gt;\n&gt; BUILD FAILED\n&gt; File...... /home/user/.maven/cache/maven-test-plugin-1.6.2/plugin.jelly\n&gt; Element... fail\n&gt; Line...... 181\n&gt; Column.... 54\n&gt; There were test failures.\n&gt; Total time: 1 minutes 3 seconds\n&gt; Finished at: Wed Feb 28 16:56:43 CST 2007\n&gt;\n&gt; I have installed the maven-sdocbook-plugin-1.4.1.jar plugin and also\n&gt; the jimi-1.0.jar file. Does anyone have any idea what I&#39;m missing?\n&gt;\n&gt;  \n\n\n"}}