{"ygPerms":{"resourceCapabilityList":[{"resourceType":"GROUP","capabilities":[{"name":"READ"},{"name":"JOIN"}]},{"resourceType":"PHOTO","capabilities":[]},{"resourceType":"FILE","capabilities":[]},{"resourceType":"MEMBER","capabilities":[]},{"resourceType":"LINK","capabilities":[]},{"resourceType":"CALENDAR","capabilities":[]},{"resourceType":"DATABASE","capabilities":[]},{"resourceType":"POLL","capabilities":[]},{"resourceType":"MESSAGE","capabilities":[{"name":"READ"}]},{"resourceType":"PENDING_MESSAGE","capabilities":[]},{"resourceType":"ATTACHMENTS","capabilities":[{"name":"READ"}]},{"resourceType":"PHOTOMATIC_ALBUMS","capabilities":[]},{"resourceType":"MEMBERSHIP_TYPE","capabilities":[]},{"resourceType":"POST","capabilities":[{"name":"READ"}]},{"resourceType":"PIN","capabilities":[]}],"groupUrl":"groups.yahoo.com","intlCode":"us"},"comscore":"pageview_candidate","ygData":{"userId":185567631,"authorName":"penguinoamante2","from":"&quot;penguinoamante2&quot; &lt;penguinoamante2@...&gt;","profile":"penguinoamante2","replyTo":"LIST","senderId":"_iML1wvrGbtLuGY8woFydo9p9r1MD8ESIStMiJEK5bZFvtKNL9Xf-kSzP2X1zNKjF7fs1PwZsrSfIU3KqdCjGeSr50SaCLs6YX6_TQdS21hV6aKM","spamInfo":{"isSpam":false,"reason":"0"},"subject":"compiling heritrix with maven","postDate":"1084554097","msgId":389,"canDelete":false,"contentTrasformed":false,"systemMessage":false,"headers":{"messageIdInHeader":"PGM4MnUxaCtuMDJxQGVHcm91cHMuY29tPg=="},"prevInTopic":0,"nextInTopic":391,"prevInTime":388,"nextInTime":390,"topicId":389,"numMessagesInTopic":5,"msgSnippet":"When compiling heritrix witih maven it fails one of the tests: This is from heritrix-0.6.0-src.tar.gz. test:test: [junit] Running ","rawEmail":"Return-Path: &lt;penguinoamante2@...&gt;\r\nX-Sender: penguinoamante2@...\r\nX-Apparently-To: archive-crawler@yahoogroups.com\r\nReceived: (qmail 90802 invoked from network); 14 May 2004 17:02:35 -0000\r\nReceived: from unknown (66.218.66.217)\n  by m23.grp.scd.yahoo.com with QMQP; 14 May 2004 17:02:35 -0000\r\nReceived: from unknown (HELO n18.grp.scd.yahoo.com) (66.218.66.73)\n  by mta2.grp.scd.yahoo.com with SMTP; 14 May 2004 17:02:34 -0000\r\nReceived: from [66.218.67.146] by n18.grp.scd.yahoo.com with NNFMP; 14 May 2004 17:01:39 -0000\r\nDate: Fri, 14 May 2004 17:01:37 -0000\r\nTo: archive-crawler@yahoogroups.com\r\nMessage-ID: &lt;c82u1h+n02q@...&gt;\r\nUser-Agent: eGroups-EW/0.82\r\nMIME-Version: 1.0\r\nContent-Type: text/plain; charset=ISO-8859-1\r\nContent-Length: 914\r\nX-Mailer: Yahoo Groups Message Poster\r\nX-eGroups-Remote-IP: 66.218.66.73\r\nFrom: &quot;penguinoamante2&quot; &lt;penguinoamante2@...&gt;\r\nSubject: compiling heritrix with maven\r\nX-Yahoo-Group-Post: member; u=185567631\r\nX-Yahoo-Profile: penguinoamante2\r\n\r\nWhen compiling heritrix witih maven it fails one of the tests:\nThis is from heritrix-0.6.0-src.tar.gz.\n\ntest:test:\n    [junit] Running\norg.archive.crawler.datamodel.settings.CrawlerSettingsTest\n    [junit] Tests run: 2, Failures: 0, Errors: 0, Time elapsed: 0.867\nsec\n    [junit] Running\norg.archive.crawler.datamodel.settings.XMLSettingsHandlerTest\n    [junit] Tests run: 5, Failures: 0, Errors: 1, Time elapsed: 1.297\nsec\n    [junit] [ERROR] TEST\norg.archive.crawler.datamodel.settings.XMLSettingsHandlerTest FAILED\n\nBUILD FAILED\nFile...... file:/root/.maven/plugins/maven-test-pl\nugin-1.5/plugin.jelly\nElement... fail\nLine...... 148\nColumn.... 54\nThere were test failures.\nTotal time: 39 seconds\nFinished at: Fri May 14 11:35:45 MDT 2004\n\nI don&#39;t care if one of the tests failed.  How do I compile it?  Why is\neverything java related so complicated?!  \n\nI&#39;m new to this, and your comments are very appreciated.\n\n\n"}}