{"ygPerms":{"resourceCapabilityList":[{"resourceType":"GROUP","capabilities":[{"name":"READ"},{"name":"JOIN"}]},{"resourceType":"PHOTO","capabilities":[]},{"resourceType":"FILE","capabilities":[]},{"resourceType":"MEMBER","capabilities":[]},{"resourceType":"LINK","capabilities":[]},{"resourceType":"CALENDAR","capabilities":[]},{"resourceType":"DATABASE","capabilities":[]},{"resourceType":"POLL","capabilities":[]},{"resourceType":"MESSAGE","capabilities":[{"name":"READ"}]},{"resourceType":"PENDING_MESSAGE","capabilities":[]},{"resourceType":"ATTACHMENTS","capabilities":[{"name":"READ"}]},{"resourceType":"PHOTOMATIC_ALBUMS","capabilities":[]},{"resourceType":"MEMBERSHIP_TYPE","capabilities":[]},{"resourceType":"POST","capabilities":[{"name":"READ"}]},{"resourceType":"PIN","capabilities":[]}],"groupUrl":"groups.yahoo.com","intlCode":"us"},"comscore":"pageview_candidate","ygData":{"userId":168599281,"authorName":"Michael Stack","from":"Michael Stack &lt;stack@...&gt;","replyTo":"LIST","senderId":"eJHlAqryscW41hdZadN8dpuAQOUZ3-RFLyIeozAVdHD4s_tLlC5_fh29F8mYev_D8bpWX5Xu9E21to9RAOeQQUPTruPmgVln","spamInfo":{"isSpam":false,"reason":"0"},"subject":"Re: [archive-crawler] compiling heritrix with maven","postDate":"1084558594","msgId":391,"canDelete":false,"contentTrasformed":false,"systemMessage":false,"headers":{"messageIdInHeader":"PDQwQTUwRDAyLjEwNTA2MDRAYXJjaGl2ZS5vcmc+","inReplyToHeader":"PGM4MnUxaCtuMDJxQGVHcm91cHMuY29tPg==","referencesHeader":"PGM4MnUxaCtuMDJxQGVHcm91cHMuY29tPg=="},"prevInTopic":389,"nextInTopic":403,"prevInTime":390,"nextInTime":392,"topicId":389,"numMessagesInTopic":5,"msgSnippet":"... Sorry.  Its a lot to bite off if you ain t swimming in it every day (Even then...). ... The way our build is written, it runs tests before it produces jars","rawEmail":"Return-Path: &lt;stack@...&gt;\r\nX-Sender: stack@...\r\nX-Apparently-To: archive-crawler@yahoogroups.com\r\nReceived: (qmail 890 invoked from network); 14 May 2004 18:23:28 -0000\r\nReceived: from unknown (66.218.66.217)\n  by m14.grp.scd.yahoo.com with QMQP; 14 May 2004 18:23:28 -0000\r\nReceived: from unknown (HELO ia00524.archive.org) (209.237.232.202)\n  by mta2.grp.scd.yahoo.com with SMTP; 14 May 2004 18:23:28 -0000\r\nReceived: (qmail 21928 invoked by uid 100); 14 May 2004 18:16:33 -0000\r\nReceived: from b116-dyn-60.archive.org (HELO archive.org) (stack@...@209.237.240.60)\n  by mail-dev.archive.org with SMTP; 14 May 2004 18:16:33 -0000\r\nMessage-ID: &lt;40A50D02.1050604@...&gt;\r\nDate: Fri, 14 May 2004 11:16:34 -0700\r\nUser-Agent: Mozilla/5.0 (X11; U; Linux i686; en-US; rv:1.5) Gecko/20031107 Debian/1.5-3\r\nX-Accept-Language: en\r\nMIME-Version: 1.0\r\nTo: archive-crawler@yahoogroups.com\r\nReferences: &lt;c82u1h+n02q@...&gt;\r\nIn-Reply-To: &lt;c82u1h+n02q@...&gt;\r\nContent-Type: text/plain; charset=ISO-8859-1; format=flowed\r\nContent-Transfer-Encoding: 7bit\r\nX-Spam-DCC: : \r\nX-Spam-Checker-Version: SpamAssassin 2.63 (2004-01-11) on ia00524.archive.org\r\nX-Spam-Level: \r\nX-Spam-Status: No, hits=0.5 required=6.0 tests=AWL autolearn=ham version=2.63\r\nX-eGroups-Remote-IP: 209.237.232.202\r\nFrom: Michael Stack &lt;stack@...&gt;\r\nSubject: Re: [archive-crawler] compiling heritrix with maven\r\nX-Yahoo-Group-Post: member; u=168599281\r\n\r\npenguinoamante2 wrote:\n\n&gt;When compiling heritrix witih maven it fails one of the tests:\n&gt;This is from heritrix-0.6.0-src.tar.gz.\n&gt;\n&gt;test:test:\n&gt;    [junit] Running\n&gt;org.archive.crawler.datamodel.settings.CrawlerSettingsTest\n&gt;    [junit] Tests run: 2, Failures: 0, Errors: 0, Time elapsed: 0.867\n&gt;sec\n&gt;    [junit] Running\n&gt;org.archive.crawler.datamodel.settings.XMLSettingsHandlerTest\n&gt;    [junit] Tests run: 5, Failures: 0, Errors: 1, Time elapsed: 1.297\n&gt;sec\n&gt;    [junit] [ERROR] TEST\n&gt;org.archive.crawler.datamodel.settings.XMLSettingsHandlerTest FAILED\n&gt;\n&gt;BUILD FAILED\n&gt;File...... file:/root/.maven/plugins/maven-test-pl\n&gt;ugin-1.5/plugin.jelly\n&gt;Element... fail\n&gt;Line...... 148\n&gt;Column.... 54\n&gt;There were test failures.\n&gt;Total time: 39 seconds\n&gt;Finished at: Fri May 14 11:35:45 MDT 2004\n&gt;\n&gt;I don&#39;t care if one of the tests failed.  How do I compile it?  Why is\n&gt;everything java related so complicated?!  \n&gt;\n&gt;  \n&gt;\nSorry.  Its a lot to bite off if you ain&#39;t swimming in it every day \n(Even then...).\n\n&gt;I&#39;m new to this, and your comments are very appreciated.\n&gt;\n&gt;  \n&gt;\nThe way our build is written, it runs tests before it produces jars or \ndistributions.\n\nYou don&#39;t want to just download the built binary and avoid the build \naltogether?\n\nUnfortunately, I just tried a build with the 0.6.0 src using maven rc2 \nand sun java and it worked so its hard for me to help.\n\nTell me more about your environment (maven version, java version, platform).\n\nYours,\nSt.Ack\n\n\n\n&gt;\n&gt;\n&gt; \n&gt;Yahoo! Groups Links\n&gt;\n&gt;\n&gt;\n&gt; \n&gt;\n&gt;  \n&gt;\n\n\n\n"}}