{"ygPerms":{"resourceCapabilityList":[{"resourceType":"GROUP","capabilities":[{"name":"READ"},{"name":"JOIN"}]},{"resourceType":"PHOTO","capabilities":[]},{"resourceType":"FILE","capabilities":[]},{"resourceType":"MEMBER","capabilities":[]},{"resourceType":"LINK","capabilities":[]},{"resourceType":"CALENDAR","capabilities":[]},{"resourceType":"DATABASE","capabilities":[]},{"resourceType":"POLL","capabilities":[]},{"resourceType":"MESSAGE","capabilities":[{"name":"READ"}]},{"resourceType":"PENDING_MESSAGE","capabilities":[]},{"resourceType":"ATTACHMENTS","capabilities":[{"name":"READ"}]},{"resourceType":"PHOTOMATIC_ALBUMS","capabilities":[]},{"resourceType":"MEMBERSHIP_TYPE","capabilities":[]},{"resourceType":"POST","capabilities":[{"name":"READ"}]},{"resourceType":"PIN","capabilities":[]}],"groupUrl":"groups.yahoo.com","intlCode":"us"},"comscore":"pageview_candidate","ygData":{"userId":172190008,"authorName":"Andrew Boyko","from":"&quot;Andrew Boyko&quot; &lt;aboy@...&gt;","profile":"andyboyko","replyTo":"LIST","senderId":"1jvDLWdGVdVmfAnrfth2jupmSsb0fE4YL6tng7MeCZ1PWjQNKevbgGD4IN2a-6w__mJNjUBMaBi2ezob1Lsgd_Qm_KA","spamInfo":{"isSpam":false,"reason":"0"},"subject":"Re: [archive-crawler] compiling heritrix with maven","postDate":"1084891416","msgId":403,"canDelete":false,"contentTrasformed":false,"systemMessage":false,"headers":{"messageIdInHeader":"PHMwYTllOTczLjAwM0Bsb2MuZ292Pg=="},"prevInTopic":391,"nextInTopic":406,"prevInTime":402,"nextInTime":404,"topicId":389,"numMessagesInTopic":5,"msgSnippet":"I m seeing similar results to penguinoamante2; for me, a clean CVS checkout (into a new directory, having also removed ~/.maven) fails maven dist with two","rawEmail":"Return-Path: &lt;aboy@...&gt;\r\nX-Sender: aboy@...\r\nX-Apparently-To: archive-crawler@yahoogroups.com\r\nReceived: (qmail 63636 invoked from network); 18 May 2004 14:40:49 -0000\r\nReceived: from unknown (66.218.66.172)\n  by m24.grp.scd.yahoo.com with QMQP; 18 May 2004 14:40:49 -0000\r\nReceived: from unknown (HELO loc.gov) (140.147.137.18)\n  by mta4.grp.scd.yahoo.com with SMTP; 18 May 2004 14:40:49 -0000\r\nReceived: from LCHub-MTA by loc.gov\n\twith Novell_GroupWise; Tue, 18 May 2004 10:46:11 -0400\r\nMessage-Id: &lt;s0a9e973.003@...&gt;\r\nX-Mailer: Novell GroupWise Internet Agent 6.5.1 \r\nDate: Tue, 18 May 2004 10:43:36 -0400\r\nTo: &lt;archive-crawler@yahoogroups.com&gt;\r\nMime-Version: 1.0\r\nContent-Type: multipart/alternative; boundary=&quot;=__PartAB8A4C08.0__=&quot;\r\nX-eGroups-Remote-IP: 140.147.137.18\r\nFrom: &quot;Andrew Boyko&quot; &lt;aboy@...&gt;\r\nSubject: Re: [archive-crawler] compiling heritrix with maven\r\nX-Yahoo-Group-Post: member; u=172190008\r\nX-Yahoo-Profile: andyboyko\r\n\r\n\r\n--=__PartAB8A4C08.0__=\r\nContent-Type: text/plain; charset=US-ASCII\r\nContent-Transfer-Encoding: 7bit\r\n\r\nI&#39;m seeing similar results to penguinoamante2; for me, a clean CVS\ncheckout (into a new directory, having also removed ~/.maven) fails\n&quot;maven dist&quot; with two test failures, which seem to have the same root\ncause:\n \n    [junit] Running\norg.archive.crawler.settings.XMLSettingsHandlerTest\n    [junit] Tests run: 6, Failures: 0, Errors: 1, Time elapsed: 1.061\nsec\n    [junit] [ERROR] TEST\norg.archive.crawler.settings.XMLSettingsHandlerTest FAILED\n    [junit] Running org.archive.util.DiskBackedQueueTest\n    [junit] Tests run: 5, Failures: 0, Errors: 1, Time elapsed: 0.391\nsec\n    [junit] [ERROR] TEST org.archive.util.DiskBackedQueueTest FAILED\n \nusing Maven 1.0rc2, Sun Java 1.4.2, CLASSPATH unset.   When maven runs\nverbosely, all the classpath entries appear to come either from the\nheritrix libs or from /usr/share/maven/lib.\n \nI opened a bug on sourceforge with the test logs attached, but haven&#39;t\ndelved any deeper yet.\n \n&#39;Tis a puzzlement.\n \nAndy Boyko   aboy@...\nLibrary of Congress \n \n \n\n&gt;&gt;&gt; stack@... 5/14/2004 2:16:34 PM &gt;&gt;&gt;\n\npenguinoamante2 wrote:\n\n&gt;When compiling heritrix witih maven it fails one of the tests:\n&gt;This is from heritrix-0.6.0-src.tar.gz.\n&gt;\n&gt;test:test:\n&gt;    [junit] Running\n&gt;org.archive.crawler.datamodel.settings.CrawlerSettingsTest\n&gt;    [junit] Tests run: 2, Failures: 0, Errors: 0, Time elapsed: 0.867\n&gt;sec\n&gt;    [junit] Running\n&gt;org.archive.crawler.datamodel.settings.XMLSettingsHandlerTest\n&gt;    [junit] Tests run: 5, Failures: 0, Errors: 1, Time elapsed: 1.297\n&gt;sec\n&gt;    [junit] [ERROR] TEST\n&gt;org.archive.crawler.datamodel.settings.XMLSettingsHandlerTest FAILED\n&gt;\n&gt;BUILD FAILED\n&gt;File...... file:/root/.maven/plugins/maven-test-pl\n&gt;ugin-1.5/plugin.jelly\n&gt;Element... fail\n&gt;Line...... 148\n&gt;Column.... 54\n&gt;There were test failures.\n&gt;Total time: 39 seconds\n&gt;Finished at: Fri May 14 11:35:45 MDT 2004\n&gt;\n&gt;I don&#39;t care if one of the tests failed.  How do I compile it?  Why\nis\n&gt;everything java related so complicated?!  \n&gt;\n&gt;  \n&gt;\nSorry.  Its a lot to bite off if you ain&#39;t swimming in it every day \n(Even then...).\n\n&gt;I&#39;m new to this, and your comments are very appreciated.\n&gt;\n&gt;  \n&gt;\nThe way our build is written, it runs tests before it produces jars or\n\ndistributions.\n\nYou don&#39;t want to just download the built binary and avoid the build \naltogether?\n\nUnfortunately, I just tried a build with the 0.6.0 src using maven rc2\n\nand sun java and it worked so its hard for me to help.\n\nTell me more about your environment (maven version, java version,\nplatform).\n\nYours,\nSt.Ack\n\n\n\n&gt;\n&gt;\n&gt; \n&gt;Yahoo! Groups Links\n&gt;\n&gt;\n&gt;\n&gt; \n&gt;\n&gt;  \n&gt;\n\n\n\n\n\nYahoo! Groups Links\n\n\n\n\n\n\n\r\n--=__PartAB8A4C08.0__=\r\nContent-Type: text/html; charset=ISO-8859-1\r\nContent-Transfer-Encoding: 8bit\r\nContent-Description: HTML\r\n\r\n&lt;HTML&gt;&lt;HEAD&gt;\n&lt;META http-equiv=Content-Type content=&quot;text/html; charset=iso-8859-1&quot;&gt;\n&lt;META content=&quot;MSHTML 6.00.2800.1400&quot; name=GENERATOR&gt;&lt;/HEAD&gt;\n&lt;BODY style=&quot;MARGIN: 4px 4px 1px; FONT: 10pt Microsoft Sans Serif&quot;&gt;\n&lt;DIV&gt;I&#39;m seeing similar results to penguinoamante2; for me, a clean CVS checkout (into a new directory, having also removed ~/.maven) fails &quot;maven dist&quot; with two test failures, which seem to have the same root cause:&lt;/DIV&gt;\n&lt;DIV&gt;&nbsp;&lt;/DIV&gt;\n&lt;DIV&gt;&nbsp;&nbsp;&nbsp; [junit] Running org.archive.crawler.settings.XMLSettingsHandlerTest&lt;BR&gt;&nbsp;&nbsp;&nbsp; [junit] Tests run: 6, Failures: 0, Errors: 1, Time elapsed: 1.061 sec&lt;BR&gt;&nbsp;&nbsp;&nbsp; [junit] [ERROR] TEST org.archive.crawler.settings.XMLSettingsHandlerTest FAILED&lt;BR&gt;&nbsp;&nbsp;&nbsp; [junit] Running org.archive.util.DiskBackedQueueTest&lt;BR&gt;&nbsp;&nbsp;&nbsp; [junit] Tests run: 5, Failures: 0, Errors: 1, Time elapsed: 0.391 sec&lt;BR&gt;&nbsp;&nbsp;&nbsp; [junit] [ERROR] TEST org.archive.util.DiskBackedQueueTest FAILED&lt;BR&gt;&nbsp;&lt;/DIV&gt;\n&lt;DIV&gt;using Maven 1.0rc2, Sun Java 1.4.2, CLASSPATH unset.&nbsp;&nbsp; When maven runs verbosely, all the classpath entries appear to come either from the heritrix libs or from /usr/share/maven/lib.&lt;/DIV&gt;\n&lt;DIV&gt;&nbsp;&lt;/DIV&gt;\n&lt;DIV&gt;I opened a bug on sourceforge with the test logs attached, but haven&#39;t delved any deeper yet.&lt;/DIV&gt;\n&lt;DIV&gt;&nbsp;&lt;/DIV&gt;\n&lt;DIV&gt;&#39;Tis a puzzlement.&lt;/DIV&gt;\n&lt;DIV&gt;&nbsp;&lt;/DIV&gt;\n&lt;DIV&gt;Andy Boyko&nbsp;&nbsp; &lt;A href=&quot;mailto:aboy@...&quot;&gt;aboy@...&lt;/A&gt;&lt;/DIV&gt;\n&lt;DIV&gt;Library of Congress &lt;/DIV&gt;\n&lt;DIV&gt;&nbsp;&lt;/DIV&gt;\n&lt;DIV&gt;&nbsp;&lt;/DIV&gt;\n&lt;DIV&gt;&lt;BR&gt;&gt;&gt;&gt; stack@... 5/14/2004 2:16:34 PM &gt;&gt;&gt;&lt;BR&gt;&lt;/DIV&gt;\n&lt;DIV style=&quot;COLOR: #000000&quot;&gt;penguinoamante2 wrote:&lt;BR&gt;&lt;BR&gt;&gt;When compiling heritrix witih maven it fails one of the tests:&lt;BR&gt;&gt;This is from heritrix-0.6.0-src.tar.gz.&lt;BR&gt;&gt;&lt;BR&gt;&gt;test:test:&lt;BR&gt;&gt;&nbsp;&nbsp;&nbsp; [junit] Running&lt;BR&gt;&gt;org.archive.crawler.datamodel.settings.CrawlerSettingsTest&lt;BR&gt;&gt;&nbsp;&nbsp;&nbsp; [junit] Tests run: 2, Failures: 0, Errors: 0, Time elapsed: 0.867&lt;BR&gt;&gt;sec&lt;BR&gt;&gt;&nbsp;&nbsp;&nbsp; [junit] Running&lt;BR&gt;&gt;org.archive.crawler.datamodel.settings.XMLSettingsHandlerTest&lt;BR&gt;&gt;&nbsp;&nbsp;&nbsp; [junit] Tests run: 5, Failures: 0, Errors: 1, Time elapsed: 1.297&lt;BR&gt;&gt;sec&lt;BR&gt;&gt;&nbsp;&nbsp;&nbsp; [junit] [ERROR] TEST&lt;BR&gt;&gt;org.archive.crawler.datamodel.settings.XMLSettingsHandlerTest FAILED&lt;BR&gt;&gt;&lt;BR&gt;&gt;BUILD FAILED&lt;BR&gt;&gt;File...... file:/root/.maven/plugins/maven-test-pl&lt;BR&gt;&gt;ugin-1.5/plugin.jelly&lt;BR&gt;&gt;Element... fail&lt;BR&gt;&gt;Line...... 148&lt;BR&gt;&gt;Column.... 54&lt;BR&gt;&gt;There were test failures.&lt;BR&gt;&gt;Total time: 39 seconds&lt;BR&gt;&gt;Finished at: Fri May 14 11:35:45 MDT 2004&lt;BR&gt;&gt;&lt;BR&gt;&gt;I don&#39;t care if one of the tests failed.&nbsp; How do I compile it?&nbsp; Why is&lt;BR&gt;&gt;everything java related so complicated?!&nbsp; &lt;BR&gt;&gt;&lt;BR&gt;&gt;&nbsp; &lt;BR&gt;&gt;&lt;BR&gt;Sorry.&nbsp; Its a lot to bite off if you ain&#39;t swimming in it every day &lt;BR&gt;(Even then...).&lt;BR&gt;&lt;BR&gt;&gt;I&#39;m new to this, and your comments are very appreciated.&lt;BR&gt;&gt;&lt;BR&gt;&gt;&nbsp; &lt;BR&gt;&gt;&lt;BR&gt;The way our build is written, it runs tests before it produces jars or &lt;BR&gt;distributions.&lt;BR&gt;&lt;BR&gt;You don&#39;t want to just download the built binary and avoid the build &lt;BR&gt;altogether?&lt;BR&gt;&lt;BR&gt;Unfortunately, I just tried a build with the 0.6.0 src using maven rc2 &lt;BR&gt;and sun java and it worked so its hard for me to help.&lt;BR&gt;&lt;BR&gt;Tell me more about your environment (maven version, java version, platform).&lt;BR&gt;&lt;BR&gt;Yours,&lt;BR&gt;St.Ack&lt;BR&gt;&lt;BR&gt;&lt;BR&gt;&lt;BR&gt;&gt;&lt;BR&gt;&gt;&lt;BR&gt;&gt; &lt;BR&gt;&gt;Yahoo! Groups Links&lt;BR&gt;&gt;&lt;BR&gt;&gt;&lt;BR&gt;&gt;&lt;BR&gt;&gt; &lt;BR&gt;&gt;&lt;BR&gt;&gt;&nbsp; &lt;BR&gt;&gt;&lt;BR&gt;&lt;BR&gt;&lt;BR&gt;&lt;BR&gt;&lt;BR&gt;&lt;BR&gt;Yahoo! Groups Links&lt;BR&gt;&lt;BR&gt;&lt;*&gt; To visit your group on the web, go to:&lt;BR&gt;&nbsp;&nbsp;&nbsp;&nbsp; &lt;A href=&quot;http://groups.yahoo.com/group/archive-crawler/&quot;&gt;http://groups.yahoo.com/group/archive-crawler/&lt;/A&gt;&lt;BR&gt;&lt;BR&gt;&lt;*&gt; To unsubscribe from this group, send an email to:&lt;BR&gt;&nbsp;&nbsp;&nbsp;&nbsp; archive-crawler-unsubscribe@yahoogroups.com&lt;BR&gt;&lt;BR&gt;&lt;*&gt; Your use of Yahoo! Groups is subject to:&lt;BR&gt;&nbsp;&nbsp;&nbsp;&nbsp; &lt;A href=&quot;http://docs.yahoo.com/info/terms/&quot;&gt;http://docs.yahoo.com/info/terms/&lt;/A&gt;&lt;BR&gt;&lt;BR&gt;&lt;BR&gt;&lt;/DIV&gt;&lt;/BODY&gt;&lt;/HTML&gt;\r\n--=__PartAB8A4C08.0__=--\r\n\n"}}