{"ygPerms":{"resourceCapabilityList":[{"resourceType":"GROUP","capabilities":[{"name":"READ"},{"name":"JOIN"}]},{"resourceType":"PHOTO","capabilities":[]},{"resourceType":"FILE","capabilities":[]},{"resourceType":"MEMBER","capabilities":[]},{"resourceType":"LINK","capabilities":[]},{"resourceType":"CALENDAR","capabilities":[]},{"resourceType":"DATABASE","capabilities":[]},{"resourceType":"POLL","capabilities":[]},{"resourceType":"MESSAGE","capabilities":[{"name":"READ"}]},{"resourceType":"PENDING_MESSAGE","capabilities":[]},{"resourceType":"ATTACHMENTS","capabilities":[{"name":"READ"}]},{"resourceType":"PHOTOMATIC_ALBUMS","capabilities":[]},{"resourceType":"MEMBERSHIP_TYPE","capabilities":[]},{"resourceType":"POST","capabilities":[{"name":"READ"}]},{"resourceType":"PIN","capabilities":[]}],"groupUrl":"groups.yahoo.com","intlCode":"us"},"comscore":"pageview_candidate","ygData":{"userId":168599281,"authorName":"stack","from":"stack &lt;stack@...&gt;","replyTo":"LIST","senderId":"F9mig9D8hpt8dRNP2yu9ei6zwE2sXrqIZM4ne36lKJU9s05b0IMN6wO2DAMlWY0cuh2B3Hrt4zV6qwcOGGkRDQ","spamInfo":{"isSpam":false,"reason":"0"},"subject":"Re: [archive-crawler] compiling heritrix with maven","postDate":"1084897324","msgId":407,"canDelete":false,"contentTrasformed":false,"systemMessage":false,"headers":{"messageIdInHeader":"PDQwQUEzODJDLjcwMTA4MDhAYXJjaGl2ZS5vcmc+","inReplyToHeader":"PHMwYTllOTczLjAwM0Bsb2MuZ292Pg==","referencesHeader":"PHMwYTllOTczLjAwM0Bsb2MuZ292Pg=="},"prevInTopic":406,"nextInTopic":0,"prevInTime":406,"nextInTime":408,"topicId":389,"numMessagesInTopic":5,"msgSnippet":"Andrew: Update.  HEAD has been in a state of flux failing unit tests -- the two you cite below -- and generally not building for long stretches over the last","rawEmail":"Return-Path: &lt;stack@...&gt;\r\nX-Sender: stack@...\r\nX-Apparently-To: archive-crawler@yahoogroups.com\r\nReceived: (qmail 11512 invoked from network); 18 May 2004 16:29:48 -0000\r\nReceived: from unknown (66.218.66.172)\n  by m23.grp.scd.yahoo.com with QMQP; 18 May 2004 16:29:48 -0000\r\nReceived: from unknown (HELO dns.duboce.net) (63.203.238.114)\n  by mta4.grp.scd.yahoo.com with SMTP; 18 May 2004 16:29:48 -0000\r\nReceived: from archive.org ([192.168.1.105])\n\t(authenticated)\n\tby dns-eth1.duboce.net (8.10.2/8.10.2) with ESMTP id i4IFevg10341\n\tfor &lt;archive-crawler@yahoogroups.com&gt;; Tue, 18 May 2004 08:40:57 -0700\r\nMessage-ID: &lt;40AA382C.7010808@...&gt;\r\nDate: Tue, 18 May 2004 09:22:04 -0700\r\nUser-Agent: Mozilla/5.0 (Macintosh; U; PPC Mac OS X Mach-O; en-US; rv:1.7b) Gecko/20040421\r\nX-Accept-Language: en-us, en\r\nMIME-Version: 1.0\r\nTo: archive-crawler@yahoogroups.com\r\nReferences: &lt;s0a9e973.003@...&gt;\r\nIn-Reply-To: &lt;s0a9e973.003@...&gt;\r\nContent-Type: text/plain; charset=ISO-8859-1; format=flowed\r\nContent-Transfer-Encoding: 7bit\r\nX-eGroups-Remote-IP: 63.203.238.114\r\nFrom: stack &lt;stack@...&gt;\r\nSubject: Re: [archive-crawler] compiling heritrix with maven\r\nX-Yahoo-Group-Post: member; u=168599281\r\n\r\nAndrew:\n\nUpdate.  HEAD has been in a state of flux failing unit tests -- the two \nyou cite below -- and generally not building for long stretches over the \nlast 48 hours or so (I just did clean checkout and all built grand).\n\n(You can skirt some of the flux by getting the most recent successful \nbuild -- src and binary -- from our continuous build server: \nhttp://crawltools.archive.org:8080/cruisecontrol/buildresults/ArchiveOpenCrawler).\n\nLet me know how it goes.\n\nSt.Ack\n\nAndrew Boyko wrote:\n\n&gt; I&#39;m seeing similar results to penguinoamante2; for me, a clean CVS \n&gt; checkout (into a new directory, having also removed ~/.maven) fails \n&gt; &quot;maven dist&quot; with two test failures, which seem to have the same root \n&gt; cause:\n&gt;  \n&gt;     [junit] Running org.archive.crawler.settings.XMLSettingsHandlerTest\n&gt;     [junit] Tests run: 6, Failures: 0, Errors: 1, Time elapsed: 1.061 sec\n&gt;     [junit] [ERROR] TEST \n&gt; org.archive.crawler.settings.XMLSettingsHandlerTest FAILED\n&gt;     [junit] Running org.archive.util.DiskBackedQueueTest\n&gt;     [junit] Tests run: 5, Failures: 0, Errors: 1, Time elapsed: 0.391 sec\n&gt;     [junit] [ERROR] TEST org.archive.util.DiskBackedQueueTest FAILED\n&gt;  \n&gt; using Maven 1.0rc2, Sun Java 1.4.2, CLASSPATH unset.   When maven runs \n&gt; verbosely, all the classpath entries appear to come either from the \n&gt; heritrix libs or from /usr/share/maven/lib.\n&gt;  \n&gt; I opened a bug on sourceforge with the test logs attached, but haven&#39;t \n&gt; delved any deeper yet.\n&gt;  \n&gt; &#39;Tis a puzzlement.\n&gt;  \n&gt; Andy Boyko   aboy@... &lt;mailto:aboy@...&gt;\n&gt; Library of Congress\n&gt;  \n&gt;  \n&gt;\n&gt; &gt;&gt;&gt; stack@... 5/14/2004 2:16:34 PM &gt;&gt;&gt;\n&gt; penguinoamante2 wrote:\n&gt;\n&gt; &gt;When compiling heritrix witih maven it fails one of the tests:\n&gt; &gt;This is from heritrix-0.6.0-src.tar.gz.\n&gt; &gt;\n&gt; &gt;test:test:\n&gt; &gt;    [junit] Running\n&gt; &gt;org.archive.crawler.datamodel.settings.CrawlerSettingsTest\n&gt; &gt;    [junit] Tests run: 2, Failures: 0, Errors: 0, Time elapsed: 0.867\n&gt; &gt;sec\n&gt; &gt;    [junit] Running\n&gt; &gt;org.archive.crawler.datamodel.settings.XMLSettingsHandlerTest\n&gt; &gt;    [junit] Tests run: 5, Failures: 0, Errors: 1, Time elapsed: 1.297\n&gt; &gt;sec\n&gt; &gt;    [junit] [ERROR] TEST\n&gt; &gt;org.archive.crawler.datamodel.settings.XMLSettingsHandlerTest FAILED\n&gt; &gt;\n&gt; &gt;BUILD FAILED\n&gt; &gt;File...... file:/root/.maven/plugins/maven-test-pl\n&gt; &gt;ugin-1.5/plugin.jelly\n&gt; &gt;Element... fail\n&gt; &gt;Line...... 148\n&gt; &gt;Column.... 54\n&gt; &gt;There were test failures.\n&gt; &gt;Total time: 39 seconds\n&gt; &gt;Finished at: Fri May 14 11:35:45 MDT 2004\n&gt; &gt;\n&gt; &gt;I don&#39;t care if one of the tests failed.  How do I compile it?  Why is\n&gt; &gt;everything java related so complicated?! \n&gt; &gt;\n&gt; &gt; \n&gt; &gt;\n&gt; Sorry.  Its a lot to bite off if you ain&#39;t swimming in it every day\n&gt; (Even then...).\n&gt;\n&gt; &gt;I&#39;m new to this, and your comments are very appreciated.\n&gt; &gt;\n&gt; &gt; \n&gt; &gt;\n&gt; The way our build is written, it runs tests before it produces jars or\n&gt; distributions.\n&gt;\n&gt; You don&#39;t want to just download the built binary and avoid the build\n&gt; altogether?\n&gt;\n&gt; Unfortunately, I just tried a build with the 0.6.0 src using maven rc2\n&gt; and sun java and it worked so its hard for me to help.\n&gt;\n&gt; Tell me more about your environment (maven version, java version, \n&gt; platform).\n&gt;\n&gt; Yours,\n&gt; St.Ack\n&gt;\n&gt;\n&gt;\n&gt; &gt;\n&gt; &gt;\n&gt; &gt;\n&gt; &gt;Yahoo! Groups Links\n&gt; &gt;\n&gt; &gt;\n&gt; &gt;\n&gt; &gt;\n&gt; &gt;\n&gt; &gt; \n&gt; &gt;\n&gt;\n&gt;\n&gt;\n&gt;\n&gt;\n&gt; Yahoo! Groups Links\n&gt;\n&gt;\n&gt;\n&gt;\n&gt;\n&gt;\n&gt; *Yahoo! Groups Sponsor*\n&gt; ADVERTISEMENT\n&gt; &lt;http://rd.yahoo.com/SIG=129l61b8l/M=295196.4901138.6071305.3001176/D=groups/S=1705004924:HM/EXP=1084977652/A=2128215/R=0/SIG=10se96mf6/*http://companion.yahoo.com&gt; \n&gt;\n&gt;\n&gt;\n&gt; ------------------------------------------------------------------------\n&gt; *Yahoo! Groups Links*\n&gt;\n&gt;     * To visit your group on the web, go to:\n&gt;       http://groups.yahoo.com/group/archive-crawler/\n&gt;        \n&gt;     * To unsubscribe from this group, send an email to:\n&gt;       archive-crawler-unsubscribe@yahoogroups.com\n&gt;       &lt;mailto:archive-crawler-unsubscribe@yahoogroups.com?subject=Unsubscribe&gt;\n&gt;        \n&gt;     * Your use of Yahoo! Groups is subject to the Yahoo! Terms of\n&gt;       Service &lt;http://docs.yahoo.com/info/terms/&gt;.\n&gt;\n&gt;\n\n\n"}}