{"ygPerms":{"resourceCapabilityList":[{"resourceType":"GROUP","capabilities":[{"name":"READ"},{"name":"JOIN"}]},{"resourceType":"PHOTO","capabilities":[]},{"resourceType":"FILE","capabilities":[]},{"resourceType":"MEMBER","capabilities":[]},{"resourceType":"LINK","capabilities":[]},{"resourceType":"CALENDAR","capabilities":[]},{"resourceType":"DATABASE","capabilities":[]},{"resourceType":"POLL","capabilities":[]},{"resourceType":"MESSAGE","capabilities":[{"name":"READ"}]},{"resourceType":"PENDING_MESSAGE","capabilities":[]},{"resourceType":"ATTACHMENTS","capabilities":[{"name":"READ"}]},{"resourceType":"PHOTOMATIC_ALBUMS","capabilities":[]},{"resourceType":"MEMBERSHIP_TYPE","capabilities":[]},{"resourceType":"POST","capabilities":[{"name":"READ"}]},{"resourceType":"PIN","capabilities":[]}],"groupUrl":"groups.yahoo.com","intlCode":"us"},"comscore":"pageview_candidate","ygData":{"userId":191387937,"authorName":"pandae667","from":"&quot;pandae667&quot; &lt;aaron667@...&gt;","profile":"pandae667","replyTo":"LIST","senderId":"1YGdaocs2D9VZ7pvExmqcO0kaQ11PuAa0VEMODJmAG9-rK66y-OuTqaajoGKUFaKIXjEY8oQMLYnZEMJ6voODzN2J8t6","spamInfo":{"isSpam":false,"reason":"6"},"subject":"Re: Maven-Build errors","postDate":"1183195951","msgId":4397,"canDelete":false,"contentTrasformed":false,"systemMessage":false,"headers":{"messageIdInHeader":"PGY2NTd2ZiszOTdmQGVHcm91cHMuY29tPg==","inReplyToHeader":"PGY2M2Z0MCs5YXFuQGVHcm91cHMuY29tPg=="},"prevInTopic":4395,"nextInTopic":4398,"prevInTime":4396,"nextInTime":4398,"topicId":4391,"numMessagesInTopic":7,"msgSnippet":"Hi waisovsky, take a look at the corresponding test-reports (to be found under ./target/test-reports/TEST*.txt) and tell us what they tell you... Regards Olaf","rawEmail":"Return-Path: &lt;aaron667@...&gt;\r\nX-Sender: aaron667@...\r\nX-Apparently-To: archive-crawler@yahoogroups.com\r\nReceived: (qmail 69344 invoked from network); 30 Jun 2007 09:32:35 -0000\r\nReceived: from unknown (66.218.66.68)\n  by m48.grp.scd.yahoo.com with QMQP; 30 Jun 2007 09:32:35 -0000\r\nReceived: from unknown (HELO n13b.bullet.sp1.yahoo.com) (69.147.64.113)\n  by mta11.grp.scd.yahoo.com with SMTP; 30 Jun 2007 09:32:35 -0000\r\nReceived: from [216.252.122.218] by n13.bullet.sp1.yahoo.com with NNFMP; 30 Jun 2007 09:32:31 -0000\r\nReceived: from [66.218.69.2] by t3.bullet.sp1.yahoo.com with NNFMP; 30 Jun 2007 09:32:31 -0000\r\nReceived: from [66.218.66.74] by t2.bullet.scd.yahoo.com with NNFMP; 30 Jun 2007 09:32:31 -0000\r\nDate: Sat, 30 Jun 2007 09:32:31 -0000\r\nTo: archive-crawler@yahoogroups.com\r\nMessage-ID: &lt;f657vf+397f@...&gt;\r\nIn-Reply-To: &lt;f63ft0+9aqn@...&gt;\r\nUser-Agent: eGroups-EW/0.82\r\nMIME-Version: 1.0\r\nContent-Type: text/plain; charset=&quot;ISO-8859-1&quot;\r\nContent-Transfer-Encoding: quoted-printable\r\nX-Mailer: Yahoo Groups Message Poster\r\nX-Yahoo-Newman-Property: groups-compose\r\nX-eGroups-Msg-Info: 1:6:0:0\r\nFrom: &quot;pandae667&quot; &lt;aaron667@...&gt;\r\nSubject: Re: Maven-Build errors\r\nX-Yahoo-Group-Post: member; u=191387937; y=HUqLr-3nLkg-7Wk7rh8EJyvhQIgizcCorky3cQ6NjUq90i8x\r\nX-Yahoo-Profile: pandae667\r\n\r\nHi waisovsky,\n\ntake a look at the corresponding test-reports (to be found u=\r\nnder\n./target/test-reports/TEST*.txt) and tell us what they tell you...\n\nRe=\r\ngards\n  Olaf Freyer\n\n\n--- In archive-crawler@yahoogroups.com, &quot;waisovsky&quot; &lt;=\r\nmiro786@...&gt; wrote:\n&gt;\n&gt; well I tried a lot and still no success:\n&gt; here are=\r\n the test which fails:\n&gt; \n&gt;\n-----------------------------------------------=\r\n---------------------------\n&gt; test:test:\n&gt;   \n&gt;     [junit] Tests run: 4, F=\r\nailures: 0, Errors: 4, Time elapsed:\n9,375 sec\n&gt;     [junit] [ERROR] TEST\n&gt;=\r\n org.archive.crawler.extractor.ExtractorHTMLTest FAILED\n&gt;     ...\n&gt;     [ju=\r\nnit] Tests run: 5, Failures: 0, Errors: 5, Time elapsed:\n2,609 sec\n&gt;     [j=\r\nunit] [ERROR] TEST\n&gt; org.archive.crawler.extractor.JerichoExtractorHTMLTest=\r\n FAILED\n&gt;     ...\n&gt;     [junit] Tests run: 6, Failures: 1, Errors: 0, Time =\r\nelapsed:\n0,969 sec\n&gt;     [junit] [ERROR] TEST\n&gt; org.archive.crawler.setting=\r\ns.XMLSettingsHandlerTest FAILED\n&gt;     ...\n&gt;     [junit] Tests run: 9, Failu=\r\nres: 0, Errors: 1, Time elapsed: 0,39 sec\n&gt;     [junit] [ERROR] TEST org.ar=\r\nchive.io.ReplayCharSequenceTest FAILED\n&gt;     \n&gt; Total time: 1 minutes 54 se=\r\nconds\n&gt; Finished at: Fri Jun 29 19:30:56 CEST 2007\n&gt; \n&gt;\n-------------------=\r\n-------------------------------------------------------\n&gt; \n&gt; any idea?\n&gt; \n&gt;=\r\n Best,\n&gt; m\n&gt;\n\n\n\n"}}