{"ygPerms":{"resourceCapabilityList":[{"resourceType":"GROUP","capabilities":[{"name":"READ"},{"name":"JOIN"}]},{"resourceType":"PHOTO","capabilities":[]},{"resourceType":"FILE","capabilities":[]},{"resourceType":"MEMBER","capabilities":[]},{"resourceType":"LINK","capabilities":[]},{"resourceType":"CALENDAR","capabilities":[]},{"resourceType":"DATABASE","capabilities":[]},{"resourceType":"POLL","capabilities":[]},{"resourceType":"MESSAGE","capabilities":[{"name":"READ"}]},{"resourceType":"PENDING_MESSAGE","capabilities":[]},{"resourceType":"ATTACHMENTS","capabilities":[{"name":"READ"}]},{"resourceType":"PHOTOMATIC_ALBUMS","capabilities":[]},{"resourceType":"MEMBERSHIP_TYPE","capabilities":[]},{"resourceType":"POST","capabilities":[{"name":"READ"}]},{"resourceType":"PIN","capabilities":[]}],"groupUrl":"groups.yahoo.com","intlCode":"us"},"comscore":"pageview_candidate","ygData":{"userId":202034705,"authorName":"Michael Stack","from":"Michael Stack &lt;stack@...&gt;","profile":"stackarchiveorg","replyTo":"LIST","senderId":"aUT-_e5sWPfjJ-T9AcJiVDM0VGqeiwEzPkmKoBJUeqi1-cl_k3o51mS9blANFh3WuxlkKAl7Q1fxF8Lzqc4L8fFkgfPb2Ag","spamInfo":{"isSpam":false,"reason":"12"},"subject":"Re: [archive-crawler] Unable to build Heritrix by maven","postDate":"1190086458","msgId":4547,"canDelete":false,"contentTrasformed":false,"systemMessage":false,"headers":{"messageIdInHeader":"PDQ2RUY0NzNBLjIwMTA3MDdAZHVib2NlLm5ldD4=","inReplyToHeader":"PDAwNzAwMWM3Zjk5ZCRlOTY0ODg1MCQwNDUyYThjMEBocWNoZW5nPg==","referencesHeader":"PDAwNzAwMWM3Zjk5ZCRlOTY0ODg1MCQwNDUyYThjMEBocWNoZW5nPg=="},"prevInTopic":4546,"nextInTopic":4549,"prevInTime":4546,"nextInTime":4548,"topicId":4546,"numMessagesInTopic":4,"msgSnippet":"Check the tests that failed. Could they be failing because you are running on windows -- Heritrix is not officially supported on windows -- or perhaps","rawEmail":"Return-Path: &lt;stack@...&gt;\r\nX-Sender: stack@...\r\nX-Apparently-To: archive-crawler@yahoogroups.com\r\nReceived: (qmail 83583 invoked from network); 18 Sep 2007 03:35:57 -0000\r\nReceived: from unknown (66.218.66.68)\n  by m55.grp.scd.yahoo.com with QMQP; 18 Sep 2007 03:35:57 -0000\r\nReceived: from unknown (HELO mail2.apgcanada.netvigour.com) (65.109.252.168)\n  by mta11.grp.scd.yahoo.com with SMTP; 18 Sep 2007 03:35:57 -0000\r\nReceived: from incoming-imf1.netvigour.com ([10.201.10.9]) by mail2.apgcanada.netvigour.com with Microsoft SMTPSVC(6.0.3790.3959);\n\t Mon, 17 Sep 2007 23:31:49 -0400\r\nReceived: from durruti.local ([63.203.238.117]) by incoming-imf1.netvigour.com with Microsoft SMTPSVC(6.0.3790.1830);\n\t Mon, 17 Sep 2007 23:31:48 -0400\r\nMessage-ID: &lt;46EF473A.2010707@...&gt;\r\nDate: Mon, 17 Sep 2007 20:34:18 -0700\r\nUser-Agent: Thunderbird 2.0.0.6 (Macintosh/20070728)\r\nMIME-Version: 1.0\r\nTo: archive-crawler@yahoogroups.com\r\nReferences: &lt;007001c7f99d$e9648850$0452a8c0@hqcheng&gt;\r\nIn-Reply-To: &lt;007001c7f99d$e9648850$0452a8c0@hqcheng&gt;\r\nContent-Type: text/plain; charset=GB2312\r\nContent-Transfer-Encoding: 8bit\r\nReturn-Path: stack@...\r\nX-OriginalArrivalTime: 18 Sep 2007 03:31:48.0221 (UTC) FILETIME=[71C7A2D0:01C7F9A4]\r\nX-eGroups-Msg-Info: 1:12:0:0:0\r\nFrom: Michael Stack &lt;stack@...&gt;\r\nSubject: Re: [archive-crawler] Unable to build Heritrix by maven\r\nX-Yahoo-Group-Post: member; u=202034705; y=0iDS8a3zGQTvAIxVOxeynWdqaplKHHqkbuzmOPhH_peQBhGGZ0YkP0AX\r\nX-Yahoo-Profile: stackarchiveorg\r\n\r\nCheck the tests that failed. Could they be failing because you are\nrunning on windows -- Heritrix is not &#39;officially&#39; supported on windows\n-- or perhaps because they are making presumption about the\nlocale/native-encoding that do not hold on your (Chinese?) system.\n\nSt.Ack\n\n\n\nCarolyn wrote:\n&gt;\n&gt; Hello,\n&gt; I have a problem: I failed to build Heritrix by maven.\n&gt; Heritrix(selftest) can run successfully in ecilpse, but maven failed\n&gt; to build the project. There are several junit testcases failed, and\n&gt; though &quot;target/distributions&quot; and &quot;target/generated-xdocs&quot; are\n&gt; created, nothing is generated in them.\n&gt; I think I may have made some mistakes for the configuration of\n&gt; Heritrix or Maven, maybe you can help me to find solutions to the\n&gt; problem. Thanks so much.\n&gt; Here are the messages which are printed by maven:\n&gt; D:&#92;notehere&#92;��Դ&#92;Heritrix&#92;workingFolder&#92;heritrix&gt;maven dist\n&gt; __ __\n&gt; | &#92;/ |__ _Apache__ ___\n&gt; | |&#92;/| / _` &#92; V / -_) &#39; &#92; ~ intelligent projects ~\n&gt; |_| |_&#92;__,_|&#92;_/&#92;___|_||_| v. 1.0.2\n&gt; build:start:\n&gt; dist:build-setup:\n&gt; [delete] Deleting directory D:&#92;notehere&#92;��Դ&#92;Heritrix&#92;workingFolder&#92;\n&gt; heritrix&#92;target&#92;distributions\n&gt; [mkdir] Created dir: D:&#92;notehere&#92;��Դ&#92;Heritrix&#92;workingFolder&#92;heritrix&#92;\n&gt; target&#92;distributions\n&gt; xdoc:init:\n&gt; java:prepare-filesystem:\n&gt; java:compile:\n&gt; [echo] Compiling to D:&#92;notehere&#92;��Դ&#92;Heritrix&#92;workingFolder&#92;\n&gt; heritrix/target/classes\n&gt; java:jar-resources:\n&gt; test:prepare-filesystem:\n&gt; test:test-resources:\n&gt; test:compile:\n&gt; test:test:\n&gt; [junit] Running org.apache.commons.pool.impl.FairGenericObjectPoolTest\n&gt; [junit] Tests run: 1, Failures: 0, Errors: 0, Time elapsed: 10.609 sec\n&gt; [junit] Running org.archive.crawler.datamodel.CandidateURITest\n&gt; [junit] Tests run: 1, Failures: 0, Errors: 0, Time elapsed: 1.032 sec\n&gt; [junit] Running org.archive.crawler.datamodel.CrawlURITest\n&gt; [junit] Tests run: 2, Failures: 0, Errors: 0, Time elapsed: 0.719 sec\n&gt; [junit] Running org.archive.crawler.datamodel.CredentialStoreTest\n&gt; [junit] Tests run: 1, Failures: 0, Errors: 0, Time elapsed: 2.484 sec\n&gt; [junit] Running org.archive.crawler.datamodel.RobotstxtTest\n&gt; [junit] Tests run: 1, Failures: 0, Errors: 0, Time elapsed: 0.266 sec\n&gt; [junit] Running org.archive.crawler.datamodel.ServerCacheTest\n&gt; [junit] Tests run: 2, Failures: 0, Errors: 0, Time elapsed: 0.5 sec\n&gt; [junit] Running org.archive.crawler.deciderules.ConfiguredDecideRuleTest\n&gt; [junit] Tests run: 4, Failures: 0, Errors: 0, Time elapsed: 0.328 sec\n&gt; [junit] Running org.archive.crawler.deciderules.DecideRuleSequenceTest\n&gt; [junit] Tests run: 19, Failures: 0, Errors: 0, Time elapsed: 0.531 sec\n&gt; [junit] Running org.archive.crawler.extractor.ExtractorHTMLTest\n&gt; [junit] Tests run: 4, Failures: 0, Errors: 4, Time elapsed: 10.031 sec\n&gt; [junit] [ERROR] TEST org.archive.crawler.extractor.ExtractorHTMLTest\n&gt; FAILED\n&gt; [junit] Running org.archive.crawler.extractor.ExtractorImpliedURITest\n&gt; [junit] Tests run: 1, Failures: 0, Errors: 0, Time elapsed: 0.281 sec\n&gt; [junit] Running org.archive.crawler.extractor.ExtractorURITest\n&gt; [junit] Tests run: 4, Failures: 0, Errors: 0, Time elapsed: 0.36 sec\n&gt; [junit] Running org.archive.crawler.extractor.JerichoExtractorHTMLTest\n&gt; [junit] Tests run: 5, Failures: 0, Errors: 5, Time elapsed: 2.625 sec\n&gt; [junit] [ERROR] TEST\n&gt; org.archive.crawler.extractor.JerichoExtractorHTMLTest FAILED\n&gt; [junit] Running org.archive.crawler.filter.FilePatternFilterTest\n&gt; [junit] Tests run: 1, Failures: 0, Errors: 0, Time elapsed: 0.281 sec\n&gt; [junit] Running org.archive.crawler.filter.PathologicalPathFilterTest\n&gt; [junit] Tests run: 1, Failures: 0, Errors: 0, Time elapsed: 0.312 sec\n&gt; [junit] Running org.archive.crawler.frontier.AdaptiveRevisitHostQueueTest\n&gt; [junit] Tests run: 1, Failures: 0, Errors: 0, Time elapsed: 9.593 sec\n&gt; [junit] Running org.archive.crawler.frontier.BdbMultipleWorkQueuesTest\n&gt; [junit] Tests run: 1, Failures: 0, Errors: 0, Time elapsed: 0.406 sec\n&gt; [junit] Running org.archive.crawler.frontier.RecoveryJournalTest\n&gt; [junit] Tests run: 1, Failures: 0, Errors: 0, Time elapsed: 0.359 sec\n&gt; [junit] Running org.archive.crawler.scope.DomainScopeTest\n&gt; [junit] Tests run: 2, Failures: 0, Errors: 0, Time elapsed: 0.516 sec\n&gt; [junit] Running org.archive.crawler.scope.SeedCachingScopeTest\n&gt; [junit] Tests run: 2, Failures: 0, Errors: 0, Time elapsed: 0.422 sec\n&gt; [junit] Running org.archive.crawler.scope.SeedFileIteratorTest\n&gt; [junit] Tests run: 2, Failures: 0, Errors: 0, Time elapsed: 0.312 sec\n&gt; [junit] Running org.archive.crawler.settings.CrawlerSettingsTest\n&gt; [junit] Tests run: 5, Failures: 0, Errors: 0, Time elapsed: 0.578 sec\n&gt; [junit] Running org.archive.crawler.settings.MapTypeTest\n&gt; [junit] Tests run: 9, Failures: 0, Errors: 0, Time elapsed: 0.563 sec\n&gt; [junit] Running org.archive.crawler.settings.OverrideTest\n&gt; [junit] Tests run: 2, Failures: 0, Errors: 0, Time elapsed: 0.375 sec\n&gt; [junit] Running\n&gt; org.archive.crawler.settings.refinements.TimespanCriteriaTest\n&gt; [junit] Tests run: 1, Failures: 0, Errors: 0, Time elapsed: 0.266 sec\n&gt; [junit] Running org.archive.crawler.settings.SimpleTypeTest\n&gt; [junit] Tests run: 8, Failures: 0, Errors: 0, Time elapsed: 0.265 sec\n&gt; [junit] Running org.archive.crawler.settings.XMLSettingsHandlerTest\n&gt; [junit] Tests run: 6, Failures: 1, Errors: 0, Time elapsed: 0.828 sec\n&gt; [junit] [ERROR] TEST\n&gt; org.archive.crawler.settings.XMLSettingsHandlerTest FAILED\n&gt; [junit] Running org.archive.crawler.url.canonicalize.FixupQueryStrTest\n&gt; [junit] Tests run: 1, Failures: 0, Errors: 0, Time elapsed: 0.312 sec\n&gt; [junit] Running org.archive.crawler.url.canonicalize.LowercaseRuleTest\n&gt; [junit] Tests run: 1, Failures: 0, Errors: 0, Time elapsed: 0.344 sec\n&gt; [junit] Running org.archive.crawler.url.canonicalize.RegexRuleTest\n&gt; [junit] Tests run: 3, Failures: 0, Errors: 0, Time elapsed: 0.39 sec\n&gt; [junit] Running org.archive.crawler.url.canonicalize.StripSessionCFIDsTest\n&gt; [junit] Tests run: 1, Failures: 0, Errors: 0, Time elapsed: 0.328 sec\n&gt; [junit] Running org.archive.crawler.url.canonicalize.StripSessionIDsTest\n&gt; [junit] Tests run: 1, Failures: 0, Errors: 0, Time elapsed: 0.328 sec\n&gt; [junit] Running org.archive.crawler.url.canonicalize.StripUserinfoRuleTest\n&gt; [junit] Tests run: 1, Failures: 0, Errors: 0, Time elapsed: 0.328 sec\n&gt; [junit] Running org.archive.crawler.url.canonicalize.StripWWWNRuleTest\n&gt; [junit] Tests run: 1, Failures: 0, Errors: 0, Time elapsed: 0.359 sec\n&gt; [junit] Running org.archive.crawler.url.canonicalize.StripWWWRuleTest\n&gt; [junit] Tests run: 1, Failures: 0, Errors: 0, Time elapsed: 0.359 sec\n&gt; [junit] Running org.archive.crawler.url.CanonicalizerTest\n&gt; [junit] Tests run: 1, Failures: 0, Errors: 0, Time elapsed: 0.422 sec\n&gt; [junit] Running org.archive.crawler.util.BdbUriUniqFilterTest\n&gt; [junit] Tests run: 6, Failures: 0, Errors: 0, Time elapsed: 2.562 sec\n&gt; [junit] Running org.archive.crawler.util.BloomUriUniqFilterTest\n&gt; [junit] Tests run: 3, Failures: 0, Errors: 0, Time elapsed: 0.75 sec\n&gt; [junit] Running org.archive.crawler.util.FPUriUniqFilterTest\n&gt; [junit] Tests run: 4, Failures: 0, Errors: 0, Time elapsed: 0.485 sec\n&gt; [junit] Running org.archive.crawler.util.IoUtilsTest\n&gt; [junit] Tests run: 1, Failures: 0, Errors: 0, Time elapsed: 0.281 sec\n&gt; [junit] Running org.archive.crawler.util.TransformTest\n&gt; [junit] Tests run: 3, Failures: 0, Errors: 0, Time elapsed: 0.438 sec\n&gt; [junit] Running org.archive.io.arc.ARCReaderFactoryTest\n&gt; [junit] Tests run: 2, Failures: 0, Errors: 0, Time elapsed: 1.125 sec\n&gt; [junit] Running org.archive.io.arc.ARCWriterPoolTest\n&gt; [junit] Tests run: 2, Failures: 0, Errors: 0, Time elapsed: 1.688 sec\n&gt; [junit] Running org.archive.io.arc.ARCWriterTest\n&gt; [junit] Tests run: 15, Failures: 0, Errors: 0, Time elapsed: 0.829 sec\n&gt; [junit] Running org.archive.io.BufferedSeekInputStreamTest\n&gt; [junit] Tests run: 1, Failures: 0, Errors: 0, Time elapsed: 0.297 sec\n&gt; [junit] Running org.archive.io.GzippedInputStreamTest\n&gt; [junit] Tests run: 2, Failures: 0, Errors: 0, Time elapsed: 0.297 sec\n&gt; [junit] Running org.archive.io.RecordingInputStreamTest\n&gt; [junit] Tests run: 1, Failures: 0, Errors: 0, Time elapsed: 11.5 sec\n&gt; [junit] Running org.archive.io.RecordingOutputStreamTest\n&gt; [junit] Tests run: 4, Failures: 0, Errors: 0, Time elapsed: 0.312 sec\n&gt; [junit] Running org.archive.io.ReplayCharSequenceTest\n&gt; [junit] Tests run: 9, Failures: 0, Errors: 1, Time elapsed: 0.609 sec\n&gt; [junit] [ERROR] TEST org.archive.io.ReplayCharSequenceTest FAILED\n&gt; [junit] Running org.archive.io.RepositionableInputStreamTest\n&gt; [junit] Tests run: 1, Failures: 0, Errors: 0, Time elapsed: 0.25 sec\n&gt; [junit] Running org.archive.io.SinkHandlerTest\n&gt; [junit] Tests run: 1, Failures: 0, Errors: 0, Time elapsed: 0.297 sec\n&gt; [junit] Running org.archive.io.warc.ExperimentalWARCWriterTest\n&gt; [junit] Tests run: 9, Failures: 0, Errors: 0, Time elapsed: 0.906 sec\n&gt; [junit] Running org.archive.io.warc.v10.ExperimentalWARCWriterTest\n&gt; [junit] Tests run: 9, Failures: 0, Errors: 0, Time elapsed: 0.641 sec\n&gt; [junit] Running org.archive.io.warc.v10.WARCRecordTest\n&gt; [junit] Tests run: 1, Failures: 0, Errors: 0, Time elapsed: 0.266 sec\n&gt; [junit] Running org.archive.net.UURIFactoryTest\n&gt; [junit] Tests run: 47, Failures: 0, Errors: 0, Time elapsed: 0.562 sec\n&gt; [junit] Running org.archive.net.UURITest\n&gt; [junit] Tests run: 2, Failures: 0, Errors: 0, Time elapsed: 0.265 sec\n&gt; [junit] Running org.archive.queue.MemQueueTest\n&gt; [junit] Tests run: 3, Failures: 0, Errors: 0, Time elapsed: 0.281 sec\n&gt; [junit] Running org.archive.uid.UUIDGeneratorTest\n&gt; [junit] Tests run: 1, Failures: 0, Errors: 0, Time elapsed: 0.312 sec\n&gt; [junit] Running org.archive.util.anvl.ANVLRecordTest\n&gt; [junit] Tests run: 7, Failures: 0, Errors: 0, Time elapsed: 0.25 sec\n&gt; [junit] Running org.archive.util.ArchiveUtilsTest\n&gt; [junit] Tests run: 16, Failures: 0, Errors: 0, Time elapsed: 19.14 sec\n&gt; [junit] Running org.archive.util.CachedBdbMapTest\n&gt; [junit] Tests run: 1, Failures: 0, Errors: 0, Time elapsed: 1.266 sec\n&gt; [junit] Running org.archive.util.FileUtilsTest\n&gt; [junit] Tests run: 3, Failures: 0, Errors: 0, Time elapsed: 0.359 sec\n&gt; [junit] Running org.archive.util.fingerprint.ArrayLongFPCacheTest\n&gt; [junit] Tests run: 4, Failures: 0, Errors: 0, Time elapsed: 0.422 sec\n&gt; [junit] Running org.archive.util.fingerprint.LongFPSetCacheTest\n&gt; [junit] Tests run: 5, Failures: 0, Errors: 0, Time elapsed: 0.484 sec\n&gt; [junit] Running org.archive.util.fingerprint.MemLongFPSetTest\n&gt; [junit] Tests run: 6, Failures: 0, Errors: 0, Time elapsed: 0.297 sec\n&gt; [junit] Running org.archive.util.IoUtilsTest\n&gt; [junit] Tests run: 1, Failures: 0, Errors: 0, Time elapsed: 0.265 sec\n&gt; [junit] Running org.archive.util.JmxUtilsTest\n&gt; [junit] Tests run: 1, Failures: 0, Errors: 0, Time elapsed: 0.328 sec\n&gt; [junit] Running org.archive.util.MimetypeUtilsTest\n&gt; [junit] Tests run: 3, Failures: 0, Errors: 0, Time elapsed: 0.234 sec\n&gt; [junit] Running org.archive.util.ms.DocTest\n&gt; [junit] Tests run: 1, Failures: 0, Errors: 0, Time elapsed: 0.75 sec\n&gt; [junit] Running org.archive.util.ms.PieceReaderTest\n&gt; [junit] Tests run: 1, Failures: 0, Errors: 0, Time elapsed: 0.297 sec\n&gt; [junit] Running org.archive.util.PaddingStringBufferTest\n&gt; [junit] Tests run: 11, Failures: 0, Errors: 0, Time elapsed: 0.297 sec\n&gt; [junit] Running org.archive.util.SurtPrefixSetTest\n&gt; [junit] Tests run: 2, Failures: 0, Errors: 0, Time elapsed: 0.312 sec\n&gt; [junit] Running org.archive.util.SURTTest\n&gt; [junit] Tests run: 3, Failures: 0, Errors: 0, Time elapsed: 0.265 sec\n&gt; [junit] Running org.archive.util.TextUtilsTest\n&gt; [junit] Tests run: 4, Failures: 0, Errors: 0, Time elapsed: 0.375 sec\n&gt; BUILD FAILED\n&gt; File...... C:&#92;Documents and\n&gt; Settings&#92;carolyn&#92;.maven&#92;cache&#92;maven-test-plugin-1.6.\n&gt; 2&#92;plugin.jelly\n&gt; Element... fail\n&gt; Line...... 181\n&gt; Column.... 54\n&gt; There were test failures.\n&gt; Total time: 2 minutes 38 seconds\n&gt; Finished at: Tue Sep 18 10:14:15 CST 2007\n&gt; D:&#92;notehere&#92;��Դ&#92;Heritrix&#92;workingFolder&#92;heritrix&gt;\n&gt;\n&gt; Thanks a lot,\n&gt; Carolyn\n&gt;  \n\n\n"}}