{"ygPerms":{"resourceCapabilityList":[{"resourceType":"GROUP","capabilities":[{"name":"READ"},{"name":"JOIN"}]},{"resourceType":"PHOTO","capabilities":[]},{"resourceType":"FILE","capabilities":[]},{"resourceType":"MEMBER","capabilities":[]},{"resourceType":"LINK","capabilities":[]},{"resourceType":"CALENDAR","capabilities":[]},{"resourceType":"DATABASE","capabilities":[]},{"resourceType":"POLL","capabilities":[]},{"resourceType":"MESSAGE","capabilities":[{"name":"READ"}]},{"resourceType":"PENDING_MESSAGE","capabilities":[]},{"resourceType":"ATTACHMENTS","capabilities":[{"name":"READ"}]},{"resourceType":"PHOTOMATIC_ALBUMS","capabilities":[]},{"resourceType":"MEMBERSHIP_TYPE","capabilities":[]},{"resourceType":"POST","capabilities":[{"name":"READ"}]},{"resourceType":"PIN","capabilities":[]}],"groupUrl":"groups.yahoo.com","intlCode":"us"},"comscore":"pageview_candidate","ygData":{"userId":191387937,"authorName":"Aaron","from":"Aaron &lt;aaron667@...&gt;","profile":"pandae667","replyTo":"LIST","senderId":"yek_Sky8TkzGnn4G27j7cxJyRrztt6b8LVJ-4KwREA0aKYeDDyVnIiwp5TPa-RjQuzPGqx2vKs9Zobl_xfKu","spamInfo":{"isSpam":false,"reason":"12"},"subject":"Re: [archive-crawler] Unable to build Heritrix by maven","postDate":"1190099002","msgId":4549,"canDelete":false,"contentTrasformed":false,"systemMessage":false,"headers":{"messageIdInHeader":"PDQ2RUY3ODNBLjQwOTAzMDVAZ214Lm5ldD4=","inReplyToHeader":"PDAwNzAwMWM3Zjk5ZCRlOTY0ODg1MCQwNDUyYThjMEBocWNoZW5nPg==","referencesHeader":"PDAwNzAwMWM3Zjk5ZCRlOTY0ODg1MCQwNDUyYThjMEBocWNoZW5nPg=="},"prevInTopic":4547,"nextInTopic":4556,"prevInTime":4548,"nextInTime":4550,"topicId":4546,"numMessagesInTopic":4,"msgSnippet":"Hi Carolyn, one of the issues seems to be the one reported over here: http://webteam.archive.org/jira/browse/HER-1221 Regards Olaf Freyer","rawEmail":"Return-Path: &lt;aaron667@...&gt;\r\nX-Sender: aaron667@...\r\nX-Apparently-To: archive-crawler@yahoogroups.com\r\nReceived: (qmail 53220 invoked from network); 18 Sep 2007 07:06:57 -0000\r\nReceived: from unknown (66.218.66.71)\n  by m55.grp.scd.yahoo.com with QMQP; 18 Sep 2007 07:06:57 -0000\r\nReceived: from unknown (HELO mail.gmx.net) (213.165.64.20)\n  by mta13.grp.scd.yahoo.com with SMTP; 18 Sep 2007 07:06:56 -0000\r\nReceived: (qmail invoked by alias); 18 Sep 2007 07:02:44 -0000\r\nReceived: from dslb-088-073-085-246.pools.arcor-ip.net (EHLO [127.0.0.1]) [88.73.85.246]\n  by mail.gmx.net (mp017) with SMTP; 18 Sep 2007 09:02:44 +0200\r\nX-Authenticated: #12510340\r\nX-Provags-ID: V01U2FsdGVkX19G4EtgA75GTPPnXTij8VhGGTonybLeYU6B65ptkQ\n\tm5pLr21W/pdCs0\r\nMessage-ID: &lt;46EF783A.4090305@...&gt;\r\nDate: Tue, 18 Sep 2007 09:03:22 +0200\r\nUser-Agent: Thunderbird 2.0.0.6 (Windows/20070728)\r\nMIME-Version: 1.0\r\nTo: archive-crawler@yahoogroups.com\r\nReferences: &lt;007001c7f99d$e9648850$0452a8c0@hqcheng&gt;\r\nIn-Reply-To: &lt;007001c7f99d$e9648850$0452a8c0@hqcheng&gt;\r\nContent-Type: text/plain; charset=GB2312\r\nContent-Transfer-Encoding: 8bit\r\nX-Antivirus: avast! (VPS 000775-1, 17.09.2007), Outbound message\r\nX-Antivirus-Status: Clean\r\nX-Y-GMX-Trusted: 0\r\nX-eGroups-Msg-Info: 1:12:0:0:0\r\nFrom: Aaron &lt;aaron667@...&gt;\r\nSubject: Re: [archive-crawler] Unable to build Heritrix by maven\r\nX-Yahoo-Group-Post: member; u=191387937; y=pE0yLJ9WfKI5_7-I5WzyHU-49x0YBVFhwKPDSC74GmJIGItj\r\nX-Yahoo-Profile: pandae667\r\n\r\nHi Carolyn,\n\none of the issues seems to be the one reported over here:\nhttp://webteam.archive.org/jira/browse/HER-1221\n\nRegards\n  Olaf Freyer\n\nCarolyn schrieb:\n&gt; \n&gt; \n&gt; Hello,\n&gt;  \n&gt; I have a problem: I failed to build Heritrix by maven.\n&gt;  \n&gt; Heritrix(selftest) can run successfully in ecilpse, but maven failed to \n&gt; build the project. There are several junit testcases failed, and though \n&gt; &quot;target/distributions&quot; and &quot;target/generated-xdocs&quot; are created, nothing \n&gt; is generated in them.\n&gt;  \n&gt; I think I may have made some mistakes for the configuration of Heritrix \n&gt; or Maven, maybe you can help me to find solutions to the problem. Thanks \n&gt; so much.\n&gt;  \n&gt; Here are the messages which are printed by maven:\n&gt;  \n&gt; D:&#92;notehere&#92;��Դ&#92;Heritrix&#92;workingFolder&#92;heritrix&gt;maven dist\n&gt;  __  __\n&gt; |  &#92;/  |__ _Apache__ ___\n&gt; | |&#92;/| / _` &#92; V / -_) &#39; &#92;  ~ intelligent projects ~\n&gt; |_|  |_&#92;__,_|&#92;_/&#92;___|_||_|  v. 1.0.2\n&gt;  \n&gt; build:start:\n&gt;  \n&gt; dist:build-setup:\n&gt;     [delete] Deleting directory D:&#92;notehere&#92;��Դ&#92;Heritrix&#92;workingFolder&#92; \n&gt; heritrix&#92;target&#92;distributions\n&gt;     [mkdir] Created dir: D:&#92;notehere&#92;��Դ&#92;Heritrix&#92;workingFolder&#92; \n&gt; heritrix&#92;target&#92;distributions\n&gt;  \n&gt; xdoc:init:\n&gt;  \n&gt; java:prepare-filesystem:\n&gt;  \n&gt; java:compile:\n&gt;     [echo] Compiling to D:&#92;notehere&#92;��Դ&#92;Heritrix&#92;workingFolder&#92; \n&gt; heritrix/target/classes\n&gt;  \n&gt; java:jar-resources:\n&gt;  \n&gt; test:prepare-filesystem:\n&gt;  \n&gt; test:test-resources:\n&gt;  \n&gt; test:compile:\n&gt;  \n&gt; test:test:\n&gt;     [junit] Running org.apache.commons.pool.impl.FairGenericObjectPoolTest\n&gt;     [junit] Tests run: 1, Failures: 0, Errors: 0, Time elapsed: 10.609 sec\n&gt;     [junit] Running org.archive.crawler.datamodel.CandidateURITest\n&gt;     [junit] Tests run: 1, Failures: 0, Errors: 0, Time elapsed: 1.032 sec\n&gt;     [junit] Running org.archive.crawler.datamodel.CrawlURITest\n&gt;     [junit] Tests run: 2, Failures: 0, Errors: 0, Time elapsed: 0.719 sec\n&gt;     [junit] Running org.archive.crawler.datamodel.CredentialStoreTest\n&gt;     [junit] Tests run: 1, Failures: 0, Errors: 0, Time elapsed: 2.484 sec\n&gt;     [junit] Running org.archive.crawler.datamodel.RobotstxtTest\n&gt;     [junit] Tests run: 1, Failures: 0, Errors: 0, Time elapsed: 0.266 sec\n&gt;     [junit] Running org.archive.crawler.datamodel.ServerCacheTest\n&gt;     [junit] Tests run: 2, Failures: 0, Errors: 0, Time elapsed: 0.5 sec\n&gt;     [junit] Running org.archive.crawler.deciderules.ConfiguredDecideRuleTest\n&gt;     [junit] Tests run: 4, Failures: 0, Errors: 0, Time elapsed: 0.328 sec\n&gt;     [junit] Running org.archive.crawler.deciderules.DecideRuleSequenceTest\n&gt;     [junit] Tests run: 19, Failures: 0, Errors: 0, Time elapsed: 0.531 sec\n&gt;     [junit] Running org.archive.crawler.extractor.ExtractorHTMLTest\n&gt;     [junit] Tests run: 4, Failures: 0, Errors: 4, Time elapsed: 10.031 sec\n&gt;     [junit] [ERROR] TEST org.archive.crawler.extractor.ExtractorHTMLTest \n&gt; FAILED\n&gt;     [junit] Running org.archive.crawler.extractor.ExtractorImpliedURITest\n&gt;     [junit] Tests run: 1, Failures: 0, Errors: 0, Time elapsed: 0.281 sec\n&gt;     [junit] Running org.archive.crawler.extractor.ExtractorURITest\n&gt;     [junit] Tests run: 4, Failures: 0, Errors: 0, Time elapsed: 0.36 sec\n&gt;     [junit] Running org.archive.crawler.extractor.JerichoExtractorHTMLTest\n&gt;     [junit] Tests run: 5, Failures: 0, Errors: 5, Time elapsed: 2.625 sec\n&gt;     [junit] [ERROR] TEST \n&gt; org.archive.crawler.extractor.JerichoExtractorHTMLTest FAILED\n&gt;     [junit] Running org.archive.crawler.filter.FilePatternFilterTest\n&gt;     [junit] Tests run: 1, Failures: 0, Errors: 0, Time elapsed: 0.281 sec\n&gt;     [junit] Running org.archive.crawler.filter.PathologicalPathFilterTest\n&gt;     [junit] Tests run: 1, Failures: 0, Errors: 0, Time elapsed: 0.312 sec\n&gt;     [junit] Running \n&gt; org.archive.crawler.frontier.AdaptiveRevisitHostQueueTest\n&gt;     [junit] Tests run: 1, Failures: 0, Errors: 0, Time elapsed: 9.593 sec\n&gt;     [junit] Running org.archive.crawler.frontier.BdbMultipleWorkQueuesTest\n&gt;     [junit] Tests run: 1, Failures: 0, Errors: 0, Time elapsed: 0.406 sec\n&gt;     [junit] Running org.archive.crawler.frontier.RecoveryJournalTest\n&gt;     [junit] Tests run: 1, Failures: 0, Errors: 0, Time elapsed: 0.359 sec\n&gt;     [junit] Running org.archive.crawler.scope.DomainScopeTest\n&gt;     [junit] Tests run: 2, Failures: 0, Errors: 0, Time elapsed: 0.516 sec\n&gt;     [junit] Running org.archive.crawler.scope.SeedCachingScopeTest\n&gt;     [junit] Tests run: 2, Failures: 0, Errors: 0, Time elapsed: 0.422 sec\n&gt;     [junit] Running org.archive.crawler.scope.SeedFileIteratorTest\n&gt;     [junit] Tests run: 2, Failures: 0, Errors: 0, Time elapsed: 0.312 sec\n&gt;     [junit] Running org.archive.crawler.settings.CrawlerSettingsTest\n&gt;     [junit] Tests run: 5, Failures: 0, Errors: 0, Time elapsed: 0.578 sec\n&gt;     [junit] Running org.archive.crawler.settings.MapTypeTest\n&gt;     [junit] Tests run: 9, Failures: 0, Errors: 0, Time elapsed: 0.563 sec\n&gt;     [junit] Running org.archive.crawler.settings.OverrideTest\n&gt;     [junit] Tests run: 2, Failures: 0, Errors: 0, Time elapsed: 0.375 sec\n&gt;     [junit] Running \n&gt; org.archive.crawler.settings.refinements.TimespanCriteriaTest\n&gt;     [junit] Tests run: 1, Failures: 0, Errors: 0, Time elapsed: 0.266 sec\n&gt;     [junit] Running org.archive.crawler.settings.SimpleTypeTest\n&gt;     [junit] Tests run: 8, Failures: 0, Errors: 0, Time elapsed: 0.265 sec\n&gt;     [junit] Running org.archive.crawler.settings.XMLSettingsHandlerTest\n&gt;     [junit] Tests run: 6, Failures: 1, Errors: 0, Time elapsed: 0.828 sec\n&gt;     [junit] [ERROR] TEST \n&gt; org.archive.crawler.settings.XMLSettingsHandlerTest FAILED\n&gt;     [junit] Running org.archive.crawler.url.canonicalize.FixupQueryStrTest\n&gt;     [junit] Tests run: 1, Failures: 0, Errors: 0, Time elapsed: 0.312 sec\n&gt;     [junit] Running org.archive.crawler.url.canonicalize.LowercaseRuleTest\n&gt;     [junit] Tests run: 1, Failures: 0, Errors: 0, Time elapsed: 0.344 sec\n&gt;     [junit] Running org.archive.crawler.url.canonicalize.RegexRuleTest\n&gt;     [junit] Tests run: 3, Failures: 0, Errors: 0, Time elapsed: 0.39 sec\n&gt;     [junit] Running \n&gt; org.archive.crawler.url.canonicalize.StripSessionCFIDsTest\n&gt;     [junit] Tests run: 1, Failures: 0, Errors: 0, Time elapsed: 0.328 sec\n&gt;     [junit] Running org.archive.crawler.url.canonicalize.StripSessionIDsTest\n&gt;     [junit] Tests run: 1, Failures: 0, Errors: 0, Time elapsed: 0.328 sec\n&gt;     [junit] Running \n&gt; org.archive.crawler.url.canonicalize.StripUserinfoRuleTest\n&gt;     [junit] Tests run: 1, Failures: 0, Errors: 0, Time elapsed: 0.328 sec\n&gt;     [junit] Running org.archive.crawler.url.canonicalize.StripWWWNRuleTest\n&gt;     [junit] Tests run: 1, Failures: 0, Errors: 0, Time elapsed: 0.359 sec\n&gt;     [junit] Running org.archive.crawler.url.canonicalize.StripWWWRuleTest\n&gt;     [junit] Tests run: 1, Failures: 0, Errors: 0, Time elapsed: 0.359 sec\n&gt;     [junit] Running org.archive.crawler.url.CanonicalizerTest\n&gt;     [junit] Tests run: 1, Failures: 0, Errors: 0, Time elapsed: 0.422 sec\n&gt;     [junit] Running org.archive.crawler.util.BdbUriUniqFilterTest\n&gt;     [junit] Tests run: 6, Failures: 0, Errors: 0, Time elapsed: 2.562 sec\n&gt;     [junit] Running org.archive.crawler.util.BloomUriUniqFilterTest\n&gt;     [junit] Tests run: 3, Failures: 0, Errors: 0, Time elapsed: 0.75 sec\n&gt;     [junit] Running org.archive.crawler.util.FPUriUniqFilterTest\n&gt;     [junit] Tests run: 4, Failures: 0, Errors: 0, Time elapsed: 0.485 sec\n&gt;     [junit] Running org.archive.crawler.util.IoUtilsTest\n&gt;     [junit] Tests run: 1, Failures: 0, Errors: 0, Time elapsed: 0.281 sec\n&gt;     [junit] Running org.archive.crawler.util.TransformTest\n&gt;     [junit] Tests run: 3, Failures: 0, Errors: 0, Time elapsed: 0.438 sec\n&gt;     [junit] Running org.archive.io.arc.ARCReaderFactoryTest\n&gt;     [junit] Tests run: 2, Failures: 0, Errors: 0, Time elapsed: 1.125 sec\n&gt;     [junit] Running org.archive.io.arc.ARCWriterPoolTest\n&gt;     [junit] Tests run: 2, Failures: 0, Errors: 0, Time elapsed: 1.688 sec\n&gt;     [junit] Running org.archive.io.arc.ARCWriterTest\n&gt;     [junit] Tests run: 15, Failures: 0, Errors: 0, Time elapsed: 0.829 sec\n&gt;     [junit] Running org.archive.io.BufferedSeekInputStreamTest\n&gt;     [junit] Tests run: 1, Failures: 0, Errors: 0, Time elapsed: 0.297 sec\n&gt;     [junit] Running org.archive.io.GzippedInputStreamTest\n&gt;     [junit] Tests run: 2, Failures: 0, Errors: 0, Time elapsed: 0.297 sec\n&gt;     [junit] Running org.archive.io.RecordingInputStreamTest\n&gt;     [junit] Tests run: 1, Failures: 0, Errors: 0, Time elapsed: 11.5 sec\n&gt;     [junit] Running org.archive.io.RecordingOutputStreamTest\n&gt;     [junit] Tests run: 4, Failures: 0, Errors: 0, Time elapsed: 0.312 sec\n&gt;     [junit] Running org.archive.io.ReplayCharSequenceTest\n&gt;     [junit] Tests run: 9, Failures: 0, Errors: 1, Time elapsed: 0.609 sec\n&gt;     [junit] [ERROR] TEST org.archive.io.ReplayCharSequenceTest FAILED\n&gt;     [junit] Running org.archive.io.RepositionableInputStreamTest\n&gt;     [junit] Tests run: 1, Failures: 0, Errors: 0, Time elapsed: 0.25 sec\n&gt;     [junit] Running org.archive.io.SinkHandlerTest\n&gt;     [junit] Tests run: 1, Failures: 0, Errors: 0, Time elapsed: 0.297 sec\n&gt;     [junit] Running org.archive.io.warc.ExperimentalWARCWriterTest\n&gt;     [junit] Tests run: 9, Failures: 0, Errors: 0, Time elapsed: 0.906 sec\n&gt;     [junit] Running org.archive.io.warc.v10.ExperimentalWARCWriterTest\n&gt;     [junit] Tests run: 9, Failures: 0, Errors: 0, Time elapsed: 0.641 sec\n&gt;     [junit] Running org.archive.io.warc.v10.WARCRecordTest\n&gt;     [junit] Tests run: 1, Failures: 0, Errors: 0, Time elapsed: 0.266 sec\n&gt;     [junit] Running org.archive.net.UURIFactoryTest\n&gt;     [junit] Tests run: 47, Failures: 0, Errors: 0, Time elapsed: 0.562 sec\n&gt;     [junit] Running org.archive.net.UURITest\n&gt;     [junit] Tests run: 2, Failures: 0, Errors: 0, Time elapsed: 0.265 sec\n&gt;     [junit] Running org.archive.queue.MemQueueTest\n&gt;     [junit] Tests run: 3, Failures: 0, Errors: 0, Time elapsed: 0.281 sec\n&gt;     [junit] Running org.archive.uid.UUIDGeneratorTest\n&gt;     [junit] Tests run: 1, Failures: 0, Errors: 0, Time elapsed: 0.312 sec\n&gt;     [junit] Running org.archive.util.anvl.ANVLRecordTest\n&gt;     [junit] Tests run: 7, Failures: 0, Errors: 0, Time elapsed: 0.25 sec\n&gt;     [junit] Running org.archive.util.ArchiveUtilsTest\n&gt;     [junit] Tests run: 16, Failures: 0, Errors: 0, Time elapsed: 19.14 sec\n&gt;     [junit] Running org.archive.util.CachedBdbMapTest\n&gt;     [junit] Tests run: 1, Failures: 0, Errors: 0, Time elapsed: 1.266 sec\n&gt;     [junit] Running org.archive.util.FileUtilsTest\n&gt;     [junit] Tests run: 3, Failures: 0, Errors: 0, Time elapsed: 0.359 sec\n&gt;     [junit] Running org.archive.util.fingerprint.ArrayLongFPCacheTest\n&gt;     [junit] Tests run: 4, Failures: 0, Errors: 0, Time elapsed: 0.422 sec\n&gt;     [junit] Running org.archive.util.fingerprint.LongFPSetCacheTest\n&gt;     [junit] Tests run: 5, Failures: 0, Errors: 0, Time elapsed: 0.484 sec\n&gt;     [junit] Running org.archive.util.fingerprint.MemLongFPSetTest\n&gt;     [junit] Tests run: 6, Failures: 0, Errors: 0, Time elapsed: 0.297 sec\n&gt;     [junit] Running org.archive.util.IoUtilsTest\n&gt;     [junit] Tests run: 1, Failures: 0, Errors: 0, Time elapsed: 0.265 sec\n&gt;     [junit] Running org.archive.util.JmxUtilsTest\n&gt;     [junit] Tests run: 1, Failures: 0, Errors: 0, Time elapsed: 0.328 sec\n&gt;     [junit] Running org.archive.util.MimetypeUtilsTest\n&gt;     [junit] Tests run: 3, Failures: 0, Errors: 0, Time elapsed: 0.234 sec\n&gt;     [junit] Running org.archive.util.ms.DocTest\n&gt;     [junit] Tests run: 1, Failures: 0, Errors: 0, Time elapsed: 0.75 sec\n&gt;     [junit] Running org.archive.util.ms.PieceReaderTest\n&gt;     [junit] Tests run: 1, Failures: 0, Errors: 0, Time elapsed: 0.297 sec\n&gt;     [junit] Running org.archive.util.PaddingStringBufferTest\n&gt;     [junit] Tests run: 11, Failures: 0, Errors: 0, Time elapsed: 0.297 sec\n&gt;     [junit] Running org.archive.util.SurtPrefixSetTest\n&gt;     [junit] Tests run: 2, Failures: 0, Errors: 0, Time elapsed: 0.312 sec\n&gt;     [junit] Running org.archive.util.SURTTest\n&gt;     [junit] Tests run: 3, Failures: 0, Errors: 0, Time elapsed: 0.265 sec\n&gt;     [junit] Running org.archive.util.TextUtilsTest\n&gt;     [junit] Tests run: 4, Failures: 0, Errors: 0, Time elapsed: 0.375 sec\n&gt;  \n&gt; BUILD FAILED\n&gt; File...... C:&#92;Documents and \n&gt; Settings&#92;carolyn&#92;.maven&#92;cache&#92;maven-test-plugin-1.6.\n&gt; 2&#92;plugin.jelly\n&gt; Element... fail\n&gt; Line...... 181\n&gt; Column.... 54\n&gt; There were test failures.\n&gt; Total time: 2 minutes 38 seconds\n&gt; Finished at: Tue Sep 18 10:14:15 CST 2007\n&gt;  \n&gt; D:&#92;notehere&#92;��Դ&#92;Heritrix&#92;workingFolder&#92;heritrix&gt;\n&gt;  \n&gt;  \n&gt; \n&gt; Thanks a lot,\n&gt; Carolyn\n\n"}}