{"ygPerms":{"resourceCapabilityList":[{"resourceType":"GROUP","capabilities":[{"name":"READ"},{"name":"JOIN"}]},{"resourceType":"PHOTO","capabilities":[]},{"resourceType":"FILE","capabilities":[]},{"resourceType":"MEMBER","capabilities":[]},{"resourceType":"LINK","capabilities":[]},{"resourceType":"CALENDAR","capabilities":[]},{"resourceType":"DATABASE","capabilities":[]},{"resourceType":"POLL","capabilities":[]},{"resourceType":"MESSAGE","capabilities":[{"name":"READ"}]},{"resourceType":"PENDING_MESSAGE","capabilities":[]},{"resourceType":"ATTACHMENTS","capabilities":[{"name":"READ"}]},{"resourceType":"PHOTOMATIC_ALBUMS","capabilities":[]},{"resourceType":"MEMBERSHIP_TYPE","capabilities":[]},{"resourceType":"POST","capabilities":[{"name":"READ"}]},{"resourceType":"PIN","capabilities":[]}],"groupUrl":"groups.yahoo.com","intlCode":"us"},"comscore":"pageview_candidate","ygData":{"userId":6903103,"authorName":"Tom Emerson","from":"Tom Emerson &lt;Tree@...&gt;","profile":"tree02139","replyTo":"LIST","senderId":"zWeHl3ZD4jpmOsM5-q_822IpLjebrLrSdpnwFudgHYCPqM6iA0eu5ji-FesDaRzWmQqP8S9j9kPD0yIqhJ6cuF_eQ_PZwfU","spamInfo":{"isSpam":false,"reason":"0"},"subject":"Problems building from 10.0-src tarball with Maven 1.0-rc2","postDate":"1088807399","msgId":568,"canDelete":false,"contentTrasformed":false,"systemMessage":false,"headers":{"messageIdInHeader":"PDE2NjEzLjU3ODMxLjE1Mzc1Mi40MTczMDBAdGlwaGFyZXMuYmFzaXN0ZWNoLm5ldD4="},"prevInTopic":0,"nextInTopic":569,"prevInTime":567,"nextInTime":569,"topicId":568,"numMessagesInTopic":20,"msgSnippet":"Hi all, I am unable to build from the 10.0-src tarball under Maven 1.0-rc2, using either the dist or jar goal (I usually use jar since I haven t bothered","rawEmail":"Return-Path: &lt;Tree@...&gt;\r\nX-Sender: Tree@...\r\nX-Apparently-To: archive-crawler@yahoogroups.com\r\nReceived: (qmail 36864 invoked from network); 2 Jul 2004 22:30:42 -0000\r\nReceived: from unknown (66.218.66.172)\n  by m2.grp.scd.yahoo.com with QMQP; 2 Jul 2004 22:30:42 -0000\r\nReceived: from unknown (HELO mailserver.basistech.com) (199.88.205.4)\n  by mta4.grp.scd.yahoo.com with SMTP; 2 Jul 2004 22:30:42 -0000\r\nReceived: from postfix.basistech.com ([10.1.3.65] RDNS failed) by mailserver.basistech.com with Microsoft SMTPSVC(6.0.3790.0);\n\t Fri, 2 Jul 2004 18:29:59 -0400\r\nReceived: by postfix.basistech.com (Postfix, from userid 5007)\n\tid 4467816DE03; Fri,  2 Jul 2004 18:29:59 -0400 (EDT)\r\nMIME-Version: 1.0\r\nContent-Type: text/plain; charset=us-ascii\r\nContent-Transfer-Encoding: 7bit\r\nMessage-ID: &lt;16613.57831.153752.417300@...&gt;\r\nDate: Fri, 2 Jul 2004 18:29:59 -0400\r\nTo: archive-crawler@yahoogroups.com\r\nX-Mailer: VM 7.18 under Emacs 21.2.1\r\nReturn-Path: tree@...\r\nX-OriginalArrivalTime: 02 Jul 2004 22:29:59.0401 (UTC) FILETIME=[1BF1FD90:01C46084]\r\nX-eGroups-Remote-IP: 199.88.205.4\r\nFrom: Tom Emerson &lt;Tree@...&gt;\r\nReply-To: tree@...\r\nSubject: Problems building from 10.0-src tarball with Maven 1.0-rc2\r\nX-Yahoo-Group-Post: member; u=6903103\r\nX-Yahoo-Profile: tree02139\r\n\r\nHi all,\n\nI am unable to build from the 10.0-src tarball under Maven 1.0-rc2,\nusing either the &#39;dist&#39; or &#39;jar&#39; goal (I usually use &#39;jar&#39; since I\nhaven&#39;t bothered to install the doc generation plugins since I never\nintend to generate the doc). Things proceed OK, until the unit\ntests. It then stops after the unit tests and doesn&#39;t build the jar.\n\nHas anyone else seen failures in DiskBackedDequeTest and\nDiskStackTest?\n\n[...]\ntest:test:\n\n[blah blah]\n    [junit] Running org.archive.util.DiskBackedDequeTest\n    [junit] Tests run: 7, Failures: 2, Errors: 0, Time elapsed: 0.45 sec\n    [junit] [ERROR] TEST org.archive.util.DiskBackedDequeTest FAILED\n[blah blah]\n    [junit] Running org.archive.util.DiskStackTest\n    [junit] Tests run: 3, Failures: 2, Errors: 0, Time elapsed: 0.149 sec\n    [junit] [ERROR] TEST org.archive.util.DiskStackTest FAILED\n[blah blah]\n\nBUILD FAILED\nFile...... file:/Users/tree/.maven/plugins/maven-test-plugin-1.5/plugin.jelly\nElement... fail\nLine...... 148\nColumn.... 54\nThere were test failures.\nTotal time: 35 seconds\nFinished at: Fri Jul 02 18:25:44 EDT 2004\n\n\n-- \nTom Emerson                                          Basis Technology Corp.\nSoftware Architect                                 http://www.basistech.com\n  &quot;Beware the lollipop of mediocrity: lick it once and you suck forever&quot;\n\n"}}