{"ygPerms":{"resourceCapabilityList":[{"resourceType":"GROUP","capabilities":[{"name":"READ"},{"name":"JOIN"}]},{"resourceType":"PHOTO","capabilities":[]},{"resourceType":"FILE","capabilities":[]},{"resourceType":"MEMBER","capabilities":[]},{"resourceType":"LINK","capabilities":[]},{"resourceType":"CALENDAR","capabilities":[]},{"resourceType":"DATABASE","capabilities":[]},{"resourceType":"POLL","capabilities":[]},{"resourceType":"MESSAGE","capabilities":[{"name":"READ"}]},{"resourceType":"PENDING_MESSAGE","capabilities":[]},{"resourceType":"ATTACHMENTS","capabilities":[{"name":"READ"}]},{"resourceType":"PHOTOMATIC_ALBUMS","capabilities":[]},{"resourceType":"MEMBERSHIP_TYPE","capabilities":[]},{"resourceType":"POST","capabilities":[{"name":"READ"}]},{"resourceType":"PIN","capabilities":[]}],"groupUrl":"groups.yahoo.com","intlCode":"us"},"comscore":"pageview_candidate","ygData":{"userId":168599281,"authorName":"stack","from":"stack &lt;stack@...&gt;","replyTo":"LIST","senderId":"RUO0bTAQwcTT5XY6hH4cNKSAx1GdHPO0qJXBkc7xDFVW_w8csylq8Q-O_EhywCK8InvArmF_7EPnIGjXevmEEQ","spamInfo":{"isSpam":false,"reason":"0"},"subject":"Re: [archive-crawler] Problems building from 10.0-src tarball with Maven 1.0-rc2","postDate":"1088809184","msgId":569,"canDelete":false,"contentTrasformed":false,"systemMessage":false,"headers":{"messageIdInHeader":"PDQwRTVFOEUwLjkwNDA3MDhAYXJjaGl2ZS5vcmc+","inReplyToHeader":"PDE2NjEzLjU3ODMxLjE1Mzc1Mi40MTczMDBAdGlwaGFyZXMuYmFzaXN0ZWNoLm5ldD4=","referencesHeader":"PDE2NjEzLjU3ODMxLjE1Mzc1Mi40MTczMDBAdGlwaGFyZXMuYmFzaXN0ZWNoLm5ldD4="},"prevInTopic":568,"nextInTopic":570,"prevInTime":568,"nextInTime":570,"topicId":568,"numMessagesInTopic":20,"msgSnippet":"Are you running w/ a 2.6 kernel Tom?  The failures seemed to say so.  If you are, see Andy Boyko s notes in ","rawEmail":"Return-Path: &lt;stack@...&gt;\r\nX-Sender: stack@...\r\nX-Apparently-To: archive-crawler@yahoogroups.com\r\nReceived: (qmail 12241 invoked from network); 2 Jul 2004 23:06:11 -0000\r\nReceived: from unknown (66.218.66.217)\n  by m21.grp.scd.yahoo.com with QMQP; 2 Jul 2004 23:06:11 -0000\r\nReceived: from unknown (HELO ia00524.archive.org) (209.237.232.202)\n  by mta2.grp.scd.yahoo.com with SMTP; 2 Jul 2004 23:06:10 -0000\r\nReceived: (qmail 3148 invoked by uid 100); 2 Jul 2004 22:57:40 -0000\r\nReceived: from unknown (HELO ?209.237.240.13?) (stack@...@209.237.240.13)\n  by mail-dev.archive.org with SMTP; 2 Jul 2004 22:57:40 -0000\r\nMessage-ID: &lt;40E5E8E0.9040708@...&gt;\r\nDate: Fri, 02 Jul 2004 15:59:44 -0700\r\nUser-Agent: Mozilla/5.0 (X11; U; Linux i686; en-US; rv:1.7) Gecko/20040624 Debian/1.7-2\r\nX-Accept-Language: en\r\nMIME-Version: 1.0\r\nTo: archive-crawler@yahoogroups.com\r\nReferences: &lt;16613.57831.153752.417300@...&gt;\r\nIn-Reply-To: &lt;16613.57831.153752.417300@...&gt;\r\nContent-Type: text/plain; charset=ISO-8859-1; format=flowed\r\nContent-Transfer-Encoding: 7bit\r\nX-Spam-DCC: : \r\nX-Spam-Checker-Version: SpamAssassin 2.63 (2004-01-11) on ia00524.archive.org\r\nX-Spam-Level: \r\nX-Spam-Status: No, hits=0.4 required=6.0 tests=AWL autolearn=ham version=2.63\r\nX-eGroups-Remote-IP: 209.237.232.202\r\nFrom: stack &lt;stack@...&gt;\r\nSubject: Re: [archive-crawler] Problems building from 10.0-src tarball with\n Maven 1.0-rc2\r\nX-Yahoo-Group-Post: member; u=168599281\r\n\r\nAre you running w/ a 2.6 kernel Tom?  The failures seemed to say so.  If \nyou are, see Andy Boyko&#39;s notes in \nhttps://sourceforge.net/tracker/index.php?func=detail&aid=955975&group_id=73833&atid=539099.\nSt.Ack\n\n\n\nTom Emerson wrote:\n\n&gt;Hi all,\n&gt;\n&gt;I am unable to build from the 10.0-src tarball under Maven 1.0-rc2,\n&gt;using either the &#39;dist&#39; or &#39;jar&#39; goal (I usually use &#39;jar&#39; since I\n&gt;haven&#39;t bothered to install the doc generation plugins since I never\n&gt;intend to generate the doc). Things proceed OK, until the unit\n&gt;tests. It then stops after the unit tests and doesn&#39;t build the jar.\n&gt;\n&gt;Has anyone else seen failures in DiskBackedDequeTest and\n&gt;DiskStackTest?\n&gt;\n&gt;[...]\n&gt;test:test:\n&gt;\n&gt;[blah blah]\n&gt;    [junit] Running org.archive.util.DiskBackedDequeTest\n&gt;    [junit] Tests run: 7, Failures: 2, Errors: 0, Time elapsed: 0.45 sec\n&gt;    [junit] [ERROR] TEST org.archive.util.DiskBackedDequeTest FAILED\n&gt;[blah blah]\n&gt;    [junit] Running org.archive.util.DiskStackTest\n&gt;    [junit] Tests run: 3, Failures: 2, Errors: 0, Time elapsed: 0.149 sec\n&gt;    [junit] [ERROR] TEST org.archive.util.DiskStackTest FAILED\n&gt;[blah blah]\n&gt;\n&gt;BUILD FAILED\n&gt;File...... file:/Users/tree/.maven/plugins/maven-test-plugin-1.5/plugin.jelly\n&gt;Element... fail\n&gt;Line...... 148\n&gt;Column.... 54\n&gt;There were test failures.\n&gt;Total time: 35 seconds\n&gt;Finished at: Fri Jul 02 18:25:44 EDT 2004\n&gt;\n&gt;\n&gt;  \n&gt;\n\n\n"}}