{"ygPerms":{"resourceCapabilityList":[{"resourceType":"GROUP","capabilities":[{"name":"READ"},{"name":"JOIN"}]},{"resourceType":"PHOTO","capabilities":[]},{"resourceType":"FILE","capabilities":[]},{"resourceType":"MEMBER","capabilities":[]},{"resourceType":"LINK","capabilities":[]},{"resourceType":"CALENDAR","capabilities":[]},{"resourceType":"DATABASE","capabilities":[]},{"resourceType":"POLL","capabilities":[]},{"resourceType":"MESSAGE","capabilities":[{"name":"READ"}]},{"resourceType":"PENDING_MESSAGE","capabilities":[]},{"resourceType":"ATTACHMENTS","capabilities":[{"name":"READ"}]},{"resourceType":"PHOTOMATIC_ALBUMS","capabilities":[]},{"resourceType":"MEMBERSHIP_TYPE","capabilities":[]},{"resourceType":"POST","capabilities":[{"name":"READ"}]},{"resourceType":"PIN","capabilities":[]}],"groupUrl":"groups.yahoo.com","intlCode":"us"},"comscore":"pageview_candidate","ygData":{"userId":470615268,"authorName":"Xi Liu","from":"Xi Liu &lt;jason.liuxi@...&gt;","replyTo":"LIST","senderId":"G1CpSh_B01qNHxTomfugNfcQW1bZ8TeRyBNWHJyQQKPQf5oLF_PnrNV4uFO4IRwqjIkXryqFLQ00ciqMijE5Byu7f-qC","spamInfo":{"isSpam":false,"reason":"12"},"subject":"Failed to build heritrix in both jdk 1.6 and 1.5","postDate":"1291633520","msgId":6859,"canDelete":false,"contentTrasformed":false,"systemMessage":true,"headers":{"messageIdInHeader":"PEFBTkxrVGltNmZ1TWlib3g5TENMaVZPR3hYYUtGKzI3NDdGaXZNVVNZNGRTU0BtYWlsLmdtYWlsLmNvbT4="},"prevInTopic":0,"nextInTopic":6861,"prevInTime":6858,"nextInTime":6860,"topicId":6859,"numMessagesInTopic":2,"msgSnippet":"Hi all I got some problem with building heritrix. I will try not to miss something about the whole process but if I do please let me know. my machine is","rawEmail":"Return-Path: &lt;jason.liuxi@...&gt;\r\nReceived: (qmail 38926 invoked from network); 6 Dec 2010 15:39:59 -0000\r\nReceived: from unknown (66.196.94.105)\n  by m13.grp.re1.yahoo.com with QMQP; 6 Dec 2010 15:39:59 -0000\r\nReceived: from unknown (HELO n38b.bullet.mail.sp1.yahoo.com) (66.163.168.152)\n  by mta1.grp.re1.yahoo.com with SMTP; 6 Dec 2010 15:39:58 -0000\r\nDKIM-Signature: v=1; a=rsa-sha256; c=relaxed/relaxed; d=yahoogroups.com; s=lima; t=1291649998; bh=gJO1WdjjHwduAGW4cri4e+/xuTQzsdke+lB/r0UtPMs=; h=Received:Received:X-Sender:X-Apparently-To:X-Received:X-Received:X-Received:X-Received:MIME-Version:X-Received:X-Received:Date:Message-ID:To:Content-Type:X-Originating-IP:X-eGroups-Msg-Info:From:Subject:X-Yahoo-Group-Post:X-YGroups-SubInfo:Sender:X-Yahoo-Newman-Property:X-eGroups-Approved-By:X-eGroups-Auth; b=tTgAtPf1ltMEq/GZVwFf3C2sTgc5ItKzdXmOheeLw1iZCpUiMMBogtCzL1loy7/zlKSqAYw0YftR7J13aqyzuE5dPVigh8naVSo0Qn2aUYE4fvMSLK3T9ApVh4ztxEDk\r\nReceived: from [69.147.65.147] by n38.bullet.mail.sp1.yahoo.com with NNFMP; 06 Dec 2010 15:39:58 -0000\r\nReceived: from [98.137.34.72] by t10.bullet.mail.sp1.yahoo.com with NNFMP; 06 Dec 2010 15:39:57 -0000\r\nX-Sender: jason.liuxi@...\r\nX-Apparently-To: archive-crawler@yahoogroups.com\r\nX-Received: (qmail 64449 invoked from network); 6 Dec 2010 11:05:22 -0000\r\nX-Received: from unknown (98.137.34.45)\n  by m8.grp.sp2.yahoo.com with QMQP; 6 Dec 2010 11:05:22 -0000\r\nX-Received: from unknown (HELO mail-ew0-f42.google.com) (209.85.215.42)\n  by mta2.grp.sp2.yahoo.com with SMTP; 6 Dec 2010 11:05:21 -0000\r\nX-Received: by ewy1 with SMTP id 1so6412990ewy.29\n        for &lt;archive-crawler@yahoogroups.com&gt;; Mon, 06 Dec 2010 03:05:20 -0800 (PST)\r\nMIME-Version: 1.0\r\nX-Received: by 10.14.29.69 with SMTP id h45mr1088852eea.10.1291633520403; Mon,\n 06 Dec 2010 03:05:20 -0800 (PST)\r\nX-Received: by 10.14.47.15 with HTTP; Mon, 6 Dec 2010 03:05:20 -0800 (PST)\r\nDate: Mon, 6 Dec 2010 19:05:20 +0800\r\nMessage-ID: &lt;AANLkTim6fuMibox9LCLiVOGxXaKF+2747FivMUSY4dSS@...&gt;\r\nTo: archive-crawler@yahoogroups.com\r\nContent-Type: multipart/alternative; boundary=90e6ba1819da29e6660496bbddd7\r\nX-eGroups-Msg-Info: 1:12:0:0:0\r\nFrom: Xi Liu &lt;jason.liuxi@...&gt;\r\nSubject: Failed to build heritrix in both jdk 1.6 and 1.5\r\nX-Yahoo-Group-Post: member; u=470615268\r\nX-Yahoo-Newman-Property: groups-system\r\nX-eGroups-Approved-By: gojomo &lt;gojomo@...&gt; via web; 06 Dec 2010 15:39:57 -0000\r\n\r\n\r\n--90e6ba1819da29e6660496bbddd7\r\nContent-Type: text/plain; charset=ISO-8859-1\r\n\r\nHi all\nI got some problem with building heritrix. I will try not to miss something\nabout the whole process but if I do please let me know.\nmy machine is running debian testing, 2.6.32-5-amd64, the heritrix I use\nis heritrix-1.14.4-src.tar.gz downloaded from sourceforge, and build it\nusing maven 1.0.2, all as the manual said.\n\n\n*first I built it under java version &quot;1.6.0_22&quot; *\n*the unit test org.archive.util.CachedBdbMapTest FAILED*\nhere is the output of maven dist:\n\nPlugin cache will be regenerated\nAttempting to download commons-net-1.1.0.jar.\n139K downloaded\nAttempting to download jsch-0.1.5.jar.\n79K downloaded\nAttempting to download commons-jelly-tags-velocity-20030303.205659.jar.\n7K downloaded\nAttempting to download velocity-1.4-dev.jar.\n505K downloaded\nAttempting to download commons-jelly-tags-jsl-20030211.143151.jar.\n14K downloaded\nAttempting to download commons-jelly-tags-log-20030211.142821.jar.\n8K downloaded\nAttempting to download velocity-dvsl-0.45.jar.\n25K downloaded\nAttempting to download isorelax-20030108.jar.\n188K downloaded\nAttempting to download jing-20030619.jar.\n475K downloaded\nAttempting to download junit-3.8.1.jar.\n118K downloaded\nAttempting to download commons-jelly-tags-antlr-20030211.143720.jar.\n7K downloaded\nAttempting to download antlr-2.7.2.jar.\n349K downloaded\nAttempting to download commons-jelly-tags-html-20030317.100924.jar.\n5K downloaded\nAttempting to download nekohtml-0.7.7.jar.\n51K downloaded\nbuild:start:\n\ndist:build-setup:\n    [mkdir] Created dir:\n/home/liuxi/workspace/heritrix-1.14.4/target/distributions\n\nxdoc:init:\n    [mkdir] Created dir:\n/home/liuxi/workspace/heritrix-1.14.4/target/generated-xdocs\n    [mkdir] Created dir: /home/liuxi/workspace/heritrix-1.14.4/target/docs\n\njava:prepare-filesystem:\n    [mkdir] Created dir:\n/home/liuxi/workspace/heritrix-1.14.4/target/classes\n\njava:compile:\n    [echo] Compiling to /home/liuxi/workspace/heritrix-1.14.4/target/classes\n    [javac] Compiling 562 source files to\n/home/liuxi/workspace/heritrix-1.14.4/target/classes\n/home/liuxi/workspace/heritrix-1.14.4/src/java/org/archive/crawler/Heritrix.java:120:\nwarning: sun.net.www.protocol.file.FileURLConnection is Sun proprietary API\nand may be removed in a future release\nimport sun.net.www.protocol.file.FileURLConnection;\n                                ^\n/home/liuxi/workspace/heritrix-1.14.4/src/java/org/archive/crawler/Heritrix.java:1307:\nwarning: sun.net.www.protocol.file.FileURLConnection is Sun proprietary API\nand may be removed in a future release\n        } else if (connection instanceof FileURLConnection) {\n                                         ^\nNote: Some input files use or override a deprecated API.\nNote: Recompile with -Xlint:deprecation for details.\nNote: Some input files use unchecked or unsafe operations.\nNote: Recompile with -Xlint:unchecked for details.\n2 warnings\n\njava:jar-resources:\n    [copy] Copying 15 files to\n/home/liuxi/workspace/heritrix-1.14.4/target/conf\n    [copy] Copying 1 file to\n/home/liuxi/workspace/heritrix-1.14.4/target/conf\nCopying 2 files to /home/liuxi/workspace/heritrix-1.14.4/target/classes\nCopying 14 files to /home/liuxi/workspace/heritrix-1.14.4/target/classes\n\ntest:prepare-filesystem:\n    [mkdir] Created dir:\n/home/liuxi/workspace/heritrix-1.14.4/target/test-classes\n    [mkdir] Created dir:\n/home/liuxi/workspace/heritrix-1.14.4/target/test-reports\n\ntest:test-resources:\n\ntest:compile:\n    [javac] Compiling 562 source files to\n/home/liuxi/workspace/heritrix-1.14.4/target/test-classes\n/home/liuxi/workspace/heritrix-1.14.4/src/java/org/archive/crawler/Heritrix.java:120:\nwarning: sun.net.www.protocol.file.FileURLConnection is Sun proprietary API\nand may be removed in a future release\nimport sun.net.www.protocol.file.FileURLConnection;\n                                ^\n/home/liuxi/workspace/heritrix-1.14.4/src/java/org/archive/crawler/Heritrix.java:1307:\nwarning: sun.net.www.protocol.file.FileURLConnection is Sun proprietary API\nand may be removed in a future release\n        } else if (connection instanceof FileURLConnection) {\n                                         ^\nNote: Some input files use or override a deprecated API.\nNote: Recompile with -Xlint:deprecation for details.\nNote: Some input files use unchecked or unsafe operations.\nNote: Recompile with -Xlint:unchecked for details.\n2 warnings\n\ntest:test:\n    [junit] Running org.apache.commons.pool.impl.FairGenericObjectPoolTest\n    [junit] Tests run: 1, Failures: 0, Errors: 0, Time elapsed: 10.49 sec\n    [junit] Running org.archive.crawler.filter.PathologicalPathFilterTest\n    [junit] Tests run: 1, Failures: 0, Errors: 0, Time elapsed: 0.521 sec\n    [junit] Running org.archive.crawler.filter.FilePatternFilterTest\n    [junit] Tests run: 1, Failures: 0, Errors: 0, Time elapsed: 0.495 sec\n    [junit] Running org.archive.crawler.datamodel.ServerCacheTest\n    [junit] Tests run: 2, Failures: 0, Errors: 0, Time elapsed: 0.507 sec\n    [junit] Running org.archive.crawler.datamodel.RobotstxtTest\n    [junit] Tests run: 3, Failures: 0, Errors: 0, Time elapsed: 0.437 sec\n    [junit] Running org.archive.crawler.datamodel.CandidateURITest\n    [junit] Tests run: 1, Failures: 0, Errors: 0, Time elapsed: 0.524 sec\n    [junit] Running org.archive.crawler.datamodel.CrawlURITest\n    [junit] Tests run: 2, Failures: 0, Errors: 0, Time elapsed: 0.518 sec\n    [junit] Running org.archive.crawler.datamodel.CrawlServerTest\n    [junit] Tests run: 1, Failures: 0, Errors: 0, Time elapsed: 0.501 sec\n    [junit] Running org.archive.crawler.datamodel.CredentialStoreTest\n    [junit] Tests run: 1, Failures: 0, Errors: 0, Time elapsed: 0.917 sec\n    [junit] Running org.archive.crawler.url.CanonicalizerTest\n    [junit] Tests run: 1, Failures: 0, Errors: 0, Time elapsed: 0.6 sec\n    [junit] Running\norg.archive.crawler.url.canonicalize.StripSessionCFIDsTest\n    [junit] Tests run: 1, Failures: 0, Errors: 0, Time elapsed: 0.517 sec\n    [junit] Running org.archive.crawler.url.canonicalize.RegexRuleTest\n    [junit] Tests run: 3, Failures: 0, Errors: 0, Time elapsed: 0.558 sec\n    [junit] Running org.archive.crawler.url.canonicalize.StripSessionIDsTest\n    [junit] Tests run: 1, Failures: 0, Errors: 0, Time elapsed: 0.492 sec\n    [junit] Running org.archive.crawler.url.canonicalize.LowercaseRuleTest\n    [junit] Tests run: 1, Failures: 0, Errors: 0, Time elapsed: 0.514 sec\n    [junit] Running org.archive.crawler.url.canonicalize.StripWWWNRuleTest\n    [junit] Tests run: 1, Failures: 0, Errors: 0, Time elapsed: 0.493 sec\n    [junit] Running org.archive.crawler.url.canonicalize.StripWWWRuleTest\n    [junit] Tests run: 1, Failures: 0, Errors: 0, Time elapsed: 0.49 sec\n    [junit] Running org.archive.crawler.url.canonicalize.FixupQueryStrTest\n    [junit] Tests run: 1, Failures: 0, Errors: 0, Time elapsed: 0.474 sec\n    [junit] Running\norg.archive.crawler.url.canonicalize.StripUserinfoRuleTest\n    [junit] Tests run: 1, Failures: 0, Errors: 0, Time elapsed: 0.499 sec\n    [junit] Running org.archive.crawler.settings.CrawlerSettingsTest\n    [junit] Tests run: 5, Failures: 0, Errors: 0, Time elapsed: 0.704 sec\n    [junit] Running org.archive.crawler.settings.MapTypeTest\n    [junit] Tests run: 9, Failures: 0, Errors: 0, Time elapsed: 0.839 sec\n    [junit] Running org.archive.crawler.settings.XMLSettingsHandlerTest\n    [junit] Tests run: 7, Failures: 0, Errors: 0, Time elapsed: 1.103 sec\n    [junit] Running org.archive.crawler.settings.SimpleTypeTest\n    [junit] Tests run: 8, Failures: 0, Errors: 0, Time elapsed: 0.446 sec\n    [junit] Running org.archive.crawler.settings.OverrideTest\n    [junit] Tests run: 2, Failures: 0, Errors: 0, Time elapsed: 0.564 sec\n    [junit] Running\norg.archive.crawler.settings.refinements.TimespanCriteriaTest\n    [junit] Tests run: 1, Failures: 0, Errors: 0, Time elapsed: 0.454 sec\n    [junit] Running org.archive.crawler.deciderules.ConfiguredDecideRuleTest\n    [junit] Tests run: 4, Failures: 0, Errors: 0, Time elapsed: 0.52 sec\n    [junit] Running org.archive.crawler.deciderules.DecideRuleSequenceTest\n    [junit] Tests run: 19, Failures: 0, Errors: 0, Time elapsed: 0.704 sec\n    [junit] Running org.archive.crawler.frontier.RecoveryJournalTest\n    [junit] Tests run: 1, Failures: 0, Errors: 0, Time elapsed: 0.47 sec\n    [junit] Running org.archive.crawler.frontier.BdbMultipleWorkQueuesTest\n    [junit] Tests run: 1, Failures: 0, Errors: 0, Time elapsed: 0.697 sec\n    [junit] Running\norg.archive.crawler.frontier.AdaptiveRevisitHostQueueTest\n    [junit] Tests run: 1, Failures: 0, Errors: 0, Time elapsed: 8.436 sec\n    [junit] Running org.archive.crawler.scope.DomainScopeTest\n    [junit] Tests run: 2, Failures: 0, Errors: 0, Time elapsed: 0.572 sec\n    [junit] Running org.archive.crawler.scope.SeedFileIteratorTest\n    [junit] Tests run: 2, Failures: 0, Errors: 0, Time elapsed: 0.548 sec\n    [junit] Running org.archive.crawler.scope.SeedCachingScopeTest\n    [junit] Tests run: 2, Failures: 0, Errors: 0, Time elapsed: 0.585 sec\n    [junit] Running org.archive.crawler.util.FPUriUniqFilterTest\n    [junit] Tests run: 4, Failures: 0, Errors: 0, Time elapsed: 1.207 sec\n    [junit] Running org.archive.crawler.util.BdbUriUniqFilterTest\n    [junit] Tests run: 6, Failures: 0, Errors: 0, Time elapsed: 2.503 sec\n    [junit] Running org.archive.crawler.util.TransformTest\n    [junit] Tests run: 3, Failures: 0, Errors: 0, Time elapsed: 0.871 sec\n    [junit] Running org.archive.crawler.util.IoUtilsTest\n    [junit] Tests run: 1, Failures: 0, Errors: 0, Time elapsed: 0.474 sec\n    [junit] Running org.archive.crawler.util.BloomUriUniqFilterTest\n    [junit] Tests run: 3, Failures: 0, Errors: 0, Time elapsed: 1.86 sec\n    [junit] Running org.archive.crawler.extractor.ExtractorSWFTest\n    [junit] Tests run: 1, Failures: 0, Errors: 0, Time elapsed: 0.509 sec\n    [junit] Running org.archive.crawler.extractor.ExtractorImpliedURITest\n    [junit] Tests run: 1, Failures: 0, Errors: 0, Time elapsed: 0.453 sec\n    [junit] Running org.archive.crawler.extractor.JerichoExtractorHTMLTest\n    [junit] Tests run: 15, Failures: 0, Errors: 0, Time elapsed: 1.029 sec\n    [junit] Running org.archive.crawler.extractor.ExtractorHTMLTest\n    [junit] Tests run: 11, Failures: 0, Errors: 0, Time elapsed: 0.742 sec\n    [junit] Running org.archive.crawler.extractor.ExtractorURITest\n    [junit] Tests run: 4, Failures: 0, Errors: 0, Time elapsed: 0.525 sec\n    [junit] Running org.archive.uid.UUIDGeneratorTest\n    [junit] Tests run: 1, Failures: 0, Errors: 0, Time elapsed: 0.444 sec\n    [junit] Running org.archive.net.UURIFactoryTest\n    [junit] Tests run: 53, Failures: 0, Errors: 0, Time elapsed: 0.859 sec\n    [junit] Running org.archive.net.UURITest\n    [junit] Tests run: 2, Failures: 0, Errors: 0, Time elapsed: 0.457 sec\n    [junit] Running org.archive.net.PublicSuffixesTest\n    [junit] Tests run: 9, Failures: 0, Errors: 0, Time elapsed: 0.716 sec\n    [junit] Running org.archive.queue.StoredQueueTest\n    [junit] Tests run: 5, Failures: 0, Errors: 0, Time elapsed: 1.281 sec\n    [junit] Running org.archive.queue.MemQueueTest\n    [junit] Tests run: 3, Failures: 0, Errors: 0, Time elapsed: 0.416 sec\n    [junit] Running org.archive.io.GzippedInputStreamTest\n    [junit] Tests run: 2, Failures: 0, Errors: 0, Time elapsed: 0.437 sec\n    [junit] Running org.archive.io.RecordingOutputStreamTest\n    [junit] Tests run: 4, Failures: 0, Errors: 0, Time elapsed: 0.455 sec\n    [junit] Running org.archive.io.BufferedSeekInputStreamTest\n    [junit] Tests run: 1, Failures: 0, Errors: 0, Time elapsed: 0.432 sec\n    [junit] Running org.archive.io.warc.WARCWriterTest\n    [junit] Tests run: 9, Failures: 0, Errors: 0, Time elapsed: 0.69 sec\n    [junit] Running org.archive.io.RecordingInputStreamTest\n    [junit] Tests run: 1, Failures: 0, Errors: 0, Time elapsed: 10.579 sec\n    [junit] Running org.archive.io.SinkHandlerTest\n    [junit] Tests run: 1, Failures: 0, Errors: 0, Time elapsed: 0.465 sec\n    [junit] Running org.archive.io.arc.ARCWriterTest\n    [junit] Tests run: 18, Failures: 0, Errors: 0, Time elapsed: 0.85 sec\n    [junit] Running org.archive.io.arc.ARCReaderFactoryTest\n    [junit] Tests run: 2, Failures: 0, Errors: 0, Time elapsed: 0.606 sec\n    [junit] Running org.archive.io.arc.ARCWriterPoolTest\n    [junit] Tests run: 2, Failures: 0, Errors: 0, Time elapsed: 1.657 sec\n    [junit] Running org.archive.io.ReplayCharSequenceTest\n    [junit] Tests run: 10, Failures: 0, Errors: 0, Time elapsed: 1.093 sec\n    [junit] Running org.archive.io.RepositionableInputStreamTest\n    [junit] Tests run: 1, Failures: 0, Errors: 0, Time elapsed: 0.425 sec\n    [junit] Running org.archive.util.UriUtilsTest\n    [junit] Tests run: 8, Failures: 0, Errors: 0, Time elapsed: 0.465 sec\n    [junit] Running org.archive.util.SurtPrefixSetTest\n    [junit] Tests run: 2, Failures: 0, Errors: 0, Time elapsed: 0.533 sec\n    [junit] Running org.archive.util.JmxUtilsTest\n    [junit] Tests run: 1, Failures: 0, Errors: 0, Time elapsed: 0.461 sec\n    [junit] Running org.archive.util.TextUtilsTest\n    [junit] Tests run: 4, Failures: 0, Errors: 0, Time elapsed: 0.448 sec\n    [junit] Running org.archive.util.ms.DocTest\n    [junit] Tests run: 1, Failures: 0, Errors: 0, Time elapsed: 0.606 sec\n    [junit] Running org.archive.util.ms.PieceReaderTest\n    [junit] Tests run: 1, Failures: 0, Errors: 0, Time elapsed: 0.459 sec\n    [junit] Running org.archive.util.anvl.ANVLRecordTest\n    [junit] Tests run: 7, Failures: 0, Errors: 0, Time elapsed: 0.467 sec\n    [junit] Running org.archive.util.ArchiveUtilsTest\n    [junit] Tests run: 17, Failures: 0, Errors: 0, Time elapsed: 26.461 sec\n    [junit] Running org.archive.util.SURTTest\n    [junit] Tests run: 3, Failures: 0, Errors: 0, Time elapsed: 0.438 sec\n    [junit] Running org.archive.util.IoUtilsTest\n    [junit] Tests run: 1, Failures: 0, Errors: 0, Time elapsed: 0.491 sec\n    [junit] Running org.archive.util.FileUtilsTest\n    [junit] Tests run: 3, Failures: 0, Errors: 0, Time elapsed: 0.541 sec\n    [junit] Running org.archive.util.MimetypeUtilsTest\n    [junit] Tests run: 3, Failures: 0, Errors: 0, Time elapsed: 0.448 sec\n    [junit] Running org.archive.util.PaddingStringBufferTest\n    [junit] Tests run: 11, Failures: 0, Errors: 0, Time elapsed: 0.502 sec\n    [junit] Running org.archive.util.CachedBdbMapTest\n    [junit] Tests run: 2, Failures: 1, Errors: 0, Time elapsed: 11.272 sec\n    [junit] [ERROR] TEST org.archive.util.CachedBdbMapTest FAILED\n    [junit] Running org.archive.util.InterruptibleCharSequenceTest\n    [junit] Tests run: 2, Failures: 0, Errors: 0, Time elapsed: 22.321 sec\n    [junit] Running org.archive.util.fingerprint.ArrayLongFPCacheTest\n    [junit] Tests run: 4, Failures: 0, Errors: 0, Time elapsed: 0.598 sec\n    [junit] Running org.archive.util.fingerprint.MemLongFPSetTest\n    [junit] Tests run: 6, Failures: 0, Errors: 0, Time elapsed: 0.598 sec\n    [junit] Running org.archive.util.fingerprint.LongFPSetCacheTest\n    [junit] Tests run: 5, Failures: 0, Errors: 0, Time elapsed: 0.495 sec\n\nBUILD FAILED\nFile...... /home/liuxi/.maven/cache/maven-test-plugin-1.6.2/plugin.jelly\nElement... fail\nLine...... 181\nColumn.... 54\nThere were test failures.\nTotal time: 4 minutes 40 seconds\nFinished at: Mon Dec 06 18:50:07 CST 2010\n\n\n*And then I pinned back to debian stable and switched to java version\n&quot;1.5.0_22&quot; using update-java-alternatives.*\n*and i got this\nerror: /home/liuxi/workspace/heritrix-1.14.4/src/java/org/archive/crawler/frontier/AdaptiveRevisitFrontier.java:1265:\nmethod does not override a method from its superclass*\nhere is the output of maven dist:\n\nPlugin cache will be regenerated\nAttempting to download commons-net-1.1.0.jar.\n139K downloaded\nAttempting to download jsch-0.1.5.jar.\n79K downloaded\nAttempting to download commons-jelly-tags-velocity-20030303.205659.jar.\n7K downloaded\nAttempting to download velocity-1.4-dev.jar.\n505K downloaded\nAttempting to download commons-jelly-tags-jsl-20030211.143151.jar.\n14K downloaded\nAttempting to download commons-jelly-tags-log-20030211.142821.jar.\n8K downloaded\nAttempting to download velocity-dvsl-0.45.jar.\n25K downloaded\nAttempting to download isorelax-20030108.jar.\n188K downloaded\nAttempting to download jing-20030619.jar.\n475K downloaded\nAttempting to download junit-3.8.1.jar.\n118K downloaded\nAttempting to download commons-jelly-tags-antlr-20030211.143720.jar.\n7K downloaded\nAttempting to download antlr-2.7.2.jar.\n349K downloaded\nAttempting to download commons-jelly-tags-html-20030317.100924.jar.\n5K downloaded\nAttempting to download nekohtml-0.7.7.jar.\n51K downloaded\nbuild:start:\n\ndist:build-setup:\n    [mkdir] Created dir:\n/home/liuxi/workspace/heritrix-1.14.4/target/distributions\n\nxdoc:init:\n    [mkdir] Created dir:\n/home/liuxi/workspace/heritrix-1.14.4/target/generated-xdocs\n    [mkdir] Created dir: /home/liuxi/workspace/heritrix-1.14.4/target/docs\n\njava:prepare-filesystem:\n    [mkdir] Created dir:\n/home/liuxi/workspace/heritrix-1.14.4/target/classes\n\njava:compile:\n    [echo] Compiling to /home/liuxi/workspace/heritrix-1.14.4/target/classes\n    [javac] Compiling 562 source files to\n/home/liuxi/workspace/heritrix-1.14.4/target/classes\n/home/liuxi/workspace/heritrix-1.14.4/src/java/org/archive/crawler/frontier/AdaptiveRevisitFrontier.java:1265:\nmethod does not override a method from its superclass\n    @Override\n     ^\nNote: Some input files use or override a deprecated API.\nNote: Recompile with -Xlint:deprecation for details.\nNote: Some input files use unchecked or unsafe operations.\nNote: Recompile with -Xlint:unchecked for details.\n1 error\n\nBUILD FAILED\nFile...... /home/liuxi/.maven/cache/maven-java-plugin-1.5/plugin.jelly\nElement... ant:javac\nLine...... 63\nColumn.... 48\nCompile failed; see the compiler error output for details.\nTotal time: 1 minutes 15 seconds\nFinished at: Mon Dec 06 19:01:02 CST 2010\n\n\nSorry for the long logs..And thank you in advance!\n\nLiu Xi\n\r\n--90e6ba1819da29e6660496bbddd7\r\nContent-Type: text/html; charset=ISO-8859-1\r\nContent-Transfer-Encoding: quoted-printable\r\n\r\nHi all&lt;div&gt;I got some problem with building heritrix. I will try not to mis=\r\ns something about the whole process but if I do please let me know.&lt;/div&gt;&lt;d=\r\niv&gt;my machine is running debian testing,=A02.6.32-5-amd64, the heritrix I u=\r\nse is=A0heritrix-1.14.4-src.tar.gz downloaded from sourceforge, and build i=\r\nt using maven 1.0.2, all as the manual said.&lt;/div&gt;\n&lt;div&gt;&lt;br&gt;&lt;/div&gt;&lt;div&gt;&lt;br&gt;=\r\n&lt;/div&gt;&lt;div&gt;&lt;b&gt;first I built it under=A0java version &quot;1.6.0_22&quot;=A0=\r\n&lt;/b&gt;&lt;/div&gt;&lt;div&gt;&lt;b&gt;the unit test=A0org.archive.util.CachedBdbMapTest FAILED&lt;=\r\n/b&gt;&lt;/div&gt;&lt;div&gt;here is the output of maven dist:&lt;/div&gt;\n&lt;div&gt;&lt;br&gt;&lt;/div&gt;&lt;div&gt;&lt;=\r\ndiv&gt;Plugin cache will be regenerated&lt;/div&gt;&lt;div&gt;Attempting to download commo=\r\nns-net-1.1.0.jar.&lt;/div&gt;&lt;div&gt;139K downloaded&lt;/div&gt;&lt;div&gt;Attempting to downloa=\r\nd jsch-0.1.5.jar.&lt;/div&gt;&lt;div&gt;79K downloaded&lt;/div&gt;&lt;div&gt;\nAttempting to downloa=\r\nd commons-jelly-tags-velocity-20030303.205659.jar.&lt;/div&gt;&lt;div&gt;7K downloaded&lt;=\r\n/div&gt;&lt;div&gt;Attempting to download velocity-1.4-dev.jar.&lt;/div&gt;&lt;div&gt;505K downl=\r\noaded&lt;/div&gt;&lt;div&gt;Attempting to download commons-jelly-tags-jsl-20030211.1431=\r\n51.jar.&lt;/div&gt;\n&lt;div&gt;14K downloaded&lt;/div&gt;&lt;div&gt;Attempting to download commons-=\r\njelly-tags-log-20030211.142821.jar.&lt;/div&gt;&lt;div&gt;8K downloaded&lt;/div&gt;&lt;div&gt;Attem=\r\npting to download velocity-dvsl-0.45.jar.&lt;/div&gt;&lt;div&gt;25K downloaded&lt;/div&gt;&lt;di=\r\nv&gt;Attempting to download isorelax-20030108.jar.&lt;/div&gt;\n&lt;div&gt;188K downloaded&lt;=\r\n/div&gt;&lt;div&gt;Attempting to download jing-20030619.jar.&lt;/div&gt;&lt;div&gt;475K download=\r\ned&lt;/div&gt;&lt;div&gt;Attempting to download junit-3.8.1.jar.&lt;/div&gt;&lt;div&gt;118K downloa=\r\nded&lt;/div&gt;&lt;div&gt;Attempting to download commons-jelly-tags-antlr-20030211.1437=\r\n20.jar.&lt;/div&gt;\n&lt;div&gt;7K downloaded&lt;/div&gt;&lt;div&gt;Attempting to download antlr-2.7=\r\n.2.jar.&lt;/div&gt;&lt;div&gt;349K downloaded&lt;/div&gt;&lt;div&gt;Attempting to download commons-=\r\njelly-tags-html-20030317.100924.jar.&lt;/div&gt;&lt;div&gt;5K downloaded&lt;/div&gt;&lt;div&gt;Atte=\r\nmpting to download nekohtml-0.7.7.jar.&lt;/div&gt;\n&lt;div&gt;51K downloaded&lt;/div&gt;&lt;div&gt;=\r\nbuild:start:&lt;/div&gt;&lt;div&gt;&lt;br&gt;&lt;/div&gt;&lt;div&gt;dist:build-setup:&lt;/div&gt;&lt;div&gt;=A0=A0 =\r\n=A0[mkdir] Created dir: /home/liuxi/workspace/heritrix-1.14.4/target/distri=\r\nbutions&lt;/div&gt;&lt;div&gt;&lt;br&gt;&lt;/div&gt;&lt;div&gt;xdoc:init:&lt;/div&gt;\n&lt;div&gt;=A0=A0 =A0[mkdir] Cr=\r\neated dir: /home/liuxi/workspace/heritrix-1.14.4/target/generated-xdocs&lt;/di=\r\nv&gt;&lt;div&gt;=A0=A0 =A0[mkdir] Created dir: /home/liuxi/workspace/heritrix-1.14.4=\r\n/target/docs&lt;/div&gt;&lt;div&gt;&lt;br&gt;&lt;/div&gt;&lt;div&gt;java:prepare-filesystem:&lt;/div&gt;\n&lt;div&gt;=\r\n=A0=A0 =A0[mkdir] Created dir: /home/liuxi/workspace/heritrix-1.14.4/target=\r\n/classes&lt;/div&gt;&lt;div&gt;&lt;br&gt;&lt;/div&gt;&lt;div&gt;java:compile:&lt;/div&gt;&lt;div&gt;=A0=A0 =A0[echo] =\r\nCompiling to /home/liuxi/workspace/heritrix-1.14.4/target/classes&lt;/div&gt;&lt;div=\r\n&gt;=A0=A0 =A0[javac] Compiling 562 source files to /home/liuxi/workspace/heri=\r\ntrix-1.14.4/target/classes&lt;/div&gt;\n&lt;div&gt;/home/liuxi/workspace/heritrix-1.14.4=\r\n/src/java/org/archive/crawler/Heritrix.java:120: warning: sun.net.www.proto=\r\ncol.file.FileURLConnection is Sun proprietary API and may be removed in a f=\r\nuture release&lt;/div&gt;&lt;div&gt;import sun.net.www.protocol.file.FileURLConnection;=\r\n&lt;/div&gt;\n&lt;div&gt;=A0=A0 =A0 =A0 =A0 =A0 =A0 =A0 =A0 =A0 =A0 =A0 =A0 =A0 =A0 =A0 =\r\n=A0^&lt;/div&gt;&lt;div&gt;/home/liuxi/workspace/heritrix-1.14.4/src/java/org/archive/c=\r\nrawler/Heritrix.java:1307: warning: sun.net.www.protocol.file.FileURLConnec=\r\ntion is Sun proprietary API and may be removed in a future release&lt;/div&gt;\n&lt;d=\r\niv&gt;=A0=A0 =A0 =A0 =A0} else if (connection instanceof FileURLConnection) {&lt;=\r\n/div&gt;&lt;div&gt;=A0=A0 =A0 =A0 =A0 =A0 =A0 =A0 =A0 =A0 =A0 =A0 =A0 =A0 =A0 =A0 =\r\n=A0 =A0 =A0 =A0 =A0 ^&lt;/div&gt;&lt;div&gt;Note: Some input files use or override a de=\r\nprecated API.&lt;/div&gt;&lt;div&gt;Note: Recompile with -Xlint:deprecation for details=\r\n.&lt;/div&gt;\n&lt;div&gt;Note: Some input files use unchecked or unsafe operations.&lt;/di=\r\nv&gt;&lt;div&gt;Note: Recompile with -Xlint:unchecked for details.&lt;/div&gt;&lt;div&gt;2 warni=\r\nngs&lt;/div&gt;&lt;div&gt;&lt;br&gt;&lt;/div&gt;&lt;div&gt;java:jar-resources:&lt;/div&gt;&lt;div&gt;=A0=A0 =A0[copy]=\r\n Copying 15 files to /home/liuxi/workspace/heritrix-1.14.4/target/conf&lt;/div=\r\n&gt;\n&lt;div&gt;=A0=A0 =A0[copy] Copying 1 file to /home/liuxi/workspace/heritrix-1.=\r\n14.4/target/conf&lt;/div&gt;&lt;div&gt;Copying 2 files to /home/liuxi/workspace/heritri=\r\nx-1.14.4/target/classes&lt;/div&gt;&lt;div&gt;Copying 14 files to /home/liuxi/workspace=\r\n/heritrix-1.14.4/target/classes&lt;/div&gt;\n&lt;div&gt;&lt;br&gt;&lt;/div&gt;&lt;div&gt;test:prepare-file=\r\nsystem:&lt;/div&gt;&lt;div&gt;=A0=A0 =A0[mkdir] Created dir: /home/liuxi/workspace/heri=\r\ntrix-1.14.4/target/test-classes&lt;/div&gt;&lt;div&gt;=A0=A0 =A0[mkdir] Created dir: /h=\r\nome/liuxi/workspace/heritrix-1.14.4/target/test-reports&lt;/div&gt;\n&lt;div&gt;&lt;br&gt;&lt;/di=\r\nv&gt;&lt;div&gt;test:test-resources:&lt;/div&gt;&lt;div&gt;&lt;br&gt;&lt;/div&gt;&lt;div&gt;test:compile:&lt;/div&gt;&lt;di=\r\nv&gt;=A0=A0 =A0[javac] Compiling 562 source files to /home/liuxi/workspace/her=\r\nitrix-1.14.4/target/test-classes&lt;/div&gt;&lt;div&gt;/home/liuxi/workspace/heritrix-1=\r\n.14.4/src/java/org/archive/crawler/Heritrix.java:120: warning: sun.net.www.=\r\nprotocol.file.FileURLConnection is Sun proprietary API and may be removed i=\r\nn a future release&lt;/div&gt;\n&lt;div&gt;import sun.net.www.protocol.file.FileURLConne=\r\nction;&lt;/div&gt;&lt;div&gt;=A0=A0 =A0 =A0 =A0 =A0 =A0 =A0 =A0 =A0 =A0 =A0 =A0 =A0 =A0=\r\n =A0 =A0^&lt;/div&gt;&lt;div&gt;/home/liuxi/workspace/heritrix-1.14.4/src/java/org/arch=\r\nive/crawler/Heritrix.java:1307: warning: sun.net.www.protocol.file.FileURLC=\r\nonnection is Sun proprietary API and may be removed in a future release&lt;/di=\r\nv&gt;\n&lt;div&gt;=A0=A0 =A0 =A0 =A0} else if (connection instanceof FileURLConnectio=\r\nn) {&lt;/div&gt;&lt;div&gt;=A0=A0 =A0 =A0 =A0 =A0 =A0 =A0 =A0 =A0 =A0 =A0 =A0 =A0 =A0 =\r\n=A0 =A0 =A0 =A0 =A0 =A0 ^&lt;/div&gt;&lt;div&gt;Note: Some input files use or override =\r\na deprecated API.&lt;/div&gt;&lt;div&gt;Note: Recompile with -Xlint:deprecation for det=\r\nails.&lt;/div&gt;\n&lt;div&gt;Note: Some input files use unchecked or unsafe operations.=\r\n&lt;/div&gt;&lt;div&gt;Note: Recompile with -Xlint:unchecked for details.&lt;/div&gt;&lt;div&gt;2 w=\r\narnings&lt;/div&gt;&lt;div&gt;&lt;br&gt;&lt;/div&gt;&lt;div&gt;test:test:&lt;/div&gt;&lt;div&gt;=A0=A0 =A0[junit] Run=\r\nning org.apache.commons.pool.impl.FairGenericObjectPoolTest&lt;/div&gt;\n&lt;div&gt;=A0=\r\n=A0 =A0[junit] Tests run: 1, Failures: 0, Errors: 0, Time elapsed: 10.49 se=\r\nc&lt;/div&gt;&lt;div&gt;=A0=A0 =A0[junit] Running org.archive.crawler.filter.Pathologic=\r\nalPathFilterTest&lt;/div&gt;&lt;div&gt;=A0=A0 =A0[junit] Tests run: 1, Failures: 0, Err=\r\nors: 0, Time elapsed: 0.521 sec&lt;/div&gt;\n&lt;div&gt;=A0=A0 =A0[junit] Running org.ar=\r\nchive.crawler.filter.FilePatternFilterTest&lt;/div&gt;&lt;div&gt;=A0=A0 =A0[junit] Test=\r\ns run: 1, Failures: 0, Errors: 0, Time elapsed: 0.495 sec&lt;/div&gt;&lt;div&gt;=A0=A0 =\r\n=A0[junit] Running org.archive.crawler.datamodel.ServerCacheTest&lt;/div&gt;\n&lt;div=\r\n&gt;=A0=A0 =A0[junit] Tests run: 2, Failures: 0, Errors: 0, Time elapsed: 0.50=\r\n7 sec&lt;/div&gt;&lt;div&gt;=A0=A0 =A0[junit] Running org.archive.crawler.datamodel.Rob=\r\notstxtTest&lt;/div&gt;&lt;div&gt;=A0=A0 =A0[junit] Tests run: 3, Failures: 0, Errors: 0=\r\n, Time elapsed: 0.437 sec&lt;/div&gt;\n&lt;div&gt;=A0=A0 =A0[junit] Running org.archive.=\r\ncrawler.datamodel.CandidateURITest&lt;/div&gt;&lt;div&gt;=A0=A0 =A0[junit] Tests run: 1=\r\n, Failures: 0, Errors: 0, Time elapsed: 0.524 sec&lt;/div&gt;&lt;div&gt;=A0=A0 =A0[juni=\r\nt] Running org.archive.crawler.datamodel.CrawlURITest&lt;/div&gt;\n&lt;div&gt;=A0=A0 =A0=\r\n[junit] Tests run: 2, Failures: 0, Errors: 0, Time elapsed: 0.518 sec&lt;/div&gt;=\r\n&lt;div&gt;=A0=A0 =A0[junit] Running org.archive.crawler.datamodel.CrawlServerTes=\r\nt&lt;/div&gt;&lt;div&gt;=A0=A0 =A0[junit] Tests run: 1, Failures: 0, Errors: 0, Time el=\r\napsed: 0.501 sec&lt;/div&gt;\n&lt;div&gt;=A0=A0 =A0[junit] Running org.archive.crawler.d=\r\natamodel.CredentialStoreTest&lt;/div&gt;&lt;div&gt;=A0=A0 =A0[junit] Tests run: 1, Fail=\r\nures: 0, Errors: 0, Time elapsed: 0.917 sec&lt;/div&gt;&lt;div&gt;=A0=A0 =A0[junit] Run=\r\nning org.archive.crawler.url.CanonicalizerTest&lt;/div&gt;\n&lt;div&gt;=A0=A0 =A0[junit]=\r\n Tests run: 1, Failures: 0, Errors: 0, Time elapsed: 0.6 sec&lt;/div&gt;&lt;div&gt;=A0=\r\n=A0 =A0[junit] Running org.archive.crawler.url.canonicalize.StripSessionCFI=\r\nDsTest&lt;/div&gt;&lt;div&gt;=A0=A0 =A0[junit] Tests run: 1, Failures: 0, Errors: 0, Ti=\r\nme elapsed: 0.517 sec&lt;/div&gt;\n&lt;div&gt;=A0=A0 =A0[junit] Running org.archive.craw=\r\nler.url.canonicalize.RegexRuleTest&lt;/div&gt;&lt;div&gt;=A0=A0 =A0[junit] Tests run: 3=\r\n, Failures: 0, Errors: 0, Time elapsed: 0.558 sec&lt;/div&gt;&lt;div&gt;=A0=A0 =A0[juni=\r\nt] Running org.archive.crawler.url.canonicalize.StripSessionIDsTest&lt;/div&gt;\n&lt;=\r\ndiv&gt;=A0=A0 =A0[junit] Tests run: 1, Failures: 0, Errors: 0, Time elapsed: 0=\r\n.492 sec&lt;/div&gt;&lt;div&gt;=A0=A0 =A0[junit] Running org.archive.crawler.url.canoni=\r\ncalize.LowercaseRuleTest&lt;/div&gt;&lt;div&gt;=A0=A0 =A0[junit] Tests run: 1, Failures=\r\n: 0, Errors: 0, Time elapsed: 0.514 sec&lt;/div&gt;\n&lt;div&gt;=A0=A0 =A0[junit] Runnin=\r\ng org.archive.crawler.url.canonicalize.StripWWWNRuleTest&lt;/div&gt;&lt;div&gt;=A0=A0 =\r\n=A0[junit] Tests run: 1, Failures: 0, Errors: 0, Time elapsed: 0.493 sec&lt;/d=\r\niv&gt;&lt;div&gt;=A0=A0 =A0[junit] Running org.archive.crawler.url.canonicalize.Stri=\r\npWWWRuleTest&lt;/div&gt;\n&lt;div&gt;=A0=A0 =A0[junit] Tests run: 1, Failures: 0, Errors=\r\n: 0, Time elapsed: 0.49 sec&lt;/div&gt;&lt;div&gt;=A0=A0 =A0[junit] Running org.archive=\r\n.crawler.url.canonicalize.FixupQueryStrTest&lt;/div&gt;&lt;div&gt;=A0=A0 =A0[junit] Tes=\r\nts run: 1, Failures: 0, Errors: 0, Time elapsed: 0.474 sec&lt;/div&gt;\n&lt;div&gt;=A0=\r\n=A0 =A0[junit] Running org.archive.crawler.url.canonicalize.StripUserinfoRu=\r\nleTest&lt;/div&gt;&lt;div&gt;=A0=A0 =A0[junit] Tests run: 1, Failures: 0, Errors: 0, Ti=\r\nme elapsed: 0.499 sec&lt;/div&gt;&lt;div&gt;=A0=A0 =A0[junit] Running org.archive.crawl=\r\ner.settings.CrawlerSettingsTest&lt;/div&gt;\n&lt;div&gt;=A0=A0 =A0[junit] Tests run: 5, =\r\nFailures: 0, Errors: 0, Time elapsed: 0.704 sec&lt;/div&gt;&lt;div&gt;=A0=A0 =A0[junit]=\r\n Running org.archive.crawler.settings.MapTypeTest&lt;/div&gt;&lt;div&gt;=A0=A0 =A0[juni=\r\nt] Tests run: 9, Failures: 0, Errors: 0, Time elapsed: 0.839 sec&lt;/div&gt;\n&lt;div=\r\n&gt;=A0=A0 =A0[junit] Running org.archive.crawler.settings.XMLSettingsHandlerT=\r\nest&lt;/div&gt;&lt;div&gt;=A0=A0 =A0[junit] Tests run: 7, Failures: 0, Errors: 0, Time =\r\nelapsed: 1.103 sec&lt;/div&gt;&lt;div&gt;=A0=A0 =A0[junit] Running org.archive.crawler.=\r\nsettings.SimpleTypeTest&lt;/div&gt;\n&lt;div&gt;=A0=A0 =A0[junit] Tests run: 8, Failures=\r\n: 0, Errors: 0, Time elapsed: 0.446 sec&lt;/div&gt;&lt;div&gt;=A0=A0 =A0[junit] Running=\r\n org.archive.crawler.settings.OverrideTest&lt;/div&gt;&lt;div&gt;=A0=A0 =A0[junit] Test=\r\ns run: 2, Failures: 0, Errors: 0, Time elapsed: 0.564 sec&lt;/div&gt;\n&lt;div&gt;=A0=A0=\r\n =A0[junit] Running org.archive.crawler.settings.refinements.TimespanCriter=\r\niaTest&lt;/div&gt;&lt;div&gt;=A0=A0 =A0[junit] Tests run: 1, Failures: 0, Errors: 0, Ti=\r\nme elapsed: 0.454 sec&lt;/div&gt;&lt;div&gt;=A0=A0 =A0[junit] Running org.archive.crawl=\r\ner.deciderules.ConfiguredDecideRuleTest&lt;/div&gt;\n&lt;div&gt;=A0=A0 =A0[junit] Tests =\r\nrun: 4, Failures: 0, Errors: 0, Time elapsed: 0.52 sec&lt;/div&gt;&lt;div&gt;=A0=A0 =A0=\r\n[junit] Running org.archive.crawler.deciderules.DecideRuleSequenceTest&lt;/div=\r\n&gt;&lt;div&gt;=A0=A0 =A0[junit] Tests run: 19, Failures: 0, Errors: 0, Time elapsed=\r\n: 0.704 sec&lt;/div&gt;\n&lt;div&gt;=A0=A0 =A0[junit] Running org.archive.crawler.fronti=\r\ner.RecoveryJournalTest&lt;/div&gt;&lt;div&gt;=A0=A0 =A0[junit] Tests run: 1, Failures: =\r\n0, Errors: 0, Time elapsed: 0.47 sec&lt;/div&gt;&lt;div&gt;=A0=A0 =A0[junit] Running or=\r\ng.archive.crawler.frontier.BdbMultipleWorkQueuesTest&lt;/div&gt;\n&lt;div&gt;=A0=A0 =A0[=\r\njunit] Tests run: 1, Failures: 0, Errors: 0, Time elapsed: 0.697 sec&lt;/div&gt;&lt;=\r\ndiv&gt;=A0=A0 =A0[junit] Running org.archive.crawler.frontier.AdaptiveRevisitH=\r\nostQueueTest&lt;/div&gt;&lt;div&gt;=A0=A0 =A0[junit] Tests run: 1, Failures: 0, Errors:=\r\n 0, Time elapsed: 8.436 sec&lt;/div&gt;\n&lt;div&gt;=A0=A0 =A0[junit] Running org.archiv=\r\ne.crawler.scope.DomainScopeTest&lt;/div&gt;&lt;div&gt;=A0=A0 =A0[junit] Tests run: 2, F=\r\nailures: 0, Errors: 0, Time elapsed: 0.572 sec&lt;/div&gt;&lt;div&gt;=A0=A0 =A0[junit] =\r\nRunning org.archive.crawler.scope.SeedFileIteratorTest&lt;/div&gt;\n&lt;div&gt;=A0=A0 =\r\n=A0[junit] Tests run: 2, Failures: 0, Errors: 0, Time elapsed: 0.548 sec&lt;/d=\r\niv&gt;&lt;div&gt;=A0=A0 =A0[junit] Running org.archive.crawler.scope.SeedCachingScop=\r\neTest&lt;/div&gt;&lt;div&gt;=A0=A0 =A0[junit] Tests run: 2, Failures: 0, Errors: 0, Tim=\r\ne elapsed: 0.585 sec&lt;/div&gt;\n&lt;div&gt;=A0=A0 =A0[junit] Running org.archive.crawl=\r\ner.util.FPUriUniqFilterTest&lt;/div&gt;&lt;div&gt;=A0=A0 =A0[junit] Tests run: 4, Failu=\r\nres: 0, Errors: 0, Time elapsed: 1.207 sec&lt;/div&gt;&lt;div&gt;=A0=A0 =A0[junit] Runn=\r\ning org.archive.crawler.util.BdbUriUniqFilterTest&lt;/div&gt;\n&lt;div&gt;=A0=A0 =A0[jun=\r\nit] Tests run: 6, Failures: 0, Errors: 0, Time elapsed: 2.503 sec&lt;/div&gt;&lt;div=\r\n&gt;=A0=A0 =A0[junit] Running org.archive.crawler.util.TransformTest&lt;/div&gt;&lt;div=\r\n&gt;=A0=A0 =A0[junit] Tests run: 3, Failures: 0, Errors: 0, Time elapsed: 0.87=\r\n1 sec&lt;/div&gt;\n&lt;div&gt;=A0=A0 =A0[junit] Running org.archive.crawler.util.IoUtils=\r\nTest&lt;/div&gt;&lt;div&gt;=A0=A0 =A0[junit] Tests run: 1, Failures: 0, Errors: 0, Time=\r\n elapsed: 0.474 sec&lt;/div&gt;&lt;div&gt;=A0=A0 =A0[junit] Running org.archive.crawler=\r\n.util.BloomUriUniqFilterTest&lt;/div&gt;\n&lt;div&gt;=A0=A0 =A0[junit] Tests run: 3, Fai=\r\nlures: 0, Errors: 0, Time elapsed: 1.86 sec&lt;/div&gt;&lt;div&gt;=A0=A0 =A0[junit] Run=\r\nning org.archive.crawler.extractor.ExtractorSWFTest&lt;/div&gt;&lt;div&gt;=A0=A0 =A0[ju=\r\nnit] Tests run: 1, Failures: 0, Errors: 0, Time elapsed: 0.509 sec&lt;/div&gt;\n&lt;d=\r\niv&gt;=A0=A0 =A0[junit] Running org.archive.crawler.extractor.ExtractorImplied=\r\nURITest&lt;/div&gt;&lt;div&gt;=A0=A0 =A0[junit] Tests run: 1, Failures: 0, Errors: 0, T=\r\nime elapsed: 0.453 sec&lt;/div&gt;&lt;div&gt;=A0=A0 =A0[junit] Running org.archive.craw=\r\nler.extractor.JerichoExtractorHTMLTest&lt;/div&gt;\n&lt;div&gt;=A0=A0 =A0[junit] Tests r=\r\nun: 15, Failures: 0, Errors: 0, Time elapsed: 1.029 sec&lt;/div&gt;&lt;div&gt;=A0=A0 =\r\n=A0[junit] Running org.archive.crawler.extractor.ExtractorHTMLTest&lt;/div&gt;&lt;di=\r\nv&gt;=A0=A0 =A0[junit] Tests run: 11, Failures: 0, Errors: 0, Time elapsed: 0.=\r\n742 sec&lt;/div&gt;\n&lt;div&gt;=A0=A0 =A0[junit] Running org.archive.crawler.extractor.=\r\nExtractorURITest&lt;/div&gt;&lt;div&gt;=A0=A0 =A0[junit] Tests run: 4, Failures: 0, Err=\r\nors: 0, Time elapsed: 0.525 sec&lt;/div&gt;&lt;div&gt;=A0=A0 =A0[junit] Running org.arc=\r\nhive.uid.UUIDGeneratorTest&lt;/div&gt;\n&lt;div&gt;=A0=A0 =A0[junit] Tests run: 1, Failu=\r\nres: 0, Errors: 0, Time elapsed: 0.444 sec&lt;/div&gt;&lt;div&gt;=A0=A0 =A0[junit] Runn=\r\ning org.archive.net.UURIFactoryTest&lt;/div&gt;&lt;div&gt;=A0=A0 =A0[junit] Tests run: =\r\n53, Failures: 0, Errors: 0, Time elapsed: 0.859 sec&lt;/div&gt;\n&lt;div&gt;=A0=A0 =A0[j=\r\nunit] Running org.archive.net.UURITest&lt;/div&gt;&lt;div&gt;=A0=A0 =A0[junit] Tests ru=\r\nn: 2, Failures: 0, Errors: 0, Time elapsed: 0.457 sec&lt;/div&gt;&lt;div&gt;=A0=A0 =A0[=\r\njunit] Running org.archive.net.PublicSuffixesTest&lt;/div&gt;&lt;div&gt;=A0=A0 =A0[juni=\r\nt] Tests run: 9, Failures: 0, Errors: 0, Time elapsed: 0.716 sec&lt;/div&gt;\n&lt;div=\r\n&gt;=A0=A0 =A0[junit] Running org.archive.queue.StoredQueueTest&lt;/div&gt;&lt;div&gt;=A0=\r\n=A0 =A0[junit] Tests run: 5, Failures: 0, Errors: 0, Time elapsed: 1.281 se=\r\nc&lt;/div&gt;&lt;div&gt;=A0=A0 =A0[junit] Running org.archive.queue.MemQueueTest&lt;/div&gt;&lt;=\r\ndiv&gt;=A0=A0 =A0[junit] Tests run: 3, Failures: 0, Errors: 0, Time elapsed: 0=\r\n.416 sec&lt;/div&gt;\n&lt;div&gt;=A0=A0 =A0[junit] Running org.archive.io.GzippedInputSt=\r\nreamTest&lt;/div&gt;&lt;div&gt;=A0=A0 =A0[junit] Tests run: 2, Failures: 0, Errors: 0, =\r\nTime elapsed: 0.437 sec&lt;/div&gt;&lt;div&gt;=A0=A0 =A0[junit] Running org.archive.io.=\r\nRecordingOutputStreamTest&lt;/div&gt;\n&lt;div&gt;=A0=A0 =A0[junit] Tests run: 4, Failur=\r\nes: 0, Errors: 0, Time elapsed: 0.455 sec&lt;/div&gt;&lt;div&gt;=A0=A0 =A0[junit] Runni=\r\nng org.archive.io.BufferedSeekInputStreamTest&lt;/div&gt;&lt;div&gt;=A0=A0 =A0[junit] T=\r\nests run: 1, Failures: 0, Errors: 0, Time elapsed: 0.432 sec&lt;/div&gt;\n&lt;div&gt;=A0=\r\n=A0 =A0[junit] Running org.archive.io.warc.WARCWriterTest&lt;/div&gt;&lt;div&gt;=A0=A0 =\r\n=A0[junit] Tests run: 9, Failures: 0, Errors: 0, Time elapsed: 0.69 sec&lt;/di=\r\nv&gt;&lt;div&gt;=A0=A0 =A0[junit] Running org.archive.io.RecordingInputStreamTest&lt;/d=\r\niv&gt;&lt;div&gt;\n=A0=A0 =A0[junit] Tests run: 1, Failures: 0, Errors: 0, Time elaps=\r\ned: 10.579 sec&lt;/div&gt;&lt;div&gt;=A0=A0 =A0[junit] Running org.archive.io.SinkHandl=\r\nerTest&lt;/div&gt;&lt;div&gt;=A0=A0 =A0[junit] Tests run: 1, Failures: 0, Errors: 0, Ti=\r\nme elapsed: 0.465 sec&lt;/div&gt;\n&lt;div&gt;=A0=A0 =A0[junit] Running org.archive.io.a=\r\nrc.ARCWriterTest&lt;/div&gt;&lt;div&gt;=A0=A0 =A0[junit] Tests run: 18, Failures: 0, Er=\r\nrors: 0, Time elapsed: 0.85 sec&lt;/div&gt;&lt;div&gt;=A0=A0 =A0[junit] Running org.arc=\r\nhive.io.arc.ARCReaderFactoryTest&lt;/div&gt;&lt;div&gt;\n=A0=A0 =A0[junit] Tests run: 2,=\r\n Failures: 0, Errors: 0, Time elapsed: 0.606 sec&lt;/div&gt;&lt;div&gt;=A0=A0 =A0[junit=\r\n] Running org.archive.io.arc.ARCWriterPoolTest&lt;/div&gt;&lt;div&gt;=A0=A0 =A0[junit] =\r\nTests run: 2, Failures: 0, Errors: 0, Time elapsed: 1.657 sec&lt;/div&gt;\n&lt;div&gt;=\r\n=A0=A0 =A0[junit] Running org.archive.io.ReplayCharSequenceTest&lt;/div&gt;&lt;div&gt;=\r\n=A0=A0 =A0[junit] Tests run: 10, Failures: 0, Errors: 0, Time elapsed: 1.09=\r\n3 sec&lt;/div&gt;&lt;div&gt;=A0=A0 =A0[junit] Running org.archive.io.RepositionableInpu=\r\ntStreamTest&lt;/div&gt;\n&lt;div&gt;=A0=A0 =A0[junit] Tests run: 1, Failures: 0, Errors:=\r\n 0, Time elapsed: 0.425 sec&lt;/div&gt;&lt;div&gt;=A0=A0 =A0[junit] Running org.archive=\r\n.util.UriUtilsTest&lt;/div&gt;&lt;div&gt;=A0=A0 =A0[junit] Tests run: 8, Failures: 0, E=\r\nrrors: 0, Time elapsed: 0.465 sec&lt;/div&gt;\n&lt;div&gt;=A0=A0 =A0[junit] Running org.=\r\narchive.util.SurtPrefixSetTest&lt;/div&gt;&lt;div&gt;=A0=A0 =A0[junit] Tests run: 2, Fa=\r\nilures: 0, Errors: 0, Time elapsed: 0.533 sec&lt;/div&gt;&lt;div&gt;=A0=A0 =A0[junit] R=\r\nunning org.archive.util.JmxUtilsTest&lt;/div&gt;&lt;div&gt;=A0=A0 =A0[junit] Tests run:=\r\n 1, Failures: 0, Errors: 0, Time elapsed: 0.461 sec&lt;/div&gt;\n&lt;div&gt;=A0=A0 =A0[j=\r\nunit] Running org.archive.util.TextUtilsTest&lt;/div&gt;&lt;div&gt;=A0=A0 =A0[junit] Te=\r\nsts run: 4, Failures: 0, Errors: 0, Time elapsed: 0.448 sec&lt;/div&gt;&lt;div&gt;=A0=\r\n=A0 =A0[junit] Running org.archive.util.ms.DocTest&lt;/div&gt;&lt;div&gt;=A0=A0 =A0[jun=\r\nit] Tests run: 1, Failures: 0, Errors: 0, Time elapsed: 0.606 sec&lt;/div&gt;\n&lt;di=\r\nv&gt;=A0=A0 =A0[junit] Running org.archive.util.ms.PieceReaderTest&lt;/div&gt;&lt;div&gt;=\r\n=A0=A0 =A0[junit] Tests run: 1, Failures: 0, Errors: 0, Time elapsed: 0.459=\r\n sec&lt;/div&gt;&lt;div&gt;=A0=A0 =A0[junit] Running org.archive.util.anvl.ANVLRecordTe=\r\nst&lt;/div&gt;&lt;div&gt;\n=A0=A0 =A0[junit] Tests run: 7, Failures: 0, Errors: 0, Time =\r\nelapsed: 0.467 sec&lt;/div&gt;&lt;div&gt;=A0=A0 =A0[junit] Running org.archive.util.Arc=\r\nhiveUtilsTest&lt;/div&gt;&lt;div&gt;=A0=A0 =A0[junit] Tests run: 17, Failures: 0, Error=\r\ns: 0, Time elapsed: 26.461 sec&lt;/div&gt;\n&lt;div&gt;=A0=A0 =A0[junit] Running org.arc=\r\nhive.util.SURTTest&lt;/div&gt;&lt;div&gt;=A0=A0 =A0[junit] Tests run: 3, Failures: 0, E=\r\nrrors: 0, Time elapsed: 0.438 sec&lt;/div&gt;&lt;div&gt;=A0=A0 =A0[junit] Running org.a=\r\nrchive.util.IoUtilsTest&lt;/div&gt;&lt;div&gt;=A0=A0 =A0[junit] Tests run: 1, Failures:=\r\n 0, Errors: 0, Time elapsed: 0.491 sec&lt;/div&gt;\n&lt;div&gt;=A0=A0 =A0[junit] Running=\r\n org.archive.util.FileUtilsTest&lt;/div&gt;&lt;div&gt;=A0=A0 =A0[junit] Tests run: 3, F=\r\nailures: 0, Errors: 0, Time elapsed: 0.541 sec&lt;/div&gt;&lt;div&gt;=A0=A0 =A0[junit] =\r\nRunning org.archive.util.MimetypeUtilsTest&lt;/div&gt;&lt;div&gt;=A0=A0 =A0[junit] Test=\r\ns run: 3, Failures: 0, Errors: 0, Time elapsed: 0.448 sec&lt;/div&gt;\n&lt;div&gt;=A0=A0=\r\n =A0[junit] Running org.archive.util.PaddingStringBufferTest&lt;/div&gt;&lt;div&gt;=A0=\r\n=A0 =A0[junit] Tests run: 11, Failures: 0, Errors: 0, Time elapsed: 0.502 s=\r\nec&lt;/div&gt;&lt;div&gt;=A0=A0 =A0[junit] Running org.archive.util.CachedBdbMapTest&lt;/d=\r\niv&gt;&lt;div&gt;\n=A0=A0 =A0[junit] Tests run: 2, Failures: 1, Errors: 0, Time elaps=\r\ned: 11.272 sec&lt;/div&gt;&lt;div&gt;=A0=A0 =A0[junit] [ERROR] TEST org.archive.util.Ca=\r\nchedBdbMapTest FAILED&lt;/div&gt;&lt;div&gt;=A0=A0 =A0[junit] Running org.archive.util.=\r\nInterruptibleCharSequenceTest&lt;/div&gt;\n&lt;div&gt;=A0=A0 =A0[junit] Tests run: 2, Fa=\r\nilures: 0, Errors: 0, Time elapsed: 22.321 sec&lt;/div&gt;&lt;div&gt;=A0=A0 =A0[junit] =\r\nRunning org.archive.util.fingerprint.ArrayLongFPCacheTest&lt;/div&gt;&lt;div&gt;=A0=A0 =\r\n=A0[junit] Tests run: 4, Failures: 0, Errors: 0, Time elapsed: 0.598 sec&lt;/d=\r\niv&gt;\n&lt;div&gt;=A0=A0 =A0[junit] Running org.archive.util.fingerprint.MemLongFPSe=\r\ntTest&lt;/div&gt;&lt;div&gt;=A0=A0 =A0[junit] Tests run: 6, Failures: 0, Errors: 0, Tim=\r\ne elapsed: 0.598 sec&lt;/div&gt;&lt;div&gt;=A0=A0 =A0[junit] Running org.archive.util.f=\r\ningerprint.LongFPSetCacheTest&lt;/div&gt;\n&lt;div&gt;=A0=A0 =A0[junit] Tests run: 5, Fa=\r\nilures: 0, Errors: 0, Time elapsed: 0.495 sec&lt;/div&gt;&lt;div&gt;&lt;br&gt;&lt;/div&gt;&lt;div&gt;BUIL=\r\nD FAILED&lt;/div&gt;&lt;div&gt;File...... /home/liuxi/.maven/cache/maven-test-plugin-1.=\r\n6.2/plugin.jelly&lt;/div&gt;&lt;div&gt;Element... fail&lt;/div&gt;\n&lt;div&gt;Line...... 181&lt;/div&gt;&lt;=\r\ndiv&gt;Column.... 54&lt;/div&gt;&lt;div&gt;There were test failures.&lt;/div&gt;&lt;div&gt;Total time:=\r\n 4 minutes 40 seconds&lt;/div&gt;&lt;div&gt;Finished at: Mon Dec 06 18:50:07 CST 2010&lt;/=\r\ndiv&gt;&lt;/div&gt;&lt;div&gt;&lt;br&gt;&lt;/div&gt;&lt;div&gt;&lt;br&gt;&lt;/div&gt;&lt;div&gt;\n&lt;b&gt;And then I pinned back to =\r\ndebian stable and switched to java version &quot;1.5.0_22&quot; using=A0upd=\r\nate-java-alternatives.&lt;/b&gt;&lt;/div&gt;&lt;div&gt;&lt;b&gt;and i got this error:=A0/home/liuxi=\r\n/workspace/heritrix-1.14.4/src/java/org/archive/crawler/frontier/AdaptiveRe=\r\nvisitFrontier.java:1265: method does not override a method from its supercl=\r\nass&lt;/b&gt;&lt;/div&gt;\n&lt;div&gt;here is the output of maven dist:&lt;/div&gt;&lt;div&gt;&lt;br&gt;&lt;/div&gt;&lt;d=\r\niv&gt;&lt;div&gt;Plugin cache will be regenerated&lt;/div&gt;&lt;div&gt;Attempting to download c=\r\nommons-net-1.1.0.jar.&lt;/div&gt;&lt;div&gt;139K downloaded&lt;/div&gt;&lt;div&gt;Attempting to dow=\r\nnload jsch-0.1.5.jar.&lt;/div&gt;\n&lt;div&gt;79K downloaded&lt;/div&gt;&lt;div&gt;Attempting to dow=\r\nnload commons-jelly-tags-velocity-20030303.205659.jar.&lt;/div&gt;&lt;div&gt;7K downloa=\r\nded&lt;/div&gt;&lt;div&gt;Attempting to download velocity-1.4-dev.jar.&lt;/div&gt;&lt;div&gt;505K d=\r\nownloaded&lt;/div&gt;&lt;div&gt;Attempting to download commons-jelly-tags-jsl-20030211.=\r\n143151.jar.&lt;/div&gt;\n&lt;div&gt;14K downloaded&lt;/div&gt;&lt;div&gt;Attempting to download comm=\r\nons-jelly-tags-log-20030211.142821.jar.&lt;/div&gt;&lt;div&gt;8K downloaded&lt;/div&gt;&lt;div&gt;A=\r\nttempting to download velocity-dvsl-0.45.jar.&lt;/div&gt;&lt;div&gt;25K downloaded&lt;/div=\r\n&gt;&lt;div&gt;Attempting to download isorelax-20030108.jar.&lt;/div&gt;\n&lt;div&gt;188K downloa=\r\nded&lt;/div&gt;&lt;div&gt;Attempting to download jing-20030619.jar.&lt;/div&gt;&lt;div&gt;475K down=\r\nloaded&lt;/div&gt;&lt;div&gt;Attempting to download junit-3.8.1.jar.&lt;/div&gt;&lt;div&gt;118K dow=\r\nnloaded&lt;/div&gt;&lt;div&gt;Attempting to download commons-jelly-tags-antlr-20030211.=\r\n143720.jar.&lt;/div&gt;\n&lt;div&gt;7K downloaded&lt;/div&gt;&lt;div&gt;Attempting to download antlr=\r\n-2.7.2.jar.&lt;/div&gt;&lt;div&gt;349K downloaded&lt;/div&gt;&lt;div&gt;Attempting to download comm=\r\nons-jelly-tags-html-20030317.100924.jar.&lt;/div&gt;&lt;div&gt;5K downloaded&lt;/div&gt;&lt;div&gt;=\r\nAttempting to download nekohtml-0.7.7.jar.&lt;/div&gt;\n&lt;div&gt;51K downloaded&lt;/div&gt;&lt;=\r\ndiv&gt;build:start:&lt;/div&gt;&lt;div&gt;&lt;br&gt;&lt;/div&gt;&lt;div&gt;dist:build-setup:&lt;/div&gt;&lt;div&gt;=A0=\r\n=A0 =A0[mkdir] Created dir: /home/liuxi/workspace/heritrix-1.14.4/target/di=\r\nstributions&lt;/div&gt;&lt;div&gt;&lt;br&gt;&lt;/div&gt;&lt;div&gt;xdoc:init:&lt;/div&gt;\n&lt;div&gt;=A0=A0 =A0[mkdir=\r\n] Created dir: /home/liuxi/workspace/heritrix-1.14.4/target/generated-xdocs=\r\n&lt;/div&gt;&lt;div&gt;=A0=A0 =A0[mkdir] Created dir: /home/liuxi/workspace/heritrix-1.=\r\n14.4/target/docs&lt;/div&gt;&lt;div&gt;&lt;br&gt;&lt;/div&gt;&lt;div&gt;java:prepare-filesystem:&lt;/div&gt;\n&lt;d=\r\niv&gt;=A0=A0 =A0[mkdir] Created dir: /home/liuxi/workspace/heritrix-1.14.4/tar=\r\nget/classes&lt;/div&gt;&lt;div&gt;&lt;br&gt;&lt;/div&gt;&lt;div&gt;java:compile:&lt;/div&gt;&lt;div&gt;=A0=A0 =A0[ech=\r\no] Compiling to /home/liuxi/workspace/heritrix-1.14.4/target/classes&lt;/div&gt;&lt;=\r\ndiv&gt;=A0=A0 =A0[javac] Compiling 562 source files to /home/liuxi/workspace/h=\r\neritrix-1.14.4/target/classes&lt;/div&gt;\n&lt;div&gt;/home/liuxi/workspace/heritrix-1.1=\r\n4.4/src/java/org/archive/crawler/frontier/AdaptiveRevisitFrontier.java:1265=\r\n: method does not override a method from its superclass&lt;/div&gt;&lt;div&gt;=A0=A0 =\r\n=A0@Override&lt;/div&gt;&lt;div&gt;=A0=A0 =A0 ^&lt;/div&gt;&lt;div&gt;\nNote: Some input files use o=\r\nr override a deprecated API.&lt;/div&gt;&lt;div&gt;Note: Recompile with -Xlint:deprecat=\r\nion for details.&lt;/div&gt;&lt;div&gt;Note: Some input files use unchecked or unsafe o=\r\nperations.&lt;/div&gt;&lt;div&gt;Note: Recompile with -Xlint:unchecked for details.&lt;/di=\r\nv&gt;\n&lt;div&gt;1 error&lt;/div&gt;&lt;div&gt;&lt;br&gt;&lt;/div&gt;&lt;div&gt;BUILD FAILED&lt;/div&gt;&lt;div&gt;File...... =\r\n/home/liuxi/.maven/cache/maven-java-plugin-1.5/plugin.jelly&lt;/div&gt;&lt;div&gt;Eleme=\r\nnt... ant:javac&lt;/div&gt;&lt;div&gt;Line...... 63&lt;/div&gt;&lt;div&gt;Column.... 48&lt;/div&gt;&lt;div&gt;\n=\r\nCompile failed; see the compiler error output for details.&lt;/div&gt;&lt;div&gt;Total =\r\ntime: 1 minutes 15 seconds&lt;/div&gt;&lt;div&gt;Finished at: Mon Dec 06 19:01:02 CST 2=\r\n010&lt;/div&gt;&lt;/div&gt;&lt;div&gt;&lt;br&gt;&lt;/div&gt;&lt;div&gt;&lt;br&gt;&lt;/div&gt;&lt;div&gt;Sorry for the long logs..=\r\nAnd thank you in advance!&lt;/div&gt;\n&lt;div&gt;&lt;br&gt;&lt;/div&gt;&lt;div&gt;Liu Xi&lt;/div&gt;&lt;div&gt;&lt;br&gt;&lt;/=\r\ndiv&gt;&lt;div&gt;&lt;br&gt;&lt;/div&gt;\n\r\n--90e6ba1819da29e6660496bbddd7--\r\n\n"}}