{"ygPerms":{"resourceCapabilityList":[{"resourceType":"GROUP","capabilities":[{"name":"READ"},{"name":"JOIN"}]},{"resourceType":"PHOTO","capabilities":[]},{"resourceType":"FILE","capabilities":[]},{"resourceType":"MEMBER","capabilities":[]},{"resourceType":"LINK","capabilities":[]},{"resourceType":"CALENDAR","capabilities":[]},{"resourceType":"DATABASE","capabilities":[]},{"resourceType":"POLL","capabilities":[]},{"resourceType":"MESSAGE","capabilities":[{"name":"READ"}]},{"resourceType":"PENDING_MESSAGE","capabilities":[]},{"resourceType":"ATTACHMENTS","capabilities":[{"name":"READ"}]},{"resourceType":"PHOTOMATIC_ALBUMS","capabilities":[]},{"resourceType":"MEMBERSHIP_TYPE","capabilities":[]},{"resourceType":"POST","capabilities":[{"name":"READ"}]},{"resourceType":"PIN","capabilities":[]}],"groupUrl":"groups.yahoo.com","intlCode":"us"},"comscore":"pageview_candidate","ygData":{"userId":137285340,"authorName":"Gordon Mohr","from":"Gordon Mohr &lt;gojomo@...&gt;","profile":"gojomo","replyTo":"LIST","senderId":"1ohtM9tn31-xGlf8DCURhVmYrKXMa4aa61O8Q0b4HP1c1sSYniML_VU4HAxQQVOGARe6mn7hQRynCUJcbhz8T3rkjT-r7c8","spamInfo":{"isSpam":false,"reason":"0"},"subject":"Re: [archive-crawler] Failed to build heritrix in both jdk 1.6 and 1.5","postDate":"1291654891","msgId":6861,"canDelete":false,"contentTrasformed":false,"systemMessage":false,"headers":{"messageIdInHeader":"PDRDRkQxNkVCLjYwMDAzMDhAYXJjaGl2ZS5vcmc+","inReplyToHeader":"PEFBTkxrVGltNmZ1TWlib3g5TENMaVZPR3hYYUtGKzI3NDdGaXZNVVNZNGRTU0BtYWlsLmdtYWlsLmNvbT4=","referencesHeader":"PEFBTkxrVGltNmZ1TWlib3g5TENMaVZPR3hYYUtGKzI3NDdGaXZNVVNZNGRTU0BtYWlsLmdtYWlsLmNvbT4="},"prevInTopic":6859,"nextInTopic":0,"prevInTime":6860,"nextInTime":6862,"topicId":6859,"numMessagesInTopic":2,"msgSnippet":"For the CachedBdbMapTest issue, you should look in the other build/test logs to see exactly which test failed. One of the CachedBdbMapTest tests in particular,","rawEmail":"Return-Path: &lt;gojomo@...&gt;\r\nX-Sender: gojomo@...\r\nX-Apparently-To: archive-crawler@yahoogroups.com\r\nX-Received: (qmail 73357 invoked from network); 6 Dec 2010 17:01:33 -0000\r\nX-Received: from unknown (66.196.94.105)\n  by m17.grp.re1.yahoo.com with QMQP; 6 Dec 2010 17:01:33 -0000\r\nX-Received: from unknown (HELO relay01.pair.com) (209.68.5.15)\n  by mta1.grp.re1.yahoo.com with SMTP; 6 Dec 2010 17:01:33 -0000\r\nX-Received: (qmail 38313 invoked by uid 0); 6 Dec 2010 17:01:31 -0000\r\nX-Received: from 208.70.27.190 (HELO silverbook.local) (208.70.27.190)\n  by relay01.pair.com with SMTP; 6 Dec 2010 17:01:31 -0000\r\nX-pair-Authenticated: 208.70.27.190\r\nMessage-ID: &lt;4CFD16EB.6000308@...&gt;\r\nDate: Mon, 06 Dec 2010 09:01:31 -0800\r\nUser-Agent: Mozilla/5.0 (Macintosh; U; Intel Mac OS X 10.6; en-US; rv:1.9.2.12) Gecko/20101027 Thunderbird/3.1.6\r\nMIME-Version: 1.0\r\nTo: archive-crawler@yahoogroups.com\r\nCc: Xi Liu &lt;jason.liuxi@...&gt;\r\nReferences: &lt;AANLkTim6fuMibox9LCLiVOGxXaKF+2747FivMUSY4dSS@...&gt;\r\nIn-Reply-To: &lt;AANLkTim6fuMibox9LCLiVOGxXaKF+2747FivMUSY4dSS@...&gt;\r\nContent-Type: text/plain; charset=ISO-8859-1; format=flowed\r\nContent-Transfer-Encoding: 7bit\r\nFrom: Gordon Mohr &lt;gojomo@...&gt;\r\nSubject: Re: [archive-crawler] Failed to build heritrix in both jdk 1.6 and\n 1.5\r\nX-Yahoo-Group-Post: member; u=137285340; y=Kvl7CGviFXUtIyU6Jjov-voE-sn6FgTGMsneKup4Lg7x\r\nX-Yahoo-Profile: gojomo\r\n\r\nFor the CachedBdbMapTest issue, you should look in the other build/test \nlogs to see exactly which test failed. One of the CachedBdbMapTest tests \nin particular, testMemMapCleared, is dependent on timing/GC issues that \ncan vary between machines and JVMs. If that&#39;s the only test failing, I \nwould suggest either tinkering with its sleep times to get success in \nyour local environment, or disabling that test entirely.\n\nI would not suggest going back to a 1.5-based JVM if you have a choice. \n(The error you&#39;re seeing there is because 1.5-based compilers object to \n@Override marking methods than implement interfaces, while that&#39;s OK \nwith 1.6-based compilers, even if creating 1.5-compatible code as our \nmaven build intends.)\n\n- Gordon @ IA\n\nOn 12/6/10 3:05 AM, Xi Liu wrote:\n&gt;\n&gt;\n&gt; Hi all\n&gt; I got some problem with building heritrix. I will try not to miss\n&gt; something about the whole process but if I do please let me know.\n&gt; my machine is running debian testing, 2.6.32-5-amd64, the heritrix I use\n&gt; is heritrix-1.14.4-src.tar.gz downloaded from sourceforge, and build it\n&gt; using maven 1.0.2, all as the manual said.\n&gt;\n&gt;\n&gt; *first I built it under java version &quot;1.6.0_22&quot; *\n&gt; *the unit test org.archive.util.CachedBdbMapTest FAILED*\n&gt; here is the output of maven dist:\n&gt;\n&gt; Plugin cache will be regenerated\n&gt; Attempting to download commons-net-1.1.0.jar.\n&gt; 139K downloaded\n&gt; Attempting to download jsch-0.1.5.jar.\n&gt; 79K downloaded\n&gt; Attempting to download commons-jelly-tags-velocity-20030303.205659.jar.\n&gt; 7K downloaded\n&gt; Attempting to download velocity-1.4-dev.jar.\n&gt; 505K downloaded\n&gt; Attempting to download commons-jelly-tags-jsl-20030211.143151.jar.\n&gt; 14K downloaded\n&gt; Attempting to download commons-jelly-tags-log-20030211.142821.jar.\n&gt; 8K downloaded\n&gt; Attempting to download velocity-dvsl-0.45.jar.\n&gt; 25K downloaded\n&gt; Attempting to download isorelax-20030108.jar.\n&gt; 188K downloaded\n&gt; Attempting to download jing-20030619.jar.\n&gt; 475K downloaded\n&gt; Attempting to download junit-3.8.1.jar.\n&gt; 118K downloaded\n&gt; Attempting to download commons-jelly-tags-antlr-20030211.143720.jar.\n&gt; 7K downloaded\n&gt; Attempting to download antlr-2.7.2.jar.\n&gt; 349K downloaded\n&gt; Attempting to download commons-jelly-tags-html-20030317.100924.jar.\n&gt; 5K downloaded\n&gt; Attempting to download nekohtml-0.7.7.jar.\n&gt; 51K downloaded\n&gt; build:start:\n&gt;\n&gt; dist:build-setup:\n&gt;      [mkdir] Created dir:\n&gt; /home/liuxi/workspace/heritrix-1.14.4/target/distributions\n&gt;\n&gt; xdoc:init:\n&gt;      [mkdir] Created dir:\n&gt; /home/liuxi/workspace/heritrix-1.14.4/target/generated-xdocs\n&gt;      [mkdir] Created dir: /home/liuxi/workspace/heritrix-1.14.4/target/docs\n&gt;\n&gt; java:prepare-filesystem:\n&gt;      [mkdir] Created dir:\n&gt; /home/liuxi/workspace/heritrix-1.14.4/target/classes\n&gt;\n&gt; java:compile:\n&gt;      [echo] Compiling to\n&gt; /home/liuxi/workspace/heritrix-1.14.4/target/classes\n&gt;      [javac] Compiling 562 source files to\n&gt; /home/liuxi/workspace/heritrix-1.14.4/target/classes\n&gt; /home/liuxi/workspace/heritrix-1.14.4/src/java/org/archive/crawler/Heritrix.java:120:\n&gt; warning: sun.net.www.protocol.file.FileURLConnection is Sun proprietary\n&gt; API and may be removed in a future release\n&gt; import sun.net.www.protocol.file.FileURLConnection;\n&gt;                                  ^\n&gt; /home/liuxi/workspace/heritrix-1.14.4/src/java/org/archive/crawler/Heritrix.java:1307:\n&gt; warning: sun.net.www.protocol.file.FileURLConnection is Sun proprietary\n&gt; API and may be removed in a future release\n&gt;          } else if (connection instanceof FileURLConnection) {\n&gt;                                           ^\n&gt; Note: Some input files use or override a deprecated API.\n&gt; Note: Recompile with -Xlint:deprecation for details.\n&gt; Note: Some input files use unchecked or unsafe operations.\n&gt; Note: Recompile with -Xlint:unchecked for details.\n&gt; 2 warnings\n&gt;\n&gt; java:jar-resources:\n&gt;      [copy] Copying 15 files to\n&gt; /home/liuxi/workspace/heritrix-1.14.4/target/conf\n&gt;      [copy] Copying 1 file to\n&gt; /home/liuxi/workspace/heritrix-1.14.4/target/conf\n&gt; Copying 2 files to /home/liuxi/workspace/heritrix-1.14.4/target/classes\n&gt; Copying 14 files to /home/liuxi/workspace/heritrix-1.14.4/target/classes\n&gt;\n&gt; test:prepare-filesystem:\n&gt;      [mkdir] Created dir:\n&gt; /home/liuxi/workspace/heritrix-1.14.4/target/test-classes\n&gt;      [mkdir] Created dir:\n&gt; /home/liuxi/workspace/heritrix-1.14.4/target/test-reports\n&gt;\n&gt; test:test-resources:\n&gt;\n&gt; test:compile:\n&gt;      [javac] Compiling 562 source files to\n&gt; /home/liuxi/workspace/heritrix-1.14.4/target/test-classes\n&gt; /home/liuxi/workspace/heritrix-1.14.4/src/java/org/archive/crawler/Heritrix.java:120:\n&gt; warning: sun.net.www.protocol.file.FileURLConnection is Sun proprietary\n&gt; API and may be removed in a future release\n&gt; import sun.net.www.protocol.file.FileURLConnection;\n&gt;                                  ^\n&gt; /home/liuxi/workspace/heritrix-1.14.4/src/java/org/archive/crawler/Heritrix.java:1307:\n&gt; warning: sun.net.www.protocol.file.FileURLConnection is Sun proprietary\n&gt; API and may be removed in a future release\n&gt;          } else if (connection instanceof FileURLConnection) {\n&gt;                                           ^\n&gt; Note: Some input files use or override a deprecated API.\n&gt; Note: Recompile with -Xlint:deprecation for details.\n&gt; Note: Some input files use unchecked or unsafe operations.\n&gt; Note: Recompile with -Xlint:unchecked for details.\n&gt; 2 warnings\n&gt;\n&gt; test:test:\n&gt;      [junit] Running org.apache.commons.pool.impl.FairGenericObjectPoolTest\n&gt;      [junit] Tests run: 1, Failures: 0, Errors: 0, Time elapsed: 10.49 sec\n&gt;      [junit] Running org.archive.crawler.filter.PathologicalPathFilterTest\n&gt;      [junit] Tests run: 1, Failures: 0, Errors: 0, Time elapsed: 0.521 sec\n&gt;      [junit] Running org.archive.crawler.filter.FilePatternFilterTest\n&gt;      [junit] Tests run: 1, Failures: 0, Errors: 0, Time elapsed: 0.495 sec\n&gt;      [junit] Running org.archive.crawler.datamodel.ServerCacheTest\n&gt;      [junit] Tests run: 2, Failures: 0, Errors: 0, Time elapsed: 0.507 sec\n&gt;      [junit] Running org.archive.crawler.datamodel.RobotstxtTest\n&gt;      [junit] Tests run: 3, Failures: 0, Errors: 0, Time elapsed: 0.437 sec\n&gt;      [junit] Running org.archive.crawler.datamodel.CandidateURITest\n&gt;      [junit] Tests run: 1, Failures: 0, Errors: 0, Time elapsed: 0.524 sec\n&gt;      [junit] Running org.archive.crawler.datamodel.CrawlURITest\n&gt;      [junit] Tests run: 2, Failures: 0, Errors: 0, Time elapsed: 0.518 sec\n&gt;      [junit] Running org.archive.crawler.datamodel.CrawlServerTest\n&gt;      [junit] Tests run: 1, Failures: 0, Errors: 0, Time elapsed: 0.501 sec\n&gt;      [junit] Running org.archive.crawler.datamodel.CredentialStoreTest\n&gt;      [junit] Tests run: 1, Failures: 0, Errors: 0, Time elapsed: 0.917 sec\n&gt;      [junit] Running org.archive.crawler.url.CanonicalizerTest\n&gt;      [junit] Tests run: 1, Failures: 0, Errors: 0, Time elapsed: 0.6 sec\n&gt;      [junit] Running\n&gt; org.archive.crawler.url.canonicalize.StripSessionCFIDsTest\n&gt;      [junit] Tests run: 1, Failures: 0, Errors: 0, Time elapsed: 0.517 sec\n&gt;      [junit] Running org.archive.crawler.url.canonicalize.RegexRuleTest\n&gt;      [junit] Tests run: 3, Failures: 0, Errors: 0, Time elapsed: 0.558 sec\n&gt;      [junit] Running\n&gt; org.archive.crawler.url.canonicalize.StripSessionIDsTest\n&gt;      [junit] Tests run: 1, Failures: 0, Errors: 0, Time elapsed: 0.492 sec\n&gt;      [junit] Running org.archive.crawler.url.canonicalize.LowercaseRuleTest\n&gt;      [junit] Tests run: 1, Failures: 0, Errors: 0, Time elapsed: 0.514 sec\n&gt;      [junit] Running org.archive.crawler.url.canonicalize.StripWWWNRuleTest\n&gt;      [junit] Tests run: 1, Failures: 0, Errors: 0, Time elapsed: 0.493 sec\n&gt;      [junit] Running org.archive.crawler.url.canonicalize.StripWWWRuleTest\n&gt;      [junit] Tests run: 1, Failures: 0, Errors: 0, Time elapsed: 0.49 sec\n&gt;      [junit] Running org.archive.crawler.url.canonicalize.FixupQueryStrTest\n&gt;      [junit] Tests run: 1, Failures: 0, Errors: 0, Time elapsed: 0.474 sec\n&gt;      [junit] Running\n&gt; org.archive.crawler.url.canonicalize.StripUserinfoRuleTest\n&gt;      [junit] Tests run: 1, Failures: 0, Errors: 0, Time elapsed: 0.499 sec\n&gt;      [junit] Running org.archive.crawler.settings.CrawlerSettingsTest\n&gt;      [junit] Tests run: 5, Failures: 0, Errors: 0, Time elapsed: 0.704 sec\n&gt;      [junit] Running org.archive.crawler.settings.MapTypeTest\n&gt;      [junit] Tests run: 9, Failures: 0, Errors: 0, Time elapsed: 0.839 sec\n&gt;      [junit] Running org.archive.crawler.settings.XMLSettingsHandlerTest\n&gt;      [junit] Tests run: 7, Failures: 0, Errors: 0, Time elapsed: 1.103 sec\n&gt;      [junit] Running org.archive.crawler.settings.SimpleTypeTest\n&gt;      [junit] Tests run: 8, Failures: 0, Errors: 0, Time elapsed: 0.446 sec\n&gt;      [junit] Running org.archive.crawler.settings.OverrideTest\n&gt;      [junit] Tests run: 2, Failures: 0, Errors: 0, Time elapsed: 0.564 sec\n&gt;      [junit] Running\n&gt; org.archive.crawler.settings.refinements.TimespanCriteriaTest\n&gt;      [junit] Tests run: 1, Failures: 0, Errors: 0, Time elapsed: 0.454 sec\n&gt;      [junit] Running\n&gt; org.archive.crawler.deciderules.ConfiguredDecideRuleTest\n&gt;      [junit] Tests run: 4, Failures: 0, Errors: 0, Time elapsed: 0.52 sec\n&gt;      [junit] Running org.archive.crawler.deciderules.DecideRuleSequenceTest\n&gt;      [junit] Tests run: 19, Failures: 0, Errors: 0, Time elapsed: 0.704 sec\n&gt;      [junit] Running org.archive.crawler.frontier.RecoveryJournalTest\n&gt;      [junit] Tests run: 1, Failures: 0, Errors: 0, Time elapsed: 0.47 sec\n&gt;      [junit] Running org.archive.crawler.frontier.BdbMultipleWorkQueuesTest\n&gt;      [junit] Tests run: 1, Failures: 0, Errors: 0, Time elapsed: 0.697 sec\n&gt;      [junit] Running\n&gt; org.archive.crawler.frontier.AdaptiveRevisitHostQueueTest\n&gt;      [junit] Tests run: 1, Failures: 0, Errors: 0, Time elapsed: 8.436 sec\n&gt;      [junit] Running org.archive.crawler.scope.DomainScopeTest\n&gt;      [junit] Tests run: 2, Failures: 0, Errors: 0, Time elapsed: 0.572 sec\n&gt;      [junit] Running org.archive.crawler.scope.SeedFileIteratorTest\n&gt;      [junit] Tests run: 2, Failures: 0, Errors: 0, Time elapsed: 0.548 sec\n&gt;      [junit] Running org.archive.crawler.scope.SeedCachingScopeTest\n&gt;      [junit] Tests run: 2, Failures: 0, Errors: 0, Time elapsed: 0.585 sec\n&gt;      [junit] Running org.archive.crawler.util.FPUriUniqFilterTest\n&gt;      [junit] Tests run: 4, Failures: 0, Errors: 0, Time elapsed: 1.207 sec\n&gt;      [junit] Running org.archive.crawler.util.BdbUriUniqFilterTest\n&gt;      [junit] Tests run: 6, Failures: 0, Errors: 0, Time elapsed: 2.503 sec\n&gt;      [junit] Running org.archive.crawler.util.TransformTest\n&gt;      [junit] Tests run: 3, Failures: 0, Errors: 0, Time elapsed: 0.871 sec\n&gt;      [junit] Running org.archive.crawler.util.IoUtilsTest\n&gt;      [junit] Tests run: 1, Failures: 0, Errors: 0, Time elapsed: 0.474 sec\n&gt;      [junit] Running org.archive.crawler.util.BloomUriUniqFilterTest\n&gt;      [junit] Tests run: 3, Failures: 0, Errors: 0, Time elapsed: 1.86 sec\n&gt;      [junit] Running org.archive.crawler.extractor.ExtractorSWFTest\n&gt;      [junit] Tests run: 1, Failures: 0, Errors: 0, Time elapsed: 0.509 sec\n&gt;      [junit] Running org.archive.crawler.extractor.ExtractorImpliedURITest\n&gt;      [junit] Tests run: 1, Failures: 0, Errors: 0, Time elapsed: 0.453 sec\n&gt;      [junit] Running org.archive.crawler.extractor.JerichoExtractorHTMLTest\n&gt;      [junit] Tests run: 15, Failures: 0, Errors: 0, Time elapsed: 1.029 sec\n&gt;      [junit] Running org.archive.crawler.extractor.ExtractorHTMLTest\n&gt;      [junit] Tests run: 11, Failures: 0, Errors: 0, Time elapsed: 0.742 sec\n&gt;      [junit] Running org.archive.crawler.extractor.ExtractorURITest\n&gt;      [junit] Tests run: 4, Failures: 0, Errors: 0, Time elapsed: 0.525 sec\n&gt;      [junit] Running org.archive.uid.UUIDGeneratorTest\n&gt;      [junit] Tests run: 1, Failures: 0, Errors: 0, Time elapsed: 0.444 sec\n&gt;      [junit] Running org.archive.net.UURIFactoryTest\n&gt;      [junit] Tests run: 53, Failures: 0, Errors: 0, Time elapsed: 0.859 sec\n&gt;      [junit] Running org.archive.net.UURITest\n&gt;      [junit] Tests run: 2, Failures: 0, Errors: 0, Time elapsed: 0.457 sec\n&gt;      [junit] Running org.archive.net.PublicSuffixesTest\n&gt;      [junit] Tests run: 9, Failures: 0, Errors: 0, Time elapsed: 0.716 sec\n&gt;      [junit] Running org.archive.queue.StoredQueueTest\n&gt;      [junit] Tests run: 5, Failures: 0, Errors: 0, Time elapsed: 1.281 sec\n&gt;      [junit] Running org.archive.queue.MemQueueTest\n&gt;      [junit] Tests run: 3, Failures: 0, Errors: 0, Time elapsed: 0.416 sec\n&gt;      [junit] Running org.archive.io.GzippedInputStreamTest\n&gt;      [junit] Tests run: 2, Failures: 0, Errors: 0, Time elapsed: 0.437 sec\n&gt;      [junit] Running org.archive.io.RecordingOutputStreamTest\n&gt;      [junit] Tests run: 4, Failures: 0, Errors: 0, Time elapsed: 0.455 sec\n&gt;      [junit] Running org.archive.io.BufferedSeekInputStreamTest\n&gt;      [junit] Tests run: 1, Failures: 0, Errors: 0, Time elapsed: 0.432 sec\n&gt;      [junit] Running org.archive.io.warc.WARCWriterTest\n&gt;      [junit] Tests run: 9, Failures: 0, Errors: 0, Time elapsed: 0.69 sec\n&gt;      [junit] Running org.archive.io.RecordingInputStreamTest\n&gt;      [junit] Tests run: 1, Failures: 0, Errors: 0, Time elapsed: 10.579 sec\n&gt;      [junit] Running org.archive.io.SinkHandlerTest\n&gt;      [junit] Tests run: 1, Failures: 0, Errors: 0, Time elapsed: 0.465 sec\n&gt;      [junit] Running org.archive.io.arc.ARCWriterTest\n&gt;      [junit] Tests run: 18, Failures: 0, Errors: 0, Time elapsed: 0.85 sec\n&gt;      [junit] Running org.archive.io.arc.ARCReaderFactoryTest\n&gt;      [junit] Tests run: 2, Failures: 0, Errors: 0, Time elapsed: 0.606 sec\n&gt;      [junit] Running org.archive.io.arc.ARCWriterPoolTest\n&gt;      [junit] Tests run: 2, Failures: 0, Errors: 0, Time elapsed: 1.657 sec\n&gt;      [junit] Running org.archive.io.ReplayCharSequenceTest\n&gt;      [junit] Tests run: 10, Failures: 0, Errors: 0, Time elapsed: 1.093 sec\n&gt;      [junit] Running org.archive.io.RepositionableInputStreamTest\n&gt;      [junit] Tests run: 1, Failures: 0, Errors: 0, Time elapsed: 0.425 sec\n&gt;      [junit] Running org.archive.util.UriUtilsTest\n&gt;      [junit] Tests run: 8, Failures: 0, Errors: 0, Time elapsed: 0.465 sec\n&gt;      [junit] Running org.archive.util.SurtPrefixSetTest\n&gt;      [junit] Tests run: 2, Failures: 0, Errors: 0, Time elapsed: 0.533 sec\n&gt;      [junit] Running org.archive.util.JmxUtilsTest\n&gt;      [junit] Tests run: 1, Failures: 0, Errors: 0, Time elapsed: 0.461 sec\n&gt;      [junit] Running org.archive.util.TextUtilsTest\n&gt;      [junit] Tests run: 4, Failures: 0, Errors: 0, Time elapsed: 0.448 sec\n&gt;      [junit] Running org.archive.util.ms.DocTest\n&gt;      [junit] Tests run: 1, Failures: 0, Errors: 0, Time elapsed: 0.606 sec\n&gt;      [junit] Running org.archive.util.ms.PieceReaderTest\n&gt;      [junit] Tests run: 1, Failures: 0, Errors: 0, Time elapsed: 0.459 sec\n&gt;      [junit] Running org.archive.util.anvl.ANVLRecordTest\n&gt;      [junit] Tests run: 7, Failures: 0, Errors: 0, Time elapsed: 0.467 sec\n&gt;      [junit] Running org.archive.util.ArchiveUtilsTest\n&gt;      [junit] Tests run: 17, Failures: 0, Errors: 0, Time elapsed: 26.461 sec\n&gt;      [junit] Running org.archive.util.SURTTest\n&gt;      [junit] Tests run: 3, Failures: 0, Errors: 0, Time elapsed: 0.438 sec\n&gt;      [junit] Running org.archive.util.IoUtilsTest\n&gt;      [junit] Tests run: 1, Failures: 0, Errors: 0, Time elapsed: 0.491 sec\n&gt;      [junit] Running org.archive.util.FileUtilsTest\n&gt;      [junit] Tests run: 3, Failures: 0, Errors: 0, Time elapsed: 0.541 sec\n&gt;      [junit] Running org.archive.util.MimetypeUtilsTest\n&gt;      [junit] Tests run: 3, Failures: 0, Errors: 0, Time elapsed: 0.448 sec\n&gt;      [junit] Running org.archive.util.PaddingStringBufferTest\n&gt;      [junit] Tests run: 11, Failures: 0, Errors: 0, Time elapsed: 0.502 sec\n&gt;      [junit] Running org.archive.util.CachedBdbMapTest\n&gt;      [junit] Tests run: 2, Failures: 1, Errors: 0, Time elapsed: 11.272 sec\n&gt;      [junit] [ERROR] TEST org.archive.util.CachedBdbMapTest FAILED\n&gt;      [junit] Running org.archive.util.InterruptibleCharSequenceTest\n&gt;      [junit] Tests run: 2, Failures: 0, Errors: 0, Time elapsed: 22.321 sec\n&gt;      [junit] Running org.archive.util.fingerprint.ArrayLongFPCacheTest\n&gt;      [junit] Tests run: 4, Failures: 0, Errors: 0, Time elapsed: 0.598 sec\n&gt;      [junit] Running org.archive.util.fingerprint.MemLongFPSetTest\n&gt;      [junit] Tests run: 6, Failures: 0, Errors: 0, Time elapsed: 0.598 sec\n&gt;      [junit] Running org.archive.util.fingerprint.LongFPSetCacheTest\n&gt;      [junit] Tests run: 5, Failures: 0, Errors: 0, Time elapsed: 0.495 sec\n&gt;\n&gt; BUILD FAILED\n&gt; File...... /home/liuxi/.maven/cache/maven-test-plugin-1.6.2/plugin.jelly\n&gt; Element... fail\n&gt; Line...... 181\n&gt; Column.... 54\n&gt; There were test failures.\n&gt; Total time: 4 minutes 40 seconds\n&gt; Finished at: Mon Dec 06 18:50:07 CST 2010\n&gt;\n&gt;\n&gt; *And then I pinned back to debian stable and switched to java version\n&gt; &quot;1.5.0_22&quot; using update-java-alternatives.*\n&gt; *and i got this\n&gt; error: /home/liuxi/workspace/heritrix-1.14.4/src/java/org/archive/crawler/frontier/AdaptiveRevisitFrontier.java:1265:\n&gt; method does not override a method from its superclass*\n&gt; here is the output of maven dist:\n&gt;\n&gt; Plugin cache will be regenerated\n&gt; Attempting to download commons-net-1.1.0.jar.\n&gt; 139K downloaded\n&gt; Attempting to download jsch-0.1.5.jar.\n&gt; 79K downloaded\n&gt; Attempting to download commons-jelly-tags-velocity-20030303.205659.jar.\n&gt; 7K downloaded\n&gt; Attempting to download velocity-1.4-dev.jar.\n&gt; 505K downloaded\n&gt; Attempting to download commons-jelly-tags-jsl-20030211.143151.jar.\n&gt; 14K downloaded\n&gt; Attempting to download commons-jelly-tags-log-20030211.142821.jar.\n&gt; 8K downloaded\n&gt; Attempting to download velocity-dvsl-0.45.jar.\n&gt; 25K downloaded\n&gt; Attempting to download isorelax-20030108.jar.\n&gt; 188K downloaded\n&gt; Attempting to download jing-20030619.jar.\n&gt; 475K downloaded\n&gt; Attempting to download junit-3.8.1.jar.\n&gt; 118K downloaded\n&gt; Attempting to download commons-jelly-tags-antlr-20030211.143720.jar.\n&gt; 7K downloaded\n&gt; Attempting to download antlr-2.7.2.jar.\n&gt; 349K downloaded\n&gt; Attempting to download commons-jelly-tags-html-20030317.100924.jar.\n&gt; 5K downloaded\n&gt; Attempting to download nekohtml-0.7.7.jar.\n&gt; 51K downloaded\n&gt; build:start:\n&gt;\n&gt; dist:build-setup:\n&gt;      [mkdir] Created dir:\n&gt; /home/liuxi/workspace/heritrix-1.14.4/target/distributions\n&gt;\n&gt; xdoc:init:\n&gt;      [mkdir] Created dir:\n&gt; /home/liuxi/workspace/heritrix-1.14.4/target/generated-xdocs\n&gt;      [mkdir] Created dir: /home/liuxi/workspace/heritrix-1.14.4/target/docs\n&gt;\n&gt; java:prepare-filesystem:\n&gt;      [mkdir] Created dir:\n&gt; /home/liuxi/workspace/heritrix-1.14.4/target/classes\n&gt;\n&gt; java:compile:\n&gt;      [echo] Compiling to\n&gt; /home/liuxi/workspace/heritrix-1.14.4/target/classes\n&gt;      [javac] Compiling 562 source files to\n&gt; /home/liuxi/workspace/heritrix-1.14.4/target/classes\n&gt; /home/liuxi/workspace/heritrix-1.14.4/src/java/org/archive/crawler/frontier/AdaptiveRevisitFrontier.java:1265:\n&gt; method does not override a method from its superclass\n&gt;      @Override\n&gt;       ^\n&gt; Note: Some input files use or override a deprecated API.\n&gt; Note: Recompile with -Xlint:deprecation for details.\n&gt; Note: Some input files use unchecked or unsafe operations.\n&gt; Note: Recompile with -Xlint:unchecked for details.\n&gt; 1 error\n&gt;\n&gt; BUILD FAILED\n&gt; File...... /home/liuxi/.maven/cache/maven-java-plugin-1.5/plugin.jelly\n&gt; Element... ant:javac\n&gt; Line...... 63\n&gt; Column.... 48\n&gt; Compile failed; see the compiler error output for details.\n&gt; Total time: 1 minutes 15 seconds\n&gt; Finished at: Mon Dec 06 19:01:02 CST 2010\n&gt;\n&gt;\n&gt; Sorry for the long logs..And thank you in advance!\n&gt;\n&gt; Liu Xi\n&gt;\n&gt;\n&gt;\n&gt;\n&gt; \n\n"}}