{"ygPerms":{"resourceCapabilityList":[{"resourceType":"GROUP","capabilities":[{"name":"READ"},{"name":"JOIN"}]},{"resourceType":"PHOTO","capabilities":[]},{"resourceType":"FILE","capabilities":[]},{"resourceType":"MEMBER","capabilities":[]},{"resourceType":"LINK","capabilities":[]},{"resourceType":"CALENDAR","capabilities":[]},{"resourceType":"DATABASE","capabilities":[]},{"resourceType":"POLL","capabilities":[]},{"resourceType":"MESSAGE","capabilities":[{"name":"READ"}]},{"resourceType":"PENDING_MESSAGE","capabilities":[]},{"resourceType":"ATTACHMENTS","capabilities":[{"name":"READ"}]},{"resourceType":"PHOTOMATIC_ALBUMS","capabilities":[]},{"resourceType":"MEMBERSHIP_TYPE","capabilities":[]},{"resourceType":"POST","capabilities":[{"name":"READ"}]},{"resourceType":"PIN","capabilities":[]}],"groupUrl":"groups.yahoo.com","intlCode":"us"},"comscore":"pageview_candidate","ygData":{"userId":168599281,"authorName":"stack","from":"stack &lt;stack@...&gt;","replyTo":"LIST","senderId":"FL15Bh8fdmCTW5Id6sXIg2dli-UhPU124bDLQLeVlCar3z8G73ZGOUjKDL02R27Q61M-wwXz6J5cLm91L4Wj2w","spamInfo":{"isSpam":false,"reason":"0"},"subject":"Re: [archive-crawler] Test error when build heritrix-1.0.0 with maven 1.0","postDate":"1092857860","msgId":824,"canDelete":false,"contentTrasformed":false,"systemMessage":false,"headers":{"messageIdInHeader":"PDQxMjNCMDA0LjgwMTA2MDZAYXJjaGl2ZS5vcmc+","inReplyToHeader":"PDIwMDQwODE4MDcwODU0Ljc3NTYwLnFtYWlsQHdlYjQwMzAyLm1haWwueWFob28uY29tPg==","referencesHeader":"PDIwMDQwODE4MDcwODU0Ljc3NTYwLnFtYWlsQHdlYjQwMzAyLm1haWwueWFob28uY29tPg=="},"prevInTopic":823,"nextInTopic":826,"prevInTime":823,"nextInTime":825,"topicId":823,"numMessagesInTopic":5,"msgSnippet":"... The below junit test failures look like 2.3. [ 984390 ] Build fails: rws mode and Mac OS X interact badly in Known Limitations (See ","rawEmail":"Return-Path: &lt;stack@...&gt;\r\nX-Sender: stack@...\r\nX-Apparently-To: archive-crawler@yahoogroups.com\r\nReceived: (qmail 39120 invoked from network); 18 Aug 2004 19:44:13 -0000\r\nReceived: from unknown (66.218.66.167)\n  by m25.grp.scd.yahoo.com with QMQP; 18 Aug 2004 19:44:13 -0000\r\nReceived: from unknown (HELO ia00524.archive.org) (209.237.232.202)\n  by mta6.grp.scd.yahoo.com with SMTP; 18 Aug 2004 19:44:13 -0000\r\nReceived: (qmail 22100 invoked by uid 100); 18 Aug 2004 19:33:52 -0000\r\nReceived: from debord.archive.org (HELO ?207.241.238.140?) (stack@...@207.241.238.140)\n  by mail-dev.archive.org with SMTP; 18 Aug 2004 19:33:52 -0000\r\nMessage-ID: &lt;4123B004.8010606@...&gt;\r\nDate: Wed, 18 Aug 2004 12:37:40 -0700\r\nUser-Agent: Mozilla/5.0 (X11; U; Linux i686; en-US; rv:1.7.1) Gecko/20040802 Debian/1.7.1-5\r\nX-Accept-Language: en\r\nMIME-Version: 1.0\r\nTo: archive-crawler@yahoogroups.com\r\nReferences: &lt;20040818070854.77560.qmail@...&gt;\r\nIn-Reply-To: &lt;20040818070854.77560.qmail@...&gt;\r\nContent-Type: text/plain; charset=ISO-8859-1; format=flowed\r\nContent-Transfer-Encoding: 7bit\r\nX-Spam-DCC: : \r\nX-Spam-Checker-Version: SpamAssassin 2.63 (2004-01-11) on ia00524.archive.org\r\nX-Spam-Level: \r\nX-Spam-Status: No, hits=0.1 required=7.0 tests=AWL,CLICK_BELOW autolearn=ham \n\tversion=2.63\r\nX-eGroups-Remote-IP: 209.237.232.202\r\nFrom: stack &lt;stack@...&gt;\r\nSubject: Re: [archive-crawler] Test error when build heritrix-1.0.0 with maven\n 1.0\r\nX-Yahoo-Group-Post: member; u=168599281\r\n\r\nRobin Wu wrote:\n\n&gt; Hi,\n&gt;  \n&gt; I download heritrix-1.0.0 source released on Augest 6th, and build it \n&gt; with maven 1.0, IBM Java SDK 1.4.2 on Windows XP.  But get some errors \n&gt; when testing.\n&gt;  \n&gt; here&#39;re parts of the log.\n&gt;\nThe below junit test failures look like &quot;2.3. [ 984390 ] Build fails: \n&#39;rws&#39; mode and Mac OS X interact badly&quot; in Known Limitations (See \nhttp://crawler.archive.org/articles/limitations.html).  Try the \nsuggested workaround.\n\nFYI: None of the junit tests have network dependencies.\n\nTo make heritrix crawl via a proxy, you do not need to edit code.  In \nthe settings screen, if you have advanced settings enabled, you&#39;ll see \ntwo text boxes in the FetchHTTP section: One is for the proxy hostname \nand the other for proxy port.\n\nYours,\nSt.Ack\n\n&gt; test:test:\n&gt; ...\n&gt;     [junit] Running org.archive.crawler.settings.XMLSettingsHandlerTest\n&gt;     [junit] Tests run: 6, Failures: 1, Errors: 0, Time elapsed: 1.469 sec\n&gt;     [junit] [ERROR] TEST \n&gt; org.archive.crawler.settings.XMLSettingsHandlerTest FAILED\n&gt; ...\n&gt;     [junit] Running org.archive.crawler.extractor.ExtractorHTMLTest\n&gt;     [junit] Tests run: 3, Failures: 0, Errors: 3, Time elapsed: \n&gt; 174.547 sec\n&gt;     [junit] [ERROR] TEST \n&gt; org.archive.crawler.extractor.ExtractorHTMLTest FAILED\n&gt; ...\n&gt;     [junit] Running org.archive.util.DiskQueueTest\n&gt;     [junit] Tests run: 7, Failures: 0, Errors: 1, Time elapsed: 0.172 sec\n&gt;     [junit] [ERROR] TEST org.archive.util.DiskQueueTest FAILED\n&gt; ...\n&gt;     [junit] Running org.archive.util.DiskBackedDequeTest\n&gt;     [junit] Tests run: 7, Failures: 2, Errors: 1, Time elapsed: 0.328 sec\n&gt;     [junit] [ERROR] TEST org.archive.util.DiskBackedDequeTest FAILED\n&gt; ...\n&gt;     [junit] Running org.archive.util.DiskStackTest\n&gt;     [junit] Tests run: 3, Failures: 1, Errors: 0, Time elapsed: 0.172 sec\n&gt;     [junit] [ERROR] TEST org.archive.util.DiskStackTest FAILED\n&gt;     [junit] Running org.archive.util.DiskBackedQueueTest\n&gt;     [junit] Tests run: 5, Failures: 0, Errors: 1, Time elapsed: 0.266 sec\n&gt;     [junit] [ERROR] TEST org.archive.util.DiskBackedQueueTest FAILED\n&gt; ...\n&gt;  \n&gt; BUILD FAILED\n&gt;  \n&gt; I think ExtractorHTMLTest error is due to the network. My pc access \n&gt; the internet via a proxy. And I add my proxy setting in FetchHttp.java \n&gt; as follows, but do not work.\n&gt;  \n&gt;         e = addElementToDefinition(new SimpleType(ATTR_HTTP_PROXY_HOST,\n&gt;             &quot;Proxy hostname (set only if needed)&quot;, &quot;172.28.88.2&quot;));\n&gt;         e.setExpertSetting(true);\n&gt;         e = addElementToDefinition(new SimpleType(ATTR_HTTP_PROXY_PORT,\n&gt;             &quot;Proxy port (set only if needed)&quot;, &quot;80&quot;));\n&gt;         e.setExpertSetting(true);\n&gt;  \n&gt;  \n&gt; I wonder how should I set the proxy, and I also have no ideas about \n&gt; the other errors.\n&gt;  \n&gt; thanks\n&gt;\n&gt; ------------------------------------------------------------------------\n&gt; Do you Yahoo!?\n&gt; New and Improved Yahoo! Mail \n&gt; &lt;http://us.rd.yahoo.com/mail_us/taglines/10/*http://promotions.yahoo.com/new_mail/static/efficiency.html&gt; \n&gt; - Send 10MB messages!\n&gt; *Yahoo! Groups Sponsor*\n&gt; ADVERTISEMENT\n&gt; click here \n&gt; &lt;http://us.ard.yahoo.com/SIG=129r7k8fb/M=298184.5285298.6392945.3001176/D=groups/S=1705004924:HM/EXP=1092899351/A=2164330/R=0/SIG=11eamf8g4/*http://www.netflix.com/Default?mqso=60183350&gt; \n&gt;\n&gt;\n&gt;\n&gt; ------------------------------------------------------------------------\n&gt; *Yahoo! Groups Links*\n&gt;\n&gt;     * To visit your group on the web, go to:\n&gt;       http://groups.yahoo.com/group/archive-crawler/\n&gt;        \n&gt;     * To unsubscribe from this group, send an email to:\n&gt;       archive-crawler-unsubscribe@yahoogroups.com\n&gt;       &lt;mailto:archive-crawler-unsubscribe@yahoogroups.com?subject=Unsubscribe&gt;\n&gt;        \n&gt;     * Your use of Yahoo! Groups is subject to the Yahoo! Terms of\n&gt;       Service &lt;http://docs.yahoo.com/info/terms/&gt;.\n&gt;\n&gt;\n\n\n"}}