{"ygPerms":{"resourceCapabilityList":[{"resourceType":"GROUP","capabilities":[{"name":"READ"},{"name":"JOIN"}]},{"resourceType":"PHOTO","capabilities":[]},{"resourceType":"FILE","capabilities":[]},{"resourceType":"MEMBER","capabilities":[]},{"resourceType":"LINK","capabilities":[]},{"resourceType":"CALENDAR","capabilities":[]},{"resourceType":"DATABASE","capabilities":[]},{"resourceType":"POLL","capabilities":[]},{"resourceType":"MESSAGE","capabilities":[{"name":"READ"}]},{"resourceType":"PENDING_MESSAGE","capabilities":[]},{"resourceType":"ATTACHMENTS","capabilities":[{"name":"READ"}]},{"resourceType":"PHOTOMATIC_ALBUMS","capabilities":[]},{"resourceType":"MEMBERSHIP_TYPE","capabilities":[]},{"resourceType":"POST","capabilities":[{"name":"READ"}]},{"resourceType":"PIN","capabilities":[]}],"groupUrl":"groups.yahoo.com","intlCode":"us"},"comscore":"pageview_candidate","ygData":{"userId":194371199,"authorName":"bjhong02","from":"&quot;bjhong02&quot; &lt;bjhong02@...&gt;","profile":"bjhong02","replyTo":"LIST","senderId":"KUXlqeI6Wm6c0wQnqpgVajcXDO0lT3Wuob2D5hstyBSyo02vKtQ3_CwWg7aDhtnYR7RXP9uy4V_TJXrSWVXZqM4ouaMHgQ","spamInfo":{"isSpam":false,"reason":"0"},"subject":"Re: Test error when build heritrix-1.0.0 with maven 1.0","postDate":"1092889938","msgId":826,"canDelete":false,"contentTrasformed":false,"systemMessage":false,"headers":{"messageIdInHeader":"PGNnMWFnaSs2ZnI4QGVHcm91cHMuY29tPg==","inReplyToHeader":"PDQxMjNCMDA0LjgwMTA2MDZAYXJjaGl2ZS5vcmc+"},"prevInTopic":824,"nextInTopic":827,"prevInTime":825,"nextInTime":827,"topicId":823,"numMessagesInTopic":5,"msgSnippet":"... build it ... errors ... the error seems different in my case. following is the details in test-report. ================== Testsuite:","rawEmail":"Return-Path: &lt;bjhong02@...&gt;\r\nX-Sender: bjhong02@...\r\nX-Apparently-To: archive-crawler@yahoogroups.com\r\nReceived: (qmail 22583 invoked from network); 19 Aug 2004 04:32:27 -0000\r\nReceived: from unknown (66.218.66.216)\n  by m22.grp.scd.yahoo.com with QMQP; 19 Aug 2004 04:32:27 -0000\r\nReceived: from unknown (HELO n27.grp.scd.yahoo.com) (66.218.66.83)\n  by mta1.grp.scd.yahoo.com with SMTP; 19 Aug 2004 04:32:27 -0000\r\nReceived: from [66.218.67.163] by n27.grp.scd.yahoo.com with NNFMP; 19 Aug 2004 04:32:18 -0000\r\nDate: Thu, 19 Aug 2004 04:32:18 -0000\r\nTo: archive-crawler@yahoogroups.com\r\nMessage-ID: &lt;cg1agi+6fr8@...&gt;\r\nIn-Reply-To: &lt;4123B004.8010606@...&gt;\r\nUser-Agent: eGroups-EW/0.82\r\nMIME-Version: 1.0\r\nContent-Type: text/plain; charset=ISO-8859-1\r\nContent-Length: 3498\r\nX-Mailer: Yahoo Groups Message Poster\r\nX-Yahoo-Newman-Property: groups-compose\r\nX-eGroups-Remote-IP: 66.218.66.83\r\nFrom: &quot;bjhong02&quot; &lt;bjhong02@...&gt;\r\nSubject: Re: Test error when build heritrix-1.0.0 with maven 1.0\r\nX-Yahoo-Group-Post: member; u=194371199\r\nX-Yahoo-Profile: bjhong02\r\n\r\n--- In archive-crawler@yahoogroups.com, stack &lt;stack@a...&gt; wrote:\n&gt; Robin Wu wrote:\n&gt; \n&gt; &gt; Hi,\n&gt; &gt;  \n&gt; &gt; I download heritrix-1.0.0 source released on Augest 6th, and \nbuild it \n&gt; &gt; with maven 1.0, IBM Java SDK 1.4.2 on Windows XP.  But get some \nerrors \n&gt; &gt; when testing.\n&gt; &gt;  \n&gt; &gt; here&#39;re parts of the log.\n&gt; &gt;\n&gt; The below junit test failures look like &quot;2.3. [ 984390 ] Build \nfails: \n&gt; &#39;rws&#39; mode and Mac OS X interact badly&quot; in Known Limitations (See \n&gt; http://crawler.archive.org/articles/limitations.html).  Try the \n&gt; suggested workaround.\n\nthe error seems different in my case. following is the details in \ntest-report.\n==================\nTestsuite: org.archive.util.DiskStackTest\nTests run: 3, Failures: 1, Errors: 0, Time elapsed: 0.141 sec\n\nTestcase: testCtorBadFile(org.archive.util.DiskStackTest): FAILED\nno exception on bad file\njunit.framework.AssertionFailedError: no exception on bad file\n at org.archive.util.DiskStackTest.testCtorBadFile\n(DiskStackTest.java:111)\n at sun.reflect.NativeMethodAccessorImpl.invoke0(Native Method)\n at sun.reflect.NativeMethodAccessorImpl.invoke\n(NativeMethodAccessorImpl.java:85)\n at sun.reflect.NativeMethodAccessorImpl.invoke\n(NativeMethodAccessorImpl.java:58)\n at sun.reflect.DelegatingMethodAccessorImpl.invoke\n(DelegatingMethodAccessorImpl.java:60)\n===============================\n\n&gt; \n&gt; FYI: None of the junit tests have network dependencies.\n&gt; \n&gt; To make heritrix crawl via a proxy, you do not need to edit code.  \nIn \n&gt; the settings screen, if you have advanced settings enabled, you&#39;ll \nsee \n&gt; two text boxes in the FetchHTTP section: One is for the proxy \nhostname \n&gt; and the other for proxy port.\n&gt; \n\nBut the test report shows that the test may depend on network.\n\n==============================\nTestsuite: org.archive.crawler.extractor.ExtractorHTMLTest\nTests run: 3, Failures: 0, Errors: 3, Time elapsed: 174.891 sec\n\nTestcase: testInnerProcess\n(org.archive.crawler.extractor.ExtractorHTMLTest): Caused an ERROR\nNetwork is unreachable: connect\njava.net.SocketException: Network is unreachable: connect\n at java.net.PlainSocketImpl.socketConnect(Native Method)\n at java.net.PlainSocketImpl.doConnect(PlainSocketImpl.java:331)\n at java.net.PlainSocketImpl.connectToAddress\n(PlainSocketImpl.java:196)\n at java.net.PlainSocketImpl.connect(PlainSocketImpl.java:183)\n at java.net.Socket.connect(Socket.java:478)\n at java.net.Socket.connect(Socket.java:428)\n at sun.net.NetworkClient.doConnect(NetworkClient.java:158)\n at sun.net.NetworkClient.openServer(NetworkClient.java:137)\n at sun.net.ftp.FtpClient.openServer(FtpClient.java:448)\n at sun.net.ftp.FtpClient.&lt;init&gt;(FtpClient.java:717)\n at sun.net.www.protocol.ftp.FtpURLConnection.connect\n(FtpURLConnection.java:192)\n at sun.net.www.protocol.ftp.FtpURLConnection.getInputStream\n(FtpURLConnection.java:274)\n at java.net.URL.openStream(URL.java:941)\n at org.archive.crawler.extractor.ExtractorHTMLTest.setupRecorder\n(ExtractorHTMLTest.java:129)\n at org.archive.crawler.extractor.ExtractorHTMLTest.setUp\n(ExtractorHTMLTest.java:86)\n\n\nTestcase: testEmbedSrc\n(org.archive.crawler.extractor.ExtractorHTMLTest): Caused an ERROR\nNetwork is unreachable: connect\njava.net.SocketException: Network is unreachable: connect\n... (the same as above)\n\nTestcase: testHrefWhitespace\n(org.archive.crawler.extractor.ExtractorHTMLTest): Caused an ERROR\nNetwork is unreachable: connect\njava.net.SocketException: Network is unreachable: connect\n... (the same as above)\n\n===============================\n\n\nthx\nrobin\n\n\n"}}