{"ygPerms":{"resourceCapabilityList":[{"resourceType":"GROUP","capabilities":[{"name":"READ"},{"name":"JOIN"}]},{"resourceType":"PHOTO","capabilities":[]},{"resourceType":"FILE","capabilities":[]},{"resourceType":"MEMBER","capabilities":[]},{"resourceType":"LINK","capabilities":[]},{"resourceType":"CALENDAR","capabilities":[]},{"resourceType":"DATABASE","capabilities":[]},{"resourceType":"POLL","capabilities":[]},{"resourceType":"MESSAGE","capabilities":[{"name":"READ"}]},{"resourceType":"PENDING_MESSAGE","capabilities":[]},{"resourceType":"ATTACHMENTS","capabilities":[{"name":"READ"}]},{"resourceType":"PHOTOMATIC_ALBUMS","capabilities":[]},{"resourceType":"MEMBERSHIP_TYPE","capabilities":[]},{"resourceType":"POST","capabilities":[{"name":"READ"}]},{"resourceType":"PIN","capabilities":[]}],"groupUrl":"groups.yahoo.com","intlCode":"us"},"comscore":"pageview_candidate","ygData":{"userId":168599281,"authorName":"stack","from":"stack &lt;stack@...&gt;","replyTo":"LIST","senderId":"9b3bKOS_SdmSiwBFSerhxrhCrXwceu8j07oV9nAk3rUCTjxHSnyWo-mqphFogMUkNKcV_4KF_o1c7Bv7UVzz7A","spamInfo":{"isSpam":false,"reason":"0"},"subject":"Re: [archive-crawler] Re: Test error when build heritrix-1.0.0 with maven 1.0","postDate":"1092969339","msgId":846,"canDelete":false,"contentTrasformed":false,"systemMessage":false,"headers":{"messageIdInHeader":"PDQxMjU2MzdCLjQwODA1MDNAYXJjaGl2ZS5vcmc+","inReplyToHeader":"PGNnMWFnaSs2ZnI4QGVHcm91cHMuY29tPg==","referencesHeader":"PGNnMWFnaSs2ZnI4QGVHcm91cHMuY29tPg=="},"prevInTopic":827,"nextInTopic":0,"prevInTime":845,"nextInTime":847,"topicId":823,"numMessagesInTopic":5,"msgSnippet":"See below: ... As Tom Emerson says, I d try doing the workaround suggested in the Known Limitations page. ... For sure the above looks like its going out on","rawEmail":"Return-Path: &lt;stack@...&gt;\r\nX-Sender: stack@...\r\nX-Apparently-To: archive-crawler@yahoogroups.com\r\nReceived: (qmail 11418 invoked from network); 20 Aug 2004 02:42:58 -0000\r\nReceived: from unknown (66.218.66.218)\n  by m16.grp.scd.yahoo.com with QMQP; 20 Aug 2004 02:42:58 -0000\r\nReceived: from unknown (HELO ia00524.archive.org) (209.237.232.202)\n  by mta3.grp.scd.yahoo.com with SMTP; 20 Aug 2004 02:42:58 -0000\r\nReceived: (qmail 28535 invoked by uid 100); 20 Aug 2004 02:31:48 -0000\r\nReceived: from debord.archive.org (HELO ?207.241.238.140?) (stack@...@207.241.238.140)\n  by mail-dev.archive.org with SMTP; 20 Aug 2004 02:31:48 -0000\r\nMessage-ID: &lt;4125637B.4080503@...&gt;\r\nDate: Thu, 19 Aug 2004 19:35:39 -0700\r\nUser-Agent: Mozilla/5.0 (X11; U; Linux i686; en-US; rv:1.7.1) Gecko/20040802 Debian/1.7.1-5\r\nX-Accept-Language: en\r\nMIME-Version: 1.0\r\nTo: archive-crawler@yahoogroups.com\r\nReferences: &lt;cg1agi+6fr8@...&gt;\r\nIn-Reply-To: &lt;cg1agi+6fr8@...&gt;\r\nContent-Type: text/plain; charset=ISO-8859-1; format=flowed\r\nContent-Transfer-Encoding: 7bit\r\nX-Spam-DCC: : \r\nX-Spam-Checker-Version: SpamAssassin 2.63 (2004-01-11) on ia00524.archive.org\r\nX-Spam-Level: \r\nX-Spam-Status: No, hits=0.1 required=7.0 tests=AWL autolearn=ham version=2.63\r\nX-eGroups-Remote-IP: 209.237.232.202\r\nFrom: stack &lt;stack@...&gt;\r\nSubject: Re: [archive-crawler] Re: Test error when build heritrix-1.0.0 with\n maven 1.0\r\nX-Yahoo-Group-Post: member; u=168599281\r\n\r\nSee below:\n\nbjhong02 wrote:\n\n&gt;--- In archive-crawler@yahoogroups.com, stack &lt;stack@a...&gt; wrote:\n&gt;  \n&gt;\n&gt;&gt;Robin Wu wrote:\n&gt;&gt;\n&gt;&gt;    \n&gt;&gt;\n&gt;&gt;&gt;Hi,\n&gt;&gt;&gt;\n&gt;&gt;&gt;....\n&gt;&gt;&gt;      \n&gt;&gt;&gt;\n&gt;&gt;The below junit test failures look like &quot;2.3. [ 984390 ] Build \n&gt;&gt;    \n&gt;&gt;\n&gt;fails: \n&gt;  \n&gt;\n&gt;&gt;&#39;rws&#39; mode and Mac OS X interact badly&quot; in Known Limitations (See \n&gt;&gt;http://crawler.archive.org/articles/limitations.html).  Try the \n&gt;&gt;suggested workaround.\n&gt;&gt;    \n&gt;&gt;\n&gt;\n&gt;the error seems different in my case. following is the details in \n&gt;test-report.\n&gt;==================\n&gt;Testsuite: org.archive.util.DiskStackTest\n&gt;Tests run: 3, Failures: 1, Errors: 0, Time elapsed: 0.141 sec\n&gt;\n&gt;Testcase: testCtorBadFile(org.archive.util.DiskStackTest): FAILED\n&gt;no exception on bad file\n&gt;junit.framework.AssertionFailedError: no exception on bad file\n&gt; at org.archive.util.DiskStackTest.testCtorBadFile\n&gt;(DiskStackTest.java:111)\n&gt; at sun.reflect.NativeMethodAccessorImpl.invoke0(Native Method)\n&gt; at sun.reflect.NativeMethodAccessorImpl.invoke\n&gt;(NativeMethodAccessorImpl.java:85)\n&gt; at sun.reflect.NativeMethodAccessorImpl.invoke\n&gt;(NativeMethodAccessorImpl.java:58)\n&gt; at sun.reflect.DelegatingMethodAccessorImpl.invoke\n&gt;(DelegatingMethodAccessorImpl.java:60)\n&gt;===============================\n&gt;\n&gt;  \n&gt;\nAs Tom Emerson says, I&#39;d try doing the workaround suggested in the Known \nLimitations page.\n\n&gt;&gt;FYI: None of the junit tests have network dependencies.\n&gt;&gt;\n&gt;&gt;To make heritrix crawl via a proxy, you do not need to edit code.  \n&gt;&gt;    \n&gt;&gt;\n&gt;In \n&gt;  \n&gt;\n&gt; ....\n&gt;\n&gt;&gt;and the other for proxy port.\n&gt;&gt;\n&gt;&gt;    \n&gt;&gt;\n&gt;\n&gt;But the test report shows that the test may depend on network.\n&gt;\n&gt;==============================\n&gt;Testsuite: org.archive.crawler.extractor.ExtractorHTMLTest\n&gt;Tests run: 3, Failures: 0, Errors: 3, Time elapsed: 174.891 sec\n&gt;\n&gt;Testcase: testInnerProcess\n&gt;(org.archive.crawler.extractor.ExtractorHTMLTest): Caused an ERROR\n&gt;Network is unreachable: connect\n&gt;java.net.SocketException: Network is unreachable: connect\n&gt; at java.net.PlainSocketImpl.socketConnect(Native Method)\n&gt; at java.net.PlainSocketImpl.doConnect(PlainSocketImpl.java:331)\n&gt; at java.net.PlainSocketImpl.connectToAddress\n&gt;(PlainSocketImpl.java:196)\n&gt; at java.net.PlainSocketImpl.connect(PlainSocketImpl.java:183)\n&gt; at java.net.Socket.connect(Socket.java:478)\n&gt; at java.net.Socket.connect(Socket.java:428)\n&gt; at sun.net.NetworkClient.doConnect(NetworkClient.java:158)\n&gt; at sun.net.NetworkClient.openServer(NetworkClient.java:137)\n&gt; at sun.net.ftp.FtpClient.openServer(FtpClient.java:448)\n&gt; at sun.net.ftp.FtpClient.&lt;init&gt;(FtpClient.java:717)\n&gt; at sun.net.www.protocol.ftp.FtpURLConnection.connect\n&gt;(FtpURLConnection.java:192)\n&gt; at sun.net.www.protocol.ftp.FtpURLConnection.getInputStream\n&gt;(FtpURLConnection.java:274)\n&gt; at java.net.URL.openStream(URL.java:941)\n&gt; at org.archive.crawler.extractor.ExtractorHTMLTest.setupRecorder\n&gt;(ExtractorHTMLTest.java:129)\n&gt; at org.archive.crawler.extractor.ExtractorHTMLTest.setUp\n&gt;(ExtractorHTMLTest.java:86)\n&gt;\n&gt;\n&gt;Testcase: testEmbedSrc\n&gt;(org.archive.crawler.extractor.ExtractorHTMLTest): Caused an ERROR\n&gt;Network is unreachable: connect\n&gt;java.net.SocketException: Network is unreachable: connect\n&gt;... (the same as above)\n&gt;\n&gt;Testcase: testHrefWhitespace\n&gt;(org.archive.crawler.extractor.ExtractorHTMLTest): Caused an ERROR\n&gt;Network is unreachable: connect\n&gt;java.net.SocketException: Network is unreachable: connect\n&gt;... (the same as above)\n&gt;\n&gt;  \n&gt;\nFor sure the above looks like its going out on the net.\n\nIs this latest code, or near latest code?  The test used to go out on \nthe net -- a while back.  Now it has a flag that is checked-in false \nthat stops it doing so.  See \nhttp://crawler.archive.org/xref/org/archive/crawler/extractor/ExtractorHTMLTest.html#74.\n\nOtherwise, I cannot reproduce your experience.\n\nLet us know how it goes.\nYours,\nSt.Ack\n\n\n&gt;===============================\n&gt;\n&gt;\n&gt;thx\n&gt;robin\n&gt;\n&gt;\n&gt;\n&gt;\n&gt; \n&gt;Yahoo! Groups Links\n&gt;\n&gt;\n&gt;\n&gt; \n&gt;\n&gt;  \n&gt;\n\n\n"}}