{"ygPerms":{"resourceCapabilityList":[{"resourceType":"GROUP","capabilities":[{"name":"READ"},{"name":"JOIN"}]},{"resourceType":"PHOTO","capabilities":[]},{"resourceType":"FILE","capabilities":[]},{"resourceType":"MEMBER","capabilities":[]},{"resourceType":"LINK","capabilities":[]},{"resourceType":"CALENDAR","capabilities":[]},{"resourceType":"DATABASE","capabilities":[]},{"resourceType":"POLL","capabilities":[]},{"resourceType":"MESSAGE","capabilities":[{"name":"READ"}]},{"resourceType":"PENDING_MESSAGE","capabilities":[]},{"resourceType":"ATTACHMENTS","capabilities":[{"name":"READ"}]},{"resourceType":"PHOTOMATIC_ALBUMS","capabilities":[]},{"resourceType":"MEMBERSHIP_TYPE","capabilities":[]},{"resourceType":"POST","capabilities":[{"name":"READ"}]},{"resourceType":"PIN","capabilities":[]}],"groupUrl":"groups.yahoo.com","intlCode":"us"},"comscore":"pageview_candidate","ygData":{"userId":131776561,"authorName":"agoodman_rgd","from":"&quot;agoodman_rgd&quot; &lt;renguodong@...&gt;","profile":"agoodman_rgd","replyTo":"LIST","senderId":"guqlqEs9uDh055e8JRzUBmIKKaFmUWIWCQ458cQmJGzWkn_iJu62ESybDzirMXuvkHHt_Ld8F__1C6wf8t28G7l8PnL3aavDJX8","spamInfo":{"isSpam":false,"reason":"0"},"subject":"Re: how to build heritrix with maven","postDate":"1093918416","msgId":915,"canDelete":false,"contentTrasformed":false,"systemMessage":false,"headers":{"messageIdInHeader":"PGNoMG1zZytoc2NoQGVHcm91cHMuY29tPg==","inReplyToHeader":"PDQxMzNEQTNGLjIwNjA4MDVAYXJjaGl2ZS5vcmc+"},"prevInTopic":914,"nextInTopic":916,"prevInTime":914,"nextInTime":916,"topicId":913,"numMessagesInTopic":11,"msgSnippet":"thanks . I have solved the problem with your help. but now I meet another problem . I unzip the heritrix-1.0.0-src.zip  and maven dist ... ......... ","rawEmail":"Return-Path: &lt;renguodong@...&gt;\r\nX-Sender: renguodong@...\r\nX-Apparently-To: archive-crawler@yahoogroups.com\r\nReceived: (qmail 95413 invoked from network); 31 Aug 2004 02:13:48 -0000\r\nReceived: from unknown (66.218.66.216)\n  by m19.grp.scd.yahoo.com with QMQP; 31 Aug 2004 02:13:48 -0000\r\nReceived: from unknown (HELO n12.grp.scd.yahoo.com) (66.218.66.67)\n  by mta1.grp.scd.yahoo.com with SMTP; 31 Aug 2004 02:13:48 -0000\r\nReceived: from [66.218.67.138] by n12.grp.scd.yahoo.com with NNFMP; 31 Aug 2004 02:13:38 -0000\r\nDate: Tue, 31 Aug 2004 02:13:36 -0000\r\nTo: archive-crawler@yahoogroups.com\r\nMessage-ID: &lt;ch0msg+hsch@...&gt;\r\nIn-Reply-To: &lt;4133DA3F.2060805@...&gt;\r\nUser-Agent: eGroups-EW/0.82\r\nMIME-Version: 1.0\r\nContent-Type: text/plain; charset=ISO-8859-1\r\nContent-Length: 6054\r\nX-Mailer: Yahoo Groups Message Poster\r\nX-Yahoo-Newman-Property: groups-compose\r\nX-eGroups-Remote-IP: 66.218.66.67\r\nFrom: &quot;agoodman_rgd&quot; &lt;renguodong@...&gt;\r\nSubject: Re: how to build heritrix with maven\r\nX-Yahoo-Group-Post: member; u=131776561\r\nX-Yahoo-Profile: agoodman_rgd\r\n\r\nthanks .\nI have solved the problem with your help.\nbut now I meet another problem .\n\nI unzip the heritrix-1.0.0-src.zip  and &quot;maven dist&quot;\n-------------------------------------------------------\n.........\ntest:test:\n    [junit] Running org.archive.io.ReplayCharSequenceFactoryTest\n    [junit] Tests run: 6, Failures: 0, Errors: 0, Time elapsed: 0.581 \nsec\n    [junit] Running org.archive.io.RecordingOutputStreamTest\n    [junit] Tests run: 4, Failures: 0, Errors: 0, Time elapsed: 0.361 \nsec\n    [junit] Running org.archive.io.arc.ARCWriterTest\n    [junit] Tests run: 5, Failures: 0, Errors: 0, Time elapsed: 0.58 \nsec\n    [junit] Running org.archive.io.arc.ARCWriterPoolTest\n    [junit] Tests run: 1, Failures: 0, Errors: 0, Time elapsed: 0.521 \nsec\n    [junit] Running org.archive.io.arc.ARCSocketFactoryTest\n    [junit] Tests run: 1, Failures: 0, Errors: 0, Time elapsed: 0.411 \nsec\n    [junit] Running org.archive.util.MemLongFPSetTest\n    [junit] Tests run: 6, Failures: 0, Errors: 0, Time elapsed: 0.38 \nsec\n    [junit] Running org.archive.util.DiskQueueTest\n    [junit] Tests run: 7, Failures: 0, Errors: 1, Time elapsed: 0.39 \nsec\n    [junit] [ERROR] TEST org.archive.util.DiskQueueTest FAILED\n    [junit] Running org.archive.util.SURTTest\n    [junit] Tests run: 1, Failures: 0, Errors: 0, Time elapsed: 0.341 \nsec\n    [junit] Running org.archive.util.DiskBackedDequeTest\n    [junit] Tests run: 7, Failures: 2, Errors: 1, Time elapsed: 0.471 \nsec\n    [junit] [ERROR] TEST org.archive.util.DiskBackedDequeTest FAILED\n    [junit] Running org.archive.util.ArchiveUtilsTest\n    [junit] Tests run: 11, Failures: 0, Errors: 0, Time elapsed: \n0.371 sec\n    [junit] Running org.archive.util.SurtPrefixSetTest\n    [junit] Tests run: 1, Failures: 0, Errors: 0, Time elapsed: 0.36 \nsec\n    [junit] Running org.archive.util.PaddingStringBufferTest\n    [junit] Tests run: 11, Failures: 0, Errors: 0, Time elapsed: 0.34 \nsec\n    [junit] Running org.archive.util.ConfigurableX509TrustManagerTest\n    [junit] Tests run: 0, Failures: 0, Errors: 0, Time elapsed: 0.35 \nsec\n    [junit] Running org.archive.util.MemQueueTest\n    [junit] Tests run: 3, Failures: 0, Errors: 0, Time elapsed: 0.371 \nsec\n    [junit] Running org.archive.util.LongFPSetCacheTest\n    [junit] Tests run: 5, Failures: 0, Errors: 0, Time elapsed: 0.531 \nsec\n    [junit] Running org.archive.util.DiskStackTest\n    [junit] Tests run: 3, Failures: 1, Errors: 0, Time elapsed: 0.42 \nsec\n    [junit] [ERROR] TEST org.archive.util.DiskStackTest FAILED\n    [junit] Running org.archive.util.DiskBackedQueueTest\n    [junit] Tests run: 5, Failures: 0, Errors: 1, Time elapsed: 0.491 \nsec\n    [junit] [ERROR] TEST org.archive.util.DiskBackedQueueTest FAILED\n    [junit] Running org.archive.crawler.scope.DomainScopeTest\n    [junit] Tests run: 2, Failures: 0, Errors: 0, Time elapsed: 0.47 \nsec\n    [junit] Running org.archive.crawler.datamodel.UURIFactoryTest\n    [junit] Tests run: 21, Failures: 0, Errors: 0, Time elapsed: \n0.421 sec\n    [junit] Running org.archive.crawler.datamodel.SeedListTest\n    [junit] Tests run: 3, Failures: 0, Errors: 0, Time elapsed: 0.441 \nsec\n    [junit] Running org.archive.crawler.datamodel.CredentialStoreTest\n    [junit] Tests run: 1, Failures: 0, Errors: 0, Time elapsed: 0.791 \nsec\n    [junit] Running org.archive.crawler.datamodel.CrawlURITest\n    [junit] Tests run: 2, Failures: 0, Errors: 0, Time elapsed: 0.561 \nsec\n    [junit] Running \norg.archive.crawler.filter.PathologicalPathFilterTest\n    [junit] Tests run: 2, Failures: 0, Errors: 0, Time elapsed: 0.43 \nsec\n    [junit] Running org.archive.crawler.filter.FilePatternFilterTest\n    [junit] Tests run: 1, Failures: 0, Errors: 0, Time elapsed: 0.461 \nsec\n    [junit] Running org.archive.crawler.extractor.ExtractorHTMLTest\n    [junit] Tests run: 3, Failures: 0, Errors: 3, Time elapsed: 9.573 \nsec\n    [junit] [ERROR] TEST \norg.archive.crawler.extractor.ExtractorHTMLTest FAILED\n    [junit] Running org.archive.crawler.frontier.KeyedQueueTest\n    [junit] Tests run: 1, Failures: 0, Errors: 0, Time elapsed: 0.601 \nsec\n    [junit] Running \norg.archive.crawler.settings.XMLSettingsHandlerTest\n    [junit] Tests run: 6, Failures: 1, Errors: 0, Time elapsed: 1.131 \nsec\n    [junit] [ERROR] TEST \norg.archive.crawler.settings.XMLSettingsHandlerTest FAILED\n    [junit] Running org.archive.crawler.settings.SimpleTypeTest\n    [junit] Tests run: 8, Failures: 0, Errors: 0, Time elapsed: 0.36 \nsec\n    [junit] Running org.archive.crawler.settings.MapTypeTest\n    [junit] Tests run: 9, Failures: 0, Errors: 0, Time elapsed: 0.781 \nsec\n    [junit] Running org.archive.crawler.settings.OverrideTest\n    [junit] Tests run: 2, Failures: 0, Errors: 0, Time elapsed: 0.631 \nsec\n    [junit] Running org.archive.crawler.settings.CrawlerSettingsTest\n    [junit] Tests run: 2, Failures: 0, Errors: 0, Time elapsed: 0.49 \nsec\n    [junit] Running \norg.archive.crawler.settings.refinements.TimespanCriteriaTest\n    [junit] Tests run: 2, Failures: 0, Errors: 0, Time elapsed: 0.371 \nsec\n\nBUILD FAILED\nFile...... C:&#92;Documents and Settings&#92;blue&#92;.maven&#92;cache&#92;maven-test-\nplugin-1.6.2&#92;plugin.jelly\nElement... fail\nLine...... 181\nColumn.... 54\nThere were test failures.\nTotal time: 43 seconds\nFinished at: Tue Aug 31 10:05:27 CST 2004\n\n---------------------------------------------\n\n\n\n\n\n--- In archive-crawler@yahoogroups.com, stack &lt;stack@a...&gt; wrote:\n&gt; agoodman_rgd wrote:\n&gt; \n&gt; &gt;I wrote a java class, \n&gt; &gt;and it need a jar for  extracting  txt from  pdf (PDFBox-0.6.6.jar)\n&gt; &gt;\n&gt; &gt;I added this line in project.properties\n&gt; &gt;maven.jar.PDFBox = ${basedir}/lib/PDFBox-0.6.6.jar\n&gt; &gt;and put PDFBox-0.6.6.jar to heritrix_home/lib/\n&gt; &gt;\n&gt; &gt;but maven complain :\n&gt; &gt;package org.pdfbox.pdfparser does not exist\n&gt; &gt;\n&gt; &gt;I&#39;m a maven beginer. anybody can help me ,thanks \n&gt; &gt;\n&gt; &gt;\n&gt; &gt;  \n&gt; &gt;\n&gt; Study project.properties and project.xml.  Look at how each jar \nadded \n&gt; has a section.   You&#39;ll need to do same for any jar you add to get \nit \n&gt; added into the distribution.\n&gt; Yours,\n&gt; St.Ack\n&gt; \n&gt; &gt;\n&gt; &gt; \n&gt; &gt;Yahoo! Groups Links\n&gt; &gt;\n&gt; &gt;\n&gt; &gt;\n&gt; &gt; \n&gt; &gt;\n&gt; &gt;  \n&gt; &gt;\n\n\n"}}