{"ygPerms":{"resourceCapabilityList":[{"resourceType":"GROUP","capabilities":[{"name":"READ"},{"name":"JOIN"}]},{"resourceType":"PHOTO","capabilities":[]},{"resourceType":"FILE","capabilities":[]},{"resourceType":"MEMBER","capabilities":[]},{"resourceType":"LINK","capabilities":[]},{"resourceType":"CALENDAR","capabilities":[]},{"resourceType":"DATABASE","capabilities":[]},{"resourceType":"POLL","capabilities":[]},{"resourceType":"MESSAGE","capabilities":[{"name":"READ"}]},{"resourceType":"PENDING_MESSAGE","capabilities":[]},{"resourceType":"ATTACHMENTS","capabilities":[{"name":"READ"}]},{"resourceType":"PHOTOMATIC_ALBUMS","capabilities":[]},{"resourceType":"MEMBERSHIP_TYPE","capabilities":[]},{"resourceType":"POST","capabilities":[{"name":"READ"}]},{"resourceType":"PIN","capabilities":[]}],"groupUrl":"groups.yahoo.com","intlCode":"us"},"comscore":"pageview_candidate","ygData":{"userId":168599281,"authorName":"stack","from":"stack &lt;stack@...&gt;","replyTo":"LIST","senderId":"ZDF2NPwFAoABwlj6UNlnrhM5y41yFWJHbhEeScqdu86L15l_Kpx2rQqpJ2v1f75E5v4nozoD0kr2YNnDgddG4g","spamInfo":{"isSpam":false,"reason":"0"},"subject":"Re: [archive-crawler] Re: how to build heritrix with maven","postDate":"1093921052","msgId":916,"canDelete":false,"contentTrasformed":false,"systemMessage":false,"headers":{"messageIdInHeader":"PDQxMzNFOTFDLjcwNDA0MDVAYXJjaGl2ZS5vcmc+","inReplyToHeader":"PGNoMG1zZytoc2NoQGVHcm91cHMuY29tPg==","referencesHeader":"PGNoMG1zZytoc2NoQGVHcm91cHMuY29tPg=="},"prevInTopic":915,"nextInTopic":919,"prevInTime":915,"nextInTime":917,"topicId":913,"numMessagesInTopic":11,"msgSnippet":"... Perhaps you are not on Linux?  If not, see item 2.3 here: http://crawler.archive.org/articles/limitations.html#984390.  It says mac os x but it may also be","rawEmail":"Return-Path: &lt;stack@...&gt;\r\nX-Sender: stack@...\r\nX-Apparently-To: archive-crawler@yahoogroups.com\r\nReceived: (qmail 80189 invoked from network); 31 Aug 2004 02:56:39 -0000\r\nReceived: from unknown (66.218.66.216)\n  by m6.grp.scd.yahoo.com with QMQP; 31 Aug 2004 02:56:39 -0000\r\nReceived: from unknown (HELO dns.duboce.net) (63.203.238.114)\n  by mta1.grp.scd.yahoo.com with SMTP; 31 Aug 2004 02:56:39 -0000\r\nReceived: from archive.org ([192.168.1.105])\n\t(authenticated)\n\tby dns-eth1.duboce.net (8.10.2/8.10.2) with ESMTP id i7V2FeB06627\n\tfor &lt;archive-crawler@yahoogroups.com&gt;; Mon, 30 Aug 2004 19:15:40 -0700\r\nMessage-ID: &lt;4133E91C.7040405@...&gt;\r\nDate: Mon, 30 Aug 2004 19:57:32 -0700\r\nUser-Agent: Mozilla/5.0 (Macintosh; U; PPC Mac OS X Mach-O; en-US; rv:1.7b) Gecko/20040421\r\nX-Accept-Language: en-us, en\r\nMIME-Version: 1.0\r\nTo: archive-crawler@yahoogroups.com\r\nReferences: &lt;ch0msg+hsch@...&gt;\r\nIn-Reply-To: &lt;ch0msg+hsch@...&gt;\r\nContent-Type: text/plain; charset=ISO-8859-1; format=flowed\r\nContent-Transfer-Encoding: 7bit\r\nX-eGroups-Remote-IP: 63.203.238.114\r\nFrom: stack &lt;stack@...&gt;\r\nSubject: Re: [archive-crawler] Re: how to build heritrix with maven\r\nX-Yahoo-Group-Post: member; u=168599281\r\n\r\nagoodman_rgd wrote:\n\n&gt;thanks .\n&gt;I have solved the problem with your help.\n&gt;but now I meet another problem .\n&gt;  \n&gt;\nPerhaps you are not on Linux?  If not, see item 2.3 here: \nhttp://crawler.archive.org/articles/limitations.html#984390.  It says \nmac os x but it may also be a prob. on PCs.\nYours,\nSt.Ack\n\n&gt;I unzip the heritrix-1.0.0-src.zip  and &quot;maven dist&quot;\n&gt;-------------------------------------------------------\n&gt;.........\n&gt;test:test:\n&gt;    [junit] Running org.archive.io.ReplayCharSequenceFactoryTest\n&gt;    [junit] Tests run: 6, Failures: 0, Errors: 0, Time elapsed: 0.581 \n&gt;sec\n&gt;    [junit] Running org.archive.io.RecordingOutputStreamTest\n&gt;    [junit] Tests run: 4, Failures: 0, Errors: 0, Time elapsed: 0.361 \n&gt;sec\n&gt;    [junit] Running org.archive.io.arc.ARCWriterTest\n&gt;    [junit] Tests run: 5, Failures: 0, Errors: 0, Time elapsed: 0.58 \n&gt;sec\n&gt;    [junit] Running org.archive.io.arc.ARCWriterPoolTest\n&gt;    [junit] Tests run: 1, Failures: 0, Errors: 0, Time elapsed: 0.521 \n&gt;sec\n&gt;    [junit] Running org.archive.io.arc.ARCSocketFactoryTest\n&gt;    [junit] Tests run: 1, Failures: 0, Errors: 0, Time elapsed: 0.411 \n&gt;sec\n&gt;    [junit] Running org.archive.util.MemLongFPSetTest\n&gt;    [junit] Tests run: 6, Failures: 0, Errors: 0, Time elapsed: 0.38 \n&gt;sec\n&gt;    [junit] Running org.archive.util.DiskQueueTest\n&gt;    [junit] Tests run: 7, Failures: 0, Errors: 1, Time elapsed: 0.39 \n&gt;sec\n&gt;    [junit] [ERROR] TEST org.archive.util.DiskQueueTest FAILED\n&gt;    [junit] Running org.archive.util.SURTTest\n&gt;    [junit] Tests run: 1, Failures: 0, Errors: 0, Time elapsed: 0.341 \n&gt;sec\n&gt;    [junit] Running org.archive.util.DiskBackedDequeTest\n&gt;    [junit] Tests run: 7, Failures: 2, Errors: 1, Time elapsed: 0.471 \n&gt;sec\n&gt;    [junit] [ERROR] TEST org.archive.util.DiskBackedDequeTest FAILED\n&gt;    [junit] Running org.archive.util.ArchiveUtilsTest\n&gt;    [junit] Tests run: 11, Failures: 0, Errors: 0, Time elapsed: \n&gt;0.371 sec\n&gt;    [junit] Running org.archive.util.SurtPrefixSetTest\n&gt;    [junit] Tests run: 1, Failures: 0, Errors: 0, Time elapsed: 0.36 \n&gt;sec\n&gt;    [junit] Running org.archive.util.PaddingStringBufferTest\n&gt;    [junit] Tests run: 11, Failures: 0, Errors: 0, Time elapsed: 0.34 \n&gt;sec\n&gt;    [junit] Running org.archive.util.ConfigurableX509TrustManagerTest\n&gt;    [junit] Tests run: 0, Failures: 0, Errors: 0, Time elapsed: 0.35 \n&gt;sec\n&gt;    [junit] Running org.archive.util.MemQueueTest\n&gt;    [junit] Tests run: 3, Failures: 0, Errors: 0, Time elapsed: 0.371 \n&gt;sec\n&gt;    [junit] Running org.archive.util.LongFPSetCacheTest\n&gt;    [junit] Tests run: 5, Failures: 0, Errors: 0, Time elapsed: 0.531 \n&gt;sec\n&gt;    [junit] Running org.archive.util.DiskStackTest\n&gt;    [junit] Tests run: 3, Failures: 1, Errors: 0, Time elapsed: 0.42 \n&gt;sec\n&gt;    [junit] [ERROR] TEST org.archive.util.DiskStackTest FAILED\n&gt;    [junit] Running org.archive.util.DiskBackedQueueTest\n&gt;    [junit] Tests run: 5, Failures: 0, Errors: 1, Time elapsed: 0.491 \n&gt;sec\n&gt;    [junit] [ERROR] TEST org.archive.util.DiskBackedQueueTest FAILED\n&gt;    [junit] Running org.archive.crawler.scope.DomainScopeTest\n&gt;    [junit] Tests run: 2, Failures: 0, Errors: 0, Time elapsed: 0.47 \n&gt;sec\n&gt;    [junit] Running org.archive.crawler.datamodel.UURIFactoryTest\n&gt;    [junit] Tests run: 21, Failures: 0, Errors: 0, Time elapsed: \n&gt;0.421 sec\n&gt;    [junit] Running org.archive.crawler.datamodel.SeedListTest\n&gt;    [junit] Tests run: 3, Failures: 0, Errors: 0, Time elapsed: 0.441 \n&gt;sec\n&gt;    [junit] Running org.archive.crawler.datamodel.CredentialStoreTest\n&gt;    [junit] Tests run: 1, Failures: 0, Errors: 0, Time elapsed: 0.791 \n&gt;sec\n&gt;    [junit] Running org.archive.crawler.datamodel.CrawlURITest\n&gt;    [junit] Tests run: 2, Failures: 0, Errors: 0, Time elapsed: 0.561 \n&gt;sec\n&gt;    [junit] Running \n&gt;org.archive.crawler.filter.PathologicalPathFilterTest\n&gt;    [junit] Tests run: 2, Failures: 0, Errors: 0, Time elapsed: 0.43 \n&gt;sec\n&gt;    [junit] Running org.archive.crawler.filter.FilePatternFilterTest\n&gt;    [junit] Tests run: 1, Failures: 0, Errors: 0, Time elapsed: 0.461 \n&gt;sec\n&gt;    [junit] Running org.archive.crawler.extractor.ExtractorHTMLTest\n&gt;    [junit] Tests run: 3, Failures: 0, Errors: 3, Time elapsed: 9.573 \n&gt;sec\n&gt;    [junit] [ERROR] TEST \n&gt;org.archive.crawler.extractor.ExtractorHTMLTest FAILED\n&gt;    [junit] Running org.archive.crawler.frontier.KeyedQueueTest\n&gt;    [junit] Tests run: 1, Failures: 0, Errors: 0, Time elapsed: 0.601 \n&gt;sec\n&gt;    [junit] Running \n&gt;org.archive.crawler.settings.XMLSettingsHandlerTest\n&gt;    [junit] Tests run: 6, Failures: 1, Errors: 0, Time elapsed: 1.131 \n&gt;sec\n&gt;    [junit] [ERROR] TEST \n&gt;org.archive.crawler.settings.XMLSettingsHandlerTest FAILED\n&gt;    [junit] Running org.archive.crawler.settings.SimpleTypeTest\n&gt;    [junit] Tests run: 8, Failures: 0, Errors: 0, Time elapsed: 0.36 \n&gt;sec\n&gt;    [junit] Running org.archive.crawler.settings.MapTypeTest\n&gt;    [junit] Tests run: 9, Failures: 0, Errors: 0, Time elapsed: 0.781 \n&gt;sec\n&gt;    [junit] Running org.archive.crawler.settings.OverrideTest\n&gt;    [junit] Tests run: 2, Failures: 0, Errors: 0, Time elapsed: 0.631 \n&gt;sec\n&gt;    [junit] Running org.archive.crawler.settings.CrawlerSettingsTest\n&gt;    [junit] Tests run: 2, Failures: 0, Errors: 0, Time elapsed: 0.49 \n&gt;sec\n&gt;    [junit] Running \n&gt;org.archive.crawler.settings.refinements.TimespanCriteriaTest\n&gt;    [junit] Tests run: 2, Failures: 0, Errors: 0, Time elapsed: 0.371 \n&gt;sec\n&gt;\n&gt;BUILD FAILED\n&gt;File...... C:&#92;Documents and Settings&#92;blue&#92;.maven&#92;cache&#92;maven-test-\n&gt;plugin-1.6.2&#92;plugin.jelly\n&gt;Element... fail\n&gt;Line...... 181\n&gt;Column.... 54\n&gt;There were test failures.\n&gt;Total time: 43 seconds\n&gt;Finished at: Tue Aug 31 10:05:27 CST 2004\n&gt;\n&gt;---------------------------------------------\n&gt;\n&gt;\n&gt;\n&gt;\n&gt;\n&gt;--- In archive-crawler@yahoogroups.com, stack &lt;stack@a...&gt; wrote:\n&gt;  \n&gt;\n&gt;&gt;agoodman_rgd wrote:\n&gt;&gt;\n&gt;&gt;    \n&gt;&gt;\n&gt;&gt;&gt;I wrote a java class, \n&gt;&gt;&gt;and it need a jar for  extracting  txt from  pdf (PDFBox-0.6.6.jar)\n&gt;&gt;&gt;\n&gt;&gt;&gt;I added this line in project.properties\n&gt;&gt;&gt;maven.jar.PDFBox = ${basedir}/lib/PDFBox-0.6.6.jar\n&gt;&gt;&gt;and put PDFBox-0.6.6.jar to heritrix_home/lib/\n&gt;&gt;&gt;\n&gt;&gt;&gt;but maven complain :\n&gt;&gt;&gt;package org.pdfbox.pdfparser does not exist\n&gt;&gt;&gt;\n&gt;&gt;&gt;I&#39;m a maven beginer. anybody can help me ,thanks \n&gt;&gt;&gt;\n&gt;&gt;&gt;\n&gt;&gt;&gt; \n&gt;&gt;&gt;\n&gt;&gt;&gt;      \n&gt;&gt;&gt;\n&gt;&gt;Study project.properties and project.xml.  Look at how each jar \n&gt;&gt;    \n&gt;&gt;\n&gt;added \n&gt;  \n&gt;\n&gt;&gt;has a section.   You&#39;ll need to do same for any jar you add to get \n&gt;&gt;    \n&gt;&gt;\n&gt;it \n&gt;  \n&gt;\n&gt;&gt;added into the distribution.\n&gt;&gt;Yours,\n&gt;&gt;St.Ack\n&gt;&gt;\n&gt;&gt;    \n&gt;&gt;\n&gt;&gt;&gt;Yahoo! Groups Links\n&gt;&gt;&gt;\n&gt;&gt;&gt;\n&gt;&gt;&gt;\n&gt;&gt;&gt;\n&gt;&gt;&gt;\n&gt;&gt;&gt; \n&gt;&gt;&gt;\n&gt;&gt;&gt;      \n&gt;&gt;&gt;\n&gt;\n&gt;\n&gt;\n&gt;\n&gt; \n&gt;Yahoo! Groups Links\n&gt;\n&gt;\n&gt;\n&gt; \n&gt;\n&gt;  \n&gt;\n\n\n"}}