{"ygPerms":{"resourceCapabilityList":[{"resourceType":"GROUP","capabilities":[{"name":"READ"},{"name":"JOIN"}]},{"resourceType":"PHOTO","capabilities":[]},{"resourceType":"FILE","capabilities":[]},{"resourceType":"MEMBER","capabilities":[]},{"resourceType":"LINK","capabilities":[]},{"resourceType":"CALENDAR","capabilities":[]},{"resourceType":"DATABASE","capabilities":[]},{"resourceType":"POLL","capabilities":[]},{"resourceType":"MESSAGE","capabilities":[{"name":"READ"}]},{"resourceType":"PENDING_MESSAGE","capabilities":[]},{"resourceType":"ATTACHMENTS","capabilities":[{"name":"READ"}]},{"resourceType":"PHOTOMATIC_ALBUMS","capabilities":[]},{"resourceType":"MEMBERSHIP_TYPE","capabilities":[]},{"resourceType":"POST","capabilities":[{"name":"READ"}]},{"resourceType":"PIN","capabilities":[]}],"groupUrl":"groups.yahoo.com","intlCode":"us"},"comscore":"pageview_candidate","ygData":{"userId":131776561,"authorName":"agoodman_rgd","from":"&quot;agoodman_rgd&quot; &lt;renguodong@...&gt;","profile":"agoodman_rgd","replyTo":"LIST","senderId":"tEhYnZr1u56tIxR2wtzvyVtI38KUA8ybiiRg1Ymk3Z2ub34c12pLqgRcdFqcFG8abgHabALzkCELGSP56W1JmE-Euyp6qb7yFcM","spamInfo":{"isSpam":false,"reason":"0"},"subject":"Re: how to build heritrix with maven","postDate":"1093932631","msgId":919,"canDelete":false,"contentTrasformed":false,"systemMessage":false,"headers":{"messageIdInHeader":"PGNoMTRvbitoMTZkQGVHcm91cHMuY29tPg==","inReplyToHeader":"PDQxMzNFOTFDLjcwNDA0MDVAYXJjaGl2ZS5vcmc+"},"prevInTopic":916,"nextInTopic":921,"prevInTime":918,"nextInTime":920,"topicId":913,"numMessagesInTopic":11,"msgSnippet":"My develope Env is windows2K & PC. I have to delete some xxxxTest.java (unit test failed) and the building work  looks good . can you tell me what s the affect","rawEmail":"Return-Path: &lt;renguodong@...&gt;\r\nX-Sender: renguodong@...\r\nX-Apparently-To: archive-crawler@yahoogroups.com\r\nReceived: (qmail 16270 invoked from network); 31 Aug 2004 06:10:40 -0000\r\nReceived: from unknown (66.218.66.216)\n  by m23.grp.scd.yahoo.com with QMQP; 31 Aug 2004 06:10:40 -0000\r\nReceived: from unknown (HELO n17.grp.scd.yahoo.com) (66.218.66.72)\n  by mta1.grp.scd.yahoo.com with SMTP; 31 Aug 2004 06:10:40 -0000\r\nReceived: from [66.218.67.156] by n17.grp.scd.yahoo.com with NNFMP; 31 Aug 2004 06:10:31 -0000\r\nDate: Tue, 31 Aug 2004 06:10:31 -0000\r\nTo: archive-crawler@yahoogroups.com\r\nMessage-ID: &lt;ch14on+h16d@...&gt;\r\nIn-Reply-To: &lt;4133E91C.7040405@...&gt;\r\nUser-Agent: eGroups-EW/0.82\r\nMIME-Version: 1.0\r\nContent-Type: text/plain; charset=ISO-8859-1\r\nContent-Length: 7349\r\nX-Mailer: Yahoo Groups Message Poster\r\nX-Yahoo-Newman-Property: groups-compose\r\nX-eGroups-Remote-IP: 66.218.66.72\r\nFrom: &quot;agoodman_rgd&quot; &lt;renguodong@...&gt;\r\nSubject: Re: how to build heritrix with maven\r\nX-Yahoo-Group-Post: member; u=131776561\r\nX-Yahoo-Profile: agoodman_rgd\r\n\r\nMy develope Env is windows2K & PC.\nI have to delete some xxxxTest.java (unit test failed)\nand the building work  looks good .\n\ncan you tell me what&#39;s the affect to the xxxTest\n-----------------\nDiskBackedDequeTest\nDiskBackedQueueTest\nDiskQueueTest\nDiskStackTest\nExtractorHTMLTest\nXMLSettingsHandlerTest\n\n\n\n--- In archive-crawler@yahoogroups.com, stack &lt;stack@a...&gt; wrote:\n&gt; agoodman_rgd wrote:\n&gt; \n&gt; &gt;thanks .\n&gt; &gt;I have solved the problem with your help.\n&gt; &gt;but now I meet another problem .\n&gt; &gt;  \n&gt; &gt;\n&gt; Perhaps you are not on Linux?  If not, see item 2.3 here: \n&gt; http://crawler.archive.org/articles/limitations.html#984390.  It \nsays \n&gt; mac os x but it may also be a prob. on PCs.\n&gt; Yours,\n&gt; St.Ack\n&gt; \n&gt; &gt;I unzip the heritrix-1.0.0-src.zip  and &quot;maven dist&quot;\n&gt; &gt;-------------------------------------------------------\n&gt; &gt;.........\n&gt; &gt;test:test:\n&gt; &gt;    [junit] Running org.archive.io.ReplayCharSequenceFactoryTest\n&gt; &gt;    [junit] Tests run: 6, Failures: 0, Errors: 0, Time elapsed: \n0.581 \n&gt; &gt;sec\n&gt; &gt;    [junit] Running org.archive.io.RecordingOutputStreamTest\n&gt; &gt;    [junit] Tests run: 4, Failures: 0, Errors: 0, Time elapsed: \n0.361 \n&gt; &gt;sec\n&gt; &gt;    [junit] Running org.archive.io.arc.ARCWriterTest\n&gt; &gt;    [junit] Tests run: 5, Failures: 0, Errors: 0, Time elapsed: \n0.58 \n&gt; &gt;sec\n&gt; &gt;    [junit] Running org.archive.io.arc.ARCWriterPoolTest\n&gt; &gt;    [junit] Tests run: 1, Failures: 0, Errors: 0, Time elapsed: \n0.521 \n&gt; &gt;sec\n&gt; &gt;    [junit] Running org.archive.io.arc.ARCSocketFactoryTest\n&gt; &gt;    [junit] Tests run: 1, Failures: 0, Errors: 0, Time elapsed: \n0.411 \n&gt; &gt;sec\n&gt; &gt;    [junit] Running org.archive.util.MemLongFPSetTest\n&gt; &gt;    [junit] Tests run: 6, Failures: 0, Errors: 0, Time elapsed: \n0.38 \n&gt; &gt;sec\n&gt; &gt;    [junit] Running org.archive.util.DiskQueueTest\n&gt; &gt;    [junit] Tests run: 7, Failures: 0, Errors: 1, Time elapsed: \n0.39 \n&gt; &gt;sec\n&gt; &gt;    [junit] [ERROR] TEST org.archive.util.DiskQueueTest FAILED\n&gt; &gt;    [junit] Running org.archive.util.SURTTest\n&gt; &gt;    [junit] Tests run: 1, Failures: 0, Errors: 0, Time elapsed: \n0.341 \n&gt; &gt;sec\n&gt; &gt;    [junit] Running org.archive.util.DiskBackedDequeTest\n&gt; &gt;    [junit] Tests run: 7, Failures: 2, Errors: 1, Time elapsed: \n0.471 \n&gt; &gt;sec\n&gt; &gt;    [junit] [ERROR] TEST org.archive.util.DiskBackedDequeTest \nFAILED\n&gt; &gt;    [junit] Running org.archive.util.ArchiveUtilsTest\n&gt; &gt;    [junit] Tests run: 11, Failures: 0, Errors: 0, Time elapsed: \n&gt; &gt;0.371 sec\n&gt; &gt;    [junit] Running org.archive.util.SurtPrefixSetTest\n&gt; &gt;    [junit] Tests run: 1, Failures: 0, Errors: 0, Time elapsed: \n0.36 \n&gt; &gt;sec\n&gt; &gt;    [junit] Running org.archive.util.PaddingStringBufferTest\n&gt; &gt;    [junit] Tests run: 11, Failures: 0, Errors: 0, Time elapsed: \n0.34 \n&gt; &gt;sec\n&gt; &gt;    [junit] Running \norg.archive.util.ConfigurableX509TrustManagerTest\n&gt; &gt;    [junit] Tests run: 0, Failures: 0, Errors: 0, Time elapsed: \n0.35 \n&gt; &gt;sec\n&gt; &gt;    [junit] Running org.archive.util.MemQueueTest\n&gt; &gt;    [junit] Tests run: 3, Failures: 0, Errors: 0, Time elapsed: \n0.371 \n&gt; &gt;sec\n&gt; &gt;    [junit] Running org.archive.util.LongFPSetCacheTest\n&gt; &gt;    [junit] Tests run: 5, Failures: 0, Errors: 0, Time elapsed: \n0.531 \n&gt; &gt;sec\n&gt; &gt;    [junit] Running org.archive.util.DiskStackTest\n&gt; &gt;    [junit] Tests run: 3, Failures: 1, Errors: 0, Time elapsed: \n0.42 \n&gt; &gt;sec\n&gt; &gt;    [junit] [ERROR] TEST org.archive.util.DiskStackTest FAILED\n&gt; &gt;    [junit] Running org.archive.util.DiskBackedQueueTest\n&gt; &gt;    [junit] Tests run: 5, Failures: 0, Errors: 1, Time elapsed: \n0.491 \n&gt; &gt;sec\n&gt; &gt;    [junit] [ERROR] TEST org.archive.util.DiskBackedQueueTest \nFAILED\n&gt; &gt;    [junit] Running org.archive.crawler.scope.DomainScopeTest\n&gt; &gt;    [junit] Tests run: 2, Failures: 0, Errors: 0, Time elapsed: \n0.47 \n&gt; &gt;sec\n&gt; &gt;    [junit] Running org.archive.crawler.datamodel.UURIFactoryTest\n&gt; &gt;    [junit] Tests run: 21, Failures: 0, Errors: 0, Time elapsed: \n&gt; &gt;0.421 sec\n&gt; &gt;    [junit] Running org.archive.crawler.datamodel.SeedListTest\n&gt; &gt;    [junit] Tests run: 3, Failures: 0, Errors: 0, Time elapsed: \n0.441 \n&gt; &gt;sec\n&gt; &gt;    [junit] Running \norg.archive.crawler.datamodel.CredentialStoreTest\n&gt; &gt;    [junit] Tests run: 1, Failures: 0, Errors: 0, Time elapsed: \n0.791 \n&gt; &gt;sec\n&gt; &gt;    [junit] Running org.archive.crawler.datamodel.CrawlURITest\n&gt; &gt;    [junit] Tests run: 2, Failures: 0, Errors: 0, Time elapsed: \n0.561 \n&gt; &gt;sec\n&gt; &gt;    [junit] Running \n&gt; &gt;org.archive.crawler.filter.PathologicalPathFilterTest\n&gt; &gt;    [junit] Tests run: 2, Failures: 0, Errors: 0, Time elapsed: \n0.43 \n&gt; &gt;sec\n&gt; &gt;    [junit] Running \norg.archive.crawler.filter.FilePatternFilterTest\n&gt; &gt;    [junit] Tests run: 1, Failures: 0, Errors: 0, Time elapsed: \n0.461 \n&gt; &gt;sec\n&gt; &gt;    [junit] Running org.archive.crawler.extractor.ExtractorHTMLTest\n&gt; &gt;    [junit] Tests run: 3, Failures: 0, Errors: 3, Time elapsed: \n9.573 \n&gt; &gt;sec\n&gt; &gt;    [junit] [ERROR] TEST \n&gt; &gt;org.archive.crawler.extractor.ExtractorHTMLTest FAILED\n&gt; &gt;    [junit] Running org.archive.crawler.frontier.KeyedQueueTest\n&gt; &gt;    [junit] Tests run: 1, Failures: 0, Errors: 0, Time elapsed: \n0.601 \n&gt; &gt;sec\n&gt; &gt;    [junit] Running \n&gt; &gt;org.archive.crawler.settings.XMLSettingsHandlerTest\n&gt; &gt;    [junit] Tests run: 6, Failures: 1, Errors: 0, Time elapsed: \n1.131 \n&gt; &gt;sec\n&gt; &gt;    [junit] [ERROR] TEST \n&gt; &gt;org.archive.crawler.settings.XMLSettingsHandlerTest FAILED\n&gt; &gt;    [junit] Running org.archive.crawler.settings.SimpleTypeTest\n&gt; &gt;    [junit] Tests run: 8, Failures: 0, Errors: 0, Time elapsed: \n0.36 \n&gt; &gt;sec\n&gt; &gt;    [junit] Running org.archive.crawler.settings.MapTypeTest\n&gt; &gt;    [junit] Tests run: 9, Failures: 0, Errors: 0, Time elapsed: \n0.781 \n&gt; &gt;sec\n&gt; &gt;    [junit] Running org.archive.crawler.settings.OverrideTest\n&gt; &gt;    [junit] Tests run: 2, Failures: 0, Errors: 0, Time elapsed: \n0.631 \n&gt; &gt;sec\n&gt; &gt;    [junit] Running \norg.archive.crawler.settings.CrawlerSettingsTest\n&gt; &gt;    [junit] Tests run: 2, Failures: 0, Errors: 0, Time elapsed: \n0.49 \n&gt; &gt;sec\n&gt; &gt;    [junit] Running \n&gt; &gt;org.archive.crawler.settings.refinements.TimespanCriteriaTest\n&gt; &gt;    [junit] Tests run: 2, Failures: 0, Errors: 0, Time elapsed: \n0.371 \n&gt; &gt;sec\n&gt; &gt;\n&gt; &gt;BUILD FAILED\n&gt; &gt;File...... C:&#92;Documents and Settings&#92;blue&#92;.maven&#92;cache&#92;maven-test-\n&gt; &gt;plugin-1.6.2&#92;plugin.jelly\n&gt; &gt;Element... fail\n&gt; &gt;Line...... 181\n&gt; &gt;Column.... 54\n&gt; &gt;There were test failures.\n&gt; &gt;Total time: 43 seconds\n&gt; &gt;Finished at: Tue Aug 31 10:05:27 CST 2004\n&gt; &gt;\n&gt; &gt;---------------------------------------------\n&gt; &gt;\n&gt; &gt;\n&gt; &gt;\n&gt; &gt;\n&gt; &gt;\n&gt; &gt;--- In archive-crawler@yahoogroups.com, stack &lt;stack@a...&gt; wrote:\n&gt; &gt;  \n&gt; &gt;\n&gt; &gt;&gt;agoodman_rgd wrote:\n&gt; &gt;&gt;\n&gt; &gt;&gt;    \n&gt; &gt;&gt;\n&gt; &gt;&gt;&gt;I wrote a java class, \n&gt; &gt;&gt;&gt;and it need a jar for  extracting  txt from  pdf (PDFBox-\n0.6.6.jar)\n&gt; &gt;&gt;&gt;\n&gt; &gt;&gt;&gt;I added this line in project.properties\n&gt; &gt;&gt;&gt;maven.jar.PDFBox = ${basedir}/lib/PDFBox-0.6.6.jar\n&gt; &gt;&gt;&gt;and put PDFBox-0.6.6.jar to heritrix_home/lib/\n&gt; &gt;&gt;&gt;\n&gt; &gt;&gt;&gt;but maven complain :\n&gt; &gt;&gt;&gt;package org.pdfbox.pdfparser does not exist\n&gt; &gt;&gt;&gt;\n&gt; &gt;&gt;&gt;I&#39;m a maven beginer. anybody can help me ,thanks \n&gt; &gt;&gt;&gt;\n&gt; &gt;&gt;&gt;\n&gt; &gt;&gt;&gt; \n&gt; &gt;&gt;&gt;\n&gt; &gt;&gt;&gt;      \n&gt; &gt;&gt;&gt;\n&gt; &gt;&gt;Study project.properties and project.xml.  Look at how each jar \n&gt; &gt;&gt;    \n&gt; &gt;&gt;\n&gt; &gt;added \n&gt; &gt;  \n&gt; &gt;\n&gt; &gt;&gt;has a section.   You&#39;ll need to do same for any jar you add to \nget \n&gt; &gt;&gt;    \n&gt; &gt;&gt;\n&gt; &gt;it \n&gt; &gt;  \n&gt; &gt;\n&gt; &gt;&gt;added into the distribution.\n&gt; &gt;&gt;Yours,\n&gt; &gt;&gt;St.Ack\n&gt; &gt;&gt;\n&gt; &gt;&gt;    \n&gt; &gt;&gt;\n&gt; &gt;&gt;&gt;Yahoo! Groups Links\n&gt; &gt;&gt;&gt;\n&gt; &gt;&gt;&gt;\n&gt; &gt;&gt;&gt;\n&gt; &gt;&gt;&gt;\n&gt; &gt;&gt;&gt;\n&gt; &gt;&gt;&gt; \n&gt; &gt;&gt;&gt;\n&gt; &gt;&gt;&gt;      \n&gt; &gt;&gt;&gt;\n&gt; &gt;\n&gt; &gt;\n&gt; &gt;\n&gt; &gt;\n&gt; &gt; \n&gt; &gt;Yahoo! Groups Links\n&gt; &gt;\n&gt; &gt;\n&gt; &gt;\n&gt; &gt; \n&gt; &gt;\n&gt; &gt;  \n&gt; &gt;\n\n\n"}}