{"ygPerms":{"resourceCapabilityList":[{"resourceType":"GROUP","capabilities":[{"name":"READ"},{"name":"JOIN"}]},{"resourceType":"PHOTO","capabilities":[]},{"resourceType":"FILE","capabilities":[]},{"resourceType":"MEMBER","capabilities":[]},{"resourceType":"LINK","capabilities":[]},{"resourceType":"CALENDAR","capabilities":[]},{"resourceType":"DATABASE","capabilities":[]},{"resourceType":"POLL","capabilities":[]},{"resourceType":"MESSAGE","capabilities":[{"name":"READ"}]},{"resourceType":"PENDING_MESSAGE","capabilities":[]},{"resourceType":"ATTACHMENTS","capabilities":[{"name":"READ"}]},{"resourceType":"PHOTOMATIC_ALBUMS","capabilities":[]},{"resourceType":"MEMBERSHIP_TYPE","capabilities":[]},{"resourceType":"POST","capabilities":[{"name":"READ"}]},{"resourceType":"PIN","capabilities":[]}],"groupUrl":"groups.yahoo.com","intlCode":"us"},"comscore":"pageview_candidate","ygData":{"userId":168599281,"authorName":"stack","from":"stack &lt;stack@...&gt;","replyTo":"LIST","senderId":"ZEG_O6bn6MKREv3SJmr4ZvDXqvuDAbu0FPcju5x01TlafcAdcLlDCanZ5FMlcMSJL-loizJwGwUZbBkS-Xl5Ag","spamInfo":{"isSpam":false,"reason":"0"},"subject":"Re: [archive-crawler] Re: how to build heritrix with maven","postDate":"1093965709","msgId":928,"canDelete":false,"contentTrasformed":false,"systemMessage":false,"headers":{"messageIdInHeader":"PDQxMzQ5NzhELjQwODA2MDNAYXJjaGl2ZS5vcmc+","inReplyToHeader":"PGNoMjFjbSt2OHIwQGVHcm91cHMuY29tPg==","referencesHeader":"PGNoMjFjbSt2OHIwQGVHcm91cHMuY29tPg=="},"prevInTopic":925,"nextInTopic":930,"prevInTime":927,"nextInTime":929,"topicId":913,"numMessagesInTopic":11,"msgSnippet":"The error in the below is the change log report trying to get cvs logs from sourceforge. Fix up your cvs access or just don t run maven goals that run report","rawEmail":"Return-Path: &lt;stack@...&gt;\r\nX-Sender: stack@...\r\nX-Apparently-To: archive-crawler@yahoogroups.com\r\nReceived: (qmail 24611 invoked from network); 31 Aug 2004 15:20:55 -0000\r\nReceived: from unknown (66.218.66.217)\n  by m24.grp.scd.yahoo.com with QMQP; 31 Aug 2004 15:20:55 -0000\r\nReceived: from unknown (HELO dns.duboce.net) (63.203.238.114)\n  by mta2.grp.scd.yahoo.com with SMTP; 31 Aug 2004 15:20:54 -0000\r\nReceived: from archive.org ([192.168.1.105])\n\t(authenticated)\n\tby dns-eth1.duboce.net (8.10.2/8.10.2) with ESMTP id i7VEduB18153\n\tfor &lt;archive-crawler@yahoogroups.com&gt;; Tue, 31 Aug 2004 07:39:57 -0700\r\nMessage-ID: &lt;4134978D.4080603@...&gt;\r\nDate: Tue, 31 Aug 2004 08:21:49 -0700\r\nUser-Agent: Mozilla/5.0 (Macintosh; U; PPC Mac OS X Mach-O; en-US; rv:1.7b) Gecko/20040421\r\nX-Accept-Language: en-us, en\r\nMIME-Version: 1.0\r\nTo: archive-crawler@yahoogroups.com\r\nReferences: &lt;ch21cm+v8r0@...&gt;\r\nIn-Reply-To: &lt;ch21cm+v8r0@...&gt;\r\nContent-Type: text/plain; charset=ISO-8859-1; format=flowed\r\nContent-Transfer-Encoding: 8bit\r\nX-eGroups-Remote-IP: 63.203.238.114\r\nFrom: stack &lt;stack@...&gt;\r\nSubject: Re: [archive-crawler] Re: how to build heritrix with maven\r\nX-Yahoo-Group-Post: member; u=168599281\r\n\r\nThe error in the below is the change log report trying to get cvs logs \nfrom sourceforge. Fix up your cvs access or just don&#39;t run maven goals \nthat run report creation (Are you doing site:generate or xdoc?).   If \nyou use the jar/dist targets, you shouldn&#39;t run into the below issue.\nYours,\nSt.Ack\n\nagoodman_rgd wrote:\n\n&gt;build failed again .\n&gt;I&#39;m puzzling !\n&gt;\n&gt;---------------------------------\n&gt;......\n&gt;license:\n&gt;\n&gt;\n&gt;    [echo] Generating the Change Log...\n&gt;maven-changelog-plugin:report:\n&gt;    [echo] Generating the changelog report\n&gt;Could not read password \n&gt;for &#39;:pserver:anonymous@...:/cvsroot/archive-crawler&#39; \n&gt;from &#39;C:&#92;Documents and Settings&#92;blue&#92;.cvspass&#39;\n&gt;java.io.FileNotFoundException: C:&#92;Documents and \n&gt;Settings&#92;blue&#92;.cvspass (ϵͳ�Ҳ���ָ�����ļ���)\n&gt;        at java.io.FileInputStream.open(Native Method)\n&gt;        at java.io.FileInputStream.&lt;init&gt;(FileInputStream.java:106)\n&gt;        at java.io.FileReader.&lt;init&gt;(FileReader.java:55)\n&gt;        at org.apache.maven.cvslib.CvsConnection.lookupPassword\n&gt;(CvsConnection.java:231)\n&gt;        at org.apache.maven.cvslib.CvsConnection.processCommand\n&gt;(CvsConnection.java:403)\n&gt;        at org.apache.maven.cvslib.CvsChangeLogGenerator.getEntries\n&gt;(CvsChangeLogGenerator.java:100)\n&gt;        at org.apache.maven.changelog.ChangeLog.generateEntries\n&gt;(ChangeLog.java:239)\n&gt;        at org.apache.maven.changelog.ChangeLog.doExecute\n&gt;(ChangeLog.java:214)\n&gt;        at sun.reflect.NativeMethodAccessorImpl.invoke0(Native Method)\n&gt;        at sun.reflect.NativeMethodAccessorImpl.invoke\n&gt;(NativeMethodAccessorImpl.java:39)\n&gt;        at sun.reflect.DelegatingMethodAccessorImpl.invoke\n&gt;(DelegatingMethodAccessorImpl.java:25)\n&gt;        at java.lang.reflect.Method.invoke(Method.java:324)\n&gt;        at org.apache.commons.jelly.impl.DynamicBeanTag.doTag\n&gt;(DynamicBeanTag.java:230)\n&gt;        at org.apache.commons.jelly.impl.StaticTagScript.run\n&gt;(StaticTagScript.java:145)\n&gt;        at org.apache.commons.jelly.impl.ScriptBlock.run\n&gt;(ScriptBlock.java:135)\n&gt;        at org.apache.commons.jelly.TagSupport.invokeBody\n&gt;(TagSupport.java:233)\n&gt;        at org.apache.commons.jelly.tags.core.IfTag.doTag\n&gt;(IfTag.java:88)\n&gt;        at org.apache.commons.jelly.impl.TagScript.run\n&gt;(TagScript.java:279)\n&gt;        at org.apache.commons.jelly.impl.ScriptBlock.run\n&gt;(ScriptBlock.java:135)\n&gt;        at org.apache.commons.jelly.TagSupport.invokeBody\n&gt;(TagSupport.java:233)\n&gt;        at org.apache.commons.jelly.tags.core.WhenTag.doTag\n&gt;(WhenTag.java:92)\n&gt;        at org.apache.commons.jelly.impl.TagScript.run\n&gt;(TagScript.java:279)\n&gt;        at org.apache.commons.jelly.impl.ScriptBlock.run\n&gt;(ScriptBlock.java:135)\n&gt;        at org.apache.commons.jelly.TagSupport.invokeBody\n&gt;(TagSupport.java:233)\n&gt;        at org.apache.commons.jelly.tags.core.ChooseTag.doTag\n&gt;(ChooseTag.java:84)\n&gt;        at org.apache.commons.jelly.impl.TagScript.run\n&gt;(TagScript.java:279)\n&gt;        at org.apache.commons.jelly.impl.ScriptBlock.run\n&gt;(ScriptBlock.java:135)\n&gt;        at org.apache.maven.jelly.tags.werkz.MavenGoalTag.runBodyTag\n&gt;(MavenGoalTag.java:79)\n&gt;        at \n&gt;org.apache.maven.jelly.tags.werkz.MavenGoalTag$MavenGoalAction.perform\n&gt;Action(MavenGoalTag.java:110)\n&gt;        at com.werken.werkz.Goal.fire(Goal.java:639)\n&gt;        at com.werken.werkz.Goal.attain(Goal.java:575)\n&gt;        at com.werken.werkz.WerkzProject.attainGoal\n&gt;(WerkzProject.java:193)\n&gt;        at org.apache.maven.jelly.tags.werkz.MavenAttainGoalTag.doTag\n&gt;(MavenAttainGoalTag.java:127)\n&gt;        at org.apache.commons.jelly.impl.TagScript.run\n&gt;(TagScript.java:279)\n&gt;        at org.apache.commons.jelly.impl.ScriptBlock.run\n&gt;(ScriptBlock.java:135)\n&gt;        at org.apache.commons.jelly.TagSupport.invokeBody\n&gt;(TagSupport.java:233)\n&gt;        at org.apache.commons.jelly.tags.core.IfTag.doTag\n&gt;(IfTag.java:88)\n&gt;        at org.apache.commons.jelly.impl.TagScript.run\n&gt;(TagScript.java:279)\n&gt;        at org.apache.commons.jelly.impl.ScriptBlock.run\n&gt;(ScriptBlock.java:135)\n&gt;        at org.apache.commons.jelly.TagSupport.invokeBody\n&gt;(TagSupport.java:233)\n&gt;        at org.apache.commons.jelly.tags.core.ForEachTag.doTag\n&gt;(ForEachTag.java:145)\n&gt;        at org.apache.commons.jelly.impl.TagScript.run\n&gt;(TagScript.java:279)\n&gt;        at org.apache.commons.jelly.impl.ScriptBlock.run\n&gt;(ScriptBlock.java:135)\n&gt;        at org.apache.maven.jelly.tags.werkz.MavenGoalTag.runBodyTag\n&gt;(MavenGoalTag.java:79)\n&gt;        at \n&gt;org.apache.maven.jelly.tags.werkz.MavenGoalTag$MavenGoalAction.perform\n&gt;Action(MavenGoalTag.java:110)\n&gt;        at com.werken.werkz.Goal.fire(Goal.java:639)\n&gt;        at com.werken.werkz.Goal.attain(Goal.java:575)\n&gt;        at com.werken.werkz.WerkzProject.attainGoal\n&gt;(WerkzProject.java:193)\n&gt;        at org.apache.maven.jelly.tags.werkz.MavenAttainGoalTag.doTag\n&gt;(MavenAttainGoalTag.java:127)\n&gt;        at org.apache.commons.jelly.impl.TagScript.run\n&gt;(TagScript.java:279)\n&gt;        at org.apache.commons.jelly.impl.ScriptBlock.run\n&gt;(ScriptBlock.java:135)\n&gt;        at org.apache.maven.jelly.tags.werkz.MavenGoalTag.runBodyTag\n&gt;(MavenGoalTag.java:79)\n&gt;        at \n&gt;org.apache.maven.jelly.tags.werkz.MavenGoalTag$MavenGoalAction.perform\n&gt;Action(MavenGoalTag.java:110)\n&gt;        at com.werken.werkz.Goal.fire(Goal.java:639)\n&gt;        at com.werken.werkz.Goal.attain(Goal.java:575)\n&gt;        at com.werken.werkz.Goal.attainPrecursors(Goal.java:488)\n&gt;        at com.werken.werkz.Goal.attain(Goal.java:573)\n&gt;        at com.werken.werkz.Goal.attainPrecursors(Goal.java:488)\n&gt;        at com.werken.werkz.Goal.attain(Goal.java:573)\n&gt;        at com.werken.werkz.Goal.attainPrecursors(Goal.java:488)\n&gt;        at com.werken.werkz.Goal.attain(Goal.java:573)\n&gt;        at com.werken.werkz.Goal.attainPrecursors(Goal.java:488)\n&gt;        at com.werken.werkz.Goal.attain(Goal.java:573)\n&gt;        at com.werken.werkz.Goal.attainPrecursors(Goal.java:488)\n&gt;        at com.werken.werkz.Goal.attain(Goal.java:573)\n&gt;        at com.werken.werkz.WerkzProject.attainGoal\n&gt;(WerkzProject.java:193)\n&gt;        at org.apache.maven.plugin.PluginManager.attainGoals\n&gt;(PluginManager.java:634)\n&gt;        at org.apache.maven.MavenSession.attainGoals\n&gt;(MavenSession.java:266)\n&gt;        at org.apache.maven.cli.App.doMain(App.java:486)\n&gt;        at org.apache.maven.cli.App.main(App.java:1215)\n&gt;        at sun.reflect.NativeMethodAccessorImpl.invoke0(Native Method)\n&gt;        at sun.reflect.NativeMethodAccessorImpl.invoke\n&gt;(NativeMethodAccessorImpl.java:39)\n&gt;        at sun.reflect.DelegatingMethodAccessorImpl.invoke\n&gt;(DelegatingMethodAccessorImpl.java:25)\n&gt;        at java.lang.reflect.Method.invoke(Method.java:324)\n&gt;        at com.werken.forehead.Forehead.run(Forehead.java:551)\n&gt;        at com.werken.forehead.Forehead.main(Forehead.java:581)\n&gt;ChangeLog found: 0 entries\n&gt;\n&gt;...\n&gt;...\n&gt;\n&gt;    [javadoc] D:&#92;heritrix&#92;heritrix-0.10.0-src&#92;heritrix-0.10.0\n&gt;&#92;src&#92;java&#92;org&#92;archive&#92;util&#92;TextUtils.java:167: warning - @param \n&gt;argument &quot;p&quot; is not a parameter name.\n&gt;    [javadoc] Generating D:&#92;heritrix&#92;heritrix-0.10.0-src&#92;heritrix-\n&gt;0.10.0&#92;target&#92;docs&#92;apidocs&#92;stylesheet.css...\n&gt;    [javadoc] 63 warnings\n&gt;\n&gt;BUILD FAILED\n&gt;File...... D:&#92;heritrix&#92;heritrix-0.10.0-src&#92;heritrix-0.10.0&#92;maven.xml\n&gt;Element... attainGoal\n&gt;Line...... 19\n&gt;Column.... 52\n&gt;No goal [sdocbook:generate-html]\n&gt;Total time: 56 minutes 23 seconds\n&gt;Finished at: Tue Aug 31 21:57:51 CST 2004\n&gt;\n&gt;-------------------------------------------\n&gt;\n&gt;\n&gt;\n&gt;--- In archive-crawler@yahoogroups.com, ansi &lt;mymaillist@g...&gt; wrote:\n&gt;  \n&gt;\n&gt;&gt;Just delete it!\n&gt;&gt;\n&gt;&gt;On Tue, 31 Aug 2004 06:10:31 -0000, agoodman_rgd &lt;renguodong@2...&gt; \n&gt;&gt;    \n&gt;&gt;\n&gt;wrote:\n&gt;  \n&gt;\n&gt;&gt;&gt;My develope Env is windows2K & PC.\n&gt;&gt;&gt;I have to delete some xxxxTest.java (unit test failed)\n&gt;&gt;&gt;and the building work  looks good .\n&gt;&gt;&gt;\n&gt;&gt;&gt;can you tell me what&#39;s the affect to the xxxTest\n&gt;&gt;&gt;-----------------\n&gt;&gt;&gt;DiskBackedDequeTest\n&gt;&gt;&gt;DiskBackedQueueTest\n&gt;&gt;&gt;DiskQueueTest\n&gt;&gt;&gt;DiskStackTest\n&gt;&gt;&gt;ExtractorHTMLTest\n&gt;&gt;&gt;XMLSettingsHandlerTest\n&gt;&gt;&gt;\n&gt;&gt;&gt;\n&gt;&gt;&gt;\n&gt;&gt;&gt;\n&gt;&gt;&gt;--- In archive-crawler@yahoogroups.com, stack &lt;stack@a...&gt; wrote:\n&gt;&gt;&gt;      \n&gt;&gt;&gt;\n&gt;&gt;&gt;&gt;agoodman_rgd wrote:\n&gt;&gt;&gt;&gt;\n&gt;&gt;&gt;&gt;        \n&gt;&gt;&gt;&gt;\n&gt;&gt;&gt;&gt;&gt;thanks .\n&gt;&gt;&gt;&gt;&gt;I have solved the problem with your help.\n&gt;&gt;&gt;&gt;&gt;but now I meet another problem .\n&gt;&gt;&gt;&gt;&gt;\n&gt;&gt;&gt;&gt;&gt;\n&gt;&gt;&gt;&gt;&gt;          \n&gt;&gt;&gt;&gt;&gt;\n&gt;&gt;&gt;&gt;Perhaps you are not on Linux?  If not, see item 2.3 here:\n&gt;&gt;&gt;&gt;http://crawler.archive.org/articles/limitations.html#984390.  It\n&gt;&gt;&gt;&gt;        \n&gt;&gt;&gt;&gt;\n&gt;&gt;&gt;says\n&gt;&gt;&gt;      \n&gt;&gt;&gt;\n&gt;&gt;&gt;&gt;mac os x but it may also be a prob. on PCs.\n&gt;&gt;&gt;&gt;Yours,\n&gt;&gt;&gt;&gt;St.Ack\n&gt;&gt;&gt;&gt;\n&gt;&gt;&gt;&gt;        \n&gt;&gt;&gt;&gt;\n&gt;&gt;&gt;&gt;&gt;I unzip the heritrix-1.0.0-src.zip  and &quot;maven dist&quot;\n&gt;&gt;&gt;&gt;&gt;-------------------------------------------------------\n&gt;&gt;&gt;&gt;&gt;.........\n&gt;&gt;&gt;&gt;&gt;test:test:\n&gt;&gt;&gt;&gt;&gt;   [junit] Running \n&gt;&gt;&gt;&gt;&gt;          \n&gt;&gt;&gt;&gt;&gt;\n&gt;org.archive.io.ReplayCharSequenceFactoryTest\n&gt;  \n&gt;\n&gt;&gt;&gt;&gt;&gt;   [junit] Tests run: 6, Failures: 0, Errors: 0, Time elapsed:\n&gt;&gt;&gt;&gt;&gt;          \n&gt;&gt;&gt;&gt;&gt;\n&gt;&gt;&gt;0.581\n&gt;&gt;&gt;      \n&gt;&gt;&gt;\n&gt;&gt;&gt;&gt;&gt;sec\n&gt;&gt;&gt;&gt;&gt;   [junit] Running org.archive.io.RecordingOutputStreamTest\n&gt;&gt;&gt;&gt;&gt;   [junit] Tests run: 4, Failures: 0, Errors: 0, Time elapsed:\n&gt;&gt;&gt;&gt;&gt;          \n&gt;&gt;&gt;&gt;&gt;\n&gt;&gt;&gt;0.361\n&gt;&gt;&gt;      \n&gt;&gt;&gt;\n&gt;&gt;&gt;&gt;&gt;sec\n&gt;&gt;&gt;&gt;&gt;   [junit] Running org.archive.io.arc.ARCWriterTest\n&gt;&gt;&gt;&gt;&gt;   [junit] Tests run: 5, Failures: 0, Errors: 0, Time elapsed:\n&gt;&gt;&gt;&gt;&gt;          \n&gt;&gt;&gt;&gt;&gt;\n&gt;&gt;&gt;0.58\n&gt;&gt;&gt;      \n&gt;&gt;&gt;\n&gt;&gt;&gt;&gt;&gt;sec\n&gt;&gt;&gt;&gt;&gt;   [junit] Running org.archive.io.arc.ARCWriterPoolTest\n&gt;&gt;&gt;&gt;&gt;   [junit] Tests run: 1, Failures: 0, Errors: 0, Time elapsed:\n&gt;&gt;&gt;&gt;&gt;          \n&gt;&gt;&gt;&gt;&gt;\n&gt;&gt;&gt;0.521\n&gt;&gt;&gt;      \n&gt;&gt;&gt;\n&gt;&gt;&gt;&gt;&gt;sec\n&gt;&gt;&gt;&gt;&gt;   [junit] Running org.archive.io.arc.ARCSocketFactoryTest\n&gt;&gt;&gt;&gt;&gt;   [junit] Tests run: 1, Failures: 0, Errors: 0, Time elapsed:\n&gt;&gt;&gt;&gt;&gt;          \n&gt;&gt;&gt;&gt;&gt;\n&gt;&gt;&gt;0.411\n&gt;&gt;&gt;      \n&gt;&gt;&gt;\n&gt;&gt;&gt;&gt;&gt;sec\n&gt;&gt;&gt;&gt;&gt;   [junit] Running org.archive.util.MemLongFPSetTest\n&gt;&gt;&gt;&gt;&gt;   [junit] Tests run: 6, Failures: 0, Errors: 0, Time elapsed:\n&gt;&gt;&gt;&gt;&gt;          \n&gt;&gt;&gt;&gt;&gt;\n&gt;&gt;&gt;0.38\n&gt;&gt;&gt;      \n&gt;&gt;&gt;\n&gt;&gt;&gt;&gt;&gt;sec\n&gt;&gt;&gt;&gt;&gt;   [junit] Running org.archive.util.DiskQueueTest\n&gt;&gt;&gt;&gt;&gt;   [junit] Tests run: 7, Failures: 0, Errors: 1, Time elapsed:\n&gt;&gt;&gt;&gt;&gt;          \n&gt;&gt;&gt;&gt;&gt;\n&gt;&gt;&gt;0.39\n&gt;&gt;&gt;      \n&gt;&gt;&gt;\n&gt;&gt;&gt;&gt;&gt;sec\n&gt;&gt;&gt;&gt;&gt;   [junit] [ERROR] TEST org.archive.util.DiskQueueTest FAILED\n&gt;&gt;&gt;&gt;&gt;   [junit] Running org.archive.util.SURTTest\n&gt;&gt;&gt;&gt;&gt;   [junit] Tests run: 1, Failures: 0, Errors: 0, Time elapsed:\n&gt;&gt;&gt;&gt;&gt;          \n&gt;&gt;&gt;&gt;&gt;\n&gt;&gt;&gt;0.341\n&gt;&gt;&gt;      \n&gt;&gt;&gt;\n&gt;&gt;&gt;&gt;&gt;sec\n&gt;&gt;&gt;&gt;&gt;   [junit] Running org.archive.util.DiskBackedDequeTest\n&gt;&gt;&gt;&gt;&gt;   [junit] Tests run: 7, Failures: 2, Errors: 1, Time elapsed:\n&gt;&gt;&gt;&gt;&gt;          \n&gt;&gt;&gt;&gt;&gt;\n&gt;&gt;&gt;0.471\n&gt;&gt;&gt;      \n&gt;&gt;&gt;\n&gt;&gt;&gt;&gt;&gt;sec\n&gt;&gt;&gt;&gt;&gt;   [junit] [ERROR] TEST org.archive.util.DiskBackedDequeTest\n&gt;&gt;&gt;&gt;&gt;          \n&gt;&gt;&gt;&gt;&gt;\n&gt;&gt;&gt;FAILED\n&gt;&gt;&gt;      \n&gt;&gt;&gt;\n&gt;&gt;&gt;&gt;&gt;   [junit] Running org.archive.util.ArchiveUtilsTest\n&gt;&gt;&gt;&gt;&gt;   [junit] Tests run: 11, Failures: 0, Errors: 0, Time \n&gt;&gt;&gt;&gt;&gt;          \n&gt;&gt;&gt;&gt;&gt;\n&gt;elapsed:\n&gt;  \n&gt;\n&gt;&gt;&gt;&gt;&gt;0.371 sec\n&gt;&gt;&gt;&gt;&gt;   [junit] Running org.archive.util.SurtPrefixSetTest\n&gt;&gt;&gt;&gt;&gt;   [junit] Tests run: 1, Failures: 0, Errors: 0, Time elapsed:\n&gt;&gt;&gt;&gt;&gt;          \n&gt;&gt;&gt;&gt;&gt;\n&gt;&gt;&gt;0.36\n&gt;&gt;&gt;      \n&gt;&gt;&gt;\n&gt;&gt;&gt;&gt;&gt;sec\n&gt;&gt;&gt;&gt;&gt;   [junit] Running org.archive.util.PaddingStringBufferTest\n&gt;&gt;&gt;&gt;&gt;   [junit] Tests run: 11, Failures: 0, Errors: 0, Time \n&gt;&gt;&gt;&gt;&gt;          \n&gt;&gt;&gt;&gt;&gt;\n&gt;elapsed:\n&gt;  \n&gt;\n&gt;&gt;&gt;0.34\n&gt;&gt;&gt;      \n&gt;&gt;&gt;\n&gt;&gt;&gt;&gt;&gt;sec\n&gt;&gt;&gt;&gt;&gt;   [junit] Running\n&gt;&gt;&gt;&gt;&gt;          \n&gt;&gt;&gt;&gt;&gt;\n&gt;&gt;&gt;org.archive.util.ConfigurableX509TrustManagerTest\n&gt;&gt;&gt;      \n&gt;&gt;&gt;\n&gt;&gt;&gt;&gt;&gt;   [junit] Tests run: 0, Failures: 0, Errors: 0, Time elapsed:\n&gt;&gt;&gt;&gt;&gt;          \n&gt;&gt;&gt;&gt;&gt;\n&gt;&gt;&gt;0.35\n&gt;&gt;&gt;      \n&gt;&gt;&gt;\n&gt;&gt;&gt;&gt;&gt;sec\n&gt;&gt;&gt;&gt;&gt;   [junit] Running org.archive.util.MemQueueTest\n&gt;&gt;&gt;&gt;&gt;   [junit] Tests run: 3, Failures: 0, Errors: 0, Time elapsed:\n&gt;&gt;&gt;&gt;&gt;          \n&gt;&gt;&gt;&gt;&gt;\n&gt;&gt;&gt;0.371\n&gt;&gt;&gt;      \n&gt;&gt;&gt;\n&gt;&gt;&gt;&gt;&gt;sec\n&gt;&gt;&gt;&gt;&gt;   [junit] Running org.archive.util.LongFPSetCacheTest\n&gt;&gt;&gt;&gt;&gt;   [junit] Tests run: 5, Failures: 0, Errors: 0, Time elapsed:\n&gt;&gt;&gt;&gt;&gt;          \n&gt;&gt;&gt;&gt;&gt;\n&gt;&gt;&gt;0.531\n&gt;&gt;&gt;      \n&gt;&gt;&gt;\n&gt;&gt;&gt;&gt;&gt;sec\n&gt;&gt;&gt;&gt;&gt;   [junit] Running org.archive.util.DiskStackTest\n&gt;&gt;&gt;&gt;&gt;   [junit] Tests run: 3, Failures: 1, Errors: 0, Time elapsed:\n&gt;&gt;&gt;&gt;&gt;          \n&gt;&gt;&gt;&gt;&gt;\n&gt;&gt;&gt;0.42\n&gt;&gt;&gt;      \n&gt;&gt;&gt;\n&gt;&gt;&gt;&gt;&gt;sec\n&gt;&gt;&gt;&gt;&gt;   [junit] [ERROR] TEST org.archive.util.DiskStackTest FAILED\n&gt;&gt;&gt;&gt;&gt;   [junit] Running org.archive.util.DiskBackedQueueTest\n&gt;&gt;&gt;&gt;&gt;   [junit] Tests run: 5, Failures: 0, Errors: 1, Time elapsed:\n&gt;&gt;&gt;&gt;&gt;          \n&gt;&gt;&gt;&gt;&gt;\n&gt;&gt;&gt;0.491\n&gt;&gt;&gt;      \n&gt;&gt;&gt;\n&gt;&gt;&gt;&gt;&gt;sec\n&gt;&gt;&gt;&gt;&gt;   [junit] [ERROR] TEST org.archive.util.DiskBackedQueueTest\n&gt;&gt;&gt;&gt;&gt;          \n&gt;&gt;&gt;&gt;&gt;\n&gt;&gt;&gt;FAILED\n&gt;&gt;&gt;      \n&gt;&gt;&gt;\n&gt;&gt;&gt;&gt;&gt;   [junit] Running org.archive.crawler.scope.DomainScopeTest\n&gt;&gt;&gt;&gt;&gt;   [junit] Tests run: 2, Failures: 0, Errors: 0, Time elapsed:\n&gt;&gt;&gt;&gt;&gt;          \n&gt;&gt;&gt;&gt;&gt;\n&gt;&gt;&gt;0.47\n&gt;&gt;&gt;      \n&gt;&gt;&gt;\n&gt;&gt;&gt;&gt;&gt;sec\n&gt;&gt;&gt;&gt;&gt;   [junit] Running \n&gt;&gt;&gt;&gt;&gt;          \n&gt;&gt;&gt;&gt;&gt;\n&gt;org.archive.crawler.datamodel.UURIFactoryTest\n&gt;  \n&gt;\n&gt;&gt;&gt;&gt;&gt;   [junit] Tests run: 21, Failures: 0, Errors: 0, Time \n&gt;&gt;&gt;&gt;&gt;          \n&gt;&gt;&gt;&gt;&gt;\n&gt;elapsed:\n&gt;  \n&gt;\n&gt;&gt;&gt;&gt;&gt;0.421 sec\n&gt;&gt;&gt;&gt;&gt;   [junit] Running org.archive.crawler.datamodel.SeedListTest\n&gt;&gt;&gt;&gt;&gt;   [junit] Tests run: 3, Failures: 0, Errors: 0, Time elapsed:\n&gt;&gt;&gt;&gt;&gt;          \n&gt;&gt;&gt;&gt;&gt;\n&gt;&gt;&gt;0.441\n&gt;&gt;&gt;      \n&gt;&gt;&gt;\n&gt;&gt;&gt;&gt;&gt;sec\n&gt;&gt;&gt;&gt;&gt;   [junit] Running\n&gt;&gt;&gt;&gt;&gt;          \n&gt;&gt;&gt;&gt;&gt;\n&gt;&gt;&gt;org.archive.crawler.datamodel.CredentialStoreTest\n&gt;&gt;&gt;      \n&gt;&gt;&gt;\n&gt;&gt;&gt;&gt;&gt;   [junit] Tests run: 1, Failures: 0, Errors: 0, Time elapsed:\n&gt;&gt;&gt;&gt;&gt;          \n&gt;&gt;&gt;&gt;&gt;\n&gt;&gt;&gt;0.791\n&gt;&gt;&gt;      \n&gt;&gt;&gt;\n&gt;&gt;&gt;&gt;&gt;sec\n&gt;&gt;&gt;&gt;&gt;   [junit] Running org.archive.crawler.datamodel.CrawlURITest\n&gt;&gt;&gt;&gt;&gt;   [junit] Tests run: 2, Failures: 0, Errors: 0, Time elapsed:\n&gt;&gt;&gt;&gt;&gt;          \n&gt;&gt;&gt;&gt;&gt;\n&gt;&gt;&gt;0.561\n&gt;&gt;&gt;      \n&gt;&gt;&gt;\n&gt;&gt;&gt;&gt;&gt;sec\n&gt;&gt;&gt;&gt;&gt;   [junit] Running\n&gt;&gt;&gt;&gt;&gt;org.archive.crawler.filter.PathologicalPathFilterTest\n&gt;&gt;&gt;&gt;&gt;   [junit] Tests run: 2, Failures: 0, Errors: 0, Time elapsed:\n&gt;&gt;&gt;&gt;&gt;          \n&gt;&gt;&gt;&gt;&gt;\n&gt;&gt;&gt;0.43\n&gt;&gt;&gt;      \n&gt;&gt;&gt;\n&gt;&gt;&gt;&gt;&gt;sec\n&gt;&gt;&gt;&gt;&gt;   [junit] Running\n&gt;&gt;&gt;&gt;&gt;          \n&gt;&gt;&gt;&gt;&gt;\n&gt;&gt;&gt;org.archive.crawler.filter.FilePatternFilterTest\n&gt;&gt;&gt;      \n&gt;&gt;&gt;\n&gt;&gt;&gt;&gt;&gt;   [junit] Tests run: 1, Failures: 0, Errors: 0, Time elapsed:\n&gt;&gt;&gt;&gt;&gt;          \n&gt;&gt;&gt;&gt;&gt;\n&gt;&gt;&gt;0.461\n&gt;&gt;&gt;      \n&gt;&gt;&gt;\n&gt;&gt;&gt;&gt;&gt;sec\n&gt;&gt;&gt;&gt;&gt;   [junit] Running \n&gt;&gt;&gt;&gt;&gt;          \n&gt;&gt;&gt;&gt;&gt;\n&gt;org.archive.crawler.extractor.ExtractorHTMLTest\n&gt;  \n&gt;\n&gt;&gt;&gt;&gt;&gt;   [junit] Tests run: 3, Failures: 0, Errors: 3, Time elapsed:\n&gt;&gt;&gt;&gt;&gt;          \n&gt;&gt;&gt;&gt;&gt;\n&gt;&gt;&gt;9.573\n&gt;&gt;&gt;      \n&gt;&gt;&gt;\n&gt;&gt;&gt;&gt;&gt;sec\n&gt;&gt;&gt;&gt;&gt;   [junit] [ERROR] TEST\n&gt;&gt;&gt;&gt;&gt;org.archive.crawler.extractor.ExtractorHTMLTest FAILED\n&gt;&gt;&gt;&gt;&gt;   [junit] Running org.archive.crawler.frontier.KeyedQueueTest\n&gt;&gt;&gt;&gt;&gt;   [junit] Tests run: 1, Failures: 0, Errors: 0, Time elapsed:\n&gt;&gt;&gt;&gt;&gt;          \n&gt;&gt;&gt;&gt;&gt;\n&gt;&gt;&gt;0.601\n&gt;&gt;&gt;      \n&gt;&gt;&gt;\n&gt;&gt;&gt;&gt;&gt;sec\n&gt;&gt;&gt;&gt;&gt;   [junit] Running\n&gt;&gt;&gt;&gt;&gt;org.archive.crawler.settings.XMLSettingsHandlerTest\n&gt;&gt;&gt;&gt;&gt;   [junit] Tests run: 6, Failures: 1, Errors: 0, Time elapsed:\n&gt;&gt;&gt;&gt;&gt;          \n&gt;&gt;&gt;&gt;&gt;\n&gt;&gt;&gt;1.131\n&gt;&gt;&gt;      \n&gt;&gt;&gt;\n&gt;&gt;&gt;&gt;&gt;sec\n&gt;&gt;&gt;&gt;&gt;   [junit] [ERROR] TEST\n&gt;&gt;&gt;&gt;&gt;org.archive.crawler.settings.XMLSettingsHandlerTest FAILED\n&gt;&gt;&gt;&gt;&gt;   [junit] Running org.archive.crawler.settings.SimpleTypeTest\n&gt;&gt;&gt;&gt;&gt;   [junit] Tests run: 8, Failures: 0, Errors: 0, Time elapsed:\n&gt;&gt;&gt;&gt;&gt;          \n&gt;&gt;&gt;&gt;&gt;\n&gt;&gt;&gt;0.36\n&gt;&gt;&gt;      \n&gt;&gt;&gt;\n&gt;&gt;&gt;&gt;&gt;sec\n&gt;&gt;&gt;&gt;&gt;   [junit] Running org.archive.crawler.settings.MapTypeTest\n&gt;&gt;&gt;&gt;&gt;   [junit] Tests run: 9, Failures: 0, Errors: 0, Time elapsed:\n&gt;&gt;&gt;&gt;&gt;          \n&gt;&gt;&gt;&gt;&gt;\n&gt;&gt;&gt;0.781\n&gt;&gt;&gt;      \n&gt;&gt;&gt;\n&gt;&gt;&gt;&gt;&gt;sec\n&gt;&gt;&gt;&gt;&gt;   [junit] Running org.archive.crawler.settings.OverrideTest\n&gt;&gt;&gt;&gt;&gt;   [junit] Tests run: 2, Failures: 0, Errors: 0, Time elapsed:\n&gt;&gt;&gt;&gt;&gt;          \n&gt;&gt;&gt;&gt;&gt;\n&gt;&gt;&gt;0.631\n&gt;&gt;&gt;      \n&gt;&gt;&gt;\n&gt;&gt;&gt;&gt;&gt;sec\n&gt;&gt;&gt;&gt;&gt;   [junit] Running\n&gt;&gt;&gt;&gt;&gt;          \n&gt;&gt;&gt;&gt;&gt;\n&gt;&gt;&gt;org.archive.crawler.settings.CrawlerSettingsTest\n&gt;&gt;&gt;      \n&gt;&gt;&gt;\n&gt;&gt;&gt;&gt;&gt;   [junit] Tests run: 2, Failures: 0, Errors: 0, Time elapsed:\n&gt;&gt;&gt;&gt;&gt;          \n&gt;&gt;&gt;&gt;&gt;\n&gt;&gt;&gt;0.49\n&gt;&gt;&gt;      \n&gt;&gt;&gt;\n&gt;&gt;&gt;&gt;&gt;sec\n&gt;&gt;&gt;&gt;&gt;   [junit] Running\n&gt;&gt;&gt;&gt;&gt;org.archive.crawler.settings.refinements.TimespanCriteriaTest\n&gt;&gt;&gt;&gt;&gt;   [junit] Tests run: 2, Failures: 0, Errors: 0, Time elapsed:\n&gt;&gt;&gt;&gt;&gt;          \n&gt;&gt;&gt;&gt;&gt;\n&gt;&gt;&gt;0.371\n&gt;&gt;&gt;      \n&gt;&gt;&gt;\n&gt;&gt;&gt;&gt;&gt;sec\n&gt;&gt;&gt;&gt;&gt;\n&gt;&gt;&gt;&gt;&gt;BUILD FAILED\n&gt;&gt;&gt;&gt;&gt;File...... C:&#92;Documents and Settings&#92;blue&#92;.maven&#92;cache&#92;maven-\n&gt;&gt;&gt;&gt;&gt;          \n&gt;&gt;&gt;&gt;&gt;\n&gt;test-\n&gt;  \n&gt;\n&gt;&gt;&gt;&gt;&gt;plugin-1.6.2&#92;plugin.jelly\n&gt;&gt;&gt;&gt;&gt;Element... fail\n&gt;&gt;&gt;&gt;&gt;Line...... 181\n&gt;&gt;&gt;&gt;&gt;Column.... 54\n&gt;&gt;&gt;&gt;&gt;There were test failures.\n&gt;&gt;&gt;&gt;&gt;Total time: 43 seconds\n&gt;&gt;&gt;&gt;&gt;Finished at: Tue Aug 31 10:05:27 CST 2004\n&gt;&gt;&gt;&gt;&gt;\n&gt;&gt;&gt;&gt;&gt;---------------------------------------------\n&gt;&gt;&gt;&gt;&gt;\n&gt;&gt;&gt;&gt;&gt;\n&gt;&gt;&gt;&gt;&gt;\n&gt;&gt;&gt;&gt;&gt;\n&gt;&gt;&gt;&gt;&gt;\n&gt;&gt;&gt;&gt;&gt;--- In archive-crawler@yahoogroups.com, stack &lt;stack@a...&gt; \n&gt;&gt;&gt;&gt;&gt;          \n&gt;&gt;&gt;&gt;&gt;\n&gt;wrote:\n&gt;  \n&gt;\n&gt;&gt;&gt;&gt;&gt;          \n&gt;&gt;&gt;&gt;&gt;\n&gt;&gt;&gt;&gt;&gt;&gt;agoodman_rgd wrote:\n&gt;&gt;&gt;&gt;&gt;&gt;\n&gt;&gt;&gt;&gt;&gt;&gt;\n&gt;&gt;&gt;&gt;&gt;&gt;\n&gt;&gt;&gt;&gt;&gt;&gt;            \n&gt;&gt;&gt;&gt;&gt;&gt;\n&gt;&gt;&gt;&gt;&gt;&gt;&gt;I wrote a java class,\n&gt;&gt;&gt;&gt;&gt;&gt;&gt;and it need a jar for  extracting  txt from  pdf (PDFBox-\n&gt;&gt;&gt;&gt;&gt;&gt;&gt;              \n&gt;&gt;&gt;&gt;&gt;&gt;&gt;\n&gt;&gt;&gt;0.6.6.jar)\n&gt;&gt;&gt;      \n&gt;&gt;&gt;\n&gt;&gt;&gt;&gt;&gt;&gt;&gt;I added this line in project.properties\n&gt;&gt;&gt;&gt;&gt;&gt;&gt;maven.jar.PDFBox = ${basedir}/lib/PDFBox-0.6.6.jar\n&gt;&gt;&gt;&gt;&gt;&gt;&gt;and put PDFBox-0.6.6.jar to heritrix_home/lib/\n&gt;&gt;&gt;&gt;&gt;&gt;&gt;\n&gt;&gt;&gt;&gt;&gt;&gt;&gt;but maven complain :\n&gt;&gt;&gt;&gt;&gt;&gt;&gt;package org.pdfbox.pdfparser does not exist\n&gt;&gt;&gt;&gt;&gt;&gt;&gt;\n&gt;&gt;&gt;&gt;&gt;&gt;&gt;I&#39;m a maven beginer. anybody can help me ,thanks\n&gt;&gt;&gt;&gt;&gt;&gt;&gt;\n&gt;&gt;&gt;&gt;&gt;&gt;&gt;\n&gt;&gt;&gt;&gt;&gt;&gt;&gt;\n&gt;&gt;&gt;&gt;&gt;&gt;&gt;\n&gt;&gt;&gt;&gt;&gt;&gt;&gt;\n&gt;&gt;&gt;&gt;&gt;&gt;&gt;\n&gt;&gt;&gt;&gt;&gt;&gt;&gt;              \n&gt;&gt;&gt;&gt;&gt;&gt;&gt;\n&gt;&gt;&gt;&gt;&gt;&gt;Study project.properties and project.xml.  Look at how each \n&gt;&gt;&gt;&gt;&gt;&gt;            \n&gt;&gt;&gt;&gt;&gt;&gt;\n&gt;jar\n&gt;  \n&gt;\n&gt;&gt;&gt;&gt;&gt;&gt;            \n&gt;&gt;&gt;&gt;&gt;&gt;\n&gt;&gt;&gt;&gt;&gt;added\n&gt;&gt;&gt;&gt;&gt;\n&gt;&gt;&gt;&gt;&gt;\n&gt;&gt;&gt;&gt;&gt;          \n&gt;&gt;&gt;&gt;&gt;\n&gt;&gt;&gt;&gt;&gt;&gt;has a section.   You&#39;ll need to do same for any jar you add to\n&gt;&gt;&gt;&gt;&gt;&gt;            \n&gt;&gt;&gt;&gt;&gt;&gt;\n&gt;&gt;&gt;get\n&gt;&gt;&gt;      \n&gt;&gt;&gt;\n&gt;&gt;&gt;&gt;&gt;&gt;            \n&gt;&gt;&gt;&gt;&gt;&gt;\n&gt;&gt;&gt;&gt;&gt;it\n&gt;&gt;&gt;&gt;&gt;\n&gt;&gt;&gt;&gt;&gt;\n&gt;&gt;&gt;&gt;&gt;          \n&gt;&gt;&gt;&gt;&gt;\n&gt;&gt;&gt;&gt;&gt;&gt;added into the distribution.\n&gt;&gt;&gt;&gt;&gt;&gt;Yours,\n&gt;&gt;&gt;&gt;&gt;&gt;St.Ack\n&gt;&gt;&gt;&gt;&gt;&gt;\n&gt;&gt;&gt;&gt;&gt;&gt;\n&gt;&gt;&gt;&gt;&gt;&gt;\n&gt;&gt;&gt;&gt;&gt;&gt;            \n&gt;&gt;&gt;&gt;&gt;&gt;\n&gt;&gt;&gt;&gt;&gt;&gt;&gt;Yahoo! Groups Links\n&gt;&gt;&gt;&gt;&gt;&gt;&gt;\n&gt;&gt;&gt;&gt;&gt;&gt;&gt;\n&gt;&gt;&gt;&gt;&gt;&gt;&gt;\n&gt;&gt;&gt;&gt;&gt;&gt;&gt;\n&gt;&gt;&gt;&gt;&gt;&gt;&gt;\n&gt;&gt;&gt;&gt;&gt;&gt;&gt;\n&gt;&gt;&gt;&gt;&gt;&gt;&gt;\n&gt;&gt;&gt;&gt;&gt;&gt;&gt;\n&gt;&gt;&gt;&gt;&gt;&gt;&gt;\n&gt;&gt;&gt;&gt;&gt;&gt;&gt;              \n&gt;&gt;&gt;&gt;&gt;&gt;&gt;\n&gt;&gt;&gt;&gt;&gt;\n&gt;&gt;&gt;&gt;&gt;\n&gt;&gt;&gt;&gt;&gt;\n&gt;&gt;&gt;&gt;&gt;Yahoo! Groups Links\n&gt;&gt;&gt;&gt;&gt;\n&gt;&gt;&gt;&gt;&gt;\n&gt;&gt;&gt;&gt;&gt;\n&gt;&gt;&gt;&gt;&gt;\n&gt;&gt;&gt;&gt;&gt;\n&gt;&gt;&gt;&gt;&gt;\n&gt;&gt;&gt;&gt;&gt;\n&gt;&gt;&gt;&gt;&gt;          \n&gt;&gt;&gt;&gt;&gt;\n&gt;&gt;&gt;Yahoo! Groups Links\n&gt;&gt;&gt;\n&gt;&gt;&gt;\n&gt;&gt;&gt;\n&gt;&gt;&gt;\n&gt;&gt;&gt;\n&gt;&gt;&gt;      \n&gt;&gt;&gt;\n&gt;\n&gt;\n&gt;\n&gt;\n&gt; \n&gt;Yahoo! Groups Links\n&gt;\n&gt;\n&gt;\n&gt; \n&gt;\n&gt;  \n&gt;\n\n\n"}}