{"ygPerms":{"resourceCapabilityList":[{"resourceType":"GROUP","capabilities":[{"name":"READ"},{"name":"JOIN"}]},{"resourceType":"PHOTO","capabilities":[]},{"resourceType":"FILE","capabilities":[]},{"resourceType":"MEMBER","capabilities":[]},{"resourceType":"LINK","capabilities":[]},{"resourceType":"CALENDAR","capabilities":[]},{"resourceType":"DATABASE","capabilities":[]},{"resourceType":"POLL","capabilities":[]},{"resourceType":"MESSAGE","capabilities":[{"name":"READ"}]},{"resourceType":"PENDING_MESSAGE","capabilities":[]},{"resourceType":"ATTACHMENTS","capabilities":[{"name":"READ"}]},{"resourceType":"PHOTOMATIC_ALBUMS","capabilities":[]},{"resourceType":"MEMBERSHIP_TYPE","capabilities":[]},{"resourceType":"POST","capabilities":[{"name":"READ"}]},{"resourceType":"PIN","capabilities":[]}],"groupUrl":"groups.yahoo.com","intlCode":"us"},"comscore":"pageview_candidate","ygData":{"userId":168599281,"authorName":"stack","from":"stack &lt;stack@...&gt;","replyTo":"LIST","senderId":"po6hLoLoyp_2CsBM3XVDikQbx1Ysh34B9T9FcqiGT1EfQTRvqoaafNCrf3Oyx-qfNPFKaMk8eoedmOB7dQrYSA","spamInfo":{"isSpam":false,"reason":"0"},"subject":"Re: [archive-crawler] Re: how to build heritrix with maven","postDate":"1093968455","msgId":930,"canDelete":false,"contentTrasformed":false,"systemMessage":false,"headers":{"messageIdInHeader":"PDQxMzRBMjQ3LjkwNzA1MDhAYXJjaGl2ZS5vcmc+","inReplyToHeader":"PGNoMTRvbitoMTZkQGVHcm91cHMuY29tPg==","referencesHeader":"PGNoMTRvbitoMTZkQGVHcm91cHMuY29tPg=="},"prevInTopic":928,"nextInTopic":931,"prevInTime":929,"nextInTime":931,"topicId":913,"numMessagesInTopic":11,"msgSnippet":"... Heritrix is only supported on Linux, http://crawler.archive.org/requirements.html, mostly because we haven t taken the time to do the work making sure alls","rawEmail":"Return-Path: &lt;stack@...&gt;\r\nX-Sender: stack@...\r\nX-Apparently-To: archive-crawler@yahoogroups.com\r\nReceived: (qmail 33442 invoked from network); 31 Aug 2004 16:06:39 -0000\r\nReceived: from unknown (66.218.66.166)\n  by m4.grp.scd.yahoo.com with QMQP; 31 Aug 2004 16:06:39 -0000\r\nReceived: from unknown (HELO dns.duboce.net) (63.203.238.114)\n  by mta5.grp.scd.yahoo.com with SMTP; 31 Aug 2004 16:06:38 -0000\r\nReceived: from archive.org ([192.168.1.105])\n\t(authenticated)\n\tby dns-eth1.duboce.net (8.10.2/8.10.2) with ESMTP id i7VFPgB20874\n\tfor &lt;archive-crawler@yahoogroups.com&gt;; Tue, 31 Aug 2004 08:25:42 -0700\r\nMessage-ID: &lt;4134A247.9070508@...&gt;\r\nDate: Tue, 31 Aug 2004 09:07:35 -0700\r\nUser-Agent: Mozilla/5.0 (Macintosh; U; PPC Mac OS X Mach-O; en-US; rv:1.7b) Gecko/20040421\r\nX-Accept-Language: en-us, en\r\nMIME-Version: 1.0\r\nTo: archive-crawler@yahoogroups.com\r\nReferences: &lt;ch14on+h16d@...&gt;\r\nIn-Reply-To: &lt;ch14on+h16d@...&gt;\r\nContent-Type: text/plain; charset=ISO-8859-1; format=flowed\r\nContent-Transfer-Encoding: 7bit\r\nX-eGroups-Remote-IP: 63.203.238.114\r\nFrom: stack &lt;stack@...&gt;\r\nSubject: Re: [archive-crawler] Re: how to build heritrix with maven\r\nX-Yahoo-Group-Post: member; u=168599281\r\n\r\nagoodman_rgd wrote:\n\n&gt;My develope Env is windows2K & PC.\n&gt;  \n&gt;\nHeritrix is only supported on Linux, \nhttp://crawler.archive.org/requirements.html, mostly because we haven&#39;t \ntaken the time to do the work making sure alls well on other \nplatforms.   Others report it working on a PC and on Macs if they make \nedits such as the one Tom Emerson writes of in an earlier mail and that \nis mentioned in the Known Limitations, \nhttp://crawler.archive.org/articles/limitations.html,  note.\n\n&gt;I have to delete some xxxxTest.java (unit test failed)\n&gt;and the building work  looks good .\n&gt;\n&gt;can you tell me what&#39;s the affect to the xxxTest\n&gt;-----------------\n&gt;DiskBackedDequeTest\n&gt;DiskBackedQueueTest\n&gt;DiskQueueTest\n&gt;DiskStackTest\n&gt;ExtractorHTMLTest\n&gt;XMLSettingsHandlerTest\n&gt;  \n&gt;\nThese unit tests exercise core functionality. A build that doesn&#39;t pass \nthese tests is going to have even less of the no-warranty that comes \nwith the Heritrix software (smile).\n\nSt.Ack\n\n&gt;\n&gt;\n&gt;--- In archive-crawler@yahoogroups.com, stack &lt;stack@a...&gt; wrote:\n&gt;  \n&gt;\n&gt;&gt;agoodman_rgd wrote:\n&gt;&gt;\n&gt;&gt;    \n&gt;&gt;\n&gt;&gt;&gt;thanks .\n&gt;&gt;&gt;I have solved the problem with your help.\n&gt;&gt;&gt;but now I meet another problem .\n&gt;&gt;&gt; \n&gt;&gt;&gt;\n&gt;&gt;&gt;      \n&gt;&gt;&gt;\n&gt;&gt;Perhaps you are not on Linux?  If not, see item 2.3 here: \n&gt;&gt;http://crawler.archive.org/articles/limitations.html#984390.  It \n&gt;&gt;    \n&gt;&gt;\n&gt;says \n&gt;  \n&gt;\n&gt;&gt;mac os x but it may also be a prob. on PCs.\n&gt;&gt;Yours,\n&gt;&gt;St.Ack\n&gt;&gt;\n&gt;&gt;    \n&gt;&gt;\n&gt;&gt;&gt;I unzip the heritrix-1.0.0-src.zip  and &quot;maven dist&quot;\n&gt;&gt;&gt;-------------------------------------------------------\n&gt;&gt;&gt;.........\n&gt;&gt;&gt;test:test:\n&gt;&gt;&gt;   [junit] Running org.archive.io.ReplayCharSequenceFactoryTest\n&gt;&gt;&gt;   [junit] Tests run: 6, Failures: 0, Errors: 0, Time elapsed: \n&gt;&gt;&gt;      \n&gt;&gt;&gt;\n&gt;0.581 \n&gt;  \n&gt;\n&gt;&gt;&gt;sec\n&gt;&gt;&gt;   [junit] Running org.archive.io.RecordingOutputStreamTest\n&gt;&gt;&gt;   [junit] Tests run: 4, Failures: 0, Errors: 0, Time elapsed: \n&gt;&gt;&gt;      \n&gt;&gt;&gt;\n&gt;0.361 \n&gt;  \n&gt;\n&gt;&gt;&gt;sec\n&gt;&gt;&gt;   [junit] Running org.archive.io.arc.ARCWriterTest\n&gt;&gt;&gt;   [junit] Tests run: 5, Failures: 0, Errors: 0, Time elapsed: \n&gt;&gt;&gt;      \n&gt;&gt;&gt;\n&gt;0.58 \n&gt;  \n&gt;\n&gt;&gt;&gt;sec\n&gt;&gt;&gt;   [junit] Running org.archive.io.arc.ARCWriterPoolTest\n&gt;&gt;&gt;   [junit] Tests run: 1, Failures: 0, Errors: 0, Time elapsed: \n&gt;&gt;&gt;      \n&gt;&gt;&gt;\n&gt;0.521 \n&gt;  \n&gt;\n&gt;&gt;&gt;sec\n&gt;&gt;&gt;   [junit] Running org.archive.io.arc.ARCSocketFactoryTest\n&gt;&gt;&gt;   [junit] Tests run: 1, Failures: 0, Errors: 0, Time elapsed: \n&gt;&gt;&gt;      \n&gt;&gt;&gt;\n&gt;0.411 \n&gt;  \n&gt;\n&gt;&gt;&gt;sec\n&gt;&gt;&gt;   [junit] Running org.archive.util.MemLongFPSetTest\n&gt;&gt;&gt;   [junit] Tests run: 6, Failures: 0, Errors: 0, Time elapsed: \n&gt;&gt;&gt;      \n&gt;&gt;&gt;\n&gt;0.38 \n&gt;  \n&gt;\n&gt;&gt;&gt;sec\n&gt;&gt;&gt;   [junit] Running org.archive.util.DiskQueueTest\n&gt;&gt;&gt;   [junit] Tests run: 7, Failures: 0, Errors: 1, Time elapsed: \n&gt;&gt;&gt;      \n&gt;&gt;&gt;\n&gt;0.39 \n&gt;  \n&gt;\n&gt;&gt;&gt;sec\n&gt;&gt;&gt;   [junit] [ERROR] TEST org.archive.util.DiskQueueTest FAILED\n&gt;&gt;&gt;   [junit] Running org.archive.util.SURTTest\n&gt;&gt;&gt;   [junit] Tests run: 1, Failures: 0, Errors: 0, Time elapsed: \n&gt;&gt;&gt;      \n&gt;&gt;&gt;\n&gt;0.341 \n&gt;  \n&gt;\n&gt;&gt;&gt;sec\n&gt;&gt;&gt;   [junit] Running org.archive.util.DiskBackedDequeTest\n&gt;&gt;&gt;   [junit] Tests run: 7, Failures: 2, Errors: 1, Time elapsed: \n&gt;&gt;&gt;      \n&gt;&gt;&gt;\n&gt;0.471 \n&gt;  \n&gt;\n&gt;&gt;&gt;sec\n&gt;&gt;&gt;   [junit] [ERROR] TEST org.archive.util.DiskBackedDequeTest \n&gt;&gt;&gt;      \n&gt;&gt;&gt;\n&gt;FAILED\n&gt;  \n&gt;\n&gt;&gt;&gt;   [junit] Running org.archive.util.ArchiveUtilsTest\n&gt;&gt;&gt;   [junit] Tests run: 11, Failures: 0, Errors: 0, Time elapsed: \n&gt;&gt;&gt;0.371 sec\n&gt;&gt;&gt;   [junit] Running org.archive.util.SurtPrefixSetTest\n&gt;&gt;&gt;   [junit] Tests run: 1, Failures: 0, Errors: 0, Time elapsed: \n&gt;&gt;&gt;      \n&gt;&gt;&gt;\n&gt;0.36 \n&gt;  \n&gt;\n&gt;&gt;&gt;sec\n&gt;&gt;&gt;   [junit] Running org.archive.util.PaddingStringBufferTest\n&gt;&gt;&gt;   [junit] Tests run: 11, Failures: 0, Errors: 0, Time elapsed: \n&gt;&gt;&gt;      \n&gt;&gt;&gt;\n&gt;0.34 \n&gt;  \n&gt;\n&gt;&gt;&gt;sec\n&gt;&gt;&gt;   [junit] Running \n&gt;&gt;&gt;      \n&gt;&gt;&gt;\n&gt;org.archive.util.ConfigurableX509TrustManagerTest\n&gt;  \n&gt;\n&gt;&gt;&gt;   [junit] Tests run: 0, Failures: 0, Errors: 0, Time elapsed: \n&gt;&gt;&gt;      \n&gt;&gt;&gt;\n&gt;0.35 \n&gt;  \n&gt;\n&gt;&gt;&gt;sec\n&gt;&gt;&gt;   [junit] Running org.archive.util.MemQueueTest\n&gt;&gt;&gt;   [junit] Tests run: 3, Failures: 0, Errors: 0, Time elapsed: \n&gt;&gt;&gt;      \n&gt;&gt;&gt;\n&gt;0.371 \n&gt;  \n&gt;\n&gt;&gt;&gt;sec\n&gt;&gt;&gt;   [junit] Running org.archive.util.LongFPSetCacheTest\n&gt;&gt;&gt;   [junit] Tests run: 5, Failures: 0, Errors: 0, Time elapsed: \n&gt;&gt;&gt;      \n&gt;&gt;&gt;\n&gt;0.531 \n&gt;  \n&gt;\n&gt;&gt;&gt;sec\n&gt;&gt;&gt;   [junit] Running org.archive.util.DiskStackTest\n&gt;&gt;&gt;   [junit] Tests run: 3, Failures: 1, Errors: 0, Time elapsed: \n&gt;&gt;&gt;      \n&gt;&gt;&gt;\n&gt;0.42 \n&gt;  \n&gt;\n&gt;&gt;&gt;sec\n&gt;&gt;&gt;   [junit] [ERROR] TEST org.archive.util.DiskStackTest FAILED\n&gt;&gt;&gt;   [junit] Running org.archive.util.DiskBackedQueueTest\n&gt;&gt;&gt;   [junit] Tests run: 5, Failures: 0, Errors: 1, Time elapsed: \n&gt;&gt;&gt;      \n&gt;&gt;&gt;\n&gt;0.491 \n&gt;  \n&gt;\n&gt;&gt;&gt;sec\n&gt;&gt;&gt;   [junit] [ERROR] TEST org.archive.util.DiskBackedQueueTest \n&gt;&gt;&gt;      \n&gt;&gt;&gt;\n&gt;FAILED\n&gt;  \n&gt;\n&gt;&gt;&gt;   [junit] Running org.archive.crawler.scope.DomainScopeTest\n&gt;&gt;&gt;   [junit] Tests run: 2, Failures: 0, Errors: 0, Time elapsed: \n&gt;&gt;&gt;      \n&gt;&gt;&gt;\n&gt;0.47 \n&gt;  \n&gt;\n&gt;&gt;&gt;sec\n&gt;&gt;&gt;   [junit] Running org.archive.crawler.datamodel.UURIFactoryTest\n&gt;&gt;&gt;   [junit] Tests run: 21, Failures: 0, Errors: 0, Time elapsed: \n&gt;&gt;&gt;0.421 sec\n&gt;&gt;&gt;   [junit] Running org.archive.crawler.datamodel.SeedListTest\n&gt;&gt;&gt;   [junit] Tests run: 3, Failures: 0, Errors: 0, Time elapsed: \n&gt;&gt;&gt;      \n&gt;&gt;&gt;\n&gt;0.441 \n&gt;  \n&gt;\n&gt;&gt;&gt;sec\n&gt;&gt;&gt;   [junit] Running \n&gt;&gt;&gt;      \n&gt;&gt;&gt;\n&gt;org.archive.crawler.datamodel.CredentialStoreTest\n&gt;  \n&gt;\n&gt;&gt;&gt;   [junit] Tests run: 1, Failures: 0, Errors: 0, Time elapsed: \n&gt;&gt;&gt;      \n&gt;&gt;&gt;\n&gt;0.791 \n&gt;  \n&gt;\n&gt;&gt;&gt;sec\n&gt;&gt;&gt;   [junit] Running org.archive.crawler.datamodel.CrawlURITest\n&gt;&gt;&gt;   [junit] Tests run: 2, Failures: 0, Errors: 0, Time elapsed: \n&gt;&gt;&gt;      \n&gt;&gt;&gt;\n&gt;0.561 \n&gt;  \n&gt;\n&gt;&gt;&gt;sec\n&gt;&gt;&gt;   [junit] Running \n&gt;&gt;&gt;org.archive.crawler.filter.PathologicalPathFilterTest\n&gt;&gt;&gt;   [junit] Tests run: 2, Failures: 0, Errors: 0, Time elapsed: \n&gt;&gt;&gt;      \n&gt;&gt;&gt;\n&gt;0.43 \n&gt;  \n&gt;\n&gt;&gt;&gt;sec\n&gt;&gt;&gt;   [junit] Running \n&gt;&gt;&gt;      \n&gt;&gt;&gt;\n&gt;org.archive.crawler.filter.FilePatternFilterTest\n&gt;  \n&gt;\n&gt;&gt;&gt;   [junit] Tests run: 1, Failures: 0, Errors: 0, Time elapsed: \n&gt;&gt;&gt;      \n&gt;&gt;&gt;\n&gt;0.461 \n&gt;  \n&gt;\n&gt;&gt;&gt;sec\n&gt;&gt;&gt;   [junit] Running org.archive.crawler.extractor.ExtractorHTMLTest\n&gt;&gt;&gt;   [junit] Tests run: 3, Failures: 0, Errors: 3, Time elapsed: \n&gt;&gt;&gt;      \n&gt;&gt;&gt;\n&gt;9.573 \n&gt;  \n&gt;\n&gt;&gt;&gt;sec\n&gt;&gt;&gt;   [junit] [ERROR] TEST \n&gt;&gt;&gt;org.archive.crawler.extractor.ExtractorHTMLTest FAILED\n&gt;&gt;&gt;   [junit] Running org.archive.crawler.frontier.KeyedQueueTest\n&gt;&gt;&gt;   [junit] Tests run: 1, Failures: 0, Errors: 0, Time elapsed: \n&gt;&gt;&gt;      \n&gt;&gt;&gt;\n&gt;0.601 \n&gt;  \n&gt;\n&gt;&gt;&gt;sec\n&gt;&gt;&gt;   [junit] Running \n&gt;&gt;&gt;org.archive.crawler.settings.XMLSettingsHandlerTest\n&gt;&gt;&gt;   [junit] Tests run: 6, Failures: 1, Errors: 0, Time elapsed: \n&gt;&gt;&gt;      \n&gt;&gt;&gt;\n&gt;1.131 \n&gt;  \n&gt;\n&gt;&gt;&gt;sec\n&gt;&gt;&gt;   [junit] [ERROR] TEST \n&gt;&gt;&gt;org.archive.crawler.settings.XMLSettingsHandlerTest FAILED\n&gt;&gt;&gt;   [junit] Running org.archive.crawler.settings.SimpleTypeTest\n&gt;&gt;&gt;   [junit] Tests run: 8, Failures: 0, Errors: 0, Time elapsed: \n&gt;&gt;&gt;      \n&gt;&gt;&gt;\n&gt;0.36 \n&gt;  \n&gt;\n&gt;&gt;&gt;sec\n&gt;&gt;&gt;   [junit] Running org.archive.crawler.settings.MapTypeTest\n&gt;&gt;&gt;   [junit] Tests run: 9, Failures: 0, Errors: 0, Time elapsed: \n&gt;&gt;&gt;      \n&gt;&gt;&gt;\n&gt;0.781 \n&gt;  \n&gt;\n&gt;&gt;&gt;sec\n&gt;&gt;&gt;   [junit] Running org.archive.crawler.settings.OverrideTest\n&gt;&gt;&gt;   [junit] Tests run: 2, Failures: 0, Errors: 0, Time elapsed: \n&gt;&gt;&gt;      \n&gt;&gt;&gt;\n&gt;0.631 \n&gt;  \n&gt;\n&gt;&gt;&gt;sec\n&gt;&gt;&gt;   [junit] Running \n&gt;&gt;&gt;      \n&gt;&gt;&gt;\n&gt;org.archive.crawler.settings.CrawlerSettingsTest\n&gt;  \n&gt;\n&gt;&gt;&gt;   [junit] Tests run: 2, Failures: 0, Errors: 0, Time elapsed: \n&gt;&gt;&gt;      \n&gt;&gt;&gt;\n&gt;0.49 \n&gt;  \n&gt;\n&gt;&gt;&gt;sec\n&gt;&gt;&gt;   [junit] Running \n&gt;&gt;&gt;org.archive.crawler.settings.refinements.TimespanCriteriaTest\n&gt;&gt;&gt;   [junit] Tests run: 2, Failures: 0, Errors: 0, Time elapsed: \n&gt;&gt;&gt;      \n&gt;&gt;&gt;\n&gt;0.371 \n&gt;  \n&gt;\n&gt;&gt;&gt;sec\n&gt;&gt;&gt;\n&gt;&gt;&gt;BUILD FAILED\n&gt;&gt;&gt;File...... C:&#92;Documents and Settings&#92;blue&#92;.maven&#92;cache&#92;maven-test-\n&gt;&gt;&gt;plugin-1.6.2&#92;plugin.jelly\n&gt;&gt;&gt;Element... fail\n&gt;&gt;&gt;Line...... 181\n&gt;&gt;&gt;Column.... 54\n&gt;&gt;&gt;There were test failures.\n&gt;&gt;&gt;Total time: 43 seconds\n&gt;&gt;&gt;Finished at: Tue Aug 31 10:05:27 CST 2004\n&gt;&gt;&gt;\n&gt;&gt;&gt;---------------------------------------------\n&gt;&gt;&gt;\n&gt;&gt;&gt;\n&gt;&gt;&gt;\n&gt;&gt;&gt;\n&gt;&gt;&gt;\n&gt;&gt;&gt;--- In archive-crawler@yahoogroups.com, stack &lt;stack@a...&gt; wrote:\n&gt;&gt;&gt; \n&gt;&gt;&gt;\n&gt;&gt;&gt;      \n&gt;&gt;&gt;\n&gt;&gt;&gt;&gt;agoodman_rgd wrote:\n&gt;&gt;&gt;&gt;\n&gt;&gt;&gt;&gt;   \n&gt;&gt;&gt;&gt;\n&gt;&gt;&gt;&gt;        \n&gt;&gt;&gt;&gt;\n&gt;&gt;&gt;&gt;&gt;I wrote a java class, \n&gt;&gt;&gt;&gt;&gt;and it need a jar for  extracting  txt from  pdf (PDFBox-\n&gt;&gt;&gt;&gt;&gt;          \n&gt;&gt;&gt;&gt;&gt;\n&gt;0.6.6.jar)\n&gt;  \n&gt;\n&gt;&gt;&gt;&gt;&gt;I added this line in project.properties\n&gt;&gt;&gt;&gt;&gt;maven.jar.PDFBox = ${basedir}/lib/PDFBox-0.6.6.jar\n&gt;&gt;&gt;&gt;&gt;and put PDFBox-0.6.6.jar to heritrix_home/lib/\n&gt;&gt;&gt;&gt;&gt;\n&gt;&gt;&gt;&gt;&gt;but maven complain :\n&gt;&gt;&gt;&gt;&gt;package org.pdfbox.pdfparser does not exist\n&gt;&gt;&gt;&gt;&gt;\n&gt;&gt;&gt;&gt;&gt;I&#39;m a maven beginer. anybody can help me ,thanks \n&gt;&gt;&gt;&gt;&gt;\n&gt;&gt;&gt;&gt;&gt;\n&gt;&gt;&gt;&gt;&gt;\n&gt;&gt;&gt;&gt;&gt;\n&gt;&gt;&gt;&gt;&gt;     \n&gt;&gt;&gt;&gt;&gt;\n&gt;&gt;&gt;&gt;&gt;          \n&gt;&gt;&gt;&gt;&gt;\n&gt;&gt;&gt;&gt;Study project.properties and project.xml.  Look at how each jar \n&gt;&gt;&gt;&gt;   \n&gt;&gt;&gt;&gt;\n&gt;&gt;&gt;&gt;        \n&gt;&gt;&gt;&gt;\n&gt;&gt;&gt;added \n&gt;&gt;&gt; \n&gt;&gt;&gt;\n&gt;&gt;&gt;      \n&gt;&gt;&gt;\n&gt;&gt;&gt;&gt;has a section.   You&#39;ll need to do same for any jar you add to \n&gt;&gt;&gt;&gt;        \n&gt;&gt;&gt;&gt;\n&gt;get \n&gt;  \n&gt;\n&gt;&gt;&gt;&gt;   \n&gt;&gt;&gt;&gt;\n&gt;&gt;&gt;&gt;        \n&gt;&gt;&gt;&gt;\n&gt;&gt;&gt;it \n&gt;&gt;&gt; \n&gt;&gt;&gt;\n&gt;&gt;&gt;      \n&gt;&gt;&gt;\n&gt;&gt;&gt;&gt;added into the distribution.\n&gt;&gt;&gt;&gt;Yours,\n&gt;&gt;&gt;&gt;St.Ack\n&gt;&gt;&gt;&gt;\n&gt;&gt;&gt;&gt;   \n&gt;&gt;&gt;&gt;\n&gt;&gt;&gt;&gt;        \n&gt;&gt;&gt;&gt;\n&gt;&gt;&gt;&gt;&gt;Yahoo! Groups Links\n&gt;&gt;&gt;&gt;&gt;\n&gt;&gt;&gt;&gt;&gt;\n&gt;&gt;&gt;&gt;&gt;\n&gt;&gt;&gt;&gt;&gt;\n&gt;&gt;&gt;&gt;&gt;\n&gt;&gt;&gt;&gt;&gt;\n&gt;&gt;&gt;&gt;&gt;\n&gt;&gt;&gt;&gt;&gt;     \n&gt;&gt;&gt;&gt;&gt;\n&gt;&gt;&gt;&gt;&gt;          \n&gt;&gt;&gt;&gt;&gt;\n&gt;&gt;&gt;\n&gt;&gt;&gt;\n&gt;&gt;&gt;\n&gt;&gt;&gt;Yahoo! Groups Links\n&gt;&gt;&gt;\n&gt;&gt;&gt;\n&gt;&gt;&gt;\n&gt;&gt;&gt;\n&gt;&gt;&gt;\n&gt;&gt;&gt; \n&gt;&gt;&gt;\n&gt;&gt;&gt;      \n&gt;&gt;&gt;\n&gt;\n&gt;\n&gt;\n&gt;\n&gt; \n&gt;Yahoo! Groups Links\n&gt;\n&gt;\n&gt;\n&gt; \n&gt;\n&gt;  \n&gt;\n\n\n"}}